 Date    Origin    Lat      Long      Depth    Mag No Gap Dmin  Rms  Erh  Erz  Erx      Cvxy      Cvxz      Cvyz     Oterr
200101 0001 39.61 35 52.29  52 20.42    4.7    4.0 16 220 33.3 0.96  9.9  9.6  5.1 0.122E+00-0.174E+02-0.438E+00 0.248E+01
200101 0003 19.92 35 45.07  51 57.97   13.9    3.0 12 292 59.9 0.63 11.6  6.6  9.6 0.165E+02-0.190E+02 0.786E+01 0.147E+01
200101 0004 58.69 35 23.69  52  7.03   48.0    2.0 10 297 95.9 0.84 19.2  8.3 13.9 0.621E+02 0.178E+02 0.330E+02 0.181E+01
200101 0006 40.80 35 52.02  52 24.26    8.2    3.0 12 252 38.5 0.62  8.2  6.0  5.5-0.429E+01-0.149E+02-0.362E+01 0.153E+01
200101 0008 20.78 35 59.12  52  3.73   10.0    3.0 12 288 65.1 0.84 13.3 13.7  8.7 0.451E+02-0.202E+02-0.531E+02 0.214E+01
200101 0009 59.76 35 33.05  52 19.24    7.1    4.0 18 248 60.2 0.95 13.2 12.8  7.0 0.258E+02-0.296E+02-0.732E+02 0.223E+01
200101 0011 38.91 35 52.78  51 56.44   12.6    4.0 18 239 19.8 0.95 10.6  6.5  6.1-0.807E+00 0.219E+01 0.109E+02 0.237E+01
200101 0013 18.98 35 41.99  52 13.10   22.4    3.0 14 260 41.3 0.71 10.4  7.4  5.8-0.304E+01-0.174E+02 0.199E+02 0.172E+01
200101 0015  0.07 35 46.03  51 54.43   12.7    3.0 12 239 60.4 0.44  6.0  4.7  3.2 0.285E+01-0.123E+01 0.638E+01 0.109E+01
200101 0016 40.16 36  6.67  52  2.67    2.8    4.0 16 199 21.4 0.94  7.6 11.0  4.6-0.117E+01-0.119E+02 0.960E+01 0.231E+01
200101 0018 20.60 36 17.67  51 47.01   19.3    4.0 18 128 36.1 0.70  5.4  7.6  4.0 0.645E+00-0.942E+01-0.185E+01 0.184E+01
200101 0019 59.90 36  6.30  52 12.93   15.5    4.0 16 161 17.7 0.69  5.9  3.9  3.9-0.185E+01-0.597E+01-0.387E+01 0.175E+01
200101 0021 40.29 35 48.46  52 12.49   20.4    4.0 16 228 80.3 0.92 12.3 13.9  6.3-0.146E+01 0.270E+02-0.568E+02 0.223E+01
200101 0023 20.09 35 48.86  52  0.08    1.8    3.0 14 232 52.2 0.89  9.9 11.8  6.3 0.481E+01-0.260E+02-0.121E+02 0.222E+01
200101 0025  0.58 36 10.73  51 54.64    9.8    2.0 10 192 27.4 0.58  6.1  5.8  3.3-0.309E+01 0.646E+01-0.480E+01 0.146E+01
200101 0026 40.08 35 54.89  51 50.18   12.9    3.0 12 299 22.7 0.70 12.0  5.3  9.2 0.187E+02 0.143E+02 0.573E+01 0.176E+01
200101 0028 19.36 35 48.15  51 46.73   10.6    3.0 14 310 35.1 1.05 20.0  9.5 16.0-0.349E+02-0.943E+01 0.258E+02 0.257E+01
200101 0029 58.87 35 54.50  51 48.18   25.8    4.0 18 229 52.7 0.94 14.4 27.1  6.9 0.351E+02-0.759E+02-0.223E+03 0.229E+01
200101 0031 40.14 36  5.36  51 42.54   20.5    3.0 12 285 29.9 0.84 15.1  9.2 13.0 0.324E+02-0.288E+01-0.443E+01 0.211E+01
200101 0033 19.23 36  8.77  52 21.42    3.1    5.0 20 161 18.6 0.98  6.1  7.3  3.8-0.955E+00-0.958E+01 0.470E+01 0.255E+01
200101 0034 59.01 35 46.38  51 56.51    3.4    5.0 20 237 30.9 0.83  8.2  8.4  5.3 0.556E+01-0.133E+02-0.113E+02 0.201E+01
200101 0036 40.44 36 23.07  51 52.16   12.0    3.0 12 257 33.0 0.47  7.4  5.1  6.5 0.131E+02-0.663E+01 0.804E-01 0.120E+01
200101 0038 20.22 35 52.50  52  3.59   18.8    3.0 12 276 18.5 0.87 15.8  7.6 11.9 0.643E+02-0.383E+02-0.312E+01 0.214E+01
200101 0040  0.33 36 27.03  52  3.14   11.9    3.0 14 106 29.5 0.67  4.9  7.1  3.6-0.254E+01-0.847E+01 0.444E+01 0.178E+01
200101 0041 39.82 36  9.65  52  1.01    6.4    5.0 20 108 13.4 1.03  6.4  7.1  4.8-0.154E+01 0.122E+01-0.106E+02 0.266E+01
200101 0043 20.04 35 55.53  52  3.59   15.7    4.0 16 219 13.0 0.77  8.5  4.3  4.8 0.103E+01-0.448E+01 0.779E+01 0.191E+01
200101 0045  1.50 35 59.54  51 46.14    6.0    5.0 20 221 24.6 1.05 10.0  7.5  5.5 0.932E+01 0.480E+01-0.582E+01 0.264E+01
200101 0046 39.44 36  7.58  51 54.46    8.0    5.0 20 157 14.9 1.17  8.8  7.9  5.7 0.502E+01 0.176E+01-0.256E+02 0.299E+01
200101 0048 19.75 36 10.89  52 10.34   17.9    2.0 10 208  8.7 0.49  5.9  3.0  3.5-0.111E+01 0.166E+01-0.248E+01 0.130E+01
200101 0049 59.78 36 12.40  52  2.94    7.5    4.0 18  94 18.4 1.03  6.4  6.3  4.6-0.428E+01 0.159E+01-0.735E+01 0.257E+01
200101 0051 40.50 36 18.65  51 51.16    7.1    4.0 18 117 31.8 1.11  7.4  8.1  5.1-0.470E-01 0.379E+01-0.145E+02 0.281E+01
200101 0053 20.58 35 55.85  52  0.80   14.5    2.0 10 281 12.4 0.85 17.0  5.5 12.6 0.842E+02-0.240E+02-0.930E+01 0.211E+01
200101 0055  0.88 36  0.76  52  7.95   10.0    2.0 10 208 59.9 0.83  9.0 13.6  5.7-0.333E+01-0.184E+02 0.272E+02 0.199E+01
200101 0056 39.69 36 20.15  52 14.88    9.1    4.0 18 110  9.8 1.01  6.2  5.3  5.0-0.374E+01-0.242E+01-0.291E+01 0.265E+01
200101 0058 19.70 35 40.66  52 28.16    7.4    4.0 18 236 56.2 0.74  8.2  8.5  4.4-0.205E+01 0.248E+01-0.131E+02 0.181E+01
200101 0059 58.94 35 50.15  51 40.50    4.3    4.0 18 243 39.7 0.91 10.1  6.4  5.7 0.115E+02-0.860E+01 0.633E+01 0.225E+01
200101 0101 39.81 36 12.32  52  0.49   16.0    3.0 14 189 18.2 1.15 12.5  8.4 10.0 0.192E+02-0.214E+02-0.419E+02 0.296E+01
200101 0103 20.92 35 34.84  52  3.63   20.6    5.0 20 249 51.1 1.07 13.7 11.2  8.9 0.156E+02-0.211E+02 0.152E+02 0.263E+01
200101 0105  0.34 36 11.54  51 56.77   12.5    5.0 20 125 18.6 0.99  6.8  6.8  5.0 0.290E+01-0.854E+01-0.978E+01 0.256E+01
200101 0106 41.45 36 10.61  52  6.67   17.5    3.0 12 270 44.1 0.71 10.3  7.8  7.4 0.362E+02 0.118E+02 0.398E+01 0.177E+01
200101 0108 20.30 35 56.71  51 57.08   25.2    4.0 16 231 41.2 0.80 10.1  7.4  5.5 0.574E+00 0.424E+01 0.132E+01 0.204E+01
200101 0110  0.45 36  6.82  52  2.91   17.6    4.0 16 102  8.2 0.94  8.9  5.0  6.0-0.946E+01 0.417E+01-0.185E+02 0.239E+01
200101 0111 40.12 36  1.88  52  3.41    5.5    5.0 20 208  2.2 0.74  6.0  3.7  3.7 0.626E+00-0.499E+01-0.399E+01 0.187E+01
200101 0113 19.18 36  8.09  51 51.09    5.5    2.0 10 165 19.6 0.86  9.8 11.2  6.2 0.334E+02-0.487E+02-0.627E+02 0.191E+01
200101 0114 59.82 36 13.87  52  2.14   19.2    4.0 16  95 21.1 0.89  7.1 11.7  5.0-0.327E+01 0.106E+02-0.305E+02 0.240E+01
200101 0116 40.47 36  3.55  52 16.58   13.2    3.0 14 181 21.8 0.76  7.7  5.1  3.6-0.806E+01-0.546E+01 0.915E+01 0.191E+01
200101 0118 20.44 35 55.15  51 51.98   41.8    2.0 10 313 80.0 0.57 15.7  7.3 11.5 0.138E+01-0.301E+01 0.375E+02 0.135E+01
200101 0119 59.68 35 59.62  52  3.74   14.7    3.0 14 212  5.8 0.63  7.2  3.5  4.0 0.105E+01-0.465E+01-0.520E+01 0.155E+01
200101 0121 40.47 36  0.19  51 57.03   17.5    4.0 18 213  8.7 0.61  6.3  3.2  3.4 0.362E+01-0.104E+01-0.644E+01 0.147E+01
200101 0123 20.25 36  7.46  51 48.05   35.4    2.0 10 202 55.9 0.65 13.0 42.3  7.8-0.447E+02-0.283E+03 0.285E+03 0.148E+01
200101 0124 59.84 36 16.53  51 53.87   10.0    4.0 16 117 28.8 1.12  7.9 11.8  5.8 0.142E+01-0.246E+02-0.223E+01 0.287E+01
200101 0126 38.26 36  3.97  52  4.86    7.1    3.0 12 224 23.7 0.48  5.1  4.6  2.9-0.191E+01 0.113E+01 0.229E+01 0.122E+01
200101 0128 20.08 36  1.51  51 44.74   21.4    3.0 14 215 26.2 0.34  5.0  3.1  2.3 0.389E+01-0.207E+01-0.693E+01 0.884E+00
200101 0130  0.32 35 46.29  52 10.60   22.4    4.0 18 232 32.5 0.89 11.3  7.9  6.7 0.676E+01-0.206E+02 0.147E+02 0.227E+01
200101 0131 40.04 36  1.77  51 54.46   14.3    3.0 12 282 11.6 0.67 13.1  4.6  9.8 0.368E+02-0.674E+01-0.228E+02 0.165E+01
200101 0133 18.77 36  2.17  51 43.75    5.2    2.0 10 223 54.2 0.82 14.8 17.1  9.1 0.493E+01-0.136E+03 0.198E+02 0.192E+01
200101 0135  0.45 35 49.69  52 13.37    1.5    4.0 18 250 29.0 0.56  7.1  7.2  4.6 0.141E+02-0.170E+02-0.171E+02 0.144E+01
200101 0136 41.24 35 43.64  52  3.55   16.1    2.0 10 238 92.1 0.51 11.3 13.9  4.1 0.116E+02-0.159E+02-0.994E+02 0.120E+01
200101 0138 20.08 35 39.88  52  0.43   12.8    4.0 18 244 41.8 0.73  8.6  5.5  5.7 0.495E+01-0.147E+01 0.107E+02 0.173E+01
200101 0139 59.81 36  6.18  52 15.79    7.0    3.0 12 176 17.9 0.87  7.2  7.2  5.1-0.423E+01-0.863E+01-0.601E+01 0.227E+01
200101 0141 40.96 35 50.66  51 59.87   12.5    3.0 14 229 49.2 0.63  7.4  6.7  4.6-0.908E-01-0.174E+00 0.546E+01 0.155E+01
200101 0143 20.52 36 26.00  52 16.90   12.1    4.0 16 100 11.8 0.60  3.9  3.7  3.0-0.198E+01-0.984E+00 0.376E+00 0.156E+01
200101 0145  0.61 36 15.02  51 36.86   16.3    4.0 18 155 44.4 0.78  7.8  7.4  4.7 0.130E+02-0.200E+02-0.303E+02 0.197E+01
200101 0146 40.52 36  3.37  52 21.71   18.1    4.0 16 184 29.5 0.73  7.8  6.9  3.9 0.135E+01-0.125E+02-0.242E+02 0.183E+01
200101 0148 20.40 36 11.89  51 44.96   11.8    4.0 16 158 31.1 0.56  4.4  4.6  3.0 0.272E+01-0.449E+01-0.440E+01 0.141E+01
200101 0150  0.75 35 52.53  51 59.76   10.0    4.0 16 226 18.7 0.71  8.2  5.8  4.6-0.130E+01-0.646E+00 0.199E+02 0.175E+01
200101 0151 41.77 36  9.73  51 49.44    7.2    2.0 10 246 23.3 1.05 20.6 16.1 17.3 0.136E+03-0.159E+03-0.147E+03 0.245E+01
200101 0153 19.07 35 49.74  52 13.34   16.3    2.0 10 256 28.9 0.58  9.2  4.9  5.2-0.916E+01-0.772E+01 0.251E+01 0.149E+01
200101 0154 59.61 35 44.30  52  8.49   10.6    5.0 20 235 34.9 0.57  6.1  5.0  3.8 0.294E+01-0.307E+01 0.479E+01 0.141E+01
200101 0156 39.95 36  1.14  52 11.21   12.3    5.0 20 198 13.9 0.70  5.7  4.2  3.3-0.108E+01-0.197E+01-0.136E+01 0.184E+01
200101 0158 20.00 35 59.34  51 58.97   10.8    2.0 10 242  7.4 0.58  8.0  3.7  4.3-0.422E+01 0.113E+01-0.539E+01 0.143E+01
200101 0200  0.13 36 11.10  52 11.75    5.0    3.0 14 192  7.9 0.54  4.9  4.8  2.8 0.163E+01-0.204E+01 0.925E+01 0.140E+01
200101 0201 40.21 36  5.50  52  2.62    4.5    2.0 10 111  5.7 0.46  4.0  3.5  2.8-0.199E+01-0.116E+00-0.537E+01 0.112E+01
200101 0203 19.94 36  9.41  52  0.14   16.0    3.0 14 115 13.2 0.74  8.7  6.6  6.5-0.216E+02 0.280E+02-0.280E+02 0.196E+01
200101 0205  0.79 36 10.97  52  3.89   17.2    4.0 18 190 14.7 1.13 10.1  6.9  6.0 0.744E+01 0.182E+01-0.411E+01 0.294E+01
200101 0206 39.54 35 29.56  51 56.03   10.0    4.0 16 259 61.5 0.60  8.3  7.8  5.6 0.747E+01-0.135E+02-0.136E+02 0.141E+01
200101 0208 20.16 36 29.72  52 14.30   10.9    3.0 14 107 11.0 0.82  6.1  9.7  4.7 0.296E+01 0.250E+02 0.995E+01 0.217E+01
200101 0209 59.67 35 58.55  52  9.10    0.0    3.0 14 212 12.7 1.31 11.8 12.3  6.5 0.136E+02-0.341E+02-0.238E+02 0.319E+01
200101 0211 40.07 36  0.42  51 57.56   10.0    3.0 12 281 79.2 0.89 14.4 10.0 11.2 0.460E+02-0.144E+02 0.307E+02 0.217E+01
200101 0213 18.83 35 41.94  51 56.83   17.1    3.0 12 243 38.8 0.87 12.1  6.8  7.4 0.826E+01 0.672E+00 0.184E+02 0.207E+01
200101 0215  2.56 35 53.38  51 52.81   19.6    3.0 14 248 21.8 0.95 14.3  7.6  6.7-0.788E+01-0.764E+01-0.361E+01 0.235E+01
200101 0216 40.13 35 56.25  52  6.03   10.0    4.0 18 254 12.9 0.84 11.3  6.3  8.4 0.330E+02-0.339E+02-0.141E+02 0.214E+01
200101 0218 19.39 35 55.98  52  4.31   17.3    3.0 12 265 12.4 0.65 12.5  4.8  9.0 0.488E+02-0.292E+02-0.184E+02 0.157E+01
200101 0219 59.67 36  0.67  52 14.96    9.5    4.0 16 198 19.6 0.90  8.3  7.5  4.8 0.418E+01-0.188E+02-0.180E+02 0.225E+01
200101 0221 40.07 35 35.10  52 30.89   11.5    5.0 20 244 66.6 1.02 12.5 11.0  7.1 0.138E+02-0.284E+02-0.328E+02 0.253E+01
200101 0223 18.82 36 10.67  51 50.21   18.3    3.0 12 282 33.8 0.85 14.4 10.5 11.3 0.543E+02 0.215E+02 0.182E+02 0.210E+01
200101 0224 59.94 35 58.60  52 32.76   13.0    2.0 10 201 42.6 1.24 15.4 11.6  7.5-0.388E+02-0.116E+02 0.208E+02 0.316E+01
200101 0226 40.55 35 59.10  52  3.60   10.0    3.0 12 235 65.2 0.79 11.8 18.8  5.5-0.548E+01-0.573E+01-0.107E+03 0.200E+01
200101 0228 19.83 35 55.06  52 17.60    8.3    4.0 16 216 67.2 0.95  9.7 11.6  5.6 0.231E+01 0.148E+02-0.701E+01 0.237E+01
200101 0230  0.27 35 56.08  52  8.03   14.7    2.0 10 231 14.8 0.52  8.2  4.4  3.7-0.673E+01-0.705E+01 0.171E+02 0.131E+01
200101 0231 39.39 36  8.70  51 40.04   11.5    3.0 12 182 35.1 0.69  6.2  7.7  3.8 0.319E+01-0.730E+01 0.660E+00 0.170E+01
200101 0233 19.58 36 15.52  52  6.38    3.8    2.0 10 181  8.5 0.86  9.0  8.1  5.1-0.108E+02 0.225E+02-0.338E+02 0.226E+01
200101 0235  0.32 35 54.46  51 58.07   15.5    4.0 16 284 16.0 1.15 18.0  6.8 14.1 0.364E+02-0.267E+02 0.167E+02 0.282E+01
200101 0236 39.48 36  1.28  52  5.26   16.4    4.0 16 208  5.2 1.04  9.6  4.9  6.0-0.148E+01-0.906E+01-0.493E+01 0.252E+01
200101 0238 20.15 35 59.16  52  3.38   18.0    4.0 18 213 32.7 0.87  9.4 15.9  5.3 0.851E+01-0.217E+02-0.474E+02 0.224E+01
200101 0239 59.74 36  3.73  52 15.01   21.1    4.0 18 179 19.5 0.64  5.4  4.4  3.3-0.817E+00-0.203E+01-0.184E+00 0.168E+01
200101 0241 40.18 36 14.74  52 24.34   19.1    3.0 14 181 30.9 1.15 12.0 12.4  7.0 0.269E+02 0.299E+02 0.341E+02 0.296E+01
200101 0243 19.27 35 34.74  52  9.82   11.9    3.0 12 282 52.5 0.70 21.2 17.7 19.5 0.291E+02-0.311E+03 0.727E+01 0.172E+01
200101 0244 59.76 36  5.66  52  7.67    8.0    3.0 14 199 19.1 0.77  7.2  6.8  4.0 0.982E+00-0.835E+00 0.133E+02 0.201E+01
200101 0246 39.77 36 15.09  52 10.34    9.5    4.0 16 181  2.6 0.83  6.7  4.0  4.0 0.333E+01-0.254E+01-0.546E+01 0.208E+01
200101 0248 19.81 36 11.03  51 54.38    4.7    3.0 12 137 19.7 0.88  5.9  9.6  4.2 0.181E+01-0.435E+01-0.117E+02 0.215E+01
200101 0250  0.23 36 28.05  51 53.08   21.2    4.0 18 121 32.1 0.46  3.4  4.2  2.7-0.621E+00-0.313E+01 0.107E+01 0.119E+01
200101 0251 39.21 35 30.27  51 37.95   34.1    3.0 12 268 94.9 0.78 14.6 13.5  8.6 0.860E+01-0.432E+02 0.808E+02 0.163E+01
200101 0253 20.03 35 50.42  51 39.27    3.1    5.0 20 243 40.9 1.05 11.7 10.4  6.8 0.219E+02-0.267E+02-0.249E+02 0.257E+01
200101 0254 59.19 36 28.64  51 44.74   13.2    2.0 10 198 52.1 0.70 11.4  6.9  4.2-0.144E+02-0.696E+01-0.127E+02 0.179E+01
200101 0256 40.71 35 42.70  51 55.67   16.2    4.0 18 243 37.8 1.09 13.2  8.6  8.1 0.158E+02-0.122E+02 0.131E+02 0.268E+01
200101 0258 19.01 35 49.76  52 15.50    7.7    5.0 20 225 30.9 0.80  7.7  6.5  4.5 0.448E+01-0.838E+01-0.440E-03 0.204E+01
200101 0300  0.75 36 13.23  51 45.10    7.2    3.0 12 151 40.5 0.74  7.1 10.8  4.1 0.102E+02-0.192E+02-0.461E+02 0.195E+01
200101 0301 39.52 35 54.64  52  9.55    6.9    3.0 12 293 38.5 0.48  7.8  6.3  5.9 0.135E+02-0.162E+02-0.112E+01 0.124E+01
200101 0303 19.89 36  2.13  52 16.28   14.9    3.0 14 189 21.3 0.98  9.4  7.1  5.8 0.507E+01-0.155E+02-0.178E+02 0.246E+01
200101 0304 59.92 36  6.08  52 20.54   17.0    4.0 16 197 21.4 0.89  9.3  6.0  4.9 0.273E+01-0.917E+01 0.201E+02 0.224E+01
200101 0306 39.40 35 59.69  52 19.56   15.5    3.0 12 201 26.7 0.84 14.9 14.9  9.9 0.635E+02-0.127E+03-0.120E+03 0.208E+01
200101 0308 19.65 36 33.85  51 43.11    6.0    4.0 16 186 35.6 0.67  5.8  5.5  4.0-0.725E+01-0.857E+01 0.356E+01 0.170E+01
200101 0309 58.18 35 53.78  51 52.57    0.0    2.0 10 238 21.5 0.59  7.8  6.2  3.3-0.252E+01 0.218E+00 0.108E+02 0.147E+01
200101 0311 39.85 35 57.98  51 49.53    8.5    3.0 12 288 20.6 0.94 14.4  7.5 11.3 0.309E+02 0.415E+02 0.422E+01 0.222E+01
200101 0313 19.35 36  2.14  52  2.19   10.0    3.0 14 208 61.1 1.23 12.3 19.5  7.9 0.456E+01-0.734E+02-0.808E+01 0.302E+01
200101 0314 59.66 36 23.81  52  8.09   21.0    5.0 20  89 16.7 0.94  6.1  6.3  4.8 0.376E+00 0.251E+01-0.173E+01 0.244E+01
200101 0316 39.22 35 40.46  51 58.77   17.6    3.0 12 269 41.0 1.00 19.4 21.4 11.7-0.611E+02 0.580E+02-0.179E+03 0.251E+01
200101 0318 20.10 35 52.75  51 43.17   16.3    5.0 20 236 33.7 0.83  9.8  6.1  5.2 0.932E+01 0.127E+01-0.101E+02 0.202E+01
200101 0319 59.98 36  9.34  51 37.89   19.2    3.0 14 182 38.5 0.82  8.3  9.9  5.2 0.943E+01-0.187E+02-0.154E+02 0.213E+01
200101 0321 39.97 35 54.85  51 52.83    8.5    4.0 18 225 19.8 1.00 10.4  7.0  5.7 0.209E+01 0.240E+01 0.863E+00 0.253E+01
200101 0323 20.99 35 43.78  52  0.62   15.3    2.0 10 264 93.2 0.77 21.1 25.4  6.4-0.103E+02 0.354E+01-0.416E+03 0.174E+01
200101 0324 59.71 36  8.68  51 47.19   14.2    4.0 18 170 25.2 0.94  8.3  6.2  4.9 0.706E+01-0.750E+01-0.130E+02 0.241E+01
200101 0326 40.42 35 52.90  52 10.23   10.0    2.0 10 239 76.4 0.71 12.8 15.3  4.6-0.181E+02 0.275E+02-0.110E+03 0.171E+01
200101 0328 21.28 35 43.77  52 24.25    8.9    3.0 14 262 48.0 0.58  7.3  7.9  4.1-0.294E+01 0.361E+01-0.709E+01 0.148E+01
200101 0329 59.50 35 56.58  51 53.91    2.2    3.0 12 248 16.4 0.85 12.2  7.2  6.2-0.280E+02 0.211E+02-0.261E+02 0.212E+01
200101 0331 40.01 36 24.08  51 18.64   26.0    4.0 18 191 15.2 1.04 30.2 23.5 28.7 0.946E+02-0.644E+03-0.103E+03 0.254E+01
200101 0333 21.09 35 47.78  52  5.36    8.9    2.0 10 249 27.6 0.70  9.1  6.8  5.3 0.399E+00-0.127E+00 0.102E+02 0.179E+01
200101 0335  0.19 36  6.06  52 27.18   14.4    3.0 12 248 42.8 0.87 14.1  8.7  8.6 0.706E+02 0.433E+02 0.465E+02 0.223E+01
200101 0336 39.65 35 49.89  52  2.97   17.4    4.0 18 229 23.3 1.13 13.2  7.3  7.7 0.140E+02-0.938E+01 0.105E+02 0.285E+01
200101 0338 21.32 35 43.86  52  2.36    7.9    4.0 18 238 34.4 0.89  9.6  6.7  6.0 0.950E+01-0.970E+01 0.651E+01 0.210E+01
200101 0340  0.92 35 57.88  52 12.93   10.4    3.0 14 212 63.0 0.99 10.6 11.1  6.1 0.141E+02 0.264E+02 0.373E+02 0.252E+01
200101 0341 40.13 36 15.08  52  2.76    5.2    4.0 16  91 13.9 1.24  7.8  9.8  5.6-0.180E+01-0.573E+01-0.700E+01 0.318E+01
200101 0343 20.33 36  3.78  52  3.90   13.1    4.0 16 143  3.6 1.10 10.5  5.5  5.9-0.379E+01-0.731E+01-0.159E+02 0.273E+01
200101 0344 59.15 35 50.11  52  6.49    3.7    4.0 16 227 47.5 1.13 11.5 14.1  6.8 0.100E+02-0.171E+02-0.378E+02 0.286E+01
200101 0346 39.98 36 19.91  52 10.93   10.7    5.0 20  79  8.5 1.17  6.9  7.7  5.4-0.980E+00-0.478E+00-0.727E+01 0.310E+01
200101 0348 19.76 36 11.40  52  8.49   15.0    4.0 18 121  9.1 0.79  5.5  4.0  4.1-0.177E+01-0.306E+01-0.701E+00 0.207E+01
200101 0349 59.48 35 51.10  51 49.97    2.6    2.0 10 234 73.9 0.83 12.1 13.1  7.2 0.329E+02-0.482E+02-0.522E+02 0.197E+01
200101 0351 39.85 36 16.41  51 39.92   13.9    3.0 12 145 42.1 0.98  8.4  9.7  6.0 0.561E+01-0.267E+02-0.214E+02 0.245E+01
200101 0353 20.28 36 17.32  51 57.69   19.8    2.0 10 198 21.8 0.93 13.0  9.7 11.7 0.171E+02-0.347E+02-0.257E+02 0.231E+01
200101 0354 59.94 35 56.77  51 50.75    0.0    2.0 10 287 47.0 1.15 19.2 16.0 14.7 0.628E+02-0.705E+02-0.439E+02 0.267E+01
200101 0356 40.05 36 10.71  52  1.50   13.9    4.0 18 103 15.3 0.87  6.3  4.8  4.6-0.278E+01-0.134E+01-0.273E+01 0.227E+01
200101 0358 20.72 36  4.43  52  1.66   11.3    4.0 18 119  3.7 0.89  7.5  5.2  4.9 0.117E+01-0.931E+01-0.112E+02 0.226E+01
200101 0400  0.70 36  4.18  52  5.22    0.0    3.0 12 281 23.1 0.77 10.2  8.4  7.8 0.253E+02-0.949E+01 0.233E+01 0.202E+01
200101 0401 40.07 36  0.64  51 44.16    9.6    4.0 16 290 27.2 0.57  8.0  4.3  6.3 0.103E+02 0.350E+01-0.486E+01 0.145E+01
200101 0403 20.22 35 59.41  51 58.20   20.3    4.0 16 214  8.1 1.01 11.1  6.1  6.2 0.201E+01-0.813E+01-0.233E+01 0.247E+01
200101 0405  1.02 35 52.96  52  4.93   10.1    3.0 12 223 18.0 0.93 11.3  8.4  6.7 0.814E+00-0.119E+02 0.371E+02 0.223E+01
200101 0406 40.22 35 56.82  51 57.61   10.0    4.0 18 219 12.4 0.66  6.6  3.8  3.9-0.627E+00-0.430E+00 0.150E+01 0.167E+01
200101 0408 19.71 36  9.10  52  7.20   14.5    4.0 16 193 13.7 0.85  8.1  6.0  4.7 0.558E+01 0.197E+01 0.193E+02 0.223E+01
200101 0410  0.73 36  6.99  51 48.68   17.3    2.0 10 267 21.8 0.76 13.6  6.0 11.3 0.200E+02 0.899E+01-0.265E+02 0.182E+01
200101 0411 40.65 35 41.20  52 27.24    6.9    3.0 14 265 54.5 0.94 14.2 13.4  7.7-0.282E+02 0.226E+02-0.671E+02 0.232E+01
200101 0413 19.51 35 44.79  51 48.81    7.2    5.0 20 244 38.3 0.86  9.4  6.5  5.8 0.516E+01-0.577E+01 0.527E+01 0.211E+01
200101 0415  0.30 36 22.14  51 56.53    8.8    4.0 16 104 37.4 0.90  7.0 10.8  5.5-0.349E+01-0.352E+02 0.489E+01 0.233E+01
200101 0416 39.79 35 50.92  52  0.61   16.8    4.0 16 228 21.4 0.85  9.9  5.3  5.8 0.238E+01-0.414E+01 0.163E+02 0.210E+01
200101 0418 19.46 35 51.59  52  8.30   10.0    3.0 12 276 22.1 0.96 18.1 10.3 12.6 0.736E+02-0.865E+02-0.276E+02 0.241E+01
200101 0420  0.76 36  6.52  52 13.48   16.7    4.0 18 160 16.5 0.52  4.3  2.6  3.1-0.209E+01-0.246E+01-0.326E+00 0.136E+01
200101 0421 39.93 35 52.29  52 19.13    8.1    4.0 16 220 31.7 0.60  6.1  5.5  3.7 0.148E+01-0.907E+01-0.502E+00 0.152E+01
200101 0423 19.93 36 11.07  52 40.85   13.2    4.0 18 166 20.5 0.65  5.0  4.0  2.6-0.203E+01 0.137E+00 0.731E+00 0.168E+01
200101 0425  0.40 36  0.05  52  9.03   12.4    5.0 20 209 11.3 0.93  7.7  5.1  4.5-0.243E+00-0.610E+01-0.847E+00 0.232E+01
200101 0426 39.61 35 48.17  51 49.50   18.2    4.0 16 239 32.5 0.87 12.3 12.2  7.3 0.155E+02-0.506E+02-0.494E+01 0.213E+01
200101 0428 18.47 35 41.62  51 53.57   40.7    2.0 10 293118.9 0.94 22.8 15.7 17.0 0.596E+02-0.929E+02 0.116E+03 0.207E+01
200101 0430  1.01 35 49.99  52  3.16   19.4    4.0 18 228 48.8 0.84  9.8  9.8  5.8 0.564E+01-0.141E+00 0.203E+02 0.211E+01
200101 0431 39.62 36 12.25  52  9.35   10.4    2.0 10 141  7.0 1.00 10.3 10.5  8.7-0.222E+02 0.190E+01-0.406E+01 0.263E+01
200101 0433 19.76 36 14.71  51 51.29   16.4    4.0 18 131 27.9 0.75  6.2  5.8  4.1-0.275E+00 0.351E+01-0.159E+02 0.195E+01
200101 0434 59.00 36 15.36  51 53.40    8.6    2.0 10 218 27.9 0.76 10.2  9.8  8.6 0.235E+01 0.786E+01-0.402E+02 0.195E+01
200101 0436 39.42 36 15.92  52  3.06   17.7    2.0 10 179 24.9 0.98 11.2  8.9  9.7 0.742E+00-0.340E+02-0.212E+02 0.256E+01
200101 0438 21.18 36  0.23  51 47.24   11.2    3.0 12 222 22.7 0.95 13.5  7.8  5.6 0.250E+02-0.772E+01-0.207E+02 0.243E+01
200101 0440  0.68 35 54.49  52 20.77   12.7    3.0 12 216 72.8 0.86 11.2 10.3  6.7 0.706E+01 0.444E+02 0.162E+02 0.216E+01
200101 0441 39.10 35 31.37  51 32.91    3.1    5.0 20 271 72.4 1.05 18.1 15.0 12.3 0.975E+02-0.123E+03-0.129E+03 0.244E+01
200101 0443 19.13 35 33.04  51 29.30    1.2    3.0 14 272 85.6 0.37 11.5  9.5  8.0 0.579E+02-0.671E+02-0.673E+02 0.800E+00
200101 0444 59.80 36 17.25  51 54.11   17.2    3.0 14 173 27.1 0.67  5.8  5.5  3.6 0.102E+01 0.412E+01-0.907E+01 0.166E+01
200101 0446 39.94 36  3.47  51 54.48   21.7    4.0 18 193 11.6 1.04 10.9  6.8  6.2 0.514E+01-0.336E+01-0.285E+02 0.262E+01
200101 0448 20.59 36  0.52  51 59.77   10.0    3.0 14 221 33.1 0.62  7.6  9.7  3.5-0.356E+00-0.493E+01-0.257E+02 0.160E+01
200101 0449 59.37 35 58.07  51 53.57   20.4    3.0 14 285 15.2 1.02 17.6  7.0 13.6 0.731E+02-0.628E+01-0.133E+02 0.257E+01
200101 0451 40.63 35 45.50  52  5.47   17.1    2.0 10 253 31.8 0.58  8.8  4.9  5.1-0.878E+00-0.112E+01 0.816E+01 0.147E+01
200101 0453 19.96 36 14.10  52 11.56   15.6    4.0 16 123  2.5 0.97  7.4  4.8  5.3-0.677E+01-0.467E+01-0.465E+01 0.255E+01
200101 0454 59.45 36  8.84  51 59.30   10.0    2.0 10 279 53.0 0.69 11.7 10.1  8.9 0.370E+02-0.104E+02 0.239E+02 0.179E+01
200101 0456 39.10 35 51.64  51 50.18   14.5    3.0 12 314 26.9 0.86 20.8  7.6 17.7-0.639E+02-0.568E+02 0.473E+02 0.209E+01
200101 0458 18.41 35 53.79  52  4.93    7.6    2.0 10 247 16.6 0.72  9.9  6.3  5.5-0.826E+01-0.117E+02 0.141E+02 0.181E+01
200101 0500  1.03 35 52.01  51 53.59   10.0    3.0 12 242 51.3 0.72  8.5  8.4  4.6-0.219E+01-0.356E+01 0.126E+02 0.178E+01
200101 0501 39.92 36 13.41  51 53.63   13.8    3.0 12 220 23.9 0.91 16.7  9.9 15.5 0.654E+02-0.102E+03-0.399E+02 0.224E+01
200101 0503 19.38 36  5.11  51 34.47    0.0    4.0 18 208 41.8 1.51 15.1 16.2  8.8 0.579E+02-0.642E+02-0.735E+02 0.360E+01
200101 0504 59.38 36  9.45  51 56.82   13.2    4.0 16 194 25.3 0.84  8.2  6.5  4.2-0.750E+00-0.720E+01 0.623E+01 0.209E+01
200101 0506 39.45 35 24.92  52  7.22   11.7    2.0 10 260 93.6 0.47  8.5 10.2  4.7 0.909E+01-0.103E+02-0.339E+02 0.108E+01
200101 0508 20.59 36  3.70  52  8.58   11.0    3.0 14 203 54.5 0.76  7.9  8.6  4.2 0.614E+01 0.927E+01 0.284E+02 0.190E+01
200101 0509 58.10 35 48.40  51 59.33    7.6    2.0 10 256 26.3 1.39 17.7 14.4 10.5-0.253E+02-0.324E+02 0.871E+02 0.347E+01
200101 0511 39.52 35 53.78  52 13.38   11.7    3.0 14 255 23.3 0.84 10.6  7.6  6.1 0.105E+02-0.190E+02 0.157E+01 0.214E+01
200101 0513 19.39 36  6.81  52 24.88   19.4    3.0 14 171 35.1 0.71  6.9  7.7  3.4-0.567E+01-0.347E+01 0.992E+00 0.180E+01
200101 0514 59.56 35 48.33  52 28.59   13.8    5.0 20 225 47.6 0.77  7.6  5.4  4.0 0.614E-01-0.438E+01 0.181E+01 0.192E+01
200101 0516 40.76 36 12.97  51 34.52   20.0    4.0 16 194 33.5 0.58  6.3  6.3  3.6 0.412E+00-0.104E+02-0.128E+01 0.144E+01
200101 0518 21.73 36  1.95  52  8.94   20.9    2.0 10 206 88.8 1.33 18.5 42.1  9.5 0.320E+02-0.505E+02-0.296E+03 0.331E+01
200101 0520  0.03 35 55.24  51 37.57   12.9    4.0 18 237 39.2 0.87 11.0  6.4  5.6 0.206E+02-0.888E+01 0.279E+00 0.212E+01
200101 0521 39.22 35 56.85  52 10.18    3.4    3.0 14 215 15.9 0.51  5.2  4.5  3.2 0.949E+00-0.854E+01 0.727E+00 0.130E+01
200101 0523 19.35 35 57.05  51 55.97   20.1    4.0 18 230 13.6 1.00 11.9  6.5  6.5 0.185E+01-0.617E+01-0.558E+01 0.258E+01
200101 0524 59.73 35 52.79  51 45.78   10.4    4.0 18 234 30.4 0.67  7.8  5.8  4.2 0.401E+01-0.684E+01-0.362E+00 0.167E+01
200101 0526 40.71 36 22.41  51 39.98   18.1    4.0 18 129 49.7 0.75  5.8 12.9  4.2-0.190E+01-0.201E+02 0.428E+01 0.188E+01
200101 0528 18.25 36  5.71  51 52.38    0.1    5.0 20 178 15.8 1.08  8.4 10.6  5.1 0.109E+02-0.967E+01-0.362E+02 0.280E+01
200101 0530  0.37 36 11.59  51 45.52   21.5    4.0 18 193 40.3 0.99  9.7  8.8  5.6 0.104E+01-0.159E+02 0.563E+01 0.248E+01
200101 0531 39.98 36  9.66  51 34.50   15.2    2.0 10 288 43.5 0.52 10.1  5.5  8.3 0.139E+02 0.646E+01-0.145E+02 0.128E+01
200101 0533 19.51 36 28.64  51 59.04    7.4    3.0 14 110 33.7 1.13  7.9 11.6  5.5-0.442E+01 0.692E+01-0.256E+02 0.296E+01
200101 0535  0.09 35 59.87  51 41.00   16.0    2.0 10 226 32.1 0.89 15.9  7.8  6.6 0.571E+02-0.261E+02-0.462E+02 0.211E+01
200101 0536 40.08 36 18.77  52  5.19   17.7    2.0 10 171 71.0 1.17 11.8 28.0  6.6 0.150E+02-0.415E+02-0.138E+02 0.296E+01
200101 0538 19.27 36  0.81  51 52.26   20.7    4.0 16 284 15.1 0.84 13.0  5.6 10.3 0.307E+02 0.301E+01-0.966E+01 0.214E+01
200101 0540  0.30 35 48.14  51 34.07    1.5    2.0 10 333 49.8 0.53 15.8  7.8 12.0-0.648E+02-0.319E+02-0.744E+01 0.126E+01
200101 0541 40.18 36 16.41  52  5.08    9.0    4.0 16  96 26.2 1.06  6.9  9.4  5.1-0.221E+01-0.257E+01-0.172E+02 0.282E+01
200101 0543 21.24 36 28.07  52  0.39    8.8    4.0 16 185 28.1 0.70  6.1  4.8  5.6 0.281E+01 0.641E+00 0.110E+01 0.183E+01
200101 0545  0.97 36  1.32  52 21.95   23.2    2.0 10 281 30.0 1.11 19.9 10.7 10.7 0.517E+02-0.229E+02 0.898E+01 0.284E+01
200101 0546 39.84 35 35.67  51 28.20   14.5    4.0 18 271 71.1 0.84 18.8 21.4 12.3 0.126E+03-0.201E+03-0.228E+03 0.195E+01
200101 0548 20.32 36 13.86  51 50.30   11.0    3.0 14 187 32.7 0.71  7.4  7.8  3.6 0.161E+01-0.800E+01-0.120E+02 0.184E+01
200101 0550  0.90 35 32.10  52  4.53   15.5    4.0 18 252 56.2 0.82 10.3  7.1  7.0 0.101E+02-0.148E+02 0.353E+01 0.193E+01
200101 0551 40.17 36 19.27  51 57.27   20.7    4.0 16 100 23.2 0.85  6.5  7.1  5.1 0.334E+01-0.129E+02-0.484E+01 0.220E+01
200101 0553 19.45 35 50.26  51 54.22   16.0    4.0 18 232 25.5 1.21 14.3  7.9  8.0 0.638E+01-0.355E+00 0.341E+02 0.304E+01
200101 0554 59.64 36  0.09  52 27.60   16.2    4.0 16 197 38.5 0.69  6.7  4.3  3.3 0.311E-01-0.288E+01-0.218E+01 0.174E+01
200101 0556 39.96 36  4.29  51 50.71   18.8    3.0 12 290 67.8 0.81 14.6 11.6 11.6 0.388E+02-0.312E+02 0.293E+02 0.199E+01
200101 0558 19.88 35 55.56  51 57.22   21.0    4.0 18 284 14.7 1.05 16.2  6.7 12.5 0.438E+02-0.164E+02 0.313E+01 0.267E+01
200101 0559 58.87 36 11.11  52 14.79   12.3    2.0 10 256 59.1 0.57 11.0  5.7  7.6 0.517E+02-0.653E+01-0.386E+01 0.138E+01
200101 0601 40.35 35 59.25  52 10.47   15.0    3.0 12 224 13.9 0.80  9.8  5.6  5.0-0.793E+01-0.106E+02-0.194E+01 0.210E+01
200101 0603 19.76 35 58.21  52 14.36   33.6    3.0 14 211 66.2 0.93 12.4 50.8  6.4 0.200E+02 0.742E+02 0.268E+03 0.231E+01
200101 0604 59.72 36 14.47  52  5.85    8.2    3.0 14 182  9.4 0.61  5.0  4.1  3.0 0.340E+01 0.203E+01-0.170E+01 0.157E+01
200101 0606 40.14 36 23.46  52 11.07   14.6    5.0 20  81 15.0 0.99  6.0  5.3  4.6-0.286E+00-0.138E+01-0.378E+01 0.262E+01
200101 0608 19.42 35 34.69  52  5.28    7.1    5.0 20 249 51.6 0.73  8.6  8.0  5.7 0.849E+01-0.955E+01-0.129E+02 0.175E+01
200101 0609 59.99 36 18.51  51 45.48    9.4    3.0 12 128 38.8 0.62  4.9 10.2  3.9-0.709E+00-0.164E+02 0.200E+00 0.157E+01
200101 0611 38.46 36  3.71  51 53.74   15.8    2.0 10 289 65.6 0.81 19.1 20.9 13.3 0.115E+03-0.149E+03-0.185E+03 0.198E+01
200101 0613 18.74 36 14.71  51 46.86    4.8    3.0 14 241 32.2 1.00 12.1  8.3 10.8 0.182E+02 0.459E+01-0.111E+02 0.245E+01
200101 0614 59.31 36 19.35  51 49.97   18.9    2.0 10 224 36.2 0.89 29.6 32.5 24.4 0.335E+03-0.657E+03-0.524E+03 0.230E+01
200101 0616 40.11 36 14.47  51 53.33   14.2    5.0 20 126 25.8 0.82  5.7  5.6  4.1 0.214E+01-0.554E+01-0.636E+01 0.212E+01
200101 0618 20.13 35 50.55  52  9.56   15.4    4.0 16 225 46.1 0.83  9.2  7.2  5.7 0.581E+01 0.114E+01 0.111E+02 0.204E+01
200101 0620  0.26 35 46.55  52 14.53   17.8    4.0 16 256 34.8 0.47  8.3  9.9  4.5 0.196E+02-0.240E+02-0.439E+02 0.118E+01
200101 0621 39.80 36  9.91  51 50.91    8.6    5.0 20 154 21.7 1.22  8.7  8.8  5.8 0.569E+01 0.101E+01-0.250E+02 0.307E+01
200101 0623 21.23 35 55.69  51 51.40   11.9    4.0 18 225 20.4 0.99 11.0  6.7  5.9 0.375E+01-0.661E+01-0.818E+00 0.249E+01
200101 0624 59.49 35 45.04  51 53.71   22.6    5.0 20 241 34.6 0.90 10.9  7.1  6.6 0.743E+01 0.162E+01 0.120E+02 0.219E+01
200101 0626 39.64 36  8.27  52 15.42    8.2    2.0 10 193 63.8 0.78  9.1 12.5  4.3 0.727E+00-0.807E+00-0.140E+02 0.189E+01
200101 0628 20.24 35 59.62  51 56.81   19.4    3.0 14 214  9.5 0.62  7.0  4.7  4.1 0.680E+00-0.347E+01 0.239E+01 0.162E+01
200101 0630  0.52 36 23.61  52  8.03   17.3    5.0 20  89 16.4 1.03  6.5  5.1  5.1 0.570E+00-0.377E+01-0.365E+01 0.271E+01
200101 0631 38.71 35 52.05  52 11.15    2.2    3.0 14 278 43.2 0.64 11.2 10.9  8.8 0.416E+02-0.640E+02-0.389E+02 0.162E+01
200101 0633 21.36 36  1.33  52 12.25   15.7    3.0 14 206 26.0 0.77  9.0  6.5  4.7 0.434E+01 0.326E+00 0.290E+02 0.198E+01
200101 0635  0.29 36 24.34  51 57.53    4.3    5.0 20 106 27.3 0.97  5.7 11.6  4.6 0.285E+00-0.202E+02-0.220E+00 0.249E+01
200101 0636 40.87 35 56.78  51 54.09    6.8    4.0 18 221 16.0 0.78  7.6  5.4  4.3 0.156E+01 0.304E+01 0.584E+01 0.199E+01
200101 0638 18.61 35 38.17  51 32.73    3.8    3.0 14 304 63.0 0.89 15.2  9.6 11.7-0.910E+01-0.240E+02-0.224E+02 0.200E+01
200101 0640  1.67 35 52.60  52  5.48   21.6    2.0 10 239 43.3 0.69 11.0  8.9  5.5-0.782E+01-0.523E+01 0.311E+02 0.178E+01
200101 0641 40.28 35 46.71  52  7.22   16.2    4.0 18 232 30.1 1.11 12.6  8.0  7.5 0.169E+02-0.156E+02 0.724E+01 0.269E+01
200101 0643 20.06 36 11.27  51 49.91   14.9    5.0 20 150 24.5 1.07  8.4  6.9  5.5 0.771E+01-0.918E+01-0.188E+02 0.275E+01
200101 0645  0.33 36 10.30  52 19.99   10.0    3.0 14 153 15.2 0.69  5.4  5.2  3.7 0.304E+00-0.984E+01 0.131E+01 0.176E+01
200101 0646 40.54 36 23.29  52 15.81   14.2    4.0 18 101 16.9 1.04  6.6  6.7  4.8 0.226E+01 0.150E+01 0.725E+01 0.276E+01
200101 0648 19.58 35 46.15  52 14.49   15.8    5.0 20 231 35.4 0.85  9.1  6.1  5.4 0.496E+01-0.110E+02 0.760E+01 0.211E+01
200101 0649 58.96 36  5.16  52  2.58   15.0    3.0 12 132  5.1 0.79 10.2  5.6  7.1-0.310E+02 0.205E+02-0.258E+02 0.206E+01
200101 0651 38.45 36  1.82  51 49.09   15.9    2.0 10 284 19.6 0.82 18.7  5.9 13.0 0.110E+03-0.126E+02-0.394E+02 0.191E+01
200101 0653 19.86 35 47.27  51 35.42   11.6    4.0 16 252 65.1 0.83 11.3  7.7  6.9 0.213E+02-0.253E+02 0.703E+01 0.189E+01
200101 0655  0.80 35 31.00  52  7.27    8.1    4.0 16 253 58.7 0.91 11.7 10.7  8.0 0.190E+02-0.236E+02-0.154E+02 0.214E+01
200101 0656 40.82 36  0.85  51 46.18   10.0    3.0 14 289 24.1 0.83 12.9 10.7 10.0 0.405E+02-0.316E+02-0.223E+02 0.206E+01
