 2017 1210 0725 35.6 L  35.792  50.977 13.0  Teh 14 0.6 2.5LTeh                1
 GAP=124                                                                       E
 Iranian Seismological Center, Institute of Geophysics, University of Tehran   6
 STAT SP IPHASW D HRMM SECON CODA AMPLIT PERI AZIMU VELO SNR AR TRES  W DIS CAZ7
 MHD  SZ E    0   0725 47.22     31295.0 0.24                          30.0 247
 FIR  BZ E    0   0726 25.06       784.5 0.32                           162  95
 VRN  BZ E    0   0726 11.22      2003.0 0.28                           112 142
 LAS  SZ E    0   0726 33.68       737.6 0.16                           185 104
 JIR1 BZ E    0   0726 19.66      2511.6 0.24                           147 314
 QAMS SZ E    0   0726 43.74       792.0 0.24                           231 170
 ALA  SZ E    0   0726 30.50       890.9 0.36                           168  78
 KLH  SZ E    0   0726 54.97       495.4 0.16                           280 168
 DMV  SZ E    0   0725 53.98      1915.1 0.28                          98.0 104
 SFB  BZ E    0   0726 34.28       662.1 0.36                           197 144
 HAGD BZ E    0   0726 34.12       454.8 0.24                           199 238
 MHD  SZ EPg  0   0725 42.1                                      0.4   30.0 247
 HSB  BN EPg  0   0725 44.8                                      0.5   48.0 145
 MHD  SN ESg  0   0725 47.0                                      0.0   30.0 247
 RAZ  SZ EPg  0   0725 53.2                                     -0.4    104 246
 DMV  SZ EPg  0   0725 53.4                                      0.7   98.0 104
 QOM  SZ EPg  0   0725 53.5                                     -0.2    106 176
 VRN  BZ EPg  0   0725 54.8                                      0.1    112 142
 JIR1 BZ EPg  0   0726 0.1                                      -0.4    147 314
 FIR  BZ EPg  0   0726 2.7                                      -0.4    162  95
 ALA  SZ EPg  0   0726 3.7                                      -0.5    168  78
 DMV  SE ESg  0   0726 6.0                                       0.0   98.0 104
 RAZ  SN ESg  0   0726 6.2                                       0.0    104 246
 QOM  SN ESg  0   0726 6.5                                       0.0    106 176
 LAS  SZ EPg  0   0726 6.6                                      -0.3    185 104
 SFB  BZ EPg  0   0726 7.7                                      -1.0    197 144
 HAGD BZ EPn  0   0726 9.0                                       0.5    199 238
 KLH  SZ EPn  0   0726 19.1                                      0.5    280 168

 2017 1212 1948 54.8 L  35.763  50.951 17.7  Teh 26 0.3 3.1LTeh                1
 GAP=64                                                                        E
 Iranian Seismological Center, Institute of Geophysics, University of Tehran   6
 STAT SP IPHASW D HRMM SECON CODA AMPLIT PERI AZIMU VELO SNR AR TRES  W DIS CAZ7
 PRN  SZ E    0   1949 41.60      3190.4 0.92                           136  67
 DMV  SZ E    0   1949 26.86      5262.7 0.16                         100.0 102
 ANJ  SZ E    0   1950 19.26       569.3 0.28                           271  96
 MHD  SZ E    0   1949  5.86    513776.0 0.12                          27.0 251
 VRN  BZ E    0   1949 29.68      6059.4 0.28                           111 140
 KLH  SZ E    0   1950 13.49      1308.8  0.2                           277 168
 ANAR BZ E    0   1950 47.62       239.2 0.56                           383 137
 FIR  BZ E    0   1949 43.70      2095.3 0.44                           164  94
 JIR1 BZ E    0   1949 42.74      8108.7 0.32                           147 316
 HAGD BZ E    0   1949 52.70      1870.8 0.28                           195 238
 QAMS SZ E    0   1950  0.12      1317.6 0.44                           229 170
 QOM  SZ E    0   1949 25.48     12285.8 0.12                           103 174
 ZEF  SZ E    0   1950 40.31       421.3 0.52                           342 158
 HRS  SZ E    0   1950 14.90       183.9  0.4                           449 310
 SRB  SZ E    0   1950 45.05       391.4 0.32                           372 309
 LAS  SZ E    0   1949 50.81      1507.4  0.2                           187 103
 GLO  SZ E    0   1950 18.46      1295.7 0.56                           272  72
 MHD  SZ EPg  0   1949 0.7                                       0.1   27.0 251
 TEH  BZ EPg  0   1949 2.7                                       0.2   40.0  92
 HSB  BZ EPg  0   1949 3.5                                       0.1   47.0 141
 MHD  SN ESg  0   1949 5.5                                       0.0   27.0 251
 TEH  BN ESg  0   1949 8.1                                       0.0   40.0  92
 HSB  BE ESg  0   1949 9.3                                       0.0   47.0 141
 KLST BZ EPg  0   1949 9.4                                      -0.2   84.0   7
 MZPU BZ EPg  0   1949 11.2                                      0.2   93.0  36
 RAZ  SZ EPg  0   1949 11.7                                     -0.4    101 247
 DMV  SZ EPg  0   1949 11.8                                     -0.2  100.0 102
 QOM  SZ EPg  0   1949 12.1                                     -0.1    103 174
 VRN  BZ EPg  0   1949 13.6                                      0.1    111 140
 PRN  SZ EPg  0   1949 17.8                                      0.3    136  67
 JIR1 BZ EPg  0   1949 19.1                                     -0.3    147 316
 FIR  BZ EPg  4   1949 21.6                                     -0.5    164  94
 MZPU BE ESg  0   1949 22.6                                      0.0   93.0  36
 QSDN BZ EPg  0   1949 23.8                                     -0.9    180 298
 LHJ2 BZ EPg  0   1949 24.2                                      0.6    175 333
 RAZ  SN ESg  0   1949 24.8                                      0.0    101 247
 QOM  SE ESg  0   1949 25.0                                      0.0    103 174
 LAS  SZ EPn  4   1949 25.4                                     -0.2    187 103
 SFB  BZ EPn  0   1949 26.6                                     -0.0    196 143
 HAGD BZ EPg  0   1949 27.0                                      0.0    195 238
 KRSH BN EPn  4   1949 30.7                                      0.2    227 151
 QAMS SN EPn  0   1949 30.8                                     -0.0    229 170
 ANJ  SZ EPn  4   1949 36.1                                      0.1    271  96
 KLH  SE EPn  4   1949 37.5                                      0.6    277 168
 SRB  SZ EPn  4   1949 48.4                                     -0.2    372 309
 HRS  SZ EPn  4   1949 57.9                                     -0.3    449 310

 2017 1218 2246 48.7 L  35.771  50.950 19.4  Teh 24 0.4 3.0LTeh                1
 GAP=94                                                                        E
 Iranian Seismological Center, Institute of Geophysics, University of Tehran   6
 STAT SP IPHASW D HRMM SECON CODA AMPLIT PERI AZIMU VELO SNR AR TRES  W DIS CAZ7
 SRB  SZ E    0   2248 39.08       192.4 0.28                           371 309
 VRN  BZ E    0   2247 23.54      7793.3 0.08                           111 140
 ZEF  SZ E    0   2248 34.35       210.1 0.36                           343 158
 QAMS SZ E    0   2247 56.34      1345.6 0.24                           229 170
 FIR  BZ E    0   2247 17.04      1634.7 0.12                           164  94
 PRN  SZ E    0   2247 32.24      3314.2 0.36                           136  67
 RAZ  SZ E    0   2247 19.92     13048.6 0.24                           101 247
 QOM  SZ E    0   2247 19.44      7434.2 0.16                           104 174
 DMV  SZ E    0   2247  6.58      3689.2 0.28                         100.0 102
 LAS  SZ E    0   2247 44.67      1185.5  0.2                           187 103
 MHD  SZ E    0   2246 59.92    215630.0 0.16                          27.0 250
 HSB  BZ E    0   2247  4.28     25980.6 0.08                          47.0 141
 GLO  SZ E    0   2248 12.42       593.1 0.52                           272  72
 HRS  SZ E    0   2248  8.93       107.4 0.36                           448 310
 KRSH BN E    0   2247 53.22      2043.6 0.32                           227 151
 ALA  SZ E    0   2247 43.10      2031.3 0.36                           171  78
 ANJ  SZ E    0   2248 10.46       474.2 0.44                           271  96
 HAGD BZ E    0   2247 46.64      1141.8  0.4                           196 238
 SFB  BZ E    0   2247 46.90      1221.4 0.28                           197 143
 KLH  SZ E    0   2248  7.66       768.3 0.32                           278 168
 MHD  SZ EPg  0   2246 54.8                                      0.1   27.0 250
 TEH  BZ EPg  0   2246 56.5                                      0.1   40.0  93
 HSB  BZ EPg  0   2246 57.7                                      0.2   47.0 141
 MHD  SN ESg  0   2246 59.5                                      0.0   27.0 250
 TEH  BN ESg  0   2247 2.5                                       0.0   40.0  93
 HSB  BE ESg  0   2247 3.2                                       0.0   47.0 141
 RAZ  SZ EPg  0   2247 5.9                                      -0.2    101 247
 DMV  SZ EPg  0   2247 6.0                                       0.0  100.0 102
 QOM  SZ EPg  0   2247 6.1                                      -0.2    104 174
 VRN  BZ EPg  4   2247 7.6                                       0.0    111 140
 PRN  SZ EPg  0   2247 11.3                                     -0.1    136  67
 JIR1 BZ EPg  0   2247 13.1                                     -0.1    147 316
 FIR  BZ EPg  0   2247 15.5                                     -0.5    164  94
 ALA  SZ EPg  0   2247 17.6                                      0.4    171  78
 QSDN BZ EPg  0   2247 17.9                                     -0.6    179 297
 LHJ2 BZ EPg  2   2247 17.9                                      0.5    174 333
 RAZ  SE ESg  0   2247 18.6                                      0.0    101 247
 LAS  SZ EPg  4   2247 19.4                                     -0.2    187 103
 SFB  BZ EPn  4   2247 20.5                                      0.1    197 143
 HAGD BZ EPg  0   2247 21.4                                      0.5    196 238
 KRSH BN EPn  4   2247 24.9                                      0.6    227 151
 QAMS SZ EPn  0   2247 25.2                                      0.5    229 170
 GLO  SZ EPn  4   2247 30.3                                      0.4    272  72
 KLH  SZ EPn  4   2247 31.9                                      1.2    278 168
 SRB  SZ EPn  4   2247 42.4                                      0.1    371 309

 2017 1218 2329 38.3 L  35.403  50.790  8.0  Teh 18 0.5 2.8LTeh                1
 GAP=84                                                                        E
 Iranian Seismological Center, Institute of Geophysics, University of Tehran   6
 STAT SP IPHASW D HRMM SECON CODA AMPLIT PERI AZIMU VELO SNR AR TRES  W DIS CAZ7
 RAZ  SZ E    0   2329 52.74      4108.1  0.2                          78.0 270
 HSB  BZ E    0   2329 47.44     67009.5 0.08                          44.0  85
 PRN  SZ E    0   2330 34.16       742.8 0.52                           168  56
 MHD  SZ E    0   2329 49.92     65638.3 0.08                          33.0 340
 JIR1 BZ E    0   2330 29.16      1448.8 0.24                           170 329
 QSDN BZ E    0   2330 33.40      2345.5 0.08                           190 310
 TEH  BZ E    0   2330  0.22      6082.2 0.08                          67.0  54
 LAS  SZ E    0   2330 42.88       599.2 0.16                           197  90
 DMV  SZ E    0   2330 14.14      2085.9 0.28                           114  80
 FIR  BZ E    0   2330 36.16       483.1 0.28                           180  81
 KRSH BN E    0   2330 40.36       645.0  0.2                           201 142
 ALA  SZ E    0   2330 37.86       669.0 0.24                           198  67
 ZEF  SZ E    0   2331  7.93       167.1 0.36                           312 153
 QAMS SZ E    0   2330 36.86      1584.0 0.24                           193 163
 KLH  SZ E    0   2330 48.37       944.1 0.16                           242 162
 LHJ2 BZ E    0   2330 41.86      2405.3 0.24                           206 342
 MHD  SZ EPg  0   2329 44.8                                      0.2   33.0 340
 HSB  BZ EPg  0   2329 47.2                                      0.8   44.0  85
 TEH  BZ EPg  0   2329 50.1                                     -0.2   67.0  54
 RAZ  SZ EPg  0   2329 52.5                                      0.2   78.0 270
 DMV  SZ EPg  0   2329 58.3                                     -0.1    114  80
 HAGD BZ EPg  0   2330 7.0                                       0.4    164 247
 JIR1 BZ EPg  0   2330 7.1                                      -0.5    170 329
 PRN  SZ EPg  0   2330 7.7                                       0.4    168  56
 SFB  BZ EPg  0   2330 8.1                                      -0.6    177 131
 FIR  BZ EPg  0   2330 8.9                                      -0.5    180  81
 QSDN BZ EPn  0   2330 9.9                                      -0.2    190 310
 QAMS SZ EPn  0   2330 10.5                                     -0.1    193 163
 LAS  SZ EPn  0   2330 11.4                                      0.3    197  90
 KRSH BN EPn  0   2330 11.7                                     -0.1    201 142
 ALA  SZ EPn  0   2330 12.0                                      0.7    198  67
 LHJ2 BZ EPn  0   2330 12.9                                      0.6    206 342
 KLH  SZ EPn  0   2330 18.0                                      0.9    242 162
 ZEF  SZ EPn  0   2330 26.6                                      0.8    312 153

 2017 1220 1957 37.3 L  35.675  50.950 12.8  Teh 95 0.3 5.2LTeh                1
 GAP=41                                                                        E
 Iranian Seismological Center, Institute of Geophysics, University of Tehran   6
 STAT SP IPHASW D HRMM SECON CODA AMPLIT PERI AZIMU VELO SNR AR TRES  W DIS CAZ7
 LAS  SZ E    0   1958 36.75    183838.0  0.4                           185 100
 KLH  SZ E    0   1958 59.11    127968.0  0.4                           268 167
 SRB  SZ E    0   1958 46.47     93255.9 0.92                           378 310
 QSDN BZ E    0   1958 32.12    421744.0 0.44                           184 300
 PRN  SZ E    0   1958 27.02    492749.0  0.8                           140  63
 ALA  SZ E    0   1958 34.22    290782.0 0.84                           174  74
 TBZ  SZ E    0   2000 15.59     12621.4 0.64                           513 305
 QOM  SZ E    0   1958  5.44     2014760 0.36                          93.0 174
 QAMS SZ E    0   1958 41.88    360362.0 0.28                           219 169
 KLST BZ E    0   1957 54.32    627275.0 0.28                          94.0   6
 MAHB BZ E    0   1959  3.30     20715.4  0.6                           487 286
 KLNJ BZ E    0   2000 21.96     20120.3    1                           521 173
 SFB  BZ E    0   1958 33.96    176111.0 0.48                           188 141
 KCHF BZ E    0   1959 44.56     52345.9 0.68                           389 248
 GAR  SZ E    0   1959 38.18     29149.3 0.64                           376 164
 SAD  SZ E    0   2000  5.70     25803.0 0.64                           488 148
 GLO  SZ E    0   1959 14.94    175311.0 0.84                           275  70
 JHBN BZ E    0   1959 42.86     57311.9 0.88                           383 184
 FIR  BZ E    0   1958 26.60    183146.0 0.28                           163  91
 PIR  SZ E    0   1959 16.26     97710.5 0.68                           332 181
 ANAR BZ E    0   1959 35.90     55547.2  0.8                           376 136
 ILBA BZ E    0   2000  8.90       -99.0 0.72                           491 244
 ANJ  SZ E    0   1958 54.82    166043.0  0.8                           270  94
 MEH  SZ E    0   2000 37.77     18774.1  0.8                           584 143
 HALM SZ E    0   1959  5.02    131903.0 0.84                           269 251
 HAGD BZ E    0   1958 35.18    520493.0 0.36                           190 241
 KGS1 BZ E    0   2000  9.26     21177.8  0.8                           506 257
 SHB  SZ E    0   1959 16.03     18848.4 0.56                           556 303
 LIN  BZ E    0   1959 25.90     65634.2 0.68                           372 258
 MND  BZ E    0   1959 47.88     20882.8 0.96                           434  65
 RAM  SZ E    0   2000  4.12     19755.5 0.84                           449 162
 HSH  SZ E    0   1958 41.55     80850.0 0.44                           377 300
 KOM  BZ E    0   1959 24.80     88441.7 1.12                           355 243
 ZEF  SZ E    0   1959  9.78     91478.0    1                           333 157
 GRMI BZ E    0   1959 52.60       -99.0 0.76                           441 323
 AMIS BZ E    0   2000  6.12     32755.6 1.04                           471 200
 SDS1 BZ E    0   2000 10.38     21285.6 0.84                           496 278
 AZR  SZ E    0   2000  8.12     51703.6 1.04                           496 298
 CHK  SZ E    0   2000 16.03     23924.6 0.68                           497 139
 BRJ  SZ E    0   2000  2.78     31555.9 0.96                           419 176
 DHR  BZ E    0   1959 56.94     29808.1  1.2                           429 257
 HRS  SZ E    0   1958 57.22     33513.3 0.56                           455 311
 MRD  SZ E    0   2000 31.20     33723.9  0.8                           575 307
 GHG  SZ E    0   1959 50.06     63042.7 0.84                           427 251
 MHD  SZ EPg  0   1957 42.5                                     -0.0   26.0 273
 HSB  BZ EPg  0   1957 44.6                                     -0.1   40.0 132
 TEH  BZ EPg  0   1957 44.9                                     -0.0   41.0  78
 MHD  SE ESg  4   1957 46.4                                      0.0   26.0 273
 HSB  BN ESg  4   1957 50.2                                      0.0   40.0 132
 TEH  BN ESg  4   1957 50.5                                      0.0   41.0  78
 QOM  SZ EPg  0   1957 53.4                                      0.2   93.0 174
 KLST BZ EPg  0   1957 53.4                                     -0.1   94.0   6
 DMV  SZ EPg  0   1957 54.0                                     -0.3   99.0  96
 RAZ  SZ EPg  0   1957 54.0                                      0.0   97.0 252
 MZPU BZ EPg  0   1957 54.5                                     -0.1    102  33
 VRN  BZ EPg  0   1957 54.9                                      0.1    103 137
 PRN  SZ EPg  0   1958 1.0                                       0.4    140  63
 JIR1 BZ EPg  0   1958 2.8                                      -0.1    154 318
 FIR  BZ EPg  4   1958 3.9                                      -0.6    163  91
 RAZ  SN ESg  0   1958 6.1                                       0.0   97.0 252
 ALA  SZ EPg  0   1958 6.1                                      -0.1    174  74
 QSDN BZ EPg  0   1958 7.3                                      -0.5    184 300
 LAS  SZ EPg  4   1958 7.6                                       0.0    0.0   0
 SFB  BZ EPn  0   1958 7.9                                      -0.8    188 141
 LHJ2 BZ EPg  0   1958 8.1                                       0.8    184 335
 HAGD BZ EPg  0   1958 8.6                                      -0.1    190 241
 KRSH BZ EPn  4   1958 11.6                                     -0.8    218 150
 QAMS SZ EPn  4   1958 12.1                                     -0.8    219 169
 CSN1 BZ EPn  4   1958 18.1                                     -0.2    267 322
 KLH  SZ EPn  4   1958 18.5                                     -0.2    268 167
 ANJ  SZ EPn  4   1958 18.6                                     -0.3    270  94
 HALM SZ EPn  4   1958 18.8                                     -0.0    269 251
 GLO  SZ EPn  4   1958 20.6                                      0.0    0.0   0
 BZA  BZ EPn  4   1958 24.8                                      0.6    312 246
 ZEF  SZ EPn  4   1958 27.0                                      0.2    333 157
 PIR  SZ EPn  4   1958 28.0                                      0.0    0.0   0
 GAS1 BZ EPn  4   1958 28.4                                     -0.8    355 329
 KOM  BZ EPn  4   1958 30.7                                      0.0    0.0   0
 HSH  SZ EPn  4   1958 31.2                                      0.0    0.0   0
 LIN  BZ EPn  4   1958 32.0                                      0.0    0.0   0
 SRB  SZ EPn  4   1958 32.0                                     -0.4    378 310
 ANAR BZ EPn  4   1958 32.0                                      0.1    376 136
 KFM  BZ EPn  4   1958 32.6                                      0.0    0.0   0
 GAR  SZ EPn  4   1958 33.4                                      1.3    376 164
 JHBN BZ EPn  4   1958 33.9                                      0.0    0.0   0
 KCHF BZ EPn  4   1958 34.5                                      0.0    0.0   0
 ZNGN BZ EPn  4   1958 35.0                                      0.5    395 181
 BRJ  SZ EPn  4   1958 38.3                                      0.9    419 176
 MND  BZ EPn  4   1958 38.4                                      0.0    0.0   0
 GHG  SZ EPn  4   1958 39.0                                      0.0    0.0   0
 DHR  BZ EPn  4   1958 39.0                                      0.3    429 257
 GRMI BZ EPn  4   1958 39.8                                      0.0    0.0   0
 HRS  SZ EPn  4   1958 41.1                                      0.0    0.0   0
 RAM  SZ EPn  4   1958 41.7                                      0.0    0.0   0
 AMIS BZ EPn  0   1958 44.3                                      0.8    471 200
 ILBA BZ EPn  4   1958 44.9                                      0.0    0.0   0
 MAHB BZ EPn  4   1958 45.0                                      0.0    0.0   0
 AZR  SZ EPn  4   1958 46.6                                     -0.4    496 298
 SAD  SZ EPn  4   1958 46.8                                      0.0    0.0   0
 SDS1 BZ EPn  4   1958 47.1                                      0.0    0.0   0
 CHK  SZ EPn  4   1958 47.2                                      0.2    497 139
 TBZ  SZ EPn  4   1958 47.3                                     -1.8    513 305
 KGS1 BZ EPn  4   1958 47.7                                     -0.7    506 257
 MRVT BZ EPn  4   1958 48.0                                      0.0    0.0   0
 KLNJ BZ EPn  4   1958 49.5                                      0.0    0.0   0
 SHB  SZ EPn  4   1958 52.3                                      0.0    0.0   0
 TNSJ BZ EPn  4   1958 53.0                                      0.0    0.0   0
 MRD  SZ EPn  4   1958 57.2                                      0.0    0.0   0
 MEH  SZ EPn  4   1958 57.5                                      0.0    0.0   0
 SBZV BZ EPn  4   1959 0.3                                       0.0    0.0   0
 TPRV BZ EPn  4   1959 0.3                                       0.2    604 117
 TKDS BZ EPn  4   1959 0.7                                       0.0    0.0   0
 BAF  SZ EPn  4   1959 3.0                                       0.4    623 135
 MAKU BZ EPn  4   1959 9.5                                       0.0    0.0   0
 SHI  BZ EPn  4   1959 10.2                                     -0.2    685 167
 AKL  SZ EPn  4   1959 13.8                                      0.2    710  79
 EMG  SZ EPn  4   1959 15.2                                      0.9    716  72
 PAY  SZ EPn  4   1959 16.6                                      0.0    0.0   0
 ZRDN BZ EPn  4   1959 17.1                                      0.3    737 134
 AHRM BN EPn  4   1959 18.3                                     -0.6    756 177
 TBHD SZ EPn  4   1959 18.9                                      0.8    752  90
 MOG  SZ EPn  4   1959 19.8                                      0.0    0.0   0
 AFRZ BZ EPn  4   1959 21.8                                     -0.4    781 106
 TEG  SZ EPn  4   1959 22.2                                      0.0    0.0   0
 KHGB BZ EPn  4   1959 22.7                                      0.0    0.0   0
 KRD  SZ EPn  4   1959 22.9                                      0.0    0.0   0
 KOO  SZ EPn  4   1959 27.9                                      0.0    0.0   0
 TVBK BZ EPn  4   1959 29.5                                      0.7    833 138
 MYA  SZ EPn  4   1959 30.2                                      0.0    0.0   0
 TBJM BZ EPn  4   1959 30.9                                     -0.5    852  90
 JRKH BZ EPn  4   1959 31.3                                      0.0    0.0   0
 BSRN BZ EPn  4   1959 31.7                                     -0.1    859 116
 NGRK BZ EPn  4   1959 32.2                                      0.0    0.0   0
 DAH  SZ EPn  4   1959 34.5                                     -0.6    884 109
 SHRT BZ EPn  4   1959 34.8                                     -0.3    885 102
 CHMN BZ EPn  4   1959 36.8                                      0.6    892 134
 NHDN BZ EPn  4   1959 46.2                                      0.0    0.0   0
 KBAM BZ EPn  4   1959 52.7                                      0.0    0.0   0
 GENO BZ EPn  4   1959 54.8                                      0.1   1042 150
 KHNJ BZ EPn  4   1959 58.6                                      0.0    0.0   0
 ZHDN BZ EPn  4   2000 9.1                                       0.1   1157 124
 JASK BZ EPn  4   2000 23.0                                      0.0    0.0   0

 2017 1221 0109 19.0 L  35.664  50.936 12.0  Teh  9 0.5 2.6LTeh                1
 GAP=113                                                                       E
 Iranian Seismological Center, Institute of Geophysics, University of Tehran   6
 STAT SP IPHASW D HRMM SECON CODA AMPLIT PERI AZIMU VELO SNR AR TRES  W DIS CAZ7
 MZPU BZ E    0   0109 50.68      1295.0 0.44                           103  33
 TEH  BZ E    0   0109 35.92      5423.4 0.24                          42.0  76
 HSB  BZ E    0   0109 32.86     27043.6 0.04                          40.0 129
 KLST BZ E    0   0109 47.76      2486.2 0.32                          96.0   7
 MHD  SZ E    0   0109 30.70     58840.0 0.04                          24.0 276
 DMV  SZ E    0   0109 55.44      1837.7 0.24                         100.0  95
 MHD  SZ EPg  0   0109 24.9                                      0.9   24.0 276
 HSB  BZ EPg  0   0109 27.2                                      0.8   40.0 129
 TEH  BZ EPg  0   0109 27.4                                      0.5   42.0  76
 RAZ  SZ E    0   0109 37.28      4610.1 0.12                          96.0 253
 FIR  BZ E    0   0110  9.66      1470.8  0.2                           165  90
 HSB  BN ESg  0   0109 32.6                                      0.0   40.0 129
 KLST BZ EPg  0   0109 35.8                                      0.2   96.0   7
 RAZ  SZ EPg  0   0109 36.1                                      0.5   96.0 253
 DMV  SZ EPg  0   0109 36.7                                      0.3  100.0  95
 MZPU BZ EPg  0   0109 37.2                                      0.3    103  33
 FIR  BZ EPg  0   0109 46.8                                     -0.0    165  90
 SFB  BZ EPg  0   0109 50.1                                     -0.4    188 140

 2017 1226 2124 34.0 L  35.679  50.941 14.9  Teh 62 0.3 4.2LTeh                1
 GAP=38                                                                        E
 Iranian Seismological Center, Institute of Geophysics, University of Tehran   6
 STAT SP IPHASW D HRMM SECON CODA AMPLIT PERI AZIMU VELO SNR AR TRES  W DIS CAZ7
 QOM  SZ E    0   2125  2.10    187274.0 0.28                          94.0 173
 SRB  SZ E    0   2126 24.39      4473.8 0.32                           377 310
 RAZ  SZ E    0   2125  3.72    120912.0 0.24                          97.0 252
 ANJ  SZ E    0   2125 53.51     13639.9  0.4                           271  94
 FIR  BZ E    0   2125 24.10     46904.8  0.2                           164  91
 DMV  SZ E    0   2125  4.98     76805.3  0.2                         100.0  96
 QAMS SZ E    0   2125 39.72     26706.0  0.4                           219 169
 KIA  SZ E    0   2125 19.76      8276.6 0.28                           254  76
 ZEF  SZ E    0   2126 15.51      3909.6 0.32                           334 157
 ALA  SZ E    0   2125 31.26     40260.6 0.24                           175  75
 GLO  SZ E    0   2125 21.76     10010.4 0.64                           276  70
 PIR  SZ E    0   2126  8.92      4220.6 0.28                           332 181
 LAS  SZ E    0   2125 28.75     31839.2 0.24                           186 100
 PRN  SZ E    0   2125 23.60     38544.1  0.8                           141  63
 HSH  SZ E    0   2126 35.84      3892.6 0.56                           376 300
 GHG  SZ E    0   2126  3.10      2954.0 0.76                           426 251
 KOM  BZ E    0   2126 21.04      3504.0 1.08                           355 243
 KFM  BZ E    0   2126 31.50      6616.8 1.04                           371 231
 SFB  BZ E    0   2125 30.82     22986.5 0.24                           189 141
 KLH  SZ E    0   2125 49.66     18491.9  0.2                           268 167
 HAGD BZ E    0   2125 31.10     16701.4 0.24                           190 240
 MEH  SZ E    0   2127 38.38       722.4 0.68                           585 143
 HSAM BZ E    0   2125 55.36      9253.2 0.64                           269 233
 CHK  SZ E    0   2127 12.98      1785.2  0.4                           498 139
 JHBN BZ E    0   2126 28.46      3524.9 0.48                           383 184
 MRD  SZ E    0   2127 27.48      2517.7 0.92                           574 307
 SHB  SZ E    0   2127 10.76      1103.0 0.32                           555 303
 HRS  SZ E    0   2126  2.86      2002.2  0.4                           454 311
 DHR  BZ E    0   2125 49.60      2147.9  0.4                           429 257
 KCHF BZ E    0   2125 43.92      2543.1 0.64                           389 248
 SAD  SZ E    0   2125 46.98      1491.4 0.32                           489 148
 HALM SZ E    0   2125 21.00     11529.9  0.2                           268 251
 MHD  SZ EPg  0   2124 39.1                                     -0.2   25.0 272
 AZR  SZ E    0   2127  2.80      1879.4 0.68                           495 298
 HSB  BZ EPg  0   2124 41.3                                     -0.3   40.0 131
 TEH  BZ EPg  0   2124 41.6                                     -0.1   41.0  79
 MHD  SN ESg  0   2124 42.9                                      0.0   25.0 272
 QOM  SZ EPg  0   2124 49.9                                     -0.1   94.0 173
 RAZ  SZ EPg  0   2124 50.4                                     -0.2   97.0 252
 DMV  SZ EPg  0   2124 51.0                                     -0.1  100.0  96
 MZPU BZ EPg  0   2124 51.4                                      0.1    102  34
 VRN  BZ EPg  0   2124 51.6                                     -0.1    104 136
 PRN  SZ EPg  0   2124 57.7                                      0.3    141  63
 JIR1 BZ EPg  0   2124 59.6                                      0.1    153 318
 FIR  BE EPg  4   2125 0.9                                      -0.5    164  91
 QOM  SN ESg  0   2125 1.6                                       0.0   94.0 173
 ALA  SZ EPg  0   2125 3.0                                       0.0    175  75
 MZPU BE ESg  0   2125 3.7                                       0.0    102  34
 QSDN BZ EPn  0   2125 3.9                                      -0.9    184 300
 LHJ2 BZ EPg  0   2125 4.7                                       0.6    183 335
 SFB  BZ EPg  4   2125 4.7                                      -0.4    189 141
 VRN  BN ESg  0   2125 4.8                                       0.0    104 136
 LAS  SZ EPg  4   2125 4.8                                       0.1    186 100
 HAGD BZ EPg  0   2125 5.1                                      -0.2    190 240
 KRSH BZ EPn  0   2125 8.9                                      -0.1    219 150
 QAMS SZ EPn  4   2125 8.9                                      -0.3    219 169
 KIA  SZ EPn  0   2125 13.6                                      0.1    254  76
 CSN1 BZ EPn  4   2125 14.7                                      0.0    266 322
 KLH  SZ EPn  4   2125 15.6                                      0.3    268 167
 HALM SZ EPn  4   2125 15.8                                      0.5    268 251
 ANJ  SZ EPn  4   2125 15.9                                      0.4    271  94
 HSAM BZ EPn  0   2125 15.9                                      0.6    269 233
 BZA  BZ EPn  4   2125 21.8                                      1.2    311 245
 ZEF  SZ EPn  4   2125 24.0                                      0.5    334 157
 PIR  SE EPn  4   2125 25.0                                      1.7    332 181
 GAS1 BZ EPn  4   2125 25.4                                     -0.1    354 329
 KOM  BZ EPn  4   2125 26.7                                      0.8    355 243
 HSH  SZ EPn  4   2125 28.0                                     -0.6    376 300
 KFM  BZ EPn  0   2125 28.3                                      0.4    371 231
 SRB  SZ EPn  4   2125 28.8                                      0.0    377 310
 LIN  BZ EPn  4   2125 29.0                                      1.0    372 258
 KCHF BZ EPn  4   2125 30.7                                      0.6    389 248
 JHBN BZ EPn  4   2125 31.3                                      1.7    383 184
 ZNGN BZ EPn  4   2125 31.8                                      0.7    395 181
 GHG  SZ EPn  4   2125 35.5                                      0.6    426 251
 DHR  BZ EPn  4   2125 35.8                                      0.7    429 257
 GRMI BZ EPn  4   2125 36.7                                      0.3    440 323
 HRS  SZ EPn  4   2125 38.7                                      0.4    454 311
 RAM  SZ EPn  4   2125 39.2                                      1.5    449 162
 AMIS BZ EPn  0   2125 40.4                                      0.3    471 199
 ILBA BN EPn  4   2125 42.4                                     -0.1    490 244
 AZR  SZ EPn  4   2125 43.9                                      0.4    495 298
 CHK  SE EPn  4   2125 44.4                                      0.8    498 139
 KGS1 BZ EPn  4   2125 44.7                                      0.3    505 257
 MRVT BZ EPn  4   2125 45.4                                      0.4    510  63
 KLNJ BZ EPn  4   2125 47.1                                      0.4    521 173
 MEH  SZ EPn  4   2125 54.9                                      0.3    585 143
 TPRV BZ EPn  4   2125 56.6                                     -0.2    605 117
 BAF  SZ EPn  4   2125 59.5                                      0.3    624 135
 AFRZ BZ EPn  4   2126 19.1                                      0.3    782 106
 KOO  SZ EPn  4   2126 24.9                                      0.4    827 114
 TBJM BZ EPn  4   2126 27.6                                     -0.1    853  90
 BSRN BZ EPn  4   2126 28.9                                      0.5    860 116
