 MHD  SZ   hdist:      37.1   amp:       31295.0 T:   0.2   ml =  4.29
 FIR  BZ   hdist:     165.8   amp:         784.5 T:   0.3   ml =  3.39
 VRN  BZ   hdist:     114.6   amp:        2003.0 T:   0.3   ml =  3.61
 LAS  SZ   hdist:     188.6   amp:         737.6 T:   0.2   ml =  3.43
 JIR1 BZ   hdist:     148.0   amp:        2511.6 T:   0.2   ml =  3.83
 QAMS SZ   hdist:     231.3   amp:         792.0 T:   0.2   ml =  3.58
 ALA  SZ   hdist:     172.7   amp:         890.9 T:   0.4   ml =  3.47
 KLH  SZ   hdist:     280.1   amp:         495.4 T:   0.2   ml =  3.50
 DMV  SZ   hdist:     102.9   amp:        1915.1 T:   0.3   ml =  3.53
 SFB  BZ   hdist:     198.5   amp:         662.1 T:   0.4   ml =  3.41
 HAGD BZ   hdist:     197.5   amp:         454.8 T:   0.2   ml =  3.25
 PRN  SZ   hdist:     138.1   amp:        3190.4 T:   0.9   ml =  3.90
 DMV  SZ   hdist:     102.5   amp:        5262.7 T:   0.2   ml =  3.97
 ANJ  SZ   hdist:     271.1   amp:         569.3 T:   0.3   ml =  3.54
 MHD  SZ   hdist:      36.2   amp:       13776.0 T:   0.1   ml =  3.92
 VRN  BZ   hdist:     112.6   amp:        6059.4 T:   0.3   ml =  4.08
 KLH  SZ   hdist:     277.0   amp:        1308.8 T:   0.2   ml =  3.91
 ANAR BZ   hdist:     382.8   amp:         239.2 T:   0.6   ml =  3.39
 FIR  BZ   hdist:     164.8   amp:        2095.3 T:   0.4   ml =  3.81
 JIR1 BZ   hdist:     149.9   amp:        8108.7 T:   0.3   ml =  4.35
 HAGD BZ   hdist:     196.5   amp:        1870.8 T:   0.3   ml =  3.86
 QAMS SZ   hdist:     229.3   amp:        1317.6 T:   0.4   ml =  3.80
 QOM  SZ   hdist:     104.8   amp:       12285.8 T:   0.1   ml =  4.35
 ZEF  SZ   hdist:     341.8   amp:         421.3 T:   0.5   ml =  3.56
 HRS  SZ   hdist:     449.6   amp:         183.9 T:   0.4   ml =  3.40
 SRB  SZ   hdist:     373.8   amp:         391.4 T:   0.3   ml =  3.59
 LAS  SZ   hdist:     187.5   amp:        1507.4 T:   0.2   ml =  3.74
 GLO  SZ   hdist:     273.1   amp:        1295.7 T:   0.6   ml =  3.90
 SRB  SZ   hdist:     373.8   amp:         192.4 T:   0.3   ml =  3.28
 VRN  BZ   hdist:     111.7   amp:        7793.3 T:   0.1   ml =  4.18
 ZEF  SZ   hdist:     341.9   amp:         210.1 T:   0.4   ml =  3.26
 QAMS SZ   hdist:     228.3   amp:        1345.6 T:   0.2   ml =  3.80
 FIR  BZ   hdist:     165.8   amp:        1634.7 T:   0.1   ml =  3.71
 PRN  SZ   hdist:     138.1   amp:        3314.2 T:   0.4   ml =  3.92
 RAZ  SZ   hdist:     102.9   amp:       13048.6 T:   0.2   ml =  4.37
 QOM  SZ   hdist:     103.9   amp:        7434.2 T:   0.2   ml =  4.13
 DMV  SZ   hdist:     102.5   amp:        3689.2 T:   0.3   ml =  3.82
 LAS  SZ   hdist:     187.6   amp:        1185.5 T:   0.2   ml =  3.64
 MHD  SZ   hdist:      36.1   amp:       15630.0 T:   0.2   ml =  3.97
 HSB  BZ   hdist:      51.4   amp:       25980.6 T:   0.1   ml =  4.35
 GLO  SZ   hdist:     273.1   amp:         593.1 T:   0.5   ml =  3.56
 HRS  SZ   hdist:     450.7   amp:         107.4 T:   0.4   ml =  3.17
 KRSH BN   hdist:     226.3   amp:        2043.6 T:   0.3   ml =  3.98
 ALA  SZ   hdist:     173.7   amp:        2031.3 T:   0.4   ml =  3.83
 ANJ  SZ   hdist:     271.1   amp:         474.2 T:   0.4   ml =  3.46
 HAGD BZ   hdist:     195.5   amp:        1141.8 T:   0.4   ml =  3.64
 SFB  BZ   hdist:     196.5   amp:        1221.4 T:   0.3   ml =  3.67
 KLH  SZ   hdist:     277.1   amp:         768.3 T:   0.3   ml =  3.68
 RAZ  SZ   hdist:      81.6   amp:        4108.1 T:   0.2   ml =  3.75
 HSB  BZ   hdist:      50.6   amp:       67009.5 T:   0.1   ml =  4.75
 PRN  SZ   hdist:     168.7   amp:         742.8 T:   0.5   ml =  3.37
 MHD  SZ   hdist:      38.8   amp:       65638.3 T:   0.1   ml =  4.63
 JIR1 BZ   hdist:     168.7   amp:        1448.8 T:   0.2   ml =  3.66
 QSDN BZ   hdist:     189.6   amp:        2345.5 T:   0.1   ml =  3.94
 TEH  BZ   hdist:      69.5   amp:        6082.2 T:   0.1   ml =  3.85
 LAS  SZ   hdist:     198.5   amp:         599.2 T:   0.2   ml =  3.37
 DMV  SZ   hdist:     116.5   amp:        2085.9 T:   0.3   ml =  3.63
 FIR  BZ   hdist:     181.6   amp:         483.1 T:   0.3   ml =  3.23
 KRSH BN   hdist:     205.4   amp:         645.0 T:   0.2   ml =  3.42
 ALA  SZ   hdist:     198.5   amp:         669.0 T:   0.2   ml =  3.42
 ZEF  SZ   hdist:     315.9   amp:         167.1 T:   0.4   ml =  3.10
 QAMS SZ   hdist:     197.5   amp:        1584.0 T:   0.2   ml =  3.79
 KLH  SZ   hdist:     246.2   amp:         944.1 T:   0.2   ml =  3.70
 LHJ2 BZ   hdist:     204.4   amp:        2405.3 T:   0.2   ml =  3.99
 LAS  SZ   hdist:     186.6   amp:       83838.0 T:   0.4   ml =  5.48
 KLH  SZ   hdist:     269.1   amp:       27968.0 T:   0.4   ml =  5.22
 SRB  SZ   hdist:     378.8   amp:       93255.9 T:   0.9   ml =  5.98
 QSDN BZ   hdist:     185.6   amp:       21744.0 T:   0.4   ml =  4.89
 PRN  SZ   hdist:     142.1   amp:       92749.0 T:   0.8   ml =  5.38
 ALA  SZ   hdist:     175.7   amp:       90782.0 T:   0.8   ml =  5.48
 TBZ  SZ   hdist:     513.6   amp:       12621.4 T:   0.6   ml =  5.34
 QOM  SZ   hdist:      96.0   amp:      201476.0 T:   0.4   ml =  5.52
 QAMS SZ   hdist:     220.3   amp:       60362.0 T:   0.3   ml =  5.43
 KLST BZ   hdist:      97.3   amp:       27275.0 T:   0.3   ml =  4.66
 MAHB BZ   hdist:     487.6   amp:       20715.4 T:   0.6   ml =  5.52
 KLNJ BZ   hdist:     521.6   amp:       20120.3 T:   0.1   ml =  5.56
 SFB  BZ   hdist:     189.6   amp:       76111.0 T:   0.5   ml =  5.45
 KCHF BZ   hdist:     389.8   amp:       52345.9 T:   0.7   ml =  5.75
 GAR  SZ   hdist:     376.8   amp:       29149.3 T:   0.6   ml =  5.47
 SAD  SZ   hdist:     488.6   amp:       25803.0 T:   0.6   ml =  5.61
 GLO  SZ   hdist:     276.1   amp:       75311.0 T:   0.8   ml =  5.67
 JHBN BZ   hdist:     383.8   amp:       57311.9 T:   0.9   ml =  5.77
 FIR  BZ   hdist:     165.8   amp:       83146.0 T:   0.3   ml =  5.41
 PIR  SZ   hdist:     332.9   amp:       97710.5 T:   0.7   ml =  5.90
 ANAR BZ   hdist:     376.8   amp:       55547.2 T:   0.8   ml =  5.75
 ANJ  SZ   hdist:     271.1   amp:       66043.0 T:   0.8   ml =  5.60
 MEH  SZ   hdist:     584.5   amp:       18774.1 T:   0.8   ml =  5.63
 HALM SZ   hdist:     270.1   amp:       31903.0 T:   0.8   ml =  5.28
 HAGD BZ   hdist:     191.5   amp:       20493.0 T:   0.4   ml =  4.89
 KGS1 BZ   hdist:     506.6   amp:       21177.8 T:   0.8   ml =  5.56
 SHB  SZ   hdist:     556.5   amp:       18848.4 T:   0.6   ml =  5.59
 LIN  BZ   hdist:     372.8   amp:       65634.2 T:   0.7   ml =  5.81
 MND  BZ   hdist:     434.7   amp:       20882.8 T:   1.0   ml =  5.43
 RAM  SZ   hdist:     449.7   amp:       19755.5 T:   0.8   ml =  5.43
 HSH  SZ   hdist:     376.8   amp:       80850.0 T:   0.4   ml =  5.91
 KOM  BZ   hdist:     355.8   amp:       88441.7 T:   1.1   ml =  5.91
 ZEF  SZ   hdist:     333.9   amp:       91478.0 T:   0.1   ml =  5.88
 AMIS BZ   hdist:     471.6   amp:       32755.6 T:   1.0   ml =  5.69
 SDS1 BZ   hdist:     496.6   amp:       21285.6 T:   0.8   ml =  5.54
 AZR  SZ   hdist:     496.6   amp:       51703.6 T:   1.0   ml =  5.93
 CHK  SZ   hdist:     497.6   amp:       23924.6 T:   0.7   ml =  5.60
 BRJ  SZ   hdist:     419.7   amp:       31555.9 T:   1.0   ml =  5.58
 DHR  BZ   hdist:     429.7   amp:       29808.1 T:   1.2   ml =  5.57
 HRS  SZ   hdist:     455.6   amp:       33513.3 T:   0.6   ml =  5.67
 MRD  SZ   hdist:     575.5   amp:       33723.9 T:   0.8   ml =  5.87
 GHG  SZ   hdist:     427.7   amp:       63042.7 T:   0.8   ml =  5.90
 MZPU BZ   hdist:     104.6   amp:        1295.0 T:   0.4   ml =  3.37
 TEH  BZ   hdist:      45.8   amp:        5423.4 T:   0.2   ml =  3.62
 HSB  BZ   hdist:      44.0   amp:       27043.6 T:   0.0   ml =  4.30
 KLST BZ   hdist:      96.7   amp:        2486.2 T:   0.3   ml =  3.62
 MHD  SZ   hdist:      30.6   amp:       58840.0 T:   0.0   ml =  4.48
 DMV  SZ   hdist:     101.4   amp:        1837.7 T:   0.2   ml =  3.51
 RAZ  SZ   hdist:      97.7   amp:        4610.1 T:   0.1   ml =  3.89
 FIR  BZ   hdist:     166.0   amp:        1470.8 T:   0.2   ml =  3.66
 QOM  SZ   hdist:      96.8   amp:       87274.0 T:   0.3   ml =  5.16
 SRB  SZ   hdist:     376.7   amp:        4473.8 T:   0.3   ml =  4.65
 RAZ  SZ   hdist:      98.1   amp:       20912.0 T:   0.2   ml =  4.55
 ANJ  SZ   hdist:     272.9   amp:       13639.9 T:   0.4   ml =  4.92
 FIR  BZ   hdist:     167.5   amp:       46904.8 T:   0.2   ml =  5.17
 DMV  SZ   hdist:     103.5   amp:       76805.3 T:   0.2   ml =  5.14
 QAMS SZ   hdist:     221.2   amp:       26706.0 T:   0.4   ml =  5.08
 KIA  SZ   hdist:     257.0   amp:        8276.6 T:   0.3   ml =  4.66
 ZEF  SZ   hdist:     335.8   amp:        3909.6 T:   0.3   ml =  4.51
 ALA  SZ   hdist:     177.5   amp:       40260.6 T:   0.2   ml =  5.14
 GLO  SZ   hdist:     277.9   amp:       10010.4 T:   0.6   ml =  4.80
 PIR  SZ   hdist:     333.8   amp:        4220.6 T:   0.3   ml =  4.54
 LAS  SZ   hdist:     189.4   amp:       31839.2 T:   0.2   ml =  5.07
 PRN  SZ   hdist:     143.8   amp:       38544.1 T:   0.8   ml =  5.00
 HSH  SZ   hdist:     374.7   amp:        3892.6 T:   0.6   ml =  4.59
 GHG  SZ   hdist:     425.6   amp:        2954.0 T:   0.8   ml =  4.56
 KOM  BZ   hdist:     354.7   amp:        3504.0 T:   1.1   ml =  4.50
 KFM  BZ   hdist:     370.7   amp:        6616.8 T:   1.0   ml =  4.81
 SFB  BZ   hdist:     191.4   amp:       22986.5 T:   0.2   ml =  4.93
 KLH  SZ   hdist:     270.0   amp:       18491.9 T:   0.2   ml =  5.04
 HAGD BZ   hdist:     189.4   amp:       16701.4 T:   0.2   ml =  4.79
 MEH  SZ   hdist:     586.4   amp:         722.4 T:   0.7   ml =  4.22
 HSAM BZ   hdist:     269.0   amp:        9253.2 T:   0.6   ml =  4.74
 CHK  SZ   hdist:     499.5   amp:        1785.2 T:   0.4   ml =  4.47
 JHBN BZ   hdist:     384.7   amp:        3524.9 T:   0.5   ml =  4.56
 MRD  SZ   hdist:     573.4   amp:        2517.7 T:   0.9   ml =  4.74
 SHB  SZ   hdist:     553.5   amp:        1103.0 T:   0.3   ml =  4.35
 HRS  SZ   hdist:     453.6   amp:        2002.2 T:   0.4   ml =  4.44
 DHR  BZ   hdist:     427.6   amp:        2147.9 T:   0.4   ml =  4.43
 KCHF BZ   hdist:     388.7   amp:        2543.1 T:   0.6   ml =  4.43
 SAD  SZ   hdist:     490.5   amp:        1491.4 T:   0.3   ml =  4.38
 HALM SZ   hdist:     268.0   amp:       11529.9 T:   0.2   ml =  4.83
 AZR  SZ   hdist:     494.5   amp:        1879.4 T:   0.7   ml =  4.49
