 2021  226 0628 35.7 L  28.829  50.857  7.8  SLT  8 0.0                 1.4L BI1
 GAP=254        0.21       1.0     1.5  1.1  0.6623E+00  0.5250E+00  0.4107E-01E
 Action:ARG 21-12-18 20:21 OP:OBSP STATUS:               ID:20210226062835     I
 DUMMY                                                                         6
 STAT SP IPHASW D HRMM SECON CODA AMPLIT PERI AZIMU VELO AIN AR TRES W  DIS CAZ7
 N3   BZ  P   1    62837.530                             161    0.00 7 1.97  62 
 N3   BN  S   1    62839.014                             161    0.01 7 1.97  62 
 N5   BZ EP   1    62837.620                             151   -0.01 7 3.15  60 
 N5   BE ES   1    62839.120                             151   -0.06 7 3.15  60 
 N4   BZ EP   1    62837.660                             150    0.02 7 3.26 355 
 N4   BE ES   1    62839.200                             150   -0.01 7 3.26 355 
 N2   BZ  P   1    62837.674                             146    0.01 7 3.62  75 
 N2   BN  S   1    62839.238                             146   -0.00 7 3.62  75 
 N1   BZ  P   1    62837.793                             142    0.06 7 4.16 100 
 N1   BN  S   1    62839.421                             142    0.05 7 4.16 100 
 CAMP BZ EP   1    62837.810                             135   -0.02 7 5.10  77 
 CAMP BE ES   1    62839.500                             135   -0.04 7 5.10  77 
 N6   BZ  P   1    62837.898                             131   -0.01 7 5.63  14 
 N6   BN  S   1    62839.684                             131    0.00 7 5.63  14 
 N9   BZ  P   1    62838.095                             117   -0.09 7 7.71  18 
 N9   BE  S   1    62840.288                             117    0.09 7 7.71  18 
                                                                                
 2021  228 0149  7.5 L  28.827  50.861  7.6  SLT 10 0.1                 1.3L BI1
 GAP=240        0.21       0.9     1.3  1.0  0.6203E+00  0.5592E+00 -0.8053E-01E
 Action:ARG 21-12-18 20:21 OP:OBSP STATUS:               ID:20210228014907     I
 DUMMY                                                                         6
 STAT SP IPHASW D HRMM SECON CODA AMPLIT PERI AZIMU VELO AIN AR TRES W  DIS CAZ7
 N3   BZ EP   1    149 9.270                             163   -0.03 7 1.75  51 
 N3   BE ES   1    14910.780                             163    0.04 7 1.75  51 
 N5   BZ EP   1    149 9.380                             152   -0.02 7 2.93  53 
 N5   BE ES   1    14910.880                             152   -0.03 7 2.93  53 
 N2   BZ EP   1    149 9.390                             148   -0.03 7 3.30  70 
 N2   BE ES   1    14910.980                             148    0.03 7 3.30  70 
 N4   BZ EP   1    149 9.370                             146   -0.09 7 3.51 349 
 N4   BE ES   1    14910.990                             146   -0.03 7 3.51 349 
 N1   BZ EP   1    149 9.480                             144   -0.00 7 3.74  98 
 N1   BE ES   1    14911.160                             144    0.10 7 3.74  98 
 CAMP BZ EP   1    149 9.540                             136   -0.04 7 4.76  74 
 CAMP BE ES   1    14911.280                             136    0.04 7 4.76  74 
 N6   BZ EP   1    149 9.640                             128   -0.07 7 5.74  10 
 N6   BE ES   1    14911.420                             128   -0.07 7 5.74  10 
 N9   BZ  P   1    149 9.952                             114   -0.05 7 7.78  14 
 N9   BE  S   1    14912.070                             114    0.06 7 7.78  14 
 N11  BZ  P   1    14910.373                             107    0.17 7 9.06 338 
 N11  BE  S   1    14912.451                             107    0.08 7 9.06 338 
 N15  BZ  P   1    14910.386                             103    0.01 7 9.99 357 
 N15  BE  S   1    14912.648                             103   -0.04 7 9.99 357 
                                                                                
 2021  228 1442 27.9 L  28.826  50.856  7.8  SLT 10 0.1                 1.4L BI1
 GAP=247        0.20       0.9     1.3  1.1  0.6857E+00  0.7013E+00  0.1120E+00E
 Action:ARG 21-12-18 20:21 OP:OBSP STATUS:               ID:20210228144227     I
 DUMMY                                                                         6
 STAT SP IPHASW D HRMM SECON CODA AMPLIT PERI AZIMU VELO AIN AR TRES W  DIS CAZ7
 N3   BZ  P   1   144229.746                             158   -0.02 7 2.29  56 
 N3   BE  S   1   144231.284                             158    0.03 7 2.29  56 
 N5   BZ EP   1   144229.860                             148   -0.01 7 3.47  56 
 N5   BE ES   1   144231.380                             148   -0.07 7 3.47  56 
 N4   BZ EP   1   144229.910                             147    0.02 7 3.60 358 
 N4   BE ES   1   144231.470                             147   -0.02 7 3.60 358 
 N2   BZ EP   1   144229.890                             144   -0.01 7 3.88  71 
 N2   BE ES   1   144231.500                             144   -0.01 7 3.88  71 
 N1   BZ EP   1   144230.020                             141    0.06 7 4.26  95 
 N1   BE ES   1   144231.650                             141    0.04 7 4.26  95 
 CAMP BZ  P   1   144230.088                             133    0.01 7 5.34  74 
 CAMP BE  S   1   144231.849                             133    0.03 7 5.34  74 
 N6   BZ EP   1   144230.060                             128   -0.11 7 6.01  15 
 N6   BE ES   1   144231.950                             128   -0.04 7 6.01  15 
 N10  BZ  P   1   144230.338                             119   -0.06 7 7.49 357 
 N10  BE  S   1   144232.428                             119    0.03 7 7.49 357 
 N9   BZ  P   1   144230.535                             115    0.07 7 8.09  18 
 N9   BE  S   1   144232.507                             115   -0.02 7 8.09  18 
 N11  BZ  P   1   144230.548                             110   -0.06 7 9.03 342 
 N11  BE  S   1   144232.901                             110    0.12 7 9.03 342 
                                                                                
 2021  228 1536 41.5 L  28.828  50.856  8.5  SLT  9 0.1                 1.1L BI1
 GAP=257        0.28       1.3     2.1  1.5  0.1601E+01  0.1405E+01  0.3463E+00E
 Action:ARG 21-12-18 20:21 OP:OBSP STATUS:               ID:20210228153641     I
 DUMMY                                                                         6
 STAT SP IPHASW D HRMM SECON CODA AMPLIT PERI AZIMU VELO AIN AR TRES W  DIS CAZ7
 N3   BZ  P   1   153643.476                             162    0.05 7 2.07  62 
 N3   BE ES   1   153644.990                             162   -0.01 7 2.07  62 
 N5   BZ EP   1   153643.550                             153    0.03 7 3.25  60 
 N5   BE ES   1   153645.050                             153   -0.12 7 3.25  60 
 N4   BZ EP   1   153643.590                             152    0.06 7 3.30 356 
 N4   BE ES   1   153645.160                             152   -0.03 7 3.30 356 
 N2   BZ EP   1   153643.570                             149    0.02 7 3.72  75 
 N2   BE ES   1   153645.150                             149   -0.07 7 3.72  75 
 N1   BZ EP   1   153643.740                             146    0.13 7 4.24  99 
 N1   BE ES   1   153645.380                             146    0.03 7 4.24  99 
 CAMP BZ  P   1   153643.791                             139    0.09 7 5.19  77 
 CAMP BE  S   1   153645.498                             139   -0.01 7 5.19  77 
 N6   BZ  P   1   153643.476                             136   -0.29 7 5.70  15 
 N6   BE  S   1   153645.708                             136    0.08 7 5.70  15 
 N10  BZ  P   1   153643.975                             127    0.00 7 7.18 357 
 N10  BE  S   1   153646.101                             127    0.11 7 7.18 357 
 N9   BZ  P   1   153643.870                             124   -0.16 7 7.78  18 
 N9   BE  S   1   153646.193                             124    0.09 7 7.78  18 
                                                                                
 2021  228 1550 48.7 L  28.819  50.855  7.3  SLT  8 0.2                 1.1L BI1
 GAP=273        0.38       1.9     2.8  2.4  0.2764E+01  0.3681E+01  0.2857E+00E
 Action:ARG 21-12-18 20:21 OP:OBSP STATUS:               ID:20210228155048     I
 DUMMY                                                                         6
 STAT SP IPHASW D HRMM SECON CODA AMPLIT PERI AZIMU VELO AIN AR TRES W  DIS CAZ7
 N3   BZ EP   1   155050.520                             151    0.04 7 2.81  45 
 N5   BZ EP   1   155050.590                             140   -0.02 7 3.98  48 
 N5   BE ES   1   155052.110                             140   -0.06 7 3.98  48 
 N2   BZ  P   1   155050.095                             138   -0.53 7 4.24  62 
 N2   BE  S   1   155052.302                             138    0.09 7 4.24  62 
 N4   BZ EP   1   155050.700                             137    0.05 7 4.31 359 
 N4   BE ES   1   155052.270                             137    0.01 7 4.31 359 
 N1   BZ EP   1   155050.770                             137    0.11 7 4.35  86 
 N1   BE ES   1   155052.470                             137    0.20 7 4.35  86 
 CAMP BZ  P   1   155050.817                             126    0.00 7 5.66  67 
 CAMP BE ES   1   155052.530                             126   -0.02 7 5.66  67 
 N6   BZ  P   1   155050.949                             118   -0.03 7 6.72  14 
 N6   BE  S   1   155052.801                             118   -0.05 7 6.72  14 
 N15  BZ  P   1   155051.895                              96    0.23 7 10.8   1 
 N15  BE  S   1   155054.076                              96   -0.02 7 10.8   1 
                                                                                
 2021  228 1642 55.2 L  28.820  50.850  8.2  SLT 10 0.2                 1.6L BI1
 GAP=258        0.36       1.7     2.6  2.2  0.2630E+01  0.3292E+01  0.9552E+00E
 Action:ARG 21-12-18 20:21 OP:OBSP STATUS:               ID:20210228164255     I
 DUMMY                                                                         6
 STAT SP IPHASW D HRMM SECON CODA AMPLIT PERI AZIMU VELO AIN AR TRES W  DIS CAZ7
 N3   BZ EP   1   164257.250                             153    0.09 7 3.07  53 
 N3   BE ES   1   164258.750                             153   -0.01 7 3.07  53 
 N4   BZ EP   1   164257.380                             144    0.10 7 4.18   6 
 N4   BE ES   1   164258.960                             144   -0.02 7 4.18   6 
 N5   BZ EP   1   164257.340                             144    0.06 7 4.25  54 
 N5   BE ES   1   164258.840                             144   -0.14 7 4.25  54 
 N2   BZ EP   1   164257.390                             141    0.08 7 4.60  66 
 N2   BE ES   1   164258.940                             141   -0.09 7 4.60  66 
 N1   BZ EP   1   164257.450                             140    0.10 7 4.80  88 
 N1   BE ES   1   164259.120                             140    0.02 7 4.80  88 
 CAMP BZ EP   1   164257.540                             131    0.05 7 6.04  70 
 CAMP BE ES   1   164259.290                             131   -0.06 7 6.04  70 
 N6   BZ  P   1   164257.743                             127    0.16 7 6.71  18 
 N6   BE  S   1   164259.478                             127   -0.05 7 6.71  18 
 N10  BZ  P   1   164257.375                             120   -0.41 7 8.05   2 
 N10  BE  S   1   1643 0.004                             120    0.12 7 8.05   2 
 N9   BZ  P   1   164258.032                             116    0.15 7 8.81  20 
 N9   BE  S   1   1643 0.056                             116   -0.00 7 8.81  20 
 N11  BZ  P   1   164257.585                             114   -0.38 7 9.42 346 
 N11  BE  S   1   1643 0.450                             114    0.23 7 9.42 346 
                                                                                
 2021  228 1654 51.7 L  28.825  50.860  8.0  SLT 12 0.1                 1.7L BI1
 GAP=256        0.22       1.0     1.4  0.8  0.7475E+00  0.1743E-01 -0.6623E-01E
 Action:ARG 21-12-18 20:21 OP:OBSP STATUS:               ID:20210228165451     I
 DUMMY                                                                         6
 STAT SP IPHASW D HRMM SECON CODA AMPLIT PERI AZIMU VELO AIN AR TRES W  DIS CAZ7
 N3   BZ EP   1   165453.560                             162   -0.02 7 1.98  49 
 N3   BE ES   1   165455.080                             162   -0.00 7 1.98  49 
 N5   BZ EP   1   165453.650                             152   -0.02 7 3.16  52 
 N5   BE ES   1   165455.170                             152   -0.08 7 3.16  52 
 N2   BZ EP   1   165453.680                             149   -0.01 7 3.50  68 
 N2   BE ES   1   165455.270                             149   -0.02 7 3.50  68 
 N4   BZ EP   1   165453.720                             147   -0.01 7 3.67 351 
 N4   BE ES   1   165455.300                             147   -0.05 7 3.67 351 
 N1   BZ EP   1   165453.790                             146    0.04 7 3.86  95 
 N1   BE ES   1   165455.460                             146    0.07 7 3.86  95 
 CAMP BZ EP   1   165453.860                             137    0.01 7 4.95  72 
 CAMP BE ES   1   165455.600                             137    0.03 7 4.95  72 
 N6   BZ  P   1   165454.202                             130    0.22 7 5.94  11 
 N6   BE  S   1   165455.805                             130   -0.01 7 5.94  11 
 N10  BZ  P   1   165454.097                             121   -0.12 7 7.54 354 
 N10  BE  S   1   165456.226                             121   -0.01 7 7.54 354 
 N9   BZ  P   1   165454.359                             118    0.09 7 8.00  15 
 N9   BE  S   1   165456.357                             118    0.03 7 8.00  15 
 P2   BZ  P   1   165455.332                              98   -0.06 7 14.7  34 
 P3   BZ  P   1   165455.989                              96    0.04 7 17.8  40 
 KHIA BZ  P   1   165457.987                              93   -0.12 7 30.3  80 
                                                                                
 2021  228 1919 18.6 L  28.823  50.856  8.2  SLT 29 0.1                 2.2L BI1
 GAP=210        0.32       0.7     0.9  0.8  0.3821E+00 -0.5617E-01 -0.3388E-01E
 Action:ARG 21-12-18 20:21 OP:OBSP STATUS:               ID:20210228191918     I
 DUMMY                                                                         6
 STAT SP IPHASW D HRMM SECON CODA AMPLIT PERI AZIMU VELO AIN AR TRES W  DIS CAZ7
 N3   BZ EP   1   191920.520                             158    0.05 7 2.40  50 
 N3   BE ES   1   191922.020                             158    0.01 7 2.40  50 
 N5   BZ EP   1   191920.590                             149    0.02 7 3.58  52 
 N5   BE ES   1   191922.120                             149   -0.08 7 3.58  52 
 N4   BZ EP   1   191920.650                             147    0.05 7 3.87 357 
 N4   BE ES   1   191922.240                             147   -0.02 7 3.87 357 
 N2   BZ EP   1   191920.620                             146    0.03 7 3.92  67 
 N2   BE ES   1   191922.210                             146   -0.03 7 3.92  67 
 N1   BZ EP   1   191920.740                             144    0.10 7 4.19  92 
 N1   BE ES   1   191922.390                             144    0.06 7 4.19  92 
 CAMP BZ EP   1   191920.790                             135    0.03 7 5.36  71 
 CAMP BE ES   1   191922.540                             135    0.00 7 5.36  71 
 N6   BZ EP   1   191920.890                             130    0.01 7 6.25  13 
 N6   BE ES   1   191922.660                             130   -0.10 7 6.25  13 
 N10  BZ EP   1   191921.030                             121   -0.07 7 7.75 357 
 N10  BE ES   1   191923.140                             121   -0.02 7 7.75 357 
 N9   BZ EP   1   191921.170                             118    0.01 7 8.32  17 
 N9   BE ES   1   191923.210                             118   -0.07 7 8.32  17 
 N11  BZ EP   1   191921.380                             113    0.07 7 9.29 342 
 N11  BE ES   1   191923.690                             113    0.15 7 9.29 342 
 N13  BZ EP   1   191921.600                             111    0.09 7 9.97 339 
 N13  BE ES   1   191923.870                             111   -0.03 7 9.97 339 
 N15  BZ EP   1   191921.540                             109    0.03 7 10.4 360 
 N15  BE ES   1   191923.880                             109   -0.02 7 10.4 360 
 N14  BZ  P   1   191921.666                             108    0.12 7 10.8 350 
 N14  BE ES   1   191923.870                             108   -0.10 7 10.8 350 
 N16  BZ EP   1   191921.740                             105   -0.11 7 11.7   7 
 N16  BE ES   1   191924.320                             105   -0.20 7 11.7   7 
 N18  BZ EP   1   191921.880                             103    0.01 7 12.4 349 
 N18  BE ES   1   191924.190                             103   -0.36 7 12.4 349 
 P1   BZ EP   1   191921.980                             102    0.11 7 12.8  24 
 P1   BE ES   1   191924.760                             102    0.20 7 12.8  24 
 N17  BZ  P   1   191922.154                             101    0.12 7 13.5 345 
 N19  BZ EP   1   191922.060                             101    0.01 7 13.6   4 
 N19  BE ES   1   191925.050                             101    0.16 7 13.6   4 
 P2   BZ EP   1   191921.740                              99   -0.56 7 15.1  35 
 P2   BE ES   1   191925.570                              99    0.23 7 15.1  35 
 N20  BZ  P   1   191922.154                              98   -0.25 7 15.9 353 
 N20  BE  S   1   191925.684                              98    0.16 7 15.9 353 
 P3   BZ EP   1   191922.890                              96    0.03 7 18.2  40 
 P3   BE ES   1   191926.690                              96    0.35 7 18.2  40 
 JNAK BZ EP   1   191923.490                              95    0.12 7 21.5 101 
 JNAK BE ES   1   191927.160                              95   -0.12 7 21.5 101 
 P4   BZ  P   1   191923.954                              94    0.03 7 24.7  50 
 DLRM BZ EP   1   191924.640                              93    0.13 7 27.8 129 
 KHIA BZ EP   1   191924.970                              93   -0.04 7 30.7  80 
 KHIA BE ES   1   191929.970                              93   -0.26 7 30.7  80 
 TOLS BZ  P   1   191925.084                              93    0.10 7 30.7  56 
 KOLO BZ EP   1   191926.510                              92   -0.05 7 39.4 107 
 P9   BZ  P   1   191926.604                              92   -0.03 7 39.6  59 
 ABTL BZ EP   1   191926.540                              92   -0.09 7 39.9  39 
                                                                                
 2021  3 1 0020 41.8 L  28.827  50.855  7.3  SLT  6 0.1                 0.5L BI1
 GAP=261        0.25       2.8     2.1  2.0  0.3925E+01  0.2236E+01  0.3431E+01E
 Action:ARG 21-06-12 18:26 OP:OBSP STATUS:               ID:20210301002041     I
 DUMMY                                                                         6
 STAT SP IPHASW D HRMM SECON CODA AMPLIT PERI AZIMU VELO AIN AR TRES W  DIS CAZ7
 N3   BZ EP   1    02043.400                             156   -0.17 7 2.26  61 
 N3   BE ES   1    02045.050                             156    0.06 7 2.26  61 
 N5   BZ EP   1    02043.700                             145    0.01 7 3.43  59 
 N5   BE ES   1    02045.140                             145   -0.06 7 3.43  59 
 N4   BZ  P   1    02043.696                             145    0.00 7 3.43 359 
 N4   BE ES   1    02045.250                             145    0.04 7 3.43 359 
 N2   BZ EP   1    02043.750                             141    0.03 7 3.89  74 
 N2   BE ES   1    02045.270                             141    0.00 7 3.89  74 
 N1   BZ EP   1    02043.850                             137    0.05 7 4.35  97 
 N1   BE ES   1    02045.410                             137    0.01 7 4.35  97 
 CAMP BZ  P   1    02043.961                             128    0.05 7 5.36  76 
 CAMP BE ES   1    02045.580                             128   -0.03 7 5.36  76 
                                                                                
 2021  3 1 0440 41.3 L  28.825  50.856  7.4  SLT  6 0.0                 0.9L BI1
 GAP=262        0.23       2.6     2.0  1.9  0.3454E+01  0.2109E+01  0.3073E+01E
 Action:ARG 21-06-12 18:26 OP:OBSP STATUS:               ID:20210301044041     I
 DUMMY                                                                         6
 STAT SP IPHASW D HRMM SECON CODA AMPLIT PERI AZIMU VELO AIN AR TRES W  DIS CAZ7
 N3   BZ EP   1    44043.000                             157   -0.06 7 2.28  54 
 N3   BE ES   1    44044.520                             157    0.01 7 2.28  54 
 N5   BZ  P   1    44043.176                             146    0.00 7 3.46  54 
 N5   BE ES   1    44044.650                             146   -0.06 7 3.46  54 
 N4   BZ EP   1    44043.230                             144    0.03 7 3.68 357 
 N4   BE ES   1    44044.780                             144    0.02 7 3.68 357 
 N2   BZ  P   1    44043.219                             142    0.01 7 3.84  69 
 N2   BE  S   1    44044.795                             142    0.03 7 3.84  69 
 N1   BZ  P   1    44043.298                             139    0.04 7 4.19  94 
 N1   BE ES   1    44044.870                             139    0.00 7 4.19  94 
 CAMP BZ  P   1    44043.352                             130   -0.03 7 5.30  73 
 CAMP BE  S   1    44045.106                             130    0.02 7 5.30  73 
                                                                                
 2021  3 1 2129 38.9 L  28.827  50.846  7.7  SLT  9 0.2                 1.0L BI1
 GAP=251        0.39       2.1     2.9  3.0  0.1672E+01  0.5169E+01 -0.8414E+00E
 Action:ARG 21-06-12 18:26 OP:OBSP STATUS:               ID:20210301212938     I
 DUMMY                                                                         6
 STAT SP IPHASW D HRMM SECON CODA AMPLIT PERI AZIMU VELO AIN AR TRES W  DIS CAZ7
 N3   BZ EP   1   212940.840                             151    0.04 7 3.00  69 
 N3   BE ES   1   212942.360                             151    0.04 7 3.00  69 
 N4   BZ EP   1   212941.000                             147    0.13 7 3.47  13 
 N5   BZ  P   1   212940.940                             141    0.01 7 4.15  65 
 N5   BE ES   1   212942.460                             141   -0.09 7 4.15  65 
 N2   BZ  P   1   212941.008                             137    0.03 7 4.68  77 
 N2   BE ES   1   212942.550                             137   -0.09 7 4.68  77 
 N1   BZ EP   1   212941.070                             133    0.01 7 5.18  97 
 N1   BE ES   1   212942.770                             133   -0.01 7 5.18  97 
 N6   BZ  P   1   212941.547                             126    0.37 7 6.10  23 
 CAMP BZ EP   1   212941.120                             126   -0.06 7 6.16  78 
 CAMP BE ES   1   212942.910                             126   -0.09 7 6.16  78 
 N9   BZ EP   1   212941.640                             113    0.16 7 8.22  24 
 N9   BE ES   1   212943.570                             113    0.02 7 8.22  24 
 N11  BZ  P   1   212941.064                             111   -0.47 7 8.59 347 
                                                                                
 2021  3 1 2352  9.5 L  28.825  50.855  7.4  SLT 12 0.1                 0.9L BI1
 GAP=249        0.22       0.8     1.3  1.0  0.5785E+00  0.5248E+00 -0.5036E-01E
 Action:ARG 21-06-12 18:26 OP:OBSP STATUS:               ID:20210301235209     I
 DUMMY                                                                         6
 STAT SP IPHASW D HRMM SECON CODA AMPLIT PERI AZIMU VELO AIN AR TRES W  DIS CAZ7
 N3   BZ EP   1   235211.290                             156   -0.03 7 2.39  56 
 N3   BE ES   1   235212.840                             156    0.06 7 2.39  56 
 N5   BZ EP   1   235211.440                             145    0.00 7 3.58  56 
 N5   BE ES   1   235212.910                             145   -0.07 7 3.58  56 
 N4   BZ EP   1   235211.460                             144    0.00 7 3.68 359 
 N4   BE ES   1   235213.020                             144    0.00 7 3.68 359 
 N2   BZ EP   1   235211.460                             141   -0.01 7 3.97  70 
 N2   BE ES   1   235213.030                             141   -0.01 7 3.97  70 
 N1   BZ EP   1   235211.530                             138    0.00 7 4.33  94 
 N1   BE ES   1   235213.220                             138    0.07 7 4.33  94 
 CAMP BZ  P   1   235211.679                             129    0.03 7 5.43  73 
 CAMP BE ES   1   235213.390                             129    0.02 7 5.43  73 
 N6   BZ EP   1   235211.720                             124   -0.04 7 6.11  15 
 N6   BE ES   1   235213.460                             124   -0.10 7 6.11  15 
 N10  BZ EP   1   235212.000                             114    0.01 7 7.56 358 
 N10  BE ES   1   235213.990                             114    0.01 7 7.56 358 
 N9   BZ  P   1   235212.040                             110   -0.02 7 8.19  18 
 N9   BE  S   1   235214.100                             110   -0.02 7 8.19  18 
 N11  BZ EP   1   235212.000                             105   -0.20 7 9.08 343 
 N11  BE ES   1   235214.480                             105    0.11 7 9.08 343 
 N15  BZ  P   1   235212.607                             100    0.19 7 10.2   1 
 N15  BE  S   1   235214.791                             100    0.03 7 10.2   1 
 P1   BZ  P   1   235212.773                              95   -0.04 7 12.7  25 
                                                                                
 2021  3 2 0133 46.2 L  28.823  50.858  6.4  SLT  8 0.2                 0.5L BI1
 GAP=264        0.39       1.6     2.4  1.9  0.1852E+01  0.1840E+01  0.3853E+00E
 Action:ARG 21-06-12 18:26 OP:OBSP STATUS:               ID:20210302013345     I
 DUMMY                                                                         6
 STAT SP IPHASW D HRMM SECON CODA AMPLIT PERI AZIMU VELO AIN AR TRES W  DIS CAZ7
 N3   BZ  P   1    13347.728                             156   -0.06 7 2.31  46 
 N3   BE  S   1    13349.219                             156    0.14 7 2.31  46 
 N5   BZ  P   1    13347.796                             145   -0.12 7 3.48  49 
 N5   BN  S   1    13349.341                             145    0.02 7 3.48  49 
 N2   BZ EP   1    13347.720                             143   -0.22 7 3.78  65 
 N2   BE ES   1    13349.420                             143    0.05 7 3.78  65 
 N4   BZ  P   1    13347.857                             141   -0.12 7 3.95 354 
 N4   BE  S   1    13349.437                             141    0.00 7 3.95 354 
 N1   BZ  P   1    13347.959                             141   -0.03 7 4.01  91 
 N1   BE ES   1    13349.590                             141    0.14 7 4.01  91 
 CAMP BZ  P   1    13348.055                             132   -0.09 7 5.22  70 
 CAMP BE ES   1    13349.670                             132   -0.06 7 5.22  70 
 N6   BZ  P   1    13348.388                             125    0.07 7 6.28  12 
 N6   BE  S   1    13349.968                             125   -0.08 7 6.28  12 
 N9   BZ  P   1    13349.195                             114    0.53 7 8.34  16 
 N9   BE  S   1    13350.521                             114   -0.16 7 8.34  16 
                                                                                
 2021  3 2 0134 58.3 L  28.828  50.864  8.1  SLT 16 0.1                 1.4L BI1
 GAP=234        0.32       1.3     2.0  1.2  0.1452E+01  0.9763E+00 -0.1729E+00E
 Action:ARG 21-06-12 18:26 OP:OBSP STATUS:               ID:20210302013458     I
 DUMMY                                                                         6
 STAT SP IPHASW D HRMM SECON CODA AMPLIT PERI AZIMU VELO AIN AR TRES W  DIS CAZ7
 N3   BZ EP   1    135 0.120                             167   -0.01 7 1.40  48 
 N3   BE ES   1    135 1.610                             167   -0.02 7 1.40  48 
 N5   BZ EP   1    135 0.200                             157   -0.01 7 2.58  51 
 N5   BE ES   1    135 1.690                             157   -0.08 7 2.58  51 
 N2   BZ EP   1    135 0.230                             154    0.00 7 2.95  71 
 N2   BE ES   1    135 1.790                             154   -0.01 7 2.95  71 
 N4   BZ EP   1    135 0.260                             150   -0.02 7 3.42 343 
 N4   BE ES   1    135 1.840                             150   -0.06 7 3.42 343 
 N1   BZ EP   1    135 0.310                             149    0.02 7 3.46 102 
 N1   BE ES   1    135 1.970                             149    0.06 7 3.46 102 
 CAMP BZ EP   1    135 0.380                             142    0.01 7 4.42  75 
 CAMP BE ES   1    135 2.130                             142    0.08 7 4.42  75 
 N6   BZ EP   1    135 0.530                             134    0.02 7 5.53   7 
 N6   BE ES   1    135 2.300                             134   -0.00 7 5.53   7 
 N10  BZ  P   1    135 0.731                             123   -0.02 7 7.25 350 
 N9   BZ EP   1    135 0.760                             121   -0.01 7 7.55  12 
 N9   BE ES   1    135 2.800                             121    0.02 7 7.55  12 
 N11  BZ EP   1    135 1.010                             114    0.02 7 9.03 336 
 N11  BE ES   1    135 3.250                             114    0.07 7 9.03 336 
 N15  BZ EP   1    135 1.010                             110   -0.13 7 9.84 355 
 N15  BE ES   1    135 3.510                             110    0.05 7 9.84 355 
 P1   BZ  P   1    135 1.577                             104    0.12 7 12.0  22 
 N18  BZ  P   1    135 1.992                             104    0.46 7 12.0 345 
 N19  BZ  P   1    135 1.203                             102   -0.47 7 13.0   1 
 N17  BZ  P   1    135 1.715                             101    0.01 7 13.2 341 
 N20  BZ  P   1    135 1.951                              98   -0.10 7 15.5 350 
                                                                                
 2021  3 2 1310 33.5 L  28.829  50.854  7.7  SLT  8 0.1                 1.0L BI1
 GAP=261        0.25       1.2     1.8  1.4  0.9389E+00  0.7993E+00  0.7884E-01E
 Action:ARG 21-06-12 18:26 OP:OBSP STATUS:               ID:20210302131033     I
 DUMMY                                                                         6
 STAT SP IPHASW D HRMM SECON CODA AMPLIT PERI AZIMU VELO AIN AR TRES W  DIS CAZ7
 N3   BZ  P   1   131035.066                             158   -0.22 7 2.26  66 
 N3   BE  S   1   131036.875                             158    0.12 7 2.26  66 
 N4   BZ  P   1   131035.448                             149    0.07 7 3.23   0 
 N4   BE ES   1   131036.930                             149   -0.00 7 3.23   0 
 N5   BZ EP   1   131035.300                             148   -0.09 7 3.42  63 
 N5   BE ES   1   131036.870                             148   -0.08 7 3.42  63 
 N2   BZ  P   1   131035.516                             143    0.09 7 3.93  77 
 N2   BE ES   1   131037.000                             143   -0.03 7 3.93  77 
 N1   BZ EP   1   131035.540                             139    0.03 7 4.47 100 
 N1   BE ES   1   131037.230                             139    0.06 7 4.47 100 
 CAMP BZ EP   1   131035.600                             131   -0.01 7 5.40  78 
 CAMP BE ES   1   131037.340                             131   -0.01 7 5.40  78 
 N6   BZ  P   1   131035.774                             130    0.12 7 5.70  17 
 N6   BE ES   1   131037.380                             130   -0.05 7 5.70  17 
 N9   BZ  P   1   131035.915                             116   -0.03 7 7.80  20 
 N9   BE  S   1   131037.999                             116    0.04 7 7.80  20 
                                                                                
 2021  3 2 1323 39.9 L  28.829  50.861  6.3  SLT 10 0.2                 1.2L BI1
 GAP=237        0.36       1.3     1.9  1.5  0.1404E+01  0.1206E+01 -0.1555E-01E
 Action:ARG 21-06-12 18:26 OP:OBSP STATUS:               ID:20210302132339     I
 DUMMY                                                                         6
 STAT SP IPHASW D HRMM SECON CODA AMPLIT PERI AZIMU VELO AIN AR TRES W  DIS CAZ7
 N3   BZ  P   1   132341.387                             162   -0.10 7 1.67  56 
 N3   BE ES   1   132342.870                             162    0.13 7 1.67  56 
 N5   BZ EP   1   132341.470                             151   -0.13 7 2.85  56 
 N5   BE ES   1   132342.960                             151    0.02 7 2.85  56 
 N2   BZ EP   1   132341.440                             146   -0.20 7 3.28  73 
 N2   BE ES   1   132343.070                             146    0.06 7 3.28  73 
 N4   BZ EP   1   132341.520                             146   -0.14 7 3.33 348 
 N4   BE ES   1   132343.080                             146    0.03 7 3.33 348 
 N1   BZ  P   1   132341.730                             142    0.02 7 3.80 101 
 N1   BE ES   1   132343.270                             142    0.12 7 3.80 101 
 CAMP BZ EP   1   132341.640                             134   -0.19 7 4.75  76 
 CAMP BE ES   1   132343.410                             134    0.06 7 4.75  76 
 N6   BZ  P   1   132341.936                             129   -0.02 7 5.56  10 
 N6   BE ES   1   132343.520                             129   -0.07 7 5.56  10 
 N9   BZ  P   1   132342.403                             117    0.11 7 7.62  15 
 N9   BE ES   1   132344.100                             117   -0.10 7 7.62  15 
 N11  BZ  P   1   132342.525                             111    0.01 7 8.88 338 
 N11  BE  S   1   132344.588                             111   -0.02 7 8.88 338 
 N15  BZ  P   1   132343.240                             108    0.52 7 9.81 357 
 N15  BE  S   1   132344.846                             108   -0.12 7 9.81 357 
                                                                                
 2021  3 2 1327 15.6 L  28.825  50.857  7.3  SLT 10 0.1                 0.9L BI1
 GAP=247        0.31       1.3     1.9  1.6  0.1322E+01  0.1376E+01 -0.5934E-01E
 Action:ARG 21-06-12 18:26 OP:OBSP STATUS:               ID:20210302132715     I
 DUMMY                                                                         6
 STAT SP IPHASW D HRMM SECON CODA AMPLIT PERI AZIMU VELO AIN AR TRES W  DIS CAZ7
 N3   BZ  P   1   132717.341                             157   -0.01 7 2.21  53 
 N3   BE  S   1   132718.918                             157    0.15 7 2.21  53 
 N5   BZ EP   1   132717.380                             145   -0.08 7 3.39  54 
 N5   BE ES   1   132718.900                             145   -0.07 7 3.39  54 
 N4   BZ  P   1   132717.451                             143   -0.05 7 3.68 355 
 N4   BE  S   1   132719.096                             143    0.06 7 3.68 355 
 N2   BZ  P   1   132717.424                             142   -0.07 7 3.76  69 
 N2   BE ES   1   132718.990                             142   -0.04 7 3.76  69 
 N1   BZ EP   1   132717.530                             139   -0.02 7 4.11  95 
 N1   BE ES   1   132719.190                             139    0.06 7 4.11  95 
 CAMP BZ  P   1   132717.574                             129   -0.10 7 5.21  73 
 CAMP BE ES   1   132719.360                             129    0.01 7 5.21  73 
 N6   BZ  P   1   132718.036                             123    0.24 7 6.04  13 
 N6   BE ES   1   132719.470                             123   -0.11 7 6.04  13 
 N10  BZ  P   1   132717.753                             111   -0.29 7 7.56 356 
 N10  BN  S   1   132720.002                             111   -0.02 7 7.56 356 
 N9   BZ  P   1   132718.466                             107    0.36 7 8.11  17 
 N9   BE  S   1   132720.125                             107   -0.02 7 8.11  17 
 N11  BZ  P   1   132718.301                             101    0.03 7 9.13 341 
 N11  BE  S   1   132720.440                             101   -0.00 7 9.13 341 
                                                                                
 2021  3 2 1346  4.2 L  28.826  50.852  7.3  SLT  7 0.1                 1.1L BI1
 GAP=268        0.29       1.8     2.1  2.0  0.2203E+01  0.1744E+01  0.1199E+01E
 Action:ARG 21-06-12 18:26 OP:OBSP STATUS:               ID:20210302134603     I
 DUMMY                                                                         6
 STAT SP IPHASW D HRMM SECON CODA AMPLIT PERI AZIMU VELO AIN AR TRES W  DIS CAZ7
 N3   BZ  P   1   1346 5.994                             154    0.01 7 2.55  61 
 N3   BE ES   1   1346 7.490                             154    0.06 7 2.55  61 
 N4   BZ  P   1   1346 5.844                             144   -0.26 7 3.57   3 
 N4   BE  S   1   1346 7.717                             144    0.08 7 3.57   3 
 N5   BZ EP   1   1346 6.090                             142   -0.02 7 3.72  59 
 N5   BE ES   1   1346 7.600                             142   -0.05 7 3.72  59 
 N2   BZ EP   1   1346 6.190                             138    0.04 7 4.17  73 
 N2   BE ES   1   1346 7.700                             138   -0.02 7 4.17  73 
 N1   BZ  P   1   1346 6.243                             135    0.03 7 4.58  95 
 N1   BE ES   1   1346 7.870                             135    0.03 7 4.58  95 
 CAMP BZ EP   1   1346 6.280                             126   -0.06 7 5.64  75 
 CAMP BE ES   1   1346 8.060                             126   -0.01 7 5.64  75 
 N6   BZ  P   1   1346 6.672                             122    0.26 7 6.07  18 
 N6   BE ES   1   1346 8.120                             122   -0.08 7 6.07  18 
                                                                                
 2021  3 2 1426 26.5 L  28.829  50.861  6.8  SLT 10 0.2                 1.3L BI1
 GAP=245        0.43       1.5     2.6  1.8  0.2438E+01  0.1924E+01  0.1203E+00E
 Action:ARG 21-06-12 18:26 OP:OBSP STATUS:               ID:20210302142625     I
 DUMMY                                                                         6
 STAT SP IPHASW D HRMM SECON CODA AMPLIT PERI AZIMU VELO AIN AR TRES W  DIS CAZ7
 N3   BZ EP   1   142628.000                             164   -0.13 7 1.59  56 
 N3   BE ES   1   142629.510                             164    0.06 7 1.59  56 
 N5   BZ EP   1   142628.050                             153   -0.18 7 2.78  56 
 N5   BE ES   1   142629.620                             153   -0.01 7 2.78  56 
 N2   BZ EP   1   142628.160                             150   -0.10 7 3.20  74 
 N2   BE ES   1   142629.750                             150    0.06 7 3.20  74 
 N4   BZ EP   1   142628.140                             149   -0.15 7 3.31 347 
 N4   BE ES   1   142629.720                             149   -0.02 7 3.31 347 
 N1   BZ EP   1   142628.250                             145   -0.09 7 3.74 102 
 N1   BE ES   1   142629.940                             145    0.11 7 3.74 102 
 CAMP BZ EP   1   142628.320                             138   -0.12 7 4.68  76 
 CAMP BE ES   1   142630.090                             138    0.08 7 4.68  76 
 N6   BZ  P   1   142628.853                             133    0.28 7 5.52  10 
 N6   BE  S   1   142630.241                             133   -0.01 7 5.52  10 
 N10  BZ  P   1   142629.503                             123    0.66 7 7.16 353 
 N10  BE  S   1   142630.655                             123   -0.08 7 7.16 353 
 N9   BZ EP   1   142629.000                             121    0.11 7 7.57  15 
 N9   BE ES   1   142630.730                             121   -0.09 7 7.57  15 
 N15  BZ  P   1   142629.051                             112   -0.25 7 9.78 357 
 N15  BE  S   1   142631.456                             112   -0.11 7 9.78 357 
                                                                                
 2021  3 2 1549 35.8 L  28.829  50.864  6.5  SLT  9 0.2                 1.0L BI1
 GAP=240        0.37       1.5     2.8  1.6  0.2218E+01  0.1023E+01 -0.2674E+00E
 Action:ARG 21-06-12 18:26 OP:OBSP STATUS:               ID:20210302154935     I
 DUMMY                                                                         6
 STAT SP IPHASW D HRMM SECON CODA AMPLIT PERI AZIMU VELO AIN AR TRES W  DIS CAZ7
 N3   BZ  P   1   154937.277                             166   -0.07 7 1.39  51 
 N3   BE ES   1   154938.700                             166    0.08 7 1.39  51 
 N5   BZ EP   1   154937.320                             154   -0.12 7 2.57  53 
 N5   BE ES   1   154938.830                             154    0.04 7 2.57  53 
 N2   BZ EP   1   154937.390                             150   -0.08 7 2.97  73 
 N2   BE ES   1   154938.980                             150    0.13 7 2.97  73 
 N4   BZ  P   1   154937.400                             147   -0.13 7 3.34 343 
 N4   BE ES   1   154938.940                             147   -0.01 7 3.34 343 
 N1   BZ  P   1   154937.483                             146   -0.06 7 3.52 103 
 CAMP BZ  P   1   154937.621                             138   -0.03 7 4.44  76 
 N6   BZ  P   1   154937.912                             131    0.11 7 5.46   7 
 N9   BZ EP   1   154938.010                             119   -0.11 7 7.49  13 
 N9   BE ES   1   154939.970                             119   -0.05 7 7.49  13 
 N15  BZ  P   1   154939.034                             110    0.48 7 9.77 355 
 N15  BE ES   1   154940.620                             110   -0.18 7 9.77 355 
                                                                                
 2021  3 2 1559  9.4 L  28.823  50.853  7.9  SLT  8 0.1                 1.2L BI1
 GAP=252        0.24       1.2     1.6  1.4  0.1158E+01  0.1062E+01  0.1556E+00E
 Action:ARG 21-06-12 18:26 OP:OBSP STATUS:               ID:20210302155909     I
 DUMMY                                                                         6
 STAT SP IPHASW D HRMM SECON CODA AMPLIT PERI AZIMU VELO AIN AR TRES W  DIS CAZ7
 N3   BZ EP   1   155911.280                             156   -0.00 7 2.62  55 
 N3   BE ES   1   155912.830                             156    0.02 7 2.62  55 
 N5   BZ  P   1   155911.458                             146    0.06 7 3.80  55 
 N5   BE ES   1   155912.930                             146   -0.09 7 3.80  55 
 N4   BZ EP   1   155911.450                             146    0.04 7 3.83   1 
 N4   BE ES   1   155913.020                             146   -0.02 7 3.83   1 
 N2   BZ EP   1   155911.340                             143   -0.09 7 4.18  69 
 N2   BE ES   1   155913.020                             143   -0.05 7 4.18  69 
 N1   BZ EP   1   155911.550                             140    0.07 7 4.49  92 
 N1   BE ES   1   155913.240                             140    0.07 7 4.49  92 
 CAMP BZ EP   1   155911.610                             132    0.01 7 5.64  72 
 CAMP BE ES   1   155913.380                             132   -0.01 7 5.64  72 
 N9   BZ  P   1   155912.092                             115    0.10 7 8.39  19 
 N9   BE  S   1   155914.088                             115   -0.01 7 8.39  19 
 N11  BZ  P   1   155911.931                             111   -0.18 7 9.17 344 
 N11  BE ES   1   155914.410                             111    0.10 7 9.17 344 
                                                                                
 2021  3 2 2214 24.2 L  28.827  50.860  8.1  SLT  8 0.1                 0.9L BI1
 GAP=241        0.23       1.5     1.9  1.4  0.2086E+01  0.1456E+01  0.6384E+00E
 Action:ARG 21-06-12 18:26 OP:OBSP STATUS:               ID:20210302221424     I
 DUMMY                                                                         6
 STAT SP IPHASW D HRMM SECON CODA AMPLIT PERI AZIMU VELO AIN AR TRES W  DIS CAZ7
 N3   BZ EP   1   221426.040                             163   -0.05 7 1.82  52 
 N3   BE ES   1   221427.600                             163    0.01 7 1.82  52 
 N5   BZ EP   1   221426.190                             153    0.01 7 3.00  53 
 N5   BE ES   1   221427.680                             153   -0.07 7 3.00  53 
 N2   BZ EP   1   221426.180                             150   -0.02 7 3.38  70 
 N2   BE ES   1   221427.810                             150    0.01 7 3.38  70 
 N4   BZ EP   1   221426.230                             149    0.00 7 3.52 350 
 N4   BE ES   1   221427.800                             149   -0.05 7 3.52 350 
 N1   BZ EP   1   221426.280                             146    0.02 7 3.81  98 
 N1   BE ES   1   221428.010                             146    0.11 7 3.81  98 
 CAMP BZ EP   1   221426.290                             138   -0.06 7 4.84  74 
 CAMP BE ES   1   221428.130                             138    0.06 7 4.84  74 
 N6   BZ EP   1   221426.440                             132   -0.03 7 5.77  10 
 N6   BE ES   1   221428.210                             132   -0.08 7 5.77  10 
 N11  BZ  P   1   221426.903                             113   -0.03 7 9.05 339 
 N11  BE  S   1   221429.283                             113    0.16 7 9.05 339 
                                                                                
 2021  3 2 2316 52.4 L  28.827  50.859  6.9  SLT  8 0.1                 0.7L BI1
 GAP=255        0.32       1.5     2.2  1.7  0.2106E+01  0.1854E+01  0.5218E+00E
 Action:ARG 21-06-12 18:26 OP:OBSP STATUS:               ID:20210302231652     I
 DUMMY                                                                         6
 STAT SP IPHASW D HRMM SECON CODA AMPLIT PERI AZIMU VELO AIN AR TRES W  DIS CAZ7
 N5   BZ EP   1   231654.070                             151   -0.10 7 3.14  54 
 N5   BE ES   1   231655.620                             151   -0.00 7 3.14  54 
 N4   BZ EP   1   231654.060                             148   -0.16 7 3.52 352 
 N4   BE ES   1   231655.690                             148   -0.02 7 3.52 352 
 N2   BZ EP   1   231654.110                             148   -0.09 7 3.53  71 
 N2   BE ES   1   231655.720                             148    0.04 7 3.53  71 
 N1   BZ EP   1   231654.230                             145   -0.04 7 3.95  97 
 N1   BE ES   1   231655.930                             145    0.13 7 3.95  97 
 CAMP BZ EP   1   231654.290                             137   -0.10 7 4.99  74 
 CAMP BE ES   1   231656.050                             137    0.04 7 4.99  74 
 N6   BZ  P   1   231654.645                             132    0.13 7 5.83  12 
 N10  BZ  P   1   231655.141                             123    0.36 7 7.40 355 
 N10  BN  S   1   231656.682                             123   -0.04 7 7.40 355 
 N9   BZ  P   1   231654.776                             121   -0.06 7 7.89  16 
 N9   BE ES   1   231656.740                             121   -0.09 7 7.89  16 
                                                                                
 2021  3 2 2346  1.6 L  28.829  50.863  5.8  SLT  9 0.2                 0.7L BI1
 GAP=268        0.45       1.6     2.4  1.8  0.1960E+01  0.1353E+01 -0.5057E+00E
 Action:ARG 21-06-12 18:26 OP:OBSP STATUS:               ID:20210302234600     I
 DUMMY                                                                         6
 STAT SP IPHASW D HRMM SECON CODA AMPLIT PERI AZIMU VELO AIN AR TRES W  DIS CAZ7
 N3   BZ EP   1   2346 2.760                             163   -0.23 7 1.44  53 
 N3   BE ES   1   2346 4.300                             163    0.14 7 1.44  53 
 N5   BZ  P   1   2346 2.917                             150   -0.18 7 2.62  54 
 N5   BE ES   1   2346 4.420                             150    0.07 7 2.62  54 
 N2   BZ  P   1   2346 3.054                             146   -0.08 7 3.04  74 
 N2   BE ES   1   2346 4.530                             146    0.11 7 3.04  74 
 N4   BZ  P   1   2346 2.945                             143   -0.24 7 3.31 344 
 N4   BE ES   1   2346 4.520                             143    0.02 7 3.31 344 
 CAMP BZ  P   1   2346 3.122                             132   -0.21 7 4.51  76 
 CAMP BE ES   1   2346 4.810                             132    0.03 7 4.51  76 
 N6   BZ  P   1   2346 3.586                             125    0.09 7 5.46   8 
 N6   BE  S   1   2346 5.113                             125    0.05 7 5.46   8 
 N10  BZ  P   1   2346 4.246                             114    0.45 7 7.15 351 
 N10  BE  S   1   2346 5.568                             114   -0.05 7 7.15 351 
 N9   BZ  P   1   2346 4.255                             112    0.41 7 7.50  13 
 N9   BE ES   1   2346 5.530                             112   -0.16 7 7.50  13 
 N15  BZ  P   1   2346 4.357                             103    0.07 7 9.75 356 
 N15  BE  S   1   2346 6.214                             103   -0.29 7 9.75 356 
                                                                                
 2021  3 3 0026  6.6 L  28.827  50.859  8.4  SLT 11 0.1                 0.8L BI1
 GAP=243        0.25       1.0     1.7  1.2  0.1088E+01  0.1004E+01  0.1435E+00E
 Action:ARG 21-06-12 18:26 OP:OBSP STATUS:               ID:20210303002606     I
 DUMMY                                                                         6
 STAT SP IPHASW D HRMM SECON CODA AMPLIT PERI AZIMU VELO AIN AR TRES W  DIS CAZ7
 N3   BZ EP   1    026 8.510                             163   -0.02 7 1.98  54 
 N3   BE  S   1    02610.131                             163    0.04 7 1.98  54 
 N5   BZ EP   1    026 8.550                             153   -0.07 7 3.16  55 
 N5   BE  S   1    02610.145                             153   -0.11 7 3.16  55 
 N4   BZ EP   1    026 8.640                             150   -0.02 7 3.51 353 
 N4   BE ES   1    02610.210                             150   -0.11 7 3.51 353 
 N2   BZ EP   1    026 8.660                             150    0.02 7 3.56  71 
 N2   BE  S   1    02610.256                             150   -0.04 7 3.56  71 
 N1   BZ EP   1    026 8.690                             147   -0.01 7 3.98  97 
 N1   BE ES   1    02610.540                             147    0.14 7 3.98  97 
 CAMP BZ EP   1    026 8.840                             139    0.05 7 5.02  74 
 CAMP BE ES   1    02610.610                             139    0.04 7 5.02  74 
 N6   BZ  P   1    026 8.917                             134    0.02 7 5.82  12 
 N6   BE ES   1    02610.680                             134   -0.08 7 5.82  12 
 N10  BZ  P   1    026 9.234                             125    0.12 7 7.39 355 
 N10  BE ES   1    02611.170                             125    0.02 7 7.39 355 
 N9   BZ  P   1    026 9.193                             122    0.02 7 7.89  16 
 N9   BE ES   1    02611.260                             122    0.02 7 7.89  16 
 N11  BZ  P   1    026 9.345                             117    0.02 7 9.01 340 
 N11  BE  S   1    02611.719                             117    0.18 7 9.01 340 
 N15  BZ  P   1    026 9.248                             113   -0.26 7 10.0 359 
 N15  BE ES   1    02611.880                             113    0.02 7 10.0 359 
                                                                                
 2021  3 3 1049  2.0 L  28.825  50.862  8.8  SLT 10 0.2                 1.2L BI1
 GAP=243        0.40       1.8     2.9  2.1  0.3486E+01  0.2817E+01  0.3669E+00E
 Action:ARG 21-06-12 18:26 OP:OBSP STATUS:               ID:20210303104901     I
 DUMMY                                                                         6
 STAT SP IPHASW D HRMM SECON CODA AMPLIT PERI AZIMU VELO AIN AR TRES W  DIS CAZ7
 N3   BZ EP   1   1049 4.000                             165   -0.01 7 1.80  43 
 N3   BE ES   1   1049 5.560                             165   -0.05 7 1.80  43 
 N5   BZ  P   1   1049 4.173                             156    0.09 7 2.97  48 
 N5   BE ES   1   1049 5.670                             156   -0.09 7 2.97  48 
 N2   BZ EP   1   1049 4.020                             154   -0.08 7 3.27  66 
 N2   BE ES   1   1049 5.780                             154    0.00 7 3.27  66 
 N1   BZ EP   1   1049 4.230                             151    0.08 7 3.59  96 
 N1   BE ES   1   1049 5.950                             151    0.09 7 3.59  96 
 N4   BZ  P   1   1049 4.160                             150    0.01 7 3.73 347 
 N4   BE ES   1   1049 5.760                             150   -0.12 7 3.73 347 
 CAMP BZ  P   1   1049 4.354                             143    0.12 7 4.71  71 
 CAMP BE ES   1   1049 6.110                             143    0.09 7 4.71  71 
 N10  BZ  P   1   1049 4.092                             126   -0.51 7 7.59 352 
 N10  BE  S   1   1049 6.723                             126    0.03 7 7.59 352 
 N9   BZ  P   1   1049 4.340                             125   -0.30 7 7.95  13 
 N9   BE ES   1   1049 6.770                             125    0.02 7 7.95  13 
 N11  BZ  P   1   1049 5.212                             119    0.39 7 9.29 338 
 N11  BE  S   1   1049 7.254                             119    0.16 7 9.29 338 
 N15  BE  S   1   1049 7.464                             115    0.08 7 10.2 357 
                                                                                
 2021  3 3 1125 14.8 L  28.835  50.849  6.6  SLT  8 0.2                 1.0L BI1
 GAP=265        0.38       1.5     2.4  1.9  0.1763E+01  0.1543E+01  0.4385E+00E
 Action:ARG 21-06-12 18:26 OP:OBSP STATUS:               ID:20210303112514     I
 DUMMY                                                                         6
 STAT SP IPHASW D HRMM SECON CODA AMPLIT PERI AZIMU VELO AIN AR TRES W  DIS CAZ7
 N3   BZ  P   1   112516.383                             155   -0.09 7 2.56  86 
 N3   BE ES   1   112517.870                             155    0.04 7 2.56  86 
 N4   BZ EP   1   112516.460                             155   -0.03 7 2.57  11 
 N4   BE ES   1   112518.020                             155    0.15 7 2.57  11 
 N5   BZ  P   1   112516.452                             145   -0.14 7 3.63  76 
 N5   BE ES   1   112517.950                             145   -0.10 7 3.63  76 
 N2   BZ  P   1   112516.839                             140    0.17 7 4.31  87 
 N2   BE  S   1   112518.125                             140   -0.06 7 4.31  87 
 N1   BZ  P   1   112516.964                             134    0.17 7 5.11 107 
 N1   BE ES   1   112518.280                             134   -0.13 7 5.11 107 
 N6   BZ  P   1   112516.466                             134   -0.34 7 5.21  24 
 N6   BE ES   1   112518.470                             134    0.04 7 5.21  24 
 CAMP BZ  P   1   112517.245                             130    0.36 7 5.78  86 
 CAMP BE  S   1   112518.514                             130   -0.06 7 5.78  86 
 N9   BZ EP   1   112517.000                             121   -0.13 7 7.33  25 
 N9   BE  S   1   112519.148                             121    0.13 7 7.33  25 
                                                                                
 2021  3 3 2106 19.6 L  28.834  50.858  6.4  SLT  6 0.2                 0.4L BI1
 GAP=244        0.38       2.3     2.8  2.4  0.4639E+01  0.3049E+01  0.2372E+01E
 Action:ARG 21-06-12 18:26 OP:OBSP STATUS:               ID:20210303210619     I
 DUMMY                                                                         6
 STAT SP IPHASW D HRMM SECON CODA AMPLIT PERI AZIMU VELO AIN AR TRES W  DIS CAZ7
 N4   BZ EP   1   21 621.000                             152   -0.24 7 2.73 352 
 N4   BE ES   1   21 622.630                             152    0.05 7 2.73 352 
 N5   BZ EP   1   21 621.120                             151   -0.13 7 2.83  68 
 N5   BE ES   1   21 622.600                             151    0.01 7 2.83  68 
 N2   BZ  P   1   21 621.332                             145    0.03 7 3.44  84 
 N2   BE  S   1   21 622.731                             145    0.04 7 3.44  84 
 N1   BZ  P   1   21 621.621                             139    0.21 7 4.20 108 
 N1   BE  S   1   21 622.937                             139    0.04 7 4.20 108 
 CAMP BZ  P   1   21 621.264                             133   -0.24 7 4.92  83 
 CAMP BE ES   1   21 622.990                             133   -0.06 7 4.92  83 
 N6   BZ  P   1   21 621.862                             132    0.33 7 5.08  14 
 N6   BE ES   1   21 623.060                             132   -0.05 7 5.08  14 
                                                                                
 2021  3 4 0031 38.0 L  28.833  50.856 11.1  SLT  9 0.1                 0.5L BI1
 GAP=250        0.23       1.0     1.4  1.1  0.6526E+00  0.3860E+00 -0.1509E+00E
 Action:ARG 21-06-12 18:26 OP:OBSP STATUS:               ID:20210304003137     I
 DUMMY                                                                         6
 STAT SP IPHASW D HRMM SECON CODA AMPLIT PERI AZIMU VELO AIN AR TRES W  DIS CAZ7
 N3   BZ EP   1    03139.630                             159   -0.05 7 1.92  75 
 N3   BE ES   1    03141.100                             159    0.04 7 1.92  75 
 N4   BZ EP   1    03139.730                             150   -0.04 7 2.83 356 
 N4   BE ES   1    03141.330                             150    0.11 7 2.83 356 
 N5   BZ EP   1    03139.720                             147   -0.06 7 3.06  68 
 N5   BE ES   1    03141.220                             147   -0.03 7 3.06  68 
 N2   BZ EP   1    03140.010                             142    0.18 7 3.64  82 
 N2   BE ES   1    03141.290                             142   -0.05 7 3.64  82 
 N1   BZ EP   1    03140.000                             135    0.07 7 4.36 106 
 N1   BE ES   1    03141.520                             135   -0.00 7 4.36 106 
 CAMP BZ EP   1    03139.990                             128   -0.03 7 5.12  82 
 CAMP BE ES   1    03141.650                             128   -0.02 7 5.12  82 
 N6   BZ EP   1    03140.010                             127   -0.03 7 5.24  16 
 N6   BE ES   1    03141.750                             127    0.03 7 5.24  16 
 N9   BZ  P   1    03140.272                             108   -0.08 7 7.34  19 
 N9   BE ES   1    03142.330                             108    0.06 7 7.34  19 
 N15  BZ  P   1    03140.626                              94   -0.08 7 9.36 360 
                                                                                
 2021  3 4 0102 30.3 L  28.827  50.861  8.1  SLT 11 0.1                 0.8L BI1
 GAP=241        0.22       0.9     1.5  1.1  0.8603E+00  0.6489E+00  0.5731E-02E
 Action:ARG 21-06-12 18:26 OP:OBSP STATUS:               ID:20210304010230     I
 DUMMY                                                                         6
 STAT SP IPHASW D HRMM SECON CODA AMPLIT PERI AZIMU VELO AIN AR TRES W  DIS CAZ7
 N3   BZ EP   1    1 232.260                             164    0.05 7 1.78  50 
 N3   BE ES   1    1 233.730                             164    0.01 7 1.78  50 
 N5   BZ EP   1    1 232.280                             154   -0.02 7 2.96  52 
 N5   BE ES   1    1 233.830                             154   -0.05 7 2.96  52 
 N2   BZ EP   1    1 232.280                             150   -0.04 7 3.32  70 
 N2   BE ES   1    1 233.920                             150    0.01 7 3.32  70 
 N4   BZ EP   1    1 232.290                             149   -0.06 7 3.53 349 
 N4   BE ES   1    1 233.910                             149   -0.07 7 3.53 349 
 N1   BZ EP   1    1 232.280                             147   -0.10 7 3.75  98 
 N1   BE ES   1    1 234.140                             147    0.12 7 3.75  98 
 CAMP BZ EP   1    1 232.510                             139    0.04 7 4.79  73 
 CAMP BE ES   1    1 234.250                             139    0.06 7 4.79  73 
 N6   BZ EP   1    1 232.580                             132   -0.02 7 5.77  10 
 N6   BE ES   1    1 234.320                             132   -0.10 7 5.77  10 
 N10  BZ  P   1    1 232.891                             122    0.06 7 7.40 353 
 N10  BE ES   1    1 234.840                             122   -0.00 7 7.40 353 
 N9   BZ EP   1    1 232.810                             120   -0.06 7 7.82  14 
 N9   BE ES   1    1 234.920                             120    0.00 7 7.82  14 
 N11  BE  S   1    1 235.437                             113    0.18 7 9.08 339 
 N15  BE ES   1    1 235.550                             109   -0.02 7 10.0 357 
                                                                                
 2021  3 4 0219 57.4 L  28.833  50.861  6.8  SLT  9 0.1                 0.6L BI1
 GAP=238        0.28       1.0     1.7  1.2  0.1053E+01  0.6755E+00  0.1007E+00E
 Action:ARG 21-06-12 18:26 OP:OBSP STATUS:               ID:20210304021957     I
 DUMMY                                                                         6
 STAT SP IPHASW D HRMM SECON CODA AMPLIT PERI AZIMU VELO AIN AR TRES W  DIS CAZ7
 N3   BZ EP   1    21959.000                             166   -0.06 7 1.45  73 
 N3   BE ES   1    220 0.390                             166    0.02 7 1.45  73 
 N5   BZ  P   1    21959.035                             155   -0.12 7 2.60  65 
 N5   BE ES   1    220 0.500                             155   -0.04 7 2.60  65 
 N4   BZ  P   1    21959.035                             153   -0.15 7 2.83 346 
 N4   BE ES   1    220 0.610                             153    0.02 7 2.83 346 
 N2   BZ EP   1    21959.160                             150   -0.04 7 3.17  82 
 N2   BE ES   1    220 0.650                             150    0.03 7 3.17  82 
 N1   BZ  P   1    21959.598                             144    0.30 7 3.93 108 
 N1   BE  S   1    220 0.808                             144    0.00 7 3.93 108 
 CAMP BZ EP   1    21959.250                             138   -0.13 7 4.65  82 
 CAMP BE ES   1    220 0.950                             138    0.00 7 4.65  82 
 N6   BZ  P   1    21959.570                             136    0.13 7 5.07  11 
 N6   BE ES   1    220 1.060                             136   -0.00 7 5.07  11 
 N10  BZ  P   1    21959.804                             126    0.10 7 6.69 353 
 N10  BE  S   1    220 1.577                             126    0.05 7 6.69 353 
 N9   BZ  P   1    21959.635                             123   -0.12 7 7.13  16 
 N9   BE ES   1    220 1.630                             123    0.01 7 7.13  16 
                                                                                
 2021  3 4 1749 54.2 L  28.828  50.853  8.4  SLT  8 0.1                 0.8L BI1
 GAP=264        0.25       1.2     1.9  1.4  0.1097E+01  0.1108E+01  0.2721E+00E
 Action:ARG 21-06-12 18:26 OP:OBSP STATUS:               ID:20210304174953     I
 DUMMY                                                                         6
 STAT SP IPHASW D HRMM SECON CODA AMPLIT PERI AZIMU VELO AIN AR TRES W  DIS CAZ7
 N3   BZ  P   1   174956.231                             159    0.04 7 2.39  67 
 N3   BE ES   1   174957.750                             159   -0.03 7 2.39  67 
 N4   BZ  P   1   174956.381                             152    0.10 7 3.28   3 
 N4   BE ES   1   174957.950                             152    0.02 7 3.28   3 
 N5   BZ EP   1   174956.280                             150   -0.02 7 3.56  63 
 N5   BE ES   1   174957.850                             150   -0.11 7 3.56  63 
 N2   BZ EP   1   174956.280                             146   -0.05 7 4.06  76 
 N2   BE ES   1   174957.970                             146   -0.05 7 4.06  76 
 N1   BZ EP   1   174956.500                             142    0.10 7 4.59  99 
 N1   BE ES   1   174958.210                             142    0.06 7 4.59  99 
 CAMP BZ  P   1   174956.558                             136    0.06 7 5.54  78 
 CAMP BE ES   1   174958.330                             136    0.01 7 5.54  78 
 N6   BZ  P   1   174956.367                             134   -0.17 7 5.78  18 
 N6   BE ES   1   174958.430                             134    0.04 7 5.78  18 
 N9   BZ  P   1   174956.706                             122   -0.10 7 7.88  21 
 N9   BE  S   1   174958.998                             122    0.11 7 7.88  21 
                                                                                
 2021  3 4 2355 32.8 L  28.833  50.879  9.7  SLT 12 0.2                 0.9L BI1
 GAP=196        0.37       1.6     2.3  1.4  0.2195E+01 -0.3487E+00 -0.5820E+00E
 Action:ARG 21-06-12 18:26 OP:OBSP STATUS:               ID:20210304235532     I
 DUMMY                                                                         6
 STAT SP IPHASW D HRMM SECON CODA AMPLIT PERI AZIMU VELO AIN AR TRES W  DIS CAZ7
 N3   BZ  P   1   235534.851                             175   -0.02 7 0.62 318 
 N3   BE  S   1   235536.453                             175   -0.13 7 0.62 318 
 N5   BZ EP   1   235534.900                             171    0.00 7 1.26  26 
 N5   BE ES   1   235536.490                             171   -0.14 7 1.26  26 
 N2   BZ EP   1   235535.000                             170    0.11 7 1.42  71 
 N2   BE  S   1   235536.637                             170    0.02 7 1.42  71 
 N1   BZ EP   1   235535.100                             164    0.15 7 2.27 122 
 N1   BE ES   1   235536.750                             164    0.04 7 2.27 122 
 CAMP BZ EP   1   235535.130                             159    0.16 7 2.89  76 
 CAMP BE ES   1   235536.930                             159    0.18 7 2.89  76 
 N4   BZ EP   1   235534.930                             154   -0.11 7 3.72 319 
 N4   BE ES   1   235536.560                             154   -0.32 7 3.72 319 
 N6   BZ  P   1   235535.104                             145   -0.05 7 5.07 351 
 N6   BE ES   1   235537.020                             145   -0.07 7 5.07 351 
 N9   BZ  P   1   235535.487                             135    0.15 7 6.89   1 
 N9   BE ES   1   235537.590                             135    0.17 7 6.89   1 
 N10  BZ  P   1   235535.252                             134   -0.15 7 7.18 338 
 N10  BE  S   1   235537.502                             134   -0.03 7 7.18 338 
 N11  BZ  P   1   235535.816                             125    0.16 7 9.30 327 
 N11  BE ES   1   235538.000                             125    0.01 7 9.30 327 
 N15  BZ  P   1   235535.914                             124    0.20 7 9.60 346 
 N15  BE  S   1   235538.220                             124    0.11 7 9.60 346 
 P5   BZ EP   1   235538.000                              99   -0.46 7 25.9  51 
                                                                                
 2021  3 4 2355 41.9 L  28.831  50.864  7.9  SLT  9 0.1                 0.6L BI1
 GAP=230        0.24       1.0     1.6  1.2  0.1057E+01  0.8885E+00  0.1335E-01E
 Action:ARG 21-06-12 18:26 OP:OBSP STATUS:               ID:20210304235541     I
 DUMMY                                                                         6
 STAT SP IPHASW D HRMM SECON CODA AMPLIT PERI AZIMU VELO AIN AR TRES W  DIS CAZ7
 N5   BZ EP   1   235543.670                             157   -0.08 7 2.49  57 
 N5   BE ES   1   235545.260                             157   -0.02 7 2.49  57 
 N2   BZ EP   1   235543.700                             153   -0.08 7 2.95  77 
 N2   BE ES   1   235545.370                             153    0.04 7 2.95  77 
 N4   BZ EP   1   235543.770                             151   -0.04 7 3.14 343 
 N4   BE ES   1   235545.300                             151   -0.08 7 3.14 343 
 N1   BZ EP   1   235543.810                             147   -0.04 7 3.60 106 
 N1   BE ES   1   235545.510                             147    0.05 7 3.60 106 
 CAMP BZ  P   1   235543.959                             141    0.04 7 4.43  78 
 CAMP BE ES   1   235545.710                             141    0.12 7 4.43  78 
 N6   BZ  P   1   235544.013                             134   -0.02 7 5.26   8 
 N6   BE  S   1   235545.864                             134    0.08 7 5.26   8 
 N9   BZ  P   1   235544.191                             121   -0.10 7 7.30  14 
 N9   BE  S   1   235546.139                             121   -0.12 7 7.30  14 
 N11  BZ  P   1   235544.630                             113    0.12 7 8.74 336 
 N11  BE  S   1   235546.742                             113    0.09 7 8.74 336 
 N15  BZ  P   1   235544.767                             109    0.10 7 9.56 356 
 N15  BE  S   1   235546.893                             109   -0.04 7 9.56 356 
                                                                                
 2021  3 9 1904 42.5 L  28.832  50.858  7.9  SLT  7 0.0                 0.9L BI1
 GAP=248        0.22       1.5     1.8  1.3  0.1613E+01  0.9417E+00  0.6472E+00E
 Action:ARG 21-06-12 18:26 OP:OBSP STATUS:               ID:20210309190442     I
 DUMMY                                                                         6
 STAT SP IPHASW D HRMM SECON CODA AMPLIT PERI AZIMU VELO AIN AR TRES W  DIS CAZ7
 N3   BZ EP   1   19 444.280                             163   -0.04 7 1.79  72 
 N3   BE ES   1   19 445.820                             163    0.01 7 1.79  72 
 N4   BZ EP   1   19 444.430                             153    0.01 7 2.91 353 
 N4   BE ES   1   19 446.000                             153    0.02 7 2.91 353 
 N5   BZ EP   1   19 444.440                             153    0.03 7 2.94  65 
 N5   BE ES   1   19 445.910                             153   -0.06 7 2.94  65 
 N2   BZ EP   1   19 444.410                             148   -0.04 7 3.50  81 
 N2   BE ES   1   19 446.050                             148    0.01 7 3.50  81 
 N1   BZ EP   1   19 444.530                             143   -0.01 7 4.19 105 
 N1   BE ES   1   19 446.230                             143    0.03 7 4.19 105 
 CAMP BZ EP   1   19 444.580                             136   -0.03 7 4.98  81 
 CAMP BE ES   1   19 446.370                             136    0.04 7 4.98  81 
 N6   BZ EP   1   19 444.730                             134    0.07 7 5.27  14 
 N6   BE ES   1   19 446.370                             134   -0.04 7 5.27  14 
                                                                                
 2021  310 0038  1.9 L  28.826  50.851  7.7  SLT  6 0.1                 0.6L BI1
 GAP=270        0.27       1.8     2.2  2.0  0.2398E+01  0.1828E+01  0.1342E+01E
 Action:ARG 21-06-12 18:26 OP:OBSP STATUS:               ID:20210310003801     I
 DUMMY                                                                         6
 STAT SP IPHASW D HRMM SECON CODA AMPLIT PERI AZIMU VELO AIN AR TRES W  DIS CAZ7
 N3   BZ EP   1    038 3.570                             154   -0.19 7 2.69  62 
 N3   BE ES   1    038 5.330                             154    0.07 7 2.69  62 
 N4   BZ  P   1    038 3.801                             146   -0.06 7 3.60   5 
 N4   BE ES   1    038 5.500                             146    0.06 7 3.60   5 
 N5   BZ  P   1    038 3.911                             144    0.03 7 3.87  60 
 N5   BE ES   1    038 5.420                             144   -0.06 7 3.87  60 
 N1   BZ  P   1    038 4.048                             137    0.07 7 4.74  95 
 N1   BE ES   1    038 5.700                             137    0.03 7 4.74  95 
 CAMP BZ  P   1    038 4.066                             129   -0.03 7 5.79  75 
 CAMP BN  S   1    038 5.882                             129   -0.00 7 5.79  75 
 N6   BZ EP   1    038 4.310                             127    0.15 7 6.13  19 
 N6   BE ES   1    038 5.920                             127   -0.07 7 6.13  19 
                                                                                
 2021  310 1817 19.8 L  28.833  50.856  8.0  SLT  8 0.0                 1.0L BI1
 GAP=250        0.20       0.9     1.5  1.0  0.7578E+00  0.4247E+00 -0.1325E+00E
 Action:ARG 21-06-12 18:26 OP:OBSP STATUS:               ID:20210310181719     I
 DUMMY                                                                         6
 STAT SP IPHASW D HRMM SECON CODA AMPLIT PERI AZIMU VELO AIN AR TRES W  DIS CAZ7
 N3   BZ EP   1   181721.550                             162   -0.06 7 1.92  76 
 N3   BE ES   1   181723.110                             162   -0.01 7 1.92  76 
 N4   BZ EP   1   181721.720                             155    0.03 7 2.79 356 
 N4   BE ES   1   181723.270                             155    0.01 7 2.79 356 
 N5   BZ EP   1   181721.680                             153   -0.02 7 3.05  68 
 N5   BE ES   1   181723.250                             153   -0.03 7 3.05  68 
 N2   BZ EP   1   181721.730                             147   -0.01 7 3.65  83 
 N2   BE ES   1   181723.380                             147    0.02 7 3.65  83 
 N1   BZ EP   1   181721.800                             142   -0.03 7 4.37 106 
 N1   BE ES   1   181723.530                             142    0.01 7 4.37 106 
 CAMP BZ EP   1   181721.940                             136    0.03 7 5.13  82 
 CAMP BE ES   1   181723.670                             136    0.02 7 5.13  82 
 N6   BZ EP   1   181722.000                             136    0.07 7 5.22  16 
 N6   BE ES   1   181723.680                             136   -0.01 7 5.22  16 
 N19  BZ  P   1   181723.076                             102    0.01 7 12.6   4 
 N19  BE  S   1   181725.707                             102   -0.04 7 12.6   4 
                                                                                
 2021  311 1119 29.5 L  28.825  50.857  7.5  SLT 13 0.1                 1.4L BI1
 GAP=247        0.26       0.9     1.3  1.1  0.4889E+00  0.4387E+00 -0.2448E+00E
 Action:ARG 21-06-12 18:26 OP:OBSP STATUS:               ID:20210311111929     I
 DUMMY                                                                         6
 STAT SP IPHASW D HRMM SECON CODA AMPLIT PERI AZIMU VELO AIN AR TRES W  DIS CAZ7
 N3   BZ EP   1   111931.320                             158    0.03 7 2.23  54 
 N3   BE ES   1   111932.830                             158    0.09 7 2.23  54 
 N5   BZ EP   1   111931.390                             147   -0.01 7 3.41  55 
 N4   BZ EP   1   111931.400                             145   -0.03 7 3.64 356 
 N4   BE ES   1   111933.020                             145    0.03 7 3.64 356 
 N2   BZ EP   1   111931.400                             143   -0.03 7 3.79  70 
 N2   BE ES   1   111933.020                             143    0.03 7 3.79  70 
 N1   BZ EP   1   111931.390                             140   -0.10 7 4.16  95 
 N1   BE ES   1   111933.210                             140    0.11 7 4.16  95 
 CAMP BZ EP   1   111931.590                             131   -0.02 7 5.25  73 
 CAMP BE ES   1   111933.370                             131    0.06 7 5.25  73 
 N6   BZ  P   1   111931.490                             125   -0.23 7 6.02  14 
 N6   BE ES   1   111933.330                             125   -0.19 7 6.02  14 
 N10  BZ  P   1   111931.905                             115   -0.05 7 7.52 357 
 N10  BE  S   1   111933.915                             115   -0.03 7 7.52 357 
 N9   BZ  P   1   111932.002                             111   -0.02 7 8.09  17 
 N9   BE  S   1   111933.998                             111   -0.07 7 8.09  17 
 N11  BZ  P   1   111932.224                             106    0.04 7 9.09 342 
 N11  BE  S   1   111934.497                             106    0.15 7 9.09 342 
 N15  BZ  P   1   111932.349                             101   -0.04 7 10.2 360 
 N15  BE ES   1   111934.650                             101   -0.07 7 10.2 360 
 N18  BZ EP   1   111933.000                              97    0.24 7 12.2 349 
 P1   BZ  P   1   111932.737                              96   -0.03 7 12.6  24 
 P1   BE ES   1   111935.560                              96    0.15 7 12.6  24 
                                                                                
 2021  311 1938 54.0 L  28.831  50.858  7.7  SLT  7 0.1                 0.5L BI1
 GAP=249        0.24       1.6     2.2  1.7  0.1818E+01  0.2082E+01  0.7271E+00E
 Action:ARG 21-06-12 18:26 OP:OBSP STATUS:               ID:20210311193853     I
 DUMMY                                                                         6
 STAT SP IPHASW D HRMM SECON CODA AMPLIT PERI AZIMU VELO AIN AR TRES W  DIS CAZ7
 N3   BZ  P   1   193855.761                             162   -0.01 7 1.80  68 
 N3   BE ES   1   193857.240                             162    0.02 7 1.80  68 
 N5   BZ  P   1   193855.748                             152   -0.11 7 2.96  63 
 N5   BE ES   1   193857.340                             152   -0.04 7 2.96  63 
 N4   BZ  P   1   193855.844                             151   -0.03 7 3.02 353 
 N2   BZ  P   1   193855.870                             147   -0.03 7 3.49  79 
 N2   BE ES   1   193857.470                             147    0.02 7 3.49  79 
 N1   BZ  P   1   193856.009                             141    0.03 7 4.14 104 
 N1   BE  S   1   193857.684                             141    0.08 7 4.14 104 
 CAMP BZ  P   1   193856.034                             134   -0.03 7 4.97  80 
 CAMP BE ES   1   193857.730                             134   -0.03 7 4.97  80 
 N6   BZ  P   1   193856.265                             132    0.14 7 5.36  14 
 N6   BE ES   1   193857.850                             132   -0.01 7 5.36  14 
                                                                                
 2021  312 0321 13.1 L  28.829  50.858  7.8  SLT  6 0.0                 0.8L BI1
 GAP=262        0.26       1.6     1.9  2.1  0.1211E+01  0.1349E+01  0.7124E+00E
 Action:ARG 21-06-12 18:26 OP:OBSP STATUS:               ID:20210312032112     I
 DUMMY                                                                         6
 STAT SP IPHASW D HRMM SECON CODA AMPLIT PERI AZIMU VELO AIN AR TRES W  DIS CAZ7
 N5   BZ  P   1    32114.974                             151   -0.01 7 3.08  60 
 N4   BZ  P   1    32115.014                             150    0.01 7 3.20 354 
 N4   BE ES   1    32116.570                             150   -0.00 7 3.20 354 
 CAMP BZ EP   1    32115.100                             135   -0.08 7 5.04  78 
 CAMP BE ES   1    32116.940                             135    0.04 7 5.04  78 
 N6   BZ  P   1    32115.341                             132    0.09 7 5.56  14 
 N6   BE ES   1    32116.980                             132   -0.05 7 5.56  14 
 N9   BE  S   1    32117.548                             118    0.01 7 7.64  17 
 N11  BZ  P   1    32115.682                             113   -0.01 7 8.70 340 
                                                                                
 2021  313 2007 49.1 L  28.829  50.853  7.4  SLT  9 0.1                 0.9L BI1
 GAP=262        0.22       0.9     1.7  1.5  0.5750E+00  0.1406E+01 -0.1594E+00E
 Action:ARG 21-06-12 18:26 OP:OBSP STATUS:               ID:20210313200748     I
 DUMMY                                                                         6
 STAT SP IPHASW D HRMM SECON CODA AMPLIT PERI AZIMU VELO AIN AR TRES W  DIS CAZ7
 N3   BZ  P   1   20 750.909                             156   -0.01 7 2.35  68 
 N3   BN  S   1   20 752.416                             156    0.05 7 2.35  68 
 N4   BZ  P   1   20 750.989                             148   -0.02 7 3.22   2 
 N5   BZ EP   1   20 750.990                             145   -0.04 7 3.51  64 
 N5   BN  S   1   20 752.592                             145    0.02 7 3.51  64 
 N2   BZ EP   1   20 751.030                             141   -0.05 7 4.03  77 
 N2   BE  S   1   20 752.674                             141    0.02 7 4.03  77 
 N1   BZ EP   1   20 751.130                             136   -0.03 7 4.58 100 
 N1   BE ES   1   20 752.850                             136    0.05 7 4.58 100 
 CAMP BZ EP   1   20 751.190                             128   -0.07 7 5.51  78 
 CAMP BE ES   1   20 753.030                             128    0.04 7 5.51  78 
 N6   BZ  P   1   20 751.287                             127   -0.01 7 5.72  18 
 N6   BE ES   1   20 752.980                             127   -0.08 7 5.72  18 
 N9   BE  S   1   20 753.567                             112   -0.04 7 7.82  21 
 N15  BZ  P   1   20 752.101                             101    0.16 7 9.76   2 
 N15  BE  S   1   20 754.239                             101    0.02 7 9.76   2 
                                                                                
 2021  315 2130 10.0 L  28.826  50.850  7.9  SLT 18 0.1                 1.7L BI1
 GAP=216        0.32       0.8     1.2  0.9  0.4846E+00 -0.7938E-01 -0.2305E-01E
 Action:ARG 21-06-12 18:26 OP:OBSP STATUS:               ID:20210315213009     I
 DUMMY                                                                         6
 STAT SP IPHASW D HRMM SECON CODA AMPLIT PERI AZIMU VELO AIN AR TRES W  DIS CAZ7
 N3   BZ EP   1   213011.910                             155    0.06 7 2.72  64 
 N3   BE ES   1   213013.370                             155   -0.01 7 2.72  64 
 N4   BZ EP   1   213012.010                             148    0.07 7 3.52   7 
 N4   BE ES   1   213013.550                             148    0.01 7 3.52   7 
 N5   BZ EP   1   213011.970                             145    0.00 7 3.89  62 
 N5   BE ES   1   213013.480                             145   -0.11 7 3.89  62 
 N2   BZ EP   1   213012.010                             141    0.00 7 4.37  74 
 N2   BE ES   1   213013.600                             141   -0.07 7 4.37  74 
 N1   BZ EP   1   213012.130                             137    0.05 7 4.82  96 
 N1   BE ES   1   213013.780                             137   -0.01 7 4.82  96 
 N6   BZ EP   1   213012.260                             128    0.03 7 6.08  20 
 N6   BE ES   1   213013.980                             128   -0.09 7 6.08  20 
 N10  BZ EP   1   213012.540                             120    0.11 7 7.38   2 
 N10  BE ES   1   213014.450                             120    0.03 7 7.38   2 
 N9   BZ EP   1   213012.560                             116    0.03 7 8.19  22 
 N9   BE ES   1   213014.530                             116   -0.07 7 8.19  22 
 N11  BZ EP   1   213012.780                             113    0.17 7 8.78 345 
 N11  BE ES   1   213014.890                             113    0.13 7 8.78 345 
 N15  BZ  P   1   213012.907                             107    0.06 7 10.0   3 
 N15  BE ES   1   213015.180                             107    0.00 7 10.0   3 
 N18  BZ EP   1   213013.000                             101   -0.19 7 11.9 352 
 P1   BZ EP   1   213013.310                             100    0.05 7 12.8  27 
 P1   BE ES   1   213016.100                             100    0.17 7 12.8  27 
 N19  BZ EP   1   213013.000                              99   -0.40 7 13.3   7 
 P3   BZ  P   1   213014.267                              95   -0.02 7 18.3  42 
 P4   BZ  P   1   213015.293                              93   -0.08 7 24.9  51 
 P4   BE  S   1   213020.093                              93    0.34 7 24.9  51 
 DLRM BZ  P   1   213016.056                              92    0.02 7 28.5 129 
 DLRM BE  S   1   213021.119                              92    0.16 7 28.5 129 
 P5   BZ  P   1   213015.793                              92   -0.30 7 28.6  54 
 KHIA BE  S   1   213021.660                              92   -0.15 7 31.3  80 
                                                                                
 2021  315 2259 47.8 L  28.825  50.856  7.4  SLT 16 0.1                 1.1L BI1
 GAP=247        0.31       1.0     1.1  1.0  0.5330E+00 -0.1732E+00 -0.3882E+00E
 Action:ARG 21-06-12 18:26 OP:OBSP STATUS:               ID:20210315225947     I
 DUMMY                                                                         6
 STAT SP IPHASW D HRMM SECON CODA AMPLIT PERI AZIMU VELO AIN AR TRES W  DIS CAZ7
 N3   BZ EP   1   225949.550                             157   -0.02 7 2.26  55 
 N3   BE ES   1   225951.100                             157    0.08 7 2.26  55 
 N5   BZ EP   1   225949.670                             146   -0.02 7 3.44  55 
 N5   BE ES   1   225951.180                             146   -0.04 7 3.44  55 
 N4   BZ EP   1   225949.720                             144    0.01 7 3.62 357 
 N4   BE ES   1   225951.280                             144    0.01 7 3.62 357 
 N2   BZ EP   1   225949.700                             142   -0.02 7 3.83  70 
 N1   BZ EP   1   225949.800                             139    0.02 7 4.22  95 
 N1   BE ES   1   225951.510                             139    0.12 7 4.22  95 
 N6   BZ EP   1   225949.990                             125   -0.01 7 6.01  14 
 N6   BE ES   1   225951.670                             125   -0.13 7 6.01  14 
 N10  BZ  P   1   225950.206                             114   -0.03 7 7.50 357 
 N10  BE ES   1   225952.150                             114   -0.07 7 7.50 357 
 N9   BZ EP   1   225950.280                             110   -0.03 7 8.09  18 
 N9   BE ES   1   225952.250                             110   -0.10 7 8.09  18 
 N11  BZ  P   1   225950.519                             105    0.06 7 9.05 342 
 N11  BE ES   1   225952.630                             105    0.01 7 9.05 342 
 N15  BZ  P   1   225950.604                             100   -0.07 7 10.1   0 
 N15  BE ES   1   225952.890                             100   -0.11 7 10.1   0 
 N18  BZ  P   1   225951.400                              96    0.36 7 12.1 349 
 P1   BZ EP   1   225951.000                              95   -0.05 7 12.6  25 
 P1   BE ES   1   225953.790                              95    0.10 7 12.6  25 
 N19  BZ  P   1   225951.230                              95   -0.00 7 13.4   4 
 N19  BE  S   1   225954.046                              95    0.03 7 13.4   4 
 P2   BZ  P   1   225951.400                              94   -0.09 7 14.9  36 
 P4   BZ  P   1   225952.922                              92   -0.21 7 24.5  50 
 P4   BE  S   1   225957.886                              92    0.44 7 24.5  50 
 KHIA BE  S   1   225959.222                              91   -0.23 7 30.7  80 
                                                                                
 2021  316 0006 34.8 L  28.827  50.855  8.1  SLT 13 0.1                 0.8L BI1
 GAP=245        0.25       1.0     1.6  1.0  0.8991E+00  0.5603E+00 -0.3385E-01E
 Action:ARG 21-06-12 18:26 OP:OBSP STATUS:               ID:20210316000634     I
 DUMMY                                                                         6
 STAT SP IPHASW D HRMM SECON CODA AMPLIT PERI AZIMU VELO AIN AR TRES W  DIS CAZ7
 N3   BZ EP   1    0 636.740                             159    0.02 7 2.26  60 
 N3   BE ES   1    0 638.230                             159   -0.02 7 2.26  60 
 N5   BZ EP   1    0 636.770                             150   -0.05 7 3.44  59 
 N5   BE ES   1    0 638.350                             150   -0.08 7 3.44  59 
 N4   BZ EP   1    0 636.850                             149    0.02 7 3.45 359 
 N4   BE ES   1    0 638.440                             149   -0.01 7 3.45 359 
 N2   BZ EP   1    0 636.910                             146    0.06 7 3.88  73 
 N2   BE ES   1    0 638.470                             146   -0.02 7 3.88  73 
 N1   BZ EP   1    0 636.970                             142    0.05 7 4.34  97 
 N1   BE ES   1    0 638.670                             142    0.06 7 4.34  97 
 N6   BZ  P   1    0 637.098                             132    0.00 7 5.88  16 
 N6   BE ES   1    0 638.830                             132   -0.10 7 5.88  16 
 N10  BZ  P   1    0 637.359                             123    0.05 7 7.33 358 
 N10  BE ES   1    0 639.330                             123    0.02 7 7.33 358 
 N9   BZ  P   1    0 637.414                             119    0.04 7 7.97  19 
 N9   BE ES   1    0 639.440                             119    0.00 7 7.97  19 
 N11  BZ  P   1    0 637.482                             115   -0.03 7 8.86 342 
 N11  BE  S   1    0 639.843                             115    0.17 7 8.86 342 
 N15  BZ  P   1    0 637.757                             110    0.05 7 9.99   1 
 N15  BE ES   1    0 640.070                             110    0.03 7 9.99   1 
 N18  BZ  P   1    0 637.729                             104   -0.34 7 12.0 349 
 P1   BZ  P   1    0 638.196                             102    0.11 7 12.5  25 
 P2   BZ  P   1    0 638.498                              99   -0.03 7 14.8  36 
                                                                                
 2021  5 4 2043 27.6 L  28.836  50.851  6.2  SLT 14 0.1                 1.2L BI1
 GAP=234        0.26       0.7     1.0  0.9  0.4060E+00  0.2523E+00 -0.6725E-01E
 Action:ARG 21-12-18 20:21 OP:OBSP STATUS:               ID:20210504204327     I
 DUMMY                                                                         6
 STAT SP IPHASW D HRMM SECON CODA AMPLIT PERI AZIMU VELO AIN AR TRES W  DIS CAZ7
 N3   BZ EP   1   204329.090                             154   -0.06 7 2.37  89 
 N3   BE ES   1   204330.510                             154    0.09 7 2.37  89 
 N4   BZ EP   1   204329.090                             154   -0.08 7 2.41   8 
 N4   BE ES   1   204330.470                             154    0.01 7 2.41   8 
 N5   BZ EP   1   204329.200                             145   -0.07 7 3.42  78 
 N5   BE ES   1   204330.680                             145    0.04 7 3.42  78 
 N2   BZ EP   1   204329.280                             138   -0.07 7 4.12  89 
 N2   BE ES   1   204330.820                             138    0.04 7 4.12  89 
 N1   BZ EP   1   204329.450                             132   -0.04 7 4.97 109 
 N1   BE ES   1   204331.130                             132    0.09 7 4.97 109 
 N6   BZ EP   1   204329.380                             132   -0.11 7 5.01  23 
 N6   BE ES   1   204330.980                             132   -0.05 7 5.01  23 
 N7   BZ EP   1   204329.370                             131   -0.11 7 5.05   0 
 N7   BE ES   1   204331.030                             131   -0.00 7 5.05   0 
 CAMP BZ EP   1   204329.500                             127   -0.07 7 5.59  87 
 CAMP BE ES   1   204331.290                             127    0.10 7 5.59  87 
 N10  BZ  P   1   204329.703                             123    0.01 7 6.27   1 
 N10  BN  S   1   204331.383                             123   -0.03 7 6.27   1 
 N9   BZ EP   1   204329.630                             118   -0.19 7 7.13  24 
 N9   BE ES   1   204331.550                             118   -0.10 7 7.13  24 
 N11  BZ  P   1   204330.072                             115    0.15 7 7.73 343 
 N11  BN  S   1   204331.936                             115    0.11 7 7.73 343 
 N15  BZ EP   1   204330.060                             110   -0.11 7 8.94   3 
 N15  BE ES   1   204332.260                             110   -0.02 7 8.94   3 
 N18  BZ  P   1   204330.912                             104    0.34 7 10.8 350 
 N18  BN  S   1   204332.960                             104   -0.04 7 10.8 350 
 P1   BZ  P   1   204330.768                             102    0.09 7 11.8  29 
 P1   BE  S   1   204333.267                             102    0.07 7 11.8  29 
                                                                                
