 Input File: select.out                              

 
 Reset test(  2)=  500.0000
 Reset test(  7)=   -3.0000
 Reset test(  8)=    2.6000
 Reset test(  9)=    0.0010
 Reset test( 11)=   99.0000
 Reset test( 13)=    5.0000
 Reset test( 34)=    1.5000
 Reset test( 35)=    2.5000
 Reset test( 36)=    0.0000
 Reset test( 41)=20000.0000
 Reset test( 43)=    5.0000
 Reset test( 51)=    3.6000
 Reset test( 50)=    1.0000
 Reset test( 56)=    1.0000
 Reset test( 58)=99990.0000
 Reset test( 40)=    0.0000
 Reset test( 60)=    0.0000
 Reset test( 71)=    1.0000
 Reset test( 75)=    1.0000
 Reset test( 76)=    0.9100
 Reset test( 77)=    0.0009
 Reset test( 78)=   -1.6700
 Reset test( 79)=    1.0000
 Reset test( 80)=    3.0000
 Reset test( 81)=    1.0000
 Reset test( 82)=    1.0000
 Reset test( 83)=    1.0000
 Reset test( 88)=    1.0000
 Reset test( 85)=    0.1000
 Reset test( 91)=    0.1000
    
 CMGM 3738.350N 5121.520E    0  0.00 0.00
 JFVP 3613.260N 5241.890E    0  0.00 0.00
 MTOS 3629.740N 5243.930E    0  0.00 0.00
 OMHQ 3624.490N 5249.970E    0  0.00 0.00
 WKAM 3738.280N 5258.440E    0  0.00 0.00
 UMUW 36 9.820N 5257.440E    0  0.00 0.00
 XMTN 3627.090N 51 6.840E    0  0.00 0.00
 VMZK 36 8.250N 5259.690E    0  0.00 0.00
 MCRG 3614.750N 5115.980E    0  0.00 0.00
 EQSO 3625.020N 5254.060E    0  0.00 0.00

     --------- HYPOCENTER Version 4.0  1998 -----------



 Maximum elev. station: CMGM    3738.35N  5121.52E   elevation =     0 m


 Trial depth = 10.00  Vp/Vs =  1.75

 Velocity Model

 Depth, km   Vp, km/s   Vs, km/s
      0.00       4.50       2.57    
      4.00       5.00       2.86    
     10.00       5.40       3.09    
     18.00       6.00       3.43    
     26.00       6.80       3.89   B
     56.00       8.10       4.63   N

 EVENT #      1

 2022  612 1553 32.8 L  36.684  51.982  0.0       5 0.0 2.5l                   1

   First arrival: MTOS 2022  612    0  0 12.75

 Starting location depth =    10.0 km
Starting location   10.0 km from closest station and rms    36.59   52.84   10.16
Starting location   10.0 km from closest station and rms    36.41   52.84   12.90
Starting location   10.0 km from closest station and rms    36.59   52.62    8.59
Starting location   10.0 km from closest station and rms    36.41   52.62   11.12
Starting location   50.0 km from closest station and rms    36.95   53.29    6.24
Starting location   50.0 km from closest station and rms    36.05   53.29   16.66
Starting location   50.0 km from closest station and rms    36.95   52.17    2.34
Starting location   50.0 km from closest station and rms    36.05   52.17    8.73
Starting location  150.0 km from closest station and rms    37.85   54.41    8.43
Starting location  150.0 km from closest station and rms    35.14   54.41   15.68
Starting location  150.0 km from closest station and rms    37.85   51.06   21.91
Starting location  150.0 km from closest station and rms    35.14   51.06    8.47

 maximum multi-station phase: P          5


   5 multiple-phase stations

        MTOS  P -S        120.5 km
        JFVP  P -S        138.6 km
        UMUW  P -S        151.1 km
        VMZK  P -S        145.7 km
        CMGM  P -S        170.2 km

 Starting location from 2 distances:   36.95   51.64
 rms =    10.84
 Starting location from 2 distances:   36.76   53.96
 rms =     8.45

 iter   origin      lat      long depth  no  m    rms   damp.  erlg  erlt  erdp
         (sec)  (dg mn)   (dg mn)  (km)         (sec)          (km)  (km)  (km)
    1    58.70 3656.77N  5210.45E  10.0  10  2   2.33   0.005   0.0   0.0   0.0
    2    58.69 3638.53N  5155.51E  10.0  10  2   0.75   0.005  63.0  44.0   0.0
    3    59.40 3639.72N  5159.17E  10.0  10  2   0.57   0.005  10.9   9.3   0.0
    3    59.42 3639.80N  5159.28E  10.0  10  2   0.57   0.005   8.6   7.3   0.0
 depth freed: icd=   3
    4    59.79 3639.64N  5159.31E  13.5  10  3   0.54   0.005  10.1   8.6   8.2
    5    59.92 3640.51N  52 0.56E  13.1  10  3   0.53   0.005  11.7   9.4   7.2
    6    59.94 3640.59N  52 0.66E  13.2  10  3   0.53   0.005  11.7   9.2   7.1
    7    59.94 3640.59N  52 0.67E  13.2  10  2   0.53   0.005  11.7   9.2   0.0

   date hrmn   sec      lat      long depth   no m    rms  damp erln erlt erdp ic
 22 611 2359 59.94 3640.59N  52  0.7E  13.2   10 3   0.53 0.000 12.5  9.9  7.3  3

 Origin time error:       1.33

 DRMS Values: d=    5.00 km

 DRMS:       lon+d     lon-d     lat+d     lat-d   depth+d   depth-d
  DRMS pos    0.29      0.29      0.28      0.26      0.04      0.10

 Resolution matrix: k =      0.005

                             Long     Lat   Depth
                     Long   0.963  -0.030  -0.013
                      Lat  -0.030   0.962   0.006
                    Depth  -0.013   0.006   0.958

 Azimuthal Gap in Station Coverage 203 degrees
  
     
 stn   dist   azm  ain w phas    calcphs hrmn tsec  t-obs  t-cal    res   wt di
 MTOS    68 107.1 93.9 0 P   0   PG       0 0 12.8  12.81  13.48  -0.67 1.00  9
 MTOS    68 107.1 93.9 0 S   0   SG       0 0 23.9  23.97  23.59   0.38 1.00 23
 JFVP    80 129.2 64.2 0 P   0   PN4      0 0 14.8  14.83  15.56  -0.73 0.99* 8
 JFVP    80 129.2 64.2 0 S   0   SN4      0 0 27.6  27.66  27.24   0.43 0.99* 5
 UMUW   102 123.6 52.6 0 P   0   PN5      0 0 19.5  19.60  19.20   0.40 0.94* 2
 UMUW   102 123.6 52.6 0 S   0   SN5      0 0 33.5  33.59  33.60  -0.01 0.94* 9
 VMZK   107 123.8 52.6 0 P   0   PN5      0 0 20.5  20.59  19.85   0.74 0.93* 2
 VMZK   107 123.8 52.6 0 S   0   SN5      0 0 34.0  34.08  34.74  -0.66 0.93* 9
 CMGM   122 331.7 52.6 0 P   0   PN5      0 0 22.5  22.54  22.05   0.49 0.89*10
 CMGM   122 331.7 52.6 0 S   0   SN5      0 0 38.2  38.30  38.59  -0.28 0.89*22
      

 Difference from previous solution:

 dorigin= ******* sec dx=     2.6 km dy=    -0.8 km dz=    13.2 km drms=  0.53

 unweighted rms =     0.53

-----------------------------------------------------------------------------

  Day has changed, hours added:          24

 EVENT #      2

 2022  612 1554 32.8 L  36.628  51.565  0.0       7 0.0 3.5l                   1

   First arrival: MCRG 2022  612    0  0  8.59

 Starting location depth =    10.0 km
Starting location   10.0 km from closest station and rms    36.34   51.38    4.52
Starting location   10.0 km from closest station and rms    36.16   51.38    4.74
Starting location   10.0 km from closest station and rms    36.34   51.16    6.02
Starting location   10.0 km from closest station and rms    36.16   51.16    6.20
Starting location   50.0 km from closest station and rms    36.70   51.82    3.34
Starting location   50.0 km from closest station and rms    35.80   51.82    3.99
Starting location   50.0 km from closest station and rms    36.70   50.71    5.39
Starting location   50.0 km from closest station and rms    35.80   50.71    6.10
Starting location  150.0 km from closest station and rms    37.60   52.93   11.27
Starting location  150.0 km from closest station and rms    34.89   52.93   11.77
Starting location  150.0 km from closest station and rms    37.60   49.60   10.42
Starting location  150.0 km from closest station and rms    34.89   49.60   11.24

 maximum multi-station phase: P          7


   7 multiple-phase stations

        MCRG  P -S         97.5 km
        JFVP  P -S        196.0 km
        MTOS  P -S        149.2 km
        OMHQ  P -S        168.0 km
        EQSO  P -S        179.6 km
        VMZK  P -S        202.5 km
        UMUW  P -S        190.4 km

 Starting location from 2 distances:   35.30   50.73
 rms =     5.99
 Starting location from 2 distances:   36.83   50.74
 rms =     4.80

 iter   origin      lat      long depth  no  m    rms   damp.  erlg  erlt  erdp
         (sec)  (dg mn)   (dg mn)  (km)         (sec)          (km)  (km)  (km)
    1     1.33 3641.78N  5149.35E  10.0  14  2   3.41   0.005   8.2   6.9   0.0
    2    58.12 3642.54N  5134.46E  10.0  14  2   0.83   0.005  20.9  52.5   0.0
    3    58.08 3641.03N  5132.94E  10.0  14  2   0.71   0.005   7.5  11.1   0.0
    3    58.07 3641.05N  5132.93E  10.0  14  2   0.71   0.005   6.5   9.4   0.0
 depth freed: icd=   3
    4    56.85 3648.18N  5124.84E  28.4  14  3   0.83   0.010  25.2  23.5  30.4
    5    54.56 3647.16N  5125.02E   5.6  14  3   1.40   3.413   2.4   2.9  28.2
    6    55.75 3647.13N  5126.41E  11.2  14  3   1.01   2.276   2.6   3.5   4.5
    7    56.38 3646.38N  5127.31E  13.6  14  3   0.87   1.517   2.1   3.3   2.7
    8    56.92 3645.23N  5127.91E  15.1  14  3   0.79   1.011   2.1   3.6   2.6
    9    57.38 3644.04N  5128.38E  16.2  14  3   0.74   0.674   2.2   4.2   2.7
   10    57.91 3643.58N  5128.38E  20.1  14  3   0.71   0.449   2.5   4.5   7.0
   11    58.06 3642.80N  5128.60E  19.8  14  3   0.70   0.112   2.9   8.1   5.9
   12    58.10 3642.55N  5129.26E  18.2  14  3   0.70   0.028   3.7   9.5   7.5
   13    58.12 3642.63N  5128.78E  19.7  14  3   0.70   0.014   3.7   9.5   8.9
   14    57.95 3642.31N  5130.37E  15.0  14  3   0.71   0.019   6.0   9.9  10.6
   15    58.09 3641.46N  5131.79E  12.6  14  3   0.71   0.012   5.3   9.6   6.7
   16    58.09 3641.51N  5131.41E  13.3  14  3   0.71   0.008   3.2   9.4   6.0
   17    58.09 3641.39N  5131.86E  12.4  14  3   0.71   0.011   3.6   9.6   6.0
   18    58.09 3641.56N  5131.23E  13.7  14  3   0.71   0.007   3.7   9.4   6.4
   19    58.09 3641.49N  5131.49E  13.1  14  3   0.71   0.020   3.0   9.2   5.3
   20    58.09 3641.46N  5131.58E  12.9  14  3   0.71   0.013   2.9   9.3   5.5
   21    58.09 3641.46N  5131.56E  13.0  14  3   0.71   0.009   3.0   9.4   5.7

   date hrmn   sec      lat      long depth   no m    rms  damp erln erlt erdp ic
 22 611 2359 58.10 3642.55N  51 29.3E  18.2   14 3   0.70 0.000999.9362.6999.9  3

 Origin time error:       1.67

 DRMS Values: d=    5.00 km

 DRMS:       lon+d     lon-d     lat+d     lat-d   depth+d   depth-d
  DRMS pos    0.20      0.19      0.07      0.07      0.05      0.07

 Resolution matrix: k =      0.009

                             Long     Lat   Depth
                     Long   0.435   0.116   0.479
                      Lat   0.116   0.961  -0.088
                    Depth   0.479  -0.088   0.579

 Azimuthal Gap in Station Coverage 260 degrees
  
     
 stn   dist   azm  ain w phas    calcphs hrmn tsec  t-obs  t-cal    res   wt di
 MCRG    55 201.2 90.4 0 P   0   PG       0 0  8.6  10.49  11.08  -0.59 1.00 10
 MCRG    55 201.2 90.4 0 S   0   SG       0 0 17.6  19.51  19.39   0.12 1.00 22
 MTOS   114 101.6 61.9 0 P   0   PN5      0 0 18.9  20.81  20.36   0.45 0.91* 8
 MTOS   114 101.6 61.9 0 S   0   SN5      0 0 32.7  34.63  35.64  -1.01 0.91*15
 JFVP   121 116.2 61.9 0 P   0   PN5      0 0 18.7  20.62  21.46  -0.83 0.89* 2
 JFVP   121 116.2 61.9 0 S   0   SN5      0 0 36.9  38.77  37.55   1.22 0.89* 9
 OMHQ   125 105.1 61.9 0 P   0   PN5      0 0 20.0  21.92  22.00  -0.08 0.88* 6
 OMHQ   125 105.1 61.9 0 S   0   SN5      0 0 35.6  37.48  38.50  -1.02 0.88* 9
 EQSO   131 103.9 61.9 0 P   0   PN5      0 0 21.5  23.43  22.83   0.60 0.87* 4
 EQSO   131 103.9 61.9 0 S   0   SN5      0 0 38.2  40.06  39.95   0.11 0.87* 3
 UMUW   145 114.2 61.9 0 P   0   PN5      0 0 24.3  26.19  24.95   1.25 0.84* 2
 UMUW   145 114.2 61.9 0 S   0   SN5      0 0 41.9  43.82  43.66   0.17 0.84* 6
 VMZK   149 114.7 61.9 0 P   0   PN5      0 0 23.9  25.76  25.58   0.19 0.83* 1
 VMZK   149 114.7 61.9 0 S   0   SN5      0 0 42.6  44.52  44.76  -0.24 0.83* 5
      

 Difference from previous solution:

 dorigin= ******* sec dx=    -6.9 km dy=     9.0 km dz=    18.2 km drms=  0.70

 unweighted rms =     0.70

-----------------------------------------------------------------------------

  Day has changed, hours added:          24

 EVENT #      3

 2022  612 1555 32.8 L  36.065  51.808  0.0       6 0.0 3.0l                   1

   First arrival: JFVP 2022  612    0  0 15.44

 Starting location depth =    10.0 km
Starting location   10.0 km from closest station and rms    36.31   52.81   10.30
Starting location   10.0 km from closest station and rms    36.13   52.81   10.97
Starting location   10.0 km from closest station and rms    36.31   52.59    8.02
Starting location   10.0 km from closest station and rms    36.13   52.59    8.73
Starting location   50.0 km from closest station and rms    36.67   53.25    7.09
Starting location   50.0 km from closest station and rms    35.77   53.25   10.90
Starting location   50.0 km from closest station and rms    36.67   52.14    3.46
Starting location   50.0 km from closest station and rms    35.77   52.14    4.45
Starting location  150.0 km from closest station and rms    37.57   54.37    6.68
Starting location  150.0 km from closest station and rms    34.87   54.37   11.13
Starting location  150.0 km from closest station and rms    37.57   51.03   22.90
Starting location  150.0 km from closest station and rms    34.87   51.03    7.59

 maximum multi-station phase: P          6


   6 multiple-phase stations

        JFVP  P -S        130.3 km
        OMHQ  P -S        143.6 km
        VMZK  P -S        175.5 km
        EQSO  P -S        148.0 km
        UMUW  P -S        128.2 km
        CMGM  P -S        256.0 km

 Starting location from 2 distances:   35.03   53.43
 rms =     9.59
 Starting location from 2 distances:   36.05   51.25
 rms =     6.07

 iter   origin      lat      long depth  no  m    rms   damp.  erlg  erlt  erdp
         (sec)  (dg mn)   (dg mn)  (km)         (sec)          (km)  (km)  (km)
    1     4.67 3640.29N  52 8.53E  10.0  12  2   3.40   0.005   4.3   3.0   0.0
    2    58.98 3611.94N  5144.56E  10.0  12  2   1.67   0.005  47.9  41.1   0.0
    3    59.94 36 6.41N  5149.98E  10.0  12  2   0.73   0.005  17.1  21.3   0.0
    4     0.23 36 6.90N  5150.79E  10.0  12  2   0.73   0.005   7.1  10.0   0.0
    4     0.29 36 7.09N  5150.95E  10.0  12  2   0.73   0.005   6.8   9.5   0.0
 depth freed: icd=   3
    5     0.41 36 6.32N  5150.53E  12.7  12  3   0.70   0.005   8.7  13.0  12.9
    6     0.61 36 5.30N  5149.71E  16.4  12  3   0.70   0.005   9.5  12.5  14.5
    7     0.52 36 5.82N  5150.12E  14.6  12  3   0.69   0.005  12.3  16.2  18.2
    8     0.52 36 5.84N  5150.14E  14.6  12  3   0.69   0.005  12.3  16.1  18.1
    9     0.52 36 5.84N  5150.14E  14.6  12  2   0.69   0.005  12.3  16.1   0.0

   date hrmn   sec      lat      long depth   no m    rms  damp erln erlt erdp ic
 22 612  0 0  0.52 36 5.84N  51 50.1E  14.6   12 3   0.69 0.000 12.8 16.7 18.7  3

 Origin time error:       1.70

 DRMS Values: d=    5.00 km

 DRMS:       lon+d     lon-d     lat+d     lat-d   depth+d   depth-d
  DRMS pos    0.18      0.16      0.07      0.07      0.04      0.05

 Resolution matrix: k =      0.005

                             Long     Lat   Depth
                     Long   0.982  -0.015   0.007
                      Lat  -0.015   0.982   0.007
                    Depth   0.007   0.007   0.981

 Azimuthal Gap in Station Coverage 259 degrees
  
     
 stn   dist   azm  ain w phas    calcphs hrmn tsec  t-obs  t-cal    res   wt di
 JFVP    79  79.7 64.2 0 P   0   PN4      0 0 15.4  14.92  15.31  -0.39 1.00* 9
 JFVP    79  79.7 64.2 0 S   0   SN4      0 0 27.5  26.99  26.79   0.20 1.00*15
 OMHQ    96  68.7 52.6 0 P   0   PN5      0 0 19.2  18.64  18.14   0.50 0.96* 2
 OMHQ    96  68.7 52.6 0 S   0   SN5      0 0 32.5  31.93  31.75   0.18 0.96* 6
 UMUW   101  85.5 52.6 0 P   0   PN5      0 0 20.4  19.90  18.91   0.99 0.95* 5
 UMUW   101  85.5 52.6 0 S   0   SN5      0 0 32.3  31.77  33.09  -1.32 0.95* 9
 EQSO   102  69.4 52.6 0 P   0   PN5      0 0 19.7  19.17  19.03   0.13 0.94* 2
 EQSO   102  69.4 52.6 0 S   0   SN5      0 0 33.4  32.87  33.31  -0.44 0.94* 6
 VMZK   104  87.2 52.6 0 P   0   PN5      0 0 19.2  18.72  19.38  -0.66 0.94* 6
 VMZK   104  87.2 52.6 0 S   0   SN5      0 0 35.5  34.97  33.92   1.06 0.94*10
 CMGM   176 346.2 52.6 0 S   0   SN5      0 0 53.4  52.85  52.41   0.44 0.77*21
 CMGM   176 346.2 52.6 0 P   0   PN5      0 0 29.7  29.14  29.95  -0.81 0.77* 9
      

 Difference from previous solution:

 dorigin= ******* sec dx=     2.5 km dy=     3.6 km dz=    14.6 km drms=  0.69

 unweighted rms =     0.69

-----------------------------------------------------------------------------


 EVENT #      4

 2022  612 1556 32.8 L  36.328  51.063  0.0       8 0.0 4.0l                   1

   First arrival: XMTN 2022  612    0  0  2.25

 Starting location depth =    10.0 km
Starting location   10.0 km from closest station and rms    36.54   51.23    2.54
Starting location   10.0 km from closest station and rms    36.36   51.23    1.57
Starting location   10.0 km from closest station and rms    36.54   51.00    2.71
Starting location   10.0 km from closest station and rms    36.36   51.00    1.18
Starting location   50.0 km from closest station and rms    36.90   51.67   10.52
Starting location   50.0 km from closest station and rms    36.00   51.67   10.03
Starting location   50.0 km from closest station and rms    36.90   50.56    8.13
Starting location   50.0 km from closest station and rms    36.00   50.56    3.41
Starting location  150.0 km from closest station and rms    37.80   52.79   19.89
Starting location  150.0 km from closest station and rms    35.10   52.79   22.58
Starting location  150.0 km from closest station and rms    37.80   49.44   15.40
Starting location  150.0 km from closest station and rms    35.10   49.44   10.66

 maximum multi-station phase: P          8


   8 multiple-phase stations

        XMTN  P -S         46.5 km
        MCRG  P -S         28.0 km
        MTOS  P -S        235.9 km
        JFVP  P -S        216.4 km
        CMGM  P -S        211.5 km
        EQSO  P -S        246.9 km
        VMZK  P -S        239.8 km
        UMUW  P -S        242.2 km

 Starting location from 2 distances:   35.85   51.10
 rms =     3.46
 Starting location from 2 distances:   36.08   51.58
 rms =     6.93

 iter   origin      lat      long depth  no  m    rms   damp.  erlg  erlt  erdp
         (sec)  (dg mn)   (dg mn)  (km)         (sec)          (km)  (km)  (km)
    1    58.80 3621.68N  51 0.15E  10.0  16  2   1.18   0.005   7.5   9.8   0.0
    2    59.24 3619.21N  51 2.50E  10.0  16  2   0.96   0.005  13.7   7.4   0.0
    3    59.34 3619.52N  51 2.78E  10.0  16  2   0.96   0.005  11.7   6.6   0.0
    3    59.37 3619.58N  51 2.88E  10.0  16  2   0.96   0.005  11.8   6.6   0.0
 depth freed: icd=   3
    4    59.38 3619.59N  51 2.95E   9.9  16  3   0.96   0.010  13.9   7.9   5.8
    5    59.39 3619.60N  51 2.82E  10.4  16  3   0.96   0.007  13.7   7.5   4.2
    6    59.40 3619.61N  51 2.83E  10.5  16  3   0.96   0.010  13.9   7.7   5.6

   date hrmn   sec      lat      long depth   no m    rms  damp erln erlt erdp ic
 22 611 2359 59.39 3619.60N  51  2.8E  10.4   16 3   0.96 0.000 14.2  7.8  5.6  3

 Origin time error:       2.16

 DRMS Values: d=    5.00 km

 DRMS:       lon+d     lon-d     lat+d     lat-d   depth+d   depth-d
  DRMS pos    0.09      0.08      0.16      0.14      0.20      0.20

 Resolution matrix: k =      0.010

                             Long     Lat   Depth
                     Long   0.979  -0.015   0.002
                      Lat  -0.015   0.980  -0.000
                    Depth   0.002  -0.000   0.989

 Azimuthal Gap in Station Coverage 256 degrees
  
     
 stn   dist   azm  ain w phas    calcphs hrmn tsec  t-obs  t-cal    res   wt di
 XMTN    15  23.5114.3 0 P   0   PG       0 0  2.2   2.86   3.81  -0.95 1.00  7
 XMTN    15  23.5114.3 0 S   0   SG       0 0  6.5   7.16   6.66   0.50 1.00 22
 MCRG    22 114.4 99.9 0 P   0   PG       0 0  5.3   5.94   4.97   0.98 1.00  9
 MCRG    22 114.4 99.9 0 S   0   SG       0 0  7.9   8.53   8.69  -0.16 1.00 14
 CMGM   148  10.7 52.6 0 P   0   PN5      0 0 26.3  26.93  26.29   0.64 0.83* 8
 CMGM   148  10.7 52.6 0 S   0   SN5      0 0 45.9  46.51  46.01   0.50 0.83*11
 JFVP   149  94.0 52.6 0 P   0   PN5      0 0 25.7  26.28  26.37  -0.09 0.83* 2
 JFVP   149  94.0 52.6 0 S   0   SN5      0 0 45.7  46.31  46.15   0.16 0.83* 4
 MTOS   152  82.4 52.6 0 P   0   PN5      0 0 24.3  24.90  26.88  -1.99 0.82* 1
 MTOS   152  82.4 52.6 0 S   0   SN5      0 0 46.1  46.73  47.05  -0.31 0.82* 6
 EQSO   167  86.0 52.6 0 P   0   PN5      0 0 26.6  27.24  29.00  -1.76 0.78* 1
 EQSO   167  86.0 52.6 0 S   0   SN5      0 0 49.5  50.10  50.75  -0.65 0.78* 5
 UMUW   173  95.4 52.6 0 P   0   PN5      0 0 30.8  31.38  29.88   1.50 0.77* 2
 UMUW   173  95.4 52.6 0 S   0   SN5      0 0 53.2  53.80  52.28   1.52 0.77* 3
 VMZK   176  96.3 52.6 0 P   0   PN5      0 0 30.1  30.76  30.42   0.34 0.76* 2
 VMZK   176  96.3 52.6 0 S   0   SN5      0 0 52.3  52.96  53.24  -0.28 0.76* 3
      

 Difference from previous solution:

 dorigin= ******* sec dx=    -1.4 km dy=    -0.2 km dz=    10.4 km drms=  0.96

 unweighted rms =     0.97

-----------------------------------------------------------------------------

  Day has changed, hours added:          24

 EVENT #      5

 2022  612 1557 32.8 L  36.623  51.458  0.0       5 0.0 2.5l                   1

   First arrival: MCRG 2022  612    0  0  8.60

 Starting location depth =    10.0 km
Starting location   10.0 km from closest station and rms    36.34   51.38    4.05
Starting location   10.0 km from closest station and rms    36.16   51.38    5.36
Starting location   10.0 km from closest station and rms    36.34   51.16    4.85
Starting location   10.0 km from closest station and rms    36.16   51.16    5.73
Starting location   50.0 km from closest station and rms    36.70   51.82    5.80
Starting location   50.0 km from closest station and rms    35.80   51.82    9.70
Starting location   50.0 km from closest station and rms    36.70   50.71    6.09
Starting location   50.0 km from closest station and rms    35.80   50.71    5.69
Starting location  150.0 km from closest station and rms    37.60   52.93   15.17
Starting location  150.0 km from closest station and rms    34.89   52.93   18.99
Starting location  150.0 km from closest station and rms    37.60   49.60   14.84
Starting location  150.0 km from closest station and rms    34.89   49.60   11.23

 maximum multi-station phase: P          5


   5 multiple-phase stations

        MCRG  P -S         66.9 km
        CMGM  P -S        160.5 km
        OMHQ  P -S        209.9 km
        EQSO  P -S        171.4 km
        VMZK  P -S        195.3 km

 Starting location from 2 distances:   36.10   52.01
 rms =     9.96
 Starting location from 2 distances:   36.17   50.53
 rms =     5.57

 iter   origin      lat      long depth  no  m    rms   damp.  erlg  erlt  erdp
         (sec)  (dg mn)   (dg mn)  (km)         (sec)          (km)  (km)  (km)
    1     0.84 3620.16N  5122.65E  10.0  10  2   4.15   0.005   5.1   2.4   0.0
    2     0.34 3636.10N  5126.15E  10.0  10  2   1.14   0.005  24.3  25.7   0.0
    3     0.40 3634.58N  5125.76E  10.0  10  2   1.05   0.005   7.4   5.3   0.0
    3     0.40 3634.57N  5125.79E  10.0  10  2   1.05   0.005   6.8   4.9   0.0
 depth freed: icd=   3
    4     1.14 3634.02N  5124.48E  18.3  10  3   1.05   0.010   9.8   6.2  20.1
    5     1.11 3631.49N  5120.75E  30.7  10  3   0.96   0.007  18.2  11.4  44.8
    6     1.12 3630.99N  5120.32E  29.1  10  3   0.94   0.005  16.3  12.2  47.1
    7     1.12 3630.99N  5120.32E  29.2  10  2   0.94   0.005  16.3  12.3   0.0

   date hrmn   sec      lat      long depth   no m    rms  damp erln erlt erdp ic
 22 612  0 0  1.12 3630.99N  51 20.3E  29.2   10 3   0.94 0.000 17.5 13.2 53.9  3

 Origin time error:       2.15

 DRMS Values: d=    5.00 km

 DRMS:       lon+d     lon-d     lat+d     lat-d   depth+d   depth-d
  DRMS pos    0.17      0.16      0.21      0.19      0.03      0.05

 Resolution matrix: k =      0.005

                             Long     Lat   Depth
                     Long   0.978  -0.018   0.025
                      Lat  -0.018   0.976   0.027
                    Depth   0.025   0.027   0.957

 Azimuthal Gap in Station Coverage 169 degrees
  
     
 stn   dist   azm  ain w phas    calcphs hrmn tsec  t-obs  t-cal    res   wt di
 MCRG    31 192.2119.4 0 P   0   PG       0 0  8.6   7.48   7.73  -0.25 1.00 10
 MCRG    31 192.2119.4 0 S   0   SG       0 0 14.8  13.68  13.54   0.14 1.00 23
 CMGM   125   0.8 92.0 0 P   0   PG       0 0 23.0  21.93  21.34   0.59 0.88*10
 CMGM   125   0.8 92.0 0 S   0   SG       0 0 37.9  36.79  37.35  -0.55 0.88*22
 OMHQ   134  94.7 91.8 0 P   0   PG       0 0 23.7  22.60  22.79  -0.19 0.86* 3
 OMHQ   134  94.7 91.8 0 S   0   SG       0 0 43.2  42.04  39.88   2.16 0.86* 9
 EQSO   140  94.0 91.7 0 P   0   PG       0 0 25.5  24.36  23.67   0.69 0.85* 3
 EQSO   140  94.0 91.7 0 S   0   SG       0 0 41.3  40.23  41.43  -1.20 0.85* 8
 VMZK   155 105.3 91.5 0 S   0   SG       0 0 44.8  43.67  45.05  -1.38 0.81* 5
 VMZK   155 105.3 91.5 0 P   0   PG       0 0 26.7  25.59  25.74  -0.15 0.81* 6
      

 Difference from previous solution:

 dorigin= ******* sec dx=   -10.7 km dy=   -11.8 km dz=    29.2 km drms=  0.94

 unweighted rms =     0.96

-----------------------------------------------------------------------------


 EVENT #      6

 2022  612 1558 32.8 L  36.519  51.118  0.0       7 0.0 3.5l                   1

   First arrival: XMTN 2022  612    0  0  2.32

 Starting location depth =    10.0 km
Starting location   10.0 km from closest station and rms    36.54   51.23    1.59
Starting location   10.0 km from closest station and rms    36.36   51.23    3.16
Starting location   10.0 km from closest station and rms    36.54   51.00    1.13
Starting location   10.0 km from closest station and rms    36.36   51.00    2.17
Starting location   50.0 km from closest station and rms    36.90   51.67    9.91
Starting location   50.0 km from closest station and rms    36.00   51.67   10.82
Starting location   50.0 km from closest station and rms    36.90   50.56    6.87
Starting location   50.0 km from closest station and rms    36.00   50.56    4.41
Starting location  150.0 km from closest station and rms    37.80   52.79   19.84
Starting location  150.0 km from closest station and rms    35.10   52.79   22.67
Starting location  150.0 km from closest station and rms    37.80   49.44   14.84
Starting location  150.0 km from closest station and rms    35.10   49.44   11.34

 maximum multi-station phase: P          7


   7 multiple-phase stations

        XMTN  P -S         21.8 km
        MCRG  P -S         51.5 km
        CMGM  P -S        155.3 km
        JFVP  P -S        224.4 km
        MTOS  P -S        207.8 km
        OMHQ  P -S        205.2 km
        UMUW  P -S        246.5 km

 Starting location from 2 distances:   36.43   50.99
 rms =     1.85
 Starting location from 2 distances:   36.46   50.97
 rms =     2.22

 iter   origin      lat      long depth  no  m    rms   damp.  erlg  erlt  erdp
         (sec)  (dg mn)   (dg mn)  (km)         (sec)          (km)  (km)  (km)
    1    58.73 3632.50N  51 0.15E  10.0  14  2   1.13   0.005   6.9   5.0   0.0
    2     0.43 3633.10N  51 8.91E  10.0  14  2   1.01   0.005  14.1   5.8   0.0
    3    59.99 3632.25N  51 5.83E  10.0  14  2   0.84   0.005   7.4   4.3   0.0
    3     0.05 3632.05N  51 6.00E  10.0  14  2   0.84   0.005   7.6   3.6   0.0
 depth freed: icd=   3
    4     0.06 3633.24N  51 8.97E   6.1  14  3   0.84   0.010  14.3   6.0   7.7
    5    59.69 3629.60N  51 1.22E  20.4  14  3   1.36   0.013  19.3  10.4  20.4
    6     0.01 3634.27N  51 9.42E   6.4  14  3   0.94   0.009  25.5  13.9  12.1
    7    59.72 3629.72N  51 1.37E  20.7  14  3   1.39   0.012  21.1  11.3  23.0
    8    59.99 3634.39N  51 9.59E   6.2  14  3   0.95   0.008  26.3  14.4  12.7
    9     0.03 3632.81N  51 7.08E   8.7  14  3   0.83   0.084   7.9   4.4   6.3
   10     0.01 3632.67N  51 7.10E   8.1  14  3   0.82   0.021  12.1   6.2   8.1
   11     0.01 3632.32N  51 6.44E   9.1  14  3   0.82   0.011  25.7  13.5  20.0
   12    59.87 3634.37N  5110.36E   4.0  14  3   0.93   0.014  23.6  12.4  16.0
   13     0.26 3633.25N  51 7.01E  12.7  14  3   1.10   0.019   8.8   4.5  12.8
   14    59.69 3634.52N  5110.44E   3.1  14  3   0.93   0.012  24.9  12.7  18.6
   15    59.88 3633.32N  51 7.29E   7.3  14  3   0.83   0.008  13.9   5.5  13.5
   16     0.01 3632.67N  51 7.05E   8.2  14  3   0.82   0.089   6.8   3.2   3.1
   17     0.01 3632.63N  51 7.03E   8.2  14  3   0.82   0.059   7.5   3.6   3.7
   18     0.01 3632.65N  51 7.07E   8.2  14  3   0.82   0.030  14.7   7.6  10.5
   19     0.01 3632.57N  51 6.92E   8.4  14  3   0.82   0.020  12.3   6.3   8.5
   20    59.99 3633.15N  51 8.02E   6.8  14  3   0.83   0.010  26.6  14.0  20.0
   21    59.62 3629.51N  51 1.04E  19.0  14  3   1.24   0.013  21.5  11.3  20.0
   22     0.05 3633.63N  51 8.80E   6.9  14  3   0.87   0.009  22.4  11.9  10.6
   23    59.56 3629.28N  51 0.56E  20.8  14  3   1.38   0.012  22.1  11.8  22.1
   24     0.03 3634.42N  51 9.50E   6.8  14  3   0.98   0.008  25.7  14.2  11.8
   25     0.02 3631.30N  51 4.29E  14.3  14  3   0.97   0.021  14.4   7.8  14.4
   26     0.09 3633.41N  51 8.26E   8.0  14  3   0.87   0.056  14.3   7.3   6.9
   27     0.03 3632.19N  51 6.04E   9.9  14  3   0.84   0.037   8.8   4.6   5.9
   28     0.07 3633.06N  51 8.59E   6.6  14  3   0.83   0.025  12.8   5.5   6.9
   29     0.03 3632.44N  51 6.56E   9.3  14  3   0.83   0.067   7.0   3.8   4.7
   30     0.03 3632.62N  51 7.36E   7.8  14  3   0.82   0.178   7.5   3.6   3.9
   31     0.01 3632.64N  51 7.05E   8.2  14  3   0.82   0.118   6.2   3.0   2.4
   32     0.01 3632.63N  51 7.03E   8.2  14  3   0.82   0.079   6.9   3.3   3.0

   date hrmn   sec      lat      long depth   no m    rms  damp erln erlt erdp ic
 22 612  0 0  0.01 3632.57N  51  6.9E   8.4   14 3   0.82 0.000 50.1 26.4 39.3  3

 Origin time error:       1.94

 DRMS Values: d=    5.00 km

 DRMS:       lon+d     lon-d     lat+d     lat-d   depth+d   depth-d
  DRMS pos    0.17      0.12      0.31      0.28      0.26      0.24

 Resolution matrix: k =      0.079

                             Long     Lat   Depth
                     Long   0.746  -0.186   0.305
                      Lat  -0.186   0.713   0.331
                    Depth   0.305   0.331   0.484

 Azimuthal Gap in Station Coverage 189 degrees
  
     
 stn   dist   azm  ain w phas    calcphs hrmn tsec  t-obs  t-cal    res   wt di
 XMTN    10 180.7126.5 0 P   0   PG       0 0  2.3   2.31   2.77  -0.46 1.00  8
 XMTN    10 180.7126.5 0 S   0   SG       0 0  4.3   4.33   4.84  -0.51 1.00 12
 MCRG    36 157.6 99.0 0 P   0   PG       0 0  8.5   8.53   7.58   0.94 1.00  3
 MCRG    36 157.6 99.0 0 S   0   SG       0 0 13.3  13.30  13.27   0.03 1.00 14
 CMGM   124  10.0 47.3 0 P   0   PN5      0 0 24.5  24.51  22.93   1.58 0.89* 9
 CMGM   124  10.0 47.3 0 S   0   SN5      0 0 38.9  38.89  40.12  -1.23 0.89*16
 MTOS   145  91.6 47.3 0 P   0   PN5      0 0 26.2  26.18  26.06   0.11 0.84* 4
 MTOS   145  91.6 47.3 0 S   0   SN5      0 0 45.4  45.42  45.61  -0.19 0.84*12
 JFVP   146 103.6 47.3 0 P   0   PN5      0 0 24.9  24.91  26.29  -1.37 0.83* 1
 JFVP   146 103.6 47.3 0 S   0   SN5      0 0 45.7  45.69  46.01  -0.32 0.83* 7
 OMHQ   155  95.0 47.3 0 P   0   PN5      0 0 28.9  28.86  27.50   1.37 0.81* 2
 OMHQ   155  95.0 47.3 0 S   0   SN5      0 0 47.9  47.86  48.12  -0.25 0.81* 7
 UMUW   171 103.7 47.3 0 P   0   PN5      0 0 29.8  29.80  29.84  -0.05 0.78* 0
 UMUW   171 103.7 47.3 0 S   0   SN5      0 0 52.6  52.62  52.22   0.40 0.78* 6
      

 Difference from previous solution:

 dorigin= ******* sec dx=    -0.2 km dy=     2.6 km dz=     8.4 km drms=  0.82

 unweighted rms =     0.82

-----------------------------------------------------------------------------


 EVENT #      7

 2022  612 1559 32.8 L  36.678  51.268  0.0       3 0.0 1.5l                   1

   First arrival: XMTN 2022  612    0  0  7.53

 Starting location depth =    10.0 km
Starting location   10.0 km from closest station and rms    36.54   51.23    3.49
Starting location   10.0 km from closest station and rms    36.36   51.23    5.42
Starting location   10.0 km from closest station and rms    36.54   51.00    4.12
Starting location   10.0 km from closest station and rms    36.36   51.00    5.50
Starting location   50.0 km from closest station and rms    36.90   51.67    7.05
Starting location   50.0 km from closest station and rms    36.00   51.67   11.56
Starting location   50.0 km from closest station and rms    36.90   50.56    6.02
Starting location   50.0 km from closest station and rms    36.00   50.56    5.64
Starting location  150.0 km from closest station and rms    37.80   52.79   17.98
Starting location  150.0 km from closest station and rms    35.10   52.79   24.93
Starting location  150.0 km from closest station and rms    37.80   49.44   14.81
Starting location  150.0 km from closest station and rms    35.10   49.44   11.85

 maximum multi-station phase: P          3


   3 multiple-phase stations

        XMTN  P -S         32.5 km
        CMGM  P -S        148.4 km
        UMUW  P -S        243.2 km

 Starting location from 2 distances:   36.12   51.43
 rms =     6.16
 Starting location from 2 distances:   36.21   50.76
 rms =     4.33

 iter   origin      lat      long depth  no  m    rms   damp.  erlg  erlt  erdp
         (sec)  (dg mn)   (dg mn)  (km)         (sec)          (km)  (km)  (km)
    1     0.35 3632.50N  5113.53E  10.0   6  2   3.57   0.005   5.4   2.8   0.0
    2    59.60 3643.33N  5115.98E  10.0   6  2   0.84   0.005  27.8  20.7   0.0
    3    59.66 3642.44N  5115.34E  10.0   6  2   0.76   0.005   8.3   4.1   0.0
    3    59.66 3642.43N  5115.35E  10.0   6  2   0.76   0.005   7.5   3.7   0.0
 depth freed: icd=   3
    4     0.29 3641.75N  5113.67E  21.0   6  3   0.99   0.010  10.4   4.9  18.7
    5    59.85 3638.55N  51 7.42E  29.9   6  3   0.75   0.007  30.1  14.7  38.3
    6    59.96 3641.08N  5112.64E  13.6   6  3   0.84   0.010  21.5  10.6  29.0
    7    59.91 3638.63N  51 7.50E  29.0   6  3   0.73   0.007  28.5  13.4  33.0
    8    59.91 3641.14N  5112.72E  12.8   6  3   0.88   0.010  21.3  10.5  29.8
    9    59.95 3638.85N  51 7.93E  28.9   6  3   0.74   0.007  28.6  13.4  35.0
   10    59.87 3641.15N  5112.73E  12.2   6  3   0.92   0.010  21.5  10.7  31.4
   11    59.99 3639.05N  51 8.30E  28.7   6  3   0.76   0.007  28.7  13.4  36.6
   12    59.82 3641.16N  5112.75E  11.6   6  3   0.96   0.010  21.9  10.9  33.0
   13     0.04 3639.28N  51 8.75E  28.5   6  3   0.78   0.007  28.3  13.1  37.8
   14     0.17 3639.22N  51 8.89E  23.8   6  3   0.71   0.320   8.2   3.5   7.7
   15     0.22 3639.66N  51 9.88E  23.2   6  3   0.69   0.080   8.7   3.5   3.5
   16     0.24 3640.38N  5111.30E  20.5   6  3   0.69   0.020  10.2   4.5   6.4
   17     0.12 3639.01N  51 8.46E  26.6   6  3   0.71   0.010  14.0   6.6  14.1
   18    59.63 3641.27N  5112.81E   9.5   6  3   1.08   0.013  20.5  10.4  34.9
   19     0.17 3639.33N  51 8.91E  24.2   6  3   0.70   0.009  30.0  13.9  32.2
   20    59.93 3642.55N  5115.70E  13.5   6  3   0.83   0.012  27.5  13.4  23.8
   21     0.16 3639.44N  51 9.16E  26.7   6  3   0.75   0.008  23.3  11.4  30.4
   22     0.18 3639.38N  51 9.19E  22.3   6  3   0.73   0.337   7.6   3.2   7.6
   23     0.22 3639.69N  51 9.93E  22.9   6  3   0.69   0.225   7.5   2.9   2.7
   24     0.23 3639.81N  5110.15E  22.6   6  3   0.69   0.150   7.3   3.0   2.6
   25     0.23 3639.92N  5110.36E  22.2   6  3   0.69   0.100   7.6   3.2   2.8
   26     0.23 3640.22N  5110.95E  21.1   6  3   0.69   0.025   8.5   3.6   3.8
   27     0.23 3639.90N  5110.29E  22.4   6  3   0.69   0.012   8.6   3.7   4.2
   28     0.20 3640.88N  5112.30E  18.5   6  3   0.70   0.017  11.7   5.3   9.1
   29    59.87 3638.77N  51 7.87E  30.2   6  3   0.77   0.022  18.9   9.0  26.6
   30     0.19 3639.89N  5110.32E  19.9   6  3   0.75   0.059  14.6   6.8  17.8
   31     0.23 3640.10N  5110.73E  21.5   6  3   0.69   0.039   8.7   3.5   3.4
   32     0.23 3640.17N  5110.84E  21.2   6  3   0.69   0.026   8.0   3.4   2.9
   33     0.23 3640.11N  5110.71E  21.5   6  3   0.69   0.013   8.2   3.4   2.9
   34     0.23 3640.30N  5111.11E  20.7   6  3   0.69   0.018   8.3   3.5   3.4
   35     0.23 3639.87N  5110.22E  22.6   6  3   0.69   0.023   8.8   3.9   5.2
   36     0.23 3640.00N  5110.52E  21.9   6  3   0.69   0.062   8.0   3.3   3.0
   37     0.23 3640.12N  5110.75E  21.4   6  3   0.69   0.042   8.0   3.3   2.9
   38     0.23 3640.16N  5110.82E  21.3   6  3   0.69   0.028   8.0   3.4   2.8
   39     0.23 3640.13N  5110.76E  21.4   6  3   0.69   0.014   8.2   3.4   2.9
   40     0.23 3640.22N  5110.94E  21.0   6  3   0.69   0.009   8.2   3.4   2.9
   41     0.23 3639.86N  5110.19E  22.6   6  3   0.69   0.012   8.7   3.8   4.6
   42     0.19 3641.01N  5112.56E  18.0   6  3   0.70   0.016  12.8   5.9  10.4
   43     0.16 3639.11N  51 8.60E  24.5   6  3   0.70   0.011  16.9   8.1  15.1
   44     0.24 3640.14N  5110.85E  21.7   6  3   0.69   0.029  11.6   5.1   7.2
   45     0.23 3640.20N  5110.89E  21.1   6  3   0.69   0.019   8.1   3.4   2.9
   46     0.23 3639.93N  5110.34E  22.3   6  3   0.69   0.010   8.5   3.6   3.9
   47     0.18 3641.03N  5112.60E  17.9   6  3   0.70   0.013  12.5   5.7  10.2
   48     0.11 3638.79N  51 7.93E  25.8   6  3   0.70   0.018  19.6   9.4  18.1
   49     0.22 3639.63N  51 9.85E  23.5   6  3   0.69   0.047  10.9   4.6   5.8
   50     0.24 3640.11N  5110.75E  21.6   6  3   0.69   0.032   9.2   4.0   4.8
   51     0.23 3640.19N  5110.87E  21.2   6  3   0.69   0.021   8.1   3.4   2.9
   52     0.23 3639.99N  5110.47E  22.0   6  3   0.69   0.011   8.3   3.5   3.4
   53     0.21 3640.77N  5112.07E  18.8   6  3   0.69   0.014  10.6   4.7   7.6
   54    59.85 3638.64N  51 7.62E  30.2   6  3   0.76   0.019  19.3   9.2  25.7
   55     0.19 3639.99N  5110.53E  19.4   6  3   0.74   0.050  15.3   7.2  18.6
   56     0.23 3640.04N  5110.60E  21.8   6  3   0.69   0.033   9.0   3.7   4.4
   57     0.23 3640.21N  5110.93E  21.1   6  3   0.69   0.022   8.2   3.5   3.2
   58     0.23 3640.18N  5110.86E  21.2   6  3   0.69   0.059   7.7   3.3   2.8

   date hrmn   sec      lat      long depth   no m    rms  damp erln erlt erdp ic
 22 612  0 0  0.23 3640.19N  51 10.9E  21.2    6 3   0.69 0.000999.9999.9999.9  3

 Origin time error:       1.60

 DRMS Values: d=    5.00 km

 DRMS:       lon+d     lon-d     lat+d     lat-d   depth+d   depth-d
  DRMS pos    0.20      0.15      0.43      0.41      0.22      0.22

 Resolution matrix: k =      0.059

                             Long     Lat   Depth
                     Long   0.753  -0.196   0.325
                      Lat  -0.196   0.712   0.359
                    Depth   0.325   0.359   0.439

 Azimuthal Gap in Station Coverage 174 degrees
  
     
 stn   dist   azm  ain w phas    calcphs hrmn tsec  t-obs  t-cal    res   wt di
 XMTN    25 194.0120.2 0 P   0   PG       0 0  7.5   7.29   6.30   0.99 1.00 12
 XMTN    25 194.0120.2 0 S   0   SG       0 0 10.5  10.30  11.03  -0.73 1.00 22
 CMGM   109   8.3 61.9 0 P   0   PN5      0 0 20.0  19.76  19.38   0.38 0.92*11
 CMGM   109   8.3 61.9 0 S   0   SN5      0 0 33.7  33.50  33.91  -0.41 0.92*22
 UMUW   169 108.9 61.9 0 P   0   PN5      0 0 27.6  27.35  28.23  -0.87 0.78*10
 UMUW   169 108.9 61.9 0 S   0   SN5      0 0 50.1  49.87  49.40   0.47 0.78*23
      

 Difference from previous solution:

 dorigin= ******* sec dx=    -7.8 km dy=    -0.9 km dz=    21.2 km drms=  0.69

 unweighted rms =     0.68

-----------------------------------------------------------------------------


 EVENT #      8

 2022  612 16 0 32.8 L  36.207  51.238  0.0       8 0.0 4.0l                   1

   First arrival: MCRG 2022  612    0  0  0.03

 Starting location depth =    10.0 km
Starting location   10.0 km from closest station and rms    36.34   51.38    2.61
Starting location   10.0 km from closest station and rms    36.16   51.38    2.69
Starting location   10.0 km from closest station and rms    36.34   51.16    1.90
Starting location   10.0 km from closest station and rms    36.16   51.16    1.29
Starting location   50.0 km from closest station and rms    36.70   51.82   10.07
Starting location   50.0 km from closest station and rms    35.80   51.82   10.30
Starting location   50.0 km from closest station and rms    36.70   50.71    7.81
Starting location   50.0 km from closest station and rms    35.80   50.71    4.13
Starting location  150.0 km from closest station and rms    37.60   52.93   24.75
Starting location  150.0 km from closest station and rms    34.89   52.93   18.63
Starting location  150.0 km from closest station and rms    37.60   49.60   16.29
Starting location  150.0 km from closest station and rms    34.89   49.60   10.91

 maximum multi-station phase: P          8


   8 multiple-phase stations

        MCRG  P -S         28.2 km
        JFVP  P -S        190.1 km
        OMHQ  P -S        225.2 km
        CMGM  P -S        243.1 km
        EQSO  P -S        218.4 km
        UMUW  P -S        208.1 km
        VMZK  P -S        213.1 km
        WKAM  P -S        312.5 km

 Starting location from 2 distances:   36.06   50.95
 rms =     2.35
 Starting location from 2 distances:   36.04   50.58
 rms =     4.58

 iter   origin      lat      long depth  no  m    rms   damp.  erlg  erlt  erdp
         (sec)  (dg mn)   (dg mn)  (km)         (sec)          (km)  (km)  (km)
    1    58.75 36 9.34N  51 9.31E  10.0  16  2   1.34   0.005   6.2   3.0   0.0
    2     0.60 3616.45N  5113.90E  10.0  16  2   1.30   0.005  15.0  11.0   0.0
    3    58.70 3610.24N  51 8.63E  10.0  16  2   1.28   0.005  12.4   9.2   0.0
    4     0.51 3615.70N  5113.71E  10.0  16  2   1.23   0.080  12.7   9.9   0.0
    5    59.28 3611.69N  5110.17E  10.0  16  2   1.17   0.320   8.8   7.0   0.0
    6     0.12 3614.40N  5112.42E  10.0  16  2   1.14   0.320   9.0   7.4   0.0
    7    59.87 3613.33N  5111.80E  10.0  16  2   1.13   1.280   4.6   3.8   0.0
    7    59.82 3613.36N  5111.60E  10.0  16  2   1.13   0.320   8.6   7.3   0.0
 depth freed: icd=   3
    8    59.87 3614.18N  5113.72E   5.0  16  3   0.77   0.080  14.2  11.9   4.5
    9    59.95 3614.53N  5114.13E   4.5  16  3   0.76   0.020  10.4   8.8   3.2
   10    59.97 3614.60N  5114.21E   4.5  16  3   0.76   0.005  11.2   9.5   3.3
   11    59.97 3614.62N  5114.23E   4.5  16  2   0.76   0.005  11.4   9.6   0.0

   date hrmn   sec      lat      long depth   no m    rms  damp erln erlt erdp ic
 22 611 2359 59.97 3614.62N  51 14.2E   4.5   16 3   0.76 0.000 11.7  9.8  3.4  3

 Origin time error:       1.71

 DRMS Values: d=    5.00 km

 DRMS:       lon+d     lon-d     lat+d     lat-d   depth+d   depth-d
  DRMS pos    0.13      0.10      0.12      0.11      0.36      0.27

 Resolution matrix: k =      0.005

                             Long     Lat   Depth
                     Long   0.990  -0.007   0.001
                      Lat  -0.007   0.990   0.001
                    Depth   0.001   0.001   0.986

 Azimuthal Gap in Station Coverage 270 degrees
  
     
 stn   dist   azm  ain w phas    calcphs hrmn tsec  t-obs  t-cal    res   wt di
 MCRG     3  84.6145.9 0 P   0   PG       0 0  0.0   0.05   1.14  -1.08 1.00 10
 MCRG     3  84.6145.9 0 S   0   SG       0 0  2.6   2.67   1.99   0.67 1.00 23
 JFVP   131  90.7 47.3 0 P   0   PN5      0 0 24.8  24.83  24.61   0.22 0.87* 3
 JFVP   131  90.7 47.3 0 S   0   SN5      0 0 42.4  42.43  43.06  -0.63 0.87* 4
 OMHQ   144  82.3 47.3 0 P   0   PN5      0 0 26.5  26.50  26.53  -0.03 0.84* 1
 OMHQ   144  82.3 47.3 0 S   0   SN5      0 0 47.3  47.35  46.43   0.92 0.84* 4
 EQSO   151  82.2 47.3 0 P   0   PN5      0 0 27.8  27.81  27.44   0.37 0.82* 1
 EQSO   151  82.2 47.3 0 S   0   SN5      0 0 48.0  48.03  48.02   0.01 0.82* 4
 UMUW   155  92.8 47.3 0 P   0   PN5      0 0 29.0  29.06  28.08   0.99 0.81* 3
 UMUW   155  92.8 47.3 0 S   0   SN5      0 0 48.3  48.33  49.13  -0.80 0.81* 3
 CMGM   155   4.0 47.3 0 P   0   PN5      0 0 27.5  27.49  28.12  -0.63 0.81* 9
 CMGM   155   4.0 47.3 0 S   0   SN5      0 0 50.0  50.00  49.21   0.79 0.81*17
 VMZK   159  93.7 47.3 0 P   0   PN5      0 0 29.8  29.79  28.60   1.19 0.80* 3
 VMZK   159  93.7 47.3 0 S   0   SN5      0 0 49.5  49.52  50.05  -0.54 0.80* 3
 WKAM   219  44.5 47.3 0 S   0   SN5      0 1  5.0  65.05  65.57  -0.51 0.66* 9
 WKAM   219  44.5 47.3 0 P   0   PN5      0 0 36.1  36.12  37.47  -1.35 0.66* 1
      

 Difference from previous solution:

 dorigin= ******* sec dx=    -0.1 km dy=     4.1 km dz=     4.5 km drms=  0.76

 unweighted rms =     0.77

-----------------------------------------------------------------------------

  Day has changed, hours added:          24

 EVENT #      9

 2022  612 16 1 32.8 L  36.656  51.498  0.0      10 0.0 5.0l                   1

   First arrival: XMTN 2022  612    0  0  9.06

 Starting location depth =    10.0 km
Starting location   10.0 km from closest station and rms    36.54   51.23    4.13
Starting location   10.0 km from closest station and rms    36.36   51.23    5.45
Starting location   10.0 km from closest station and rms    36.54   51.00    5.59
Starting location   10.0 km from closest station and rms    36.36   51.00    6.25
Starting location   50.0 km from closest station and rms    36.90   51.67    4.78
Starting location   50.0 km from closest station and rms    36.00   51.67    6.89
Starting location   50.0 km from closest station and rms    36.90   50.56    7.38
Starting location   50.0 km from closest station and rms    36.00   50.56    6.59
Starting location  150.0 km from closest station and rms    37.80   52.79   19.51
Starting location  150.0 km from closest station and rms    35.10   52.79   17.33
Starting location  150.0 km from closest station and rms    37.80   49.44   14.01
Starting location  150.0 km from closest station and rms    35.10   49.44   11.64

 maximum multi-station phase: P         10


  10 multiple-phase stations

        XMTN  P -S         53.7 km
        MCRG  P -S         65.1 km
        MTOS  P -S        181.4 km
        CMGM  P -S        158.3 km
        OMHQ  P -S        183.3 km
        JFVP  P -S        147.1 km
        UMUW  P -S        224.2 km
        EQSO  P -S        159.6 km
        VMZK  P -S        218.2 km
        WKAM  P -S        230.2 km

 Starting location from 2 distances:   36.12   50.54
 rms =     6.63
 Starting location from 2 distances:   36.60   51.54
 rms =     2.48

 iter   origin      lat      long depth  no  m    rms   damp.  erlg  erlt  erdp
         (sec)  (dg mn)   (dg mn)  (km)         (sec)          (km)  (km)  (km)
    1    59.49 3647.28N  5132.70E  10.0  20  2   2.55   0.005   9.1   7.6   0.0
    2    59.93 3638.74N  5129.30E  10.0  20  2   0.89   0.005  11.5  10.0   0.0
    3     0.02 3638.26N  5129.68E  10.0  20  2   0.88   0.005   3.7   3.9   0.0
    3     0.02 3638.26N  5129.67E  10.0  20  2   0.88   0.005   3.7   3.9   0.0
 depth freed: icd=   3
    4     0.76 3637.93N  5128.50E  17.9  20  3   0.91   0.010   5.4   4.6  12.4
    5     0.93 3637.11N  5126.91E  22.2  20  3   0.88   0.007   5.2   4.8  14.7
    6     0.45 3637.72N  5128.36E  15.0  20  3   0.86   0.005  14.6   8.4  26.1
    7     0.68 3637.10N  5127.31E  17.9  20  3   0.85   0.005  11.4   6.8  17.8
    8     0.94 3637.10N  5126.89E  22.3  20  3   0.88   0.010   4.8   4.4  13.7
    9     0.47 3637.69N  5128.29E  15.3  20  3   0.86   0.007  13.9   8.1  24.6
   10     0.67 3637.11N  5127.33E  17.8  20  3   0.85   0.005  11.5   6.9  17.8
   11     0.74 3637.09N  5126.87E  19.4  20  3   0.85   0.005   6.6   4.5   9.6
   12     0.73 3637.10N  5127.17E  18.7  20  3   0.85   0.005  11.9   6.9  25.9
   13     0.79 3636.99N  5126.92E  19.9  20  3   0.85   0.010  10.8   6.5  25.6
   14     0.69 3637.19N  5127.35E  18.0  20  3   0.85   0.007  12.0   7.0  24.8
   15     0.94 3637.10N  5126.90E  22.3  20  3   0.88   0.010   4.8   4.4  13.7
   16     0.47 3637.69N  5128.29E  15.3  20  3   0.86   0.007  13.9   8.1  24.6
   17     0.67 3637.11N  5127.33E  17.8  20  3   0.85   0.005  11.5   6.9  17.8
   18     0.74 3637.09N  5126.87E  19.4  20  3   0.85   0.005   6.6   4.5   9.6
   19     0.73 3637.10N  5127.17E  18.7  20  3   0.85   0.005  11.9   6.9  25.9
   20     0.79 3636.99N  5126.92E  19.9  20  3   0.85   0.010  10.8   6.5  25.6
   21     0.69 3637.19N  5127.35E  18.0  20  3   0.85   0.007  12.0   7.0  24.8
   22     0.94 3637.10N  5126.90E  22.3  20  3   0.88   0.010   4.8   4.4  13.7
   23     0.47 3637.69N  5128.29E  15.3  20  3   0.86   0.007  13.9   8.1  24.6
   24     0.67 3637.11N  5127.33E  17.8  20  3   0.85   0.005  11.5   6.9  17.8
   25     0.74 3637.09N  5126.87E  19.4  20  3   0.85   0.005   6.6   4.5   9.6
   26     0.73 3637.10N  5127.17E  18.7  20  3   0.85   0.005  11.9   6.9  25.9
   27     0.79 3636.99N  5126.92E  19.9  20  3   0.85   0.010  10.8   6.5  25.6
   28     0.69 3637.19N  5127.35E  18.0  20  3   0.85   0.007  12.0   7.0  24.8
   29     0.69 3637.19N  5127.35E  18.1  20  2   0.85   0.005   0.0   0.1   0.0
   30     0.69 3637.17N  5127.30E  18.1  20  2   0.85   0.005   3.6   3.8   0.0

   date hrmn   sec      lat      long depth   no m    rms  damp erln erlt erdp ic
 22 612  0 0  0.69 3637.17N  51 27.3E  18.1   20 3   0.85 0.000  4.9  4.4 13.8  3

 Origin time error:       2.04

 DRMS Values: d=    5.00 km

 DRMS:       lon+d     lon-d     lat+d     lat-d   depth+d   depth-d
  DRMS pos    0.30      0.28      0.18      0.19      0.07      0.12

 Resolution matrix: k =      0.005

                             Long     Lat   Depth
                     Long   0.992   0.001   0.003
                      Lat   0.001   0.994   0.001
                    Depth   0.003   0.001   0.993

 Azimuthal Gap in Station Coverage 117 degrees
  
     
 stn   dist   azm  ain w phas    calcphs hrmn tsec  t-obs  t-cal    res   wt di
 XMTN    36 238.7 64.2 0 P   0   PN4      0 0  9.1   8.37   7.86   0.51 1.00  7
 XMTN    36 238.7 64.2 0 S   0   SN4      0 0 14.0  13.34  13.75  -0.41 1.00 15
 MCRG    45 202.3 64.2 0 P   0   PN4      0 0 10.4   9.76   9.36   0.40 1.00  5
 MCRG    45 202.3 64.2 0 S   0   SN4      0 0 16.5  15.79  16.37  -0.58 1.00 14
 CMGM   113 355.7 52.6 0 P   0   PN5      0 0 21.5  20.80  20.32   0.49 0.91* 9
 CMGM   113 355.7 52.6 0 S   0   SN5      0 0 36.1  35.46  35.55  -0.10 0.91*21
 MTOS   115  96.5 52.6 0 P   0   PN5      0 0 19.9  19.17  20.56  -1.39 0.91* 0
 MTOS   115  96.5 52.6 0 S   0   SN5      0 0 36.7  35.97  35.99  -0.02 0.91* 3
 JFVP   120 111.3 52.6 0 P   0   PN5      0 0 23.5  22.82  21.27   1.55 0.89* 0
 JFVP   120 111.3 52.6 0 S   0   SN5      0 0 37.1  36.44  37.21  -0.78 0.89* 4
 OMHQ   126 100.3 52.6 0 P   0   PN5      0 0 22.4  21.74  22.10  -0.36 0.88* 0
 OMHQ   126 100.3 52.6 0 S   0   SN5      0 0 39.4  38.71  38.68   0.03 0.88* 3
 EQSO   131  99.4 52.6 0 P   0   PN5      0 0 25.0  24.28  22.96   1.33 0.87* 0
 EQSO   131  99.4 52.6 0 S   0   SN5      0 0 39.7  39.06  40.18  -1.12 0.87* 3
 UMUW   144 110.1 52.6 0 P   0   PN5      0 0 24.1  23.41  24.80  -1.39 0.84* 0
 UMUW   144 110.1 52.6 0 S   0   SN5      0 0 44.9  44.17  43.40   0.77 0.84* 3
 VMZK   148 110.7 52.6 0 P   0   PN5      0 0 26.5  25.77  25.42   0.35 0.83* 0
 VMZK   148 110.7 52.6 0 S   0   SN5      0 0 46.7  45.97  44.48   1.49 0.83* 3
 WKAM   176  49.6 52.6 0 S   0   SN5      0 0 51.6  50.86  51.66  -0.80 0.76* 6
 WKAM   176  49.6 52.6 0 P   0   PN5      0 0 30.2  29.55  29.52   0.03 0.76* 2
      

 Difference from previous solution:

 dorigin= ******* sec dx=    -3.8 km dy=    -4.1 km dz=    18.1 km drms=  0.85

 unweighted rms =     0.86

-----------------------------------------------------------------------------


 EVENT #     10

 2022  612 16 2 32.8 L  36.097  51.207  0.0       5 0.0 2.5l                   1

   First arrival: MCRG 2022  612    0  0  5.34

 Starting location depth =    10.0 km
Starting location   10.0 km from closest station and rms    36.34   51.38    1.73
Starting location   10.0 km from closest station and rms    36.16   51.38    2.11
Starting location   10.0 km from closest station and rms    36.34   51.16    2.86
Starting location   10.0 km from closest station and rms    36.16   51.16    1.19
Starting location   50.0 km from closest station and rms    36.70   51.82   10.77
Starting location   50.0 km from closest station and rms    35.80   51.82   11.86
Starting location   50.0 km from closest station and rms    36.70   50.71    4.82
Starting location   50.0 km from closest station and rms    35.80   50.71    3.52
Starting location  150.0 km from closest station and rms    37.60   52.93   21.69
Starting location  150.0 km from closest station and rms    34.89   52.93   23.39
Starting location  150.0 km from closest station and rms    37.60   49.60   10.55
Starting location  150.0 km from closest station and rms    34.89   49.60   11.06

 maximum multi-station phase: P          5


   5 multiple-phase stations

        MCRG  P -S          6.2 km
        XMTN  P -S         55.9 km
        MTOS  P -S        234.3 km
        UMUW  P -S        238.4 km
        VMZK  P -S        231.1 km

 Starting location from 2 distances:   36.01   51.30
 rms =     1.11
 Starting location from 2 distances:   35.83   51.43
 rms =     4.14

 iter   origin      lat      long depth  no  m    rms   damp.  erlg  erlt  erdp
         (sec)  (dg mn)   (dg mn)  (km)         (sec)          (km)  (km)  (km)
    1     1.78 3611.89N  5118.09E  10.0  10  2   1.09   0.005   3.6   3.8   0.0
    2     1.17 36 9.95N  5115.63E  10.0  10  2   1.00   0.005  12.2  16.7   0.0
    3     0.22 36 7.51N  5112.78E  10.0  10  2   0.93   0.005  12.9  12.9   0.0
    4     0.18 36 7.59N  5112.40E  10.0  10  2   0.93   0.005  11.0   8.8   0.0
    4     0.18 36 7.59N  5112.38E  10.0  10  2   0.93   0.005  10.9   8.7   0.0
 depth freed: icd=   3
    5     0.34 36 8.03N  5112.51E  10.9  10  3   0.93   0.005  12.9  11.7   6.7
    6     0.39 36 8.30N  5112.30E  11.6  10  3   0.93   0.005  13.3  13.2   9.9
    7     0.40 36 8.33N  5112.31E  11.6  10  3   0.93   0.010  13.5  13.5   9.2

   date hrmn   sec      lat      long depth   no m    rms  damp erln erlt erdp ic
 22 612  0 0  0.39 36 8.30N  51 12.3E  11.6   10 3   0.93 0.000 13.8 13.9  9.3  3

 Origin time error:       2.17

 DRMS Values: d=    5.00 km

 DRMS:       lon+d     lon-d     lat+d     lat-d   depth+d   depth-d
  DRMS pos    0.19      0.13      0.15      0.15      0.25      0.21

 Resolution matrix: k =      0.010

                             Long     Lat   Depth
                     Long   0.974  -0.018   0.003
                      Lat  -0.018   0.962  -0.017
                    Depth   0.003  -0.017   0.975

 Azimuthal Gap in Station Coverage 257 degrees
  
     
 stn   dist   azm  ain w phas    calcphs hrmn tsec  t-obs  t-cal    res   wt di
 MCRG    13  24.8124.7 0 P   0   PG       0 0  5.3   4.95   3.60   1.35 1.00 10
 MCRG    13  24.8124.7 0 S   0   SG       0 0  5.9   5.52   6.29  -0.78 1.00 23
 XMTN    36 346.8 95.9 0 P   0   PG       0 0  8.3   7.94   7.57   0.37 1.00 10
 XMTN    36 346.8 95.9 0 S   0   SG       0 0 13.5  13.12  13.25  -0.13 1.00 22
 MTOS   143  73.4 52.6 0 P   0   PN5      0 0 23.7  23.28  25.35  -2.07 0.84* 2
 MTOS   143  73.4 52.6 0 S   0   SN5      0 0 45.4  44.97  44.36   0.61 0.84*12
 UMUW   158  88.5 52.6 0 P   0   PN5      0 0 27.6  27.21  27.55  -0.34 0.81* 5
 UMUW   158  88.5 52.6 0 S   0   SN5      0 0 49.7  49.28  48.21   1.07 0.81* 6
 VMZK   161  89.5 52.6 0 P   0   PN5      0 0 28.1  27.67  28.05  -0.38 0.80* 5
 VMZK   161  89.5 52.6 0 S   0   SN5      0 0 49.5  49.06  49.08  -0.02 0.80* 5
      

 Difference from previous solution:

 dorigin= ******* sec dx=    -0.2 km dy=     4.6 km dz=    11.6 km drms=  0.93

 unweighted rms =     0.93

-----------------------------------------------------------------------------


 average differences from previous solutions:       10 events

                            mean         rms

 origin time:          -57482.8 sec     171.7
 longitude:                -2.6 km        4.3
 latitude:                  0.6 km        5.4
 depth:                    14.9 km        6.7


 average station residuals (weighted):

 station     p residual rms dev  no p     s residual rms dev  no s
 CMGM              0.34    0.71     8          -0.10    0.62     8
 JFVP             -0.23    0.87     7           0.04    0.64     7
 MTOS             -0.93    0.97     6          -0.09    0.52     6
 OMHQ              0.20    0.58     6           0.34    1.00     6
 WKAM             -0.66    0.69     2          -0.66    0.14     2
 UMUW              0.28    0.95     9           0.25    0.84     9
 XMTN              0.09    0.70     5          -0.26    0.42     5
 VMZK              0.20    0.56     8          -0.07    0.87     8
 MCRG              0.25    0.84     7          -0.08    0.45     7
 EQSO              0.23    0.96     6          -0.55    0.50     6

 Mean rms value (  10 events) =        0.799
