 Year Date HRMM  Sec Latitud Longitud Depth Error Error Error NST  RMS GAP
 2021  2 1 0357 10.6  28.966   50.930  10.7   1.3   1.2   1.5  18  0.2 113
 2021  2 1 0623  1.5  29.044   51.367   6.5   1.5   2.2   1.6   7  0.2 289
 2021  2 2 0030 58.3  28.906   51.348   3.7   1.1   2.6   2.6   9  0.2 234
 2021  2 2 0131  5.1  28.964   50.929  11.5   1.1   0.9   1.2  19  0.1 135
 2021  2 3 0810 55.0  28.828   51.320  10.0   0.9   2.0   1.7   7  0.1 262
 2021  2 4 0106  0.9  29.052   51.309   9.2   2.1   2.2   2.5   6  0.1 257
 2021  2 5 0351  7.2  28.628   51.128   5.9   1.6   1.7   2.0   6  0.2 185
 2021  2 6 1713 43.8  28.751   51.314  14.7   1.3   2.1   2.5   4  0.1 194
 2021  2 8 0202 32.5  28.966   51.127  11.6   1.0   0.7   1.2  18  0.2  86
 2021  2 8 0229 58.2  28.959   51.124  11.1   1.3   1.3   1.8  11  0.2  99
 2021  2 8 0301 32.5  28.967   51.130  13.2   1.0   0.9   2.0  22  0.2  79
 2021  2 8 0348  0.8  28.971   51.134  15.5   1.3   1.1   2.5  19  0.2  67
 2021  2 8 0411 34.3  28.964   51.128  11.9   1.2   1.0   1.6  11  0.2 101
 2021  2 8 0520 33.0  28.966   51.122  11.4   0.8   1.0   1.4   7  0.1 114
 2021  2 8 1610 59.4  28.985   51.011  12.7   0.9   0.8   1.5  25  0.2  82
 2021  2 8 1611 36.3  28.995   51.004  14.5   2.2   0.7   1.9   7  0.1 212
 2021  2 8 1614 49.3  28.995   51.006  14.1   1.3   0.8   1.4  26  0.2 143
 2021  2 8 1615  8.0  28.986   51.011  13.2   2.2   1.7   2.7   5  0.1 160
 2021  2 8 1619 40.9  28.987   51.011  12.0   1.8   1.1   2.1   9  0.1 147
 2021  212 1618 55.4  28.704   51.175   6.6   2.0   1.6   2.3   6  0.2  96
 2021  216 0017 52.7  29.003   51.256  10.7   0.6   0.8   0.6  22  0.1 176
 2021  216 0107 51.0  29.004   51.259  10.6   0.9   1.0   0.9  13  0.1 184
 2021  216 1025 25.3  28.980   51.350   5.8   1.4   2.1   1.7   7  0.1 291
 2021  216 2045 31.4  28.697   51.203  10.7   2.7   2.5   2.8   9  0.3  99
 2021  217 2219 20.6  29.270   51.335   7.5   1.5   2.0   2.7   9  0.1 296
 2021  217 2345 28.9  28.971   51.016  14.3   1.4   0.9   1.4  23  0.2  96
 2021  217 2348 45.1  28.981   51.016  13.0   2.3   1.3   1.9  14  0.2 141
 2021  218 0213  0.1  28.642   51.110  10.8   2.4   2.6   2.3   9  0.3 183
 2021  218 1400  5.6  29.245   51.375   8.2   1.7   1.9   2.4   8  0.1 292
 2021  218 1834 28.8  29.244   51.380   8.1   1.7   2.2   2.6   8  0.2 306
 2021  218 2251 43.6  29.244   51.375   8.8   1.5   1.9   2.2   7  0.1 307
 2021  219 0233 45.0  29.250   51.381   9.2   2.0   2.5   2.3   9  0.2 308
 2021  220 0724 56.9  29.252   51.369   8.4   1.4   1.9   2.3   6  0.1 307
 2021  221 0100  6.0  28.985   51.339   5.8   1.4   2.5   2.2   4  0.1 257
 2021  221 1122 56.6  29.228   51.388   8.7   1.9   1.9   2.3  33  0.3 285
 2021  221 1124  8.2  29.243   51.367   7.7   1.3   1.7   2.3   8  0.1 306
 2021  222 0015 45.0  28.944   50.795   8.1   0.9   1.5   1.2  13  0.1 268
 2021  222 2112  5.5  28.922   51.107  10.9   0.6   0.6   0.7  34  0.1  83
 2021  222 2112 24.0  28.920   51.106  11.0   0.7   0.7   0.7  34  0.2  82
 2021  222 2132 22.1  28.919   51.106  10.3   0.6   0.6   1.3  10  0.1  82
 2021  222 2218 38.9  28.917   51.109  10.8   0.8   0.8   0.8  31  0.2  83
 2021  222 2232 36.9  28.917   51.109  10.5   0.8   0.9   1.4  15  0.2  83
 2021  223 0107 12.5  28.922   51.086  11.7   1.1   2.1   2.5   6  0.1 139
 2021  223 0654 53.2  28.869   50.841   7.1   1.1   2.2   1.6  13  0.2 203
 2021  223 2101 36.3  29.252   51.374   8.7   1.9   2.5   2.6   8  0.2 308
 2021  224 0658  1.9  29.039   51.460   1.3   3.0   2.9   2.2  14  0.3 275
 2021  224 1947  1.3  29.053   51.217  13.3   1.9   2.2   2.5  10  0.2 191
 2021  224 2121 39.6  29.211   51.398   8.4   1.8   1.9   2.0  20  0.2 302
 2021  225 0035 45.4  28.625   51.185   6.2   2.1   1.7   2.5   8  0.3 158
 2021  226 0628 35.7  28.829   50.857   7.8   1.0   1.5   1.1   8  0.0 254
 2021  226 1902 56.0  29.066   51.363   9.0   1.2   1.6   1.6  20  0.2 280
 2021  227 0550 40.9  29.059   51.348   5.7   1.3   2.9   2.2   9  0.1 286
 2021  228 0149  7.5  28.827   50.861   7.6   0.9   1.3   1.0  10  0.1 240
 2021  228 1442 27.9  28.826   50.856   7.8   0.9   1.3   1.1  10  0.1 247
 2021  228 1536 41.5  28.828   50.856   8.5   1.3   2.1   1.5   9  0.1 257
 2021  228 1550 48.7  28.819   50.855   7.3   1.9   2.8   2.4   8  0.2 273
 2021  228 1642 55.2  28.820   50.850   8.2   1.7   2.6   2.2  10  0.2 258
 2021  228 1654 51.7  28.825   50.860   8.0   1.0   1.4   0.8  12  0.1 256
 2021  228 1714 27.7  29.264   51.349   7.3   1.6   1.9   2.3  13  0.2 306
 2021  228 1919 18.6  28.823   50.856   8.2   0.7   0.9   0.8  29  0.1 210
 2021  228 2330 25.9  29.081   51.402   8.5   1.7   1.7   2.0  32  0.3 273
 2021  3 1 0020 41.8  28.827   50.855   7.3   2.8   2.1   2.0   6  0.1 261
 2021  3 1 0201  8.1  28.751   51.138   9.5   1.3   0.9   1.8  28  0.2  77
 2021  3 1 0440 41.3  28.825   50.856   7.4   2.6   2.0   1.9   6  0.0 262
 2021  3 1 2129 38.9  28.827   50.846   7.7   2.1   2.9   3.0   9  0.2 251
 2021  3 1 2314 13.3  28.995   51.046  10.9   2.0   1.9   1.7   9  0.2 139
 2021  3 1 2352  9.5  28.825   50.855   7.4   0.8   1.3   1.0  12  0.1 249
 2021  3 2 0133 46.2  28.823   50.858   6.4   1.6   2.4   1.9   8  0.2 264
 2021  3 2 0134 58.3  28.828   50.864   8.1   1.3   2.0   1.2  16  0.1 234
 2021  3 2 1207 36.4  28.922   51.114  11.4   1.3   1.6   2.4  15  0.2 135
 2021  3 2 1208  7.8  28.916   50.748   7.1   2.1   2.1   1.2  12  0.2 295
 2021  3 2 1310 33.5  28.829   50.854   7.7   1.2   1.8   1.4   8  0.1 261
 2021  3 2 1323 39.9  28.829   50.861   6.3   1.3   1.9   1.5  10  0.2 237
 2021  3 2 1327 15.6  28.825   50.857   7.3   1.3   1.9   1.6  10  0.1 247
 2021  3 2 1346  4.2  28.826   50.852   7.3   1.8   2.1   2.0   7  0.1 268
 2021  3 2 1426 26.5  28.829   50.861   6.8   1.5   2.6   1.8  10  0.2 245
 2021  3 2 1549 35.8  28.829   50.864   6.5   1.5   2.8   1.6   9  0.2 240
 2021  3 2 1559  9.4  28.823   50.853   7.9   1.2   1.6   1.4   8  0.1 252
 2021  3 2 1810 20.3  29.076   51.377   3.9   1.5   1.6   1.0  14  0.2 268
 2021  3 2 2127 22.0  28.648   51.198   9.3   1.1   1.5   2.8   8  0.2 158
 2021  3 2 2214 24.2  28.827   50.860   8.1   1.5   1.9   1.4   8  0.1 241
 2021  3 2 2316 52.4  28.827   50.859   6.9   1.5   2.2   1.7   8  0.1 255
 2021  3 2 2346  1.6  28.829   50.863   5.8   1.6   2.4   1.8   9  0.2 268
 2021  3 2 2348 12.9  28.915   51.344   4.2   1.0   2.5   1.2   8  0.2 241
 2021  3 3 0026  6.6  28.827   50.859   8.4   1.0   1.7   1.2  11  0.1 243
 2021  3 3 1049  2.0  28.825   50.862   8.8   1.8   2.9   2.1  10  0.2 243
 2021  3 3 1125 14.8  28.835   50.849   6.6   1.5   2.4   1.9   8  0.2 265
 2021  3 3 2106 19.6  28.834   50.858   6.4   2.3   2.8   2.4   6  0.2 244
 2021  3 4 0031 38.0  28.833   50.856  11.1   1.0   1.4   1.1   9  0.1 250
 2021  3 4 0102 30.3  28.827   50.861   8.1   0.9   1.5   1.1  11  0.1 241
 2021  3 4 0219 57.4  28.833   50.861   6.8   1.0   1.7   1.2   9  0.1 238
 2021  3 4 0748 48.2  28.961   50.746   9.6   1.0   1.8   1.2  28  0.2 269
 2021  3 4 1631 57.4  28.631   50.924  10.7   2.0   1.8   1.6  10  0.2 303
 2021  3 4 1749 54.2  28.828   50.853   8.4   1.2   1.9   1.4   8  0.1 264
 2021  3 4 2355 32.8  28.833   50.879   9.7   1.6   2.3   1.4  12  0.2 196
 2021  3 4 2355 41.9  28.831   50.864   7.9   1.0   1.6   1.2   9  0.1 230
 2021  3 5 1933  7.8  28.943   51.346   3.8   1.2   3.0   1.2  23  0.3 231
 2021  3 5 1940 21.6  28.942   51.335   3.8   1.2   2.3   1.1  20  0.3 226
 2021  3 5 1949 10.1  28.936   51.386  10.3   2.2   1.8   2.3  23  0.2 265
 2021  3 5 2313 12.7  28.944   51.338   3.8   0.6   2.2   0.7   8  0.1 247
 2021  3 5 2325 25.4  28.874   51.338   3.4   1.0   1.6   1.3   9  0.2 213
 2021  3 6 0145 34.5  28.943   51.334   3.0   0.7   2.0   1.8   4  0.1 243
 2021  3 7 1637 50.5  29.249   51.387   7.0   1.2   1.4   1.6  19  0.2 293
 2021  3 8 0641 11.4  28.960   51.362   7.8   2.4   2.3   2.9   7  0.2 260
 2021  3 8 0806  4.2  28.945   51.339   3.1   0.7   1.6   1.0   5  0.1 248
 2021  3 8 1051  1.1  28.947   51.349   5.1   1.4   2.3   2.3  15  0.2 249
 2021  3 8 1301 12.3  28.944   51.348   4.0   1.4   2.5   1.2  10  0.2 248
 2021  3 8 2050 59.6  28.956   51.387   7.9   1.5   2.3   3.0  14  0.2 262
 2021  3 9 0217 26.4  28.947   51.355   5.2   1.1   1.7   1.8  22  0.2 252
 2021  3 9 1904 42.5  28.832   50.858   7.9   1.5   1.8   1.3   7  0.0 248
 2021  3 9 2121 17.7  28.946   51.346   4.0   0.8   1.7   0.7  12  0.1 247
 2021  3 9 2214 44.2  28.945   51.356   4.5   0.9   2.4   1.7  29  0.2 251
 2021  310 0028  8.4  29.062   51.335  10.3   1.4   1.5   1.1  15  0.2 269
 2021  310 0038  1.9  28.826   50.851   7.7   1.8   2.2   2.0   6  0.1 270
 2021  310 0119  7.8  28.946   51.347   4.0   0.8   1.9   0.8  10  0.1 247
 2021  310 0210 32.2  28.945   51.350   4.0   0.7   1.3   0.8  30  0.2 249
 2021  310 1817 19.8  28.833   50.856   8.0   0.9   1.5   1.0   8  0.0 250
 2021  311 1119 29.5  28.825   50.857   7.5   0.9   1.3   1.1  13  0.1 247
 2021  311 1938 54.0  28.831   50.858   7.7   1.6   2.2   1.7   7  0.1 249
 2021  312 0321 13.1  28.829   50.858   7.8   1.6   1.9   2.1   6  0.0 262
 2021  312 2254 38.9  28.688   51.180   9.5   1.4   1.0   1.4  17  0.2 226
 2021  313 2007 49.1  28.829   50.853   7.4   0.9   1.7   1.5   9  0.1 262
 2021  315 1527 40.2  28.926   50.865  10.6   0.6   0.9   0.9  18  0.1  74
 2021  315 2130 10.0  28.826   50.850   7.9   0.8   1.2   0.9  18  0.1 216
 2021  315 2259 47.8  28.825   50.856   7.4   1.0   1.1   1.0  16  0.1 247
 2021  315 2309 47.7  28.921   50.822   8.0   1.0   2.1   1.5  11  0.2 207
 2021  315 2329 13.8  28.914   50.967  10.8   0.8   0.8   1.1  25  0.2  56
 2021  315 2353 10.1  28.589   51.084   9.4   1.7   1.2   1.6  11  0.1 289
 2021  316 0006 34.8  28.827   50.855   8.1   1.0   1.6   1.0  13  0.1 245
 2021  316 0041 39.8  28.925   50.871  10.4   0.5   0.8   0.7  18  0.1  87
 2021  317 1438 10.5  29.132   50.804  10.0   1.3   2.2   1.7  24  0.2 258
 2021  318 1339 13.5  28.955   51.369   8.7   2.4   2.8   2.7  20  0.3 289
 2021  318 1903 55.8  29.054   51.333   9.1   0.9   1.1   1.1  16  0.1 253
 2021  319 0245 15.9  29.105   51.335   8.7   1.6   1.9   2.3  14  0.2 261
 2021  319 0828 14.9  28.951   51.356   3.8   1.2   2.6   1.2   8  0.1 266
 2021  319 1458  4.9  28.942   51.343   3.7   1.1   2.5   1.2   9  0.2 260
 2021  319 2203 34.4  29.134   50.796  10.6   0.8   1.3   0.9  31  0.1 261
 2021  320 2322  6.6  28.954   51.047  10.9   1.3   0.8   0.9  21  0.2  99
 2021  321 1106 31.9  29.034   51.332   5.9   2.5   2.5   1.8  11  0.2 282
 2021  322 1811 35.5  29.147   51.297   9.6   1.2   1.7   1.5  16  0.2 261
 2021  324 0101 17.8  28.889   51.294  10.6   0.8   1.5   1.0  17  0.1 194
 2021  327 0222 18.9  28.804   51.001   9.4   2.0   0.6   2.3  11  0.1 176
 2021  327 0737 35.4  28.803   51.001  10.2   1.3   0.5   1.3  13  0.1 177
 2021  327 0738 40.3  28.797   50.999  10.7   0.8   0.6   1.6  16  0.1 186
 2021  327 0849 54.4  28.800   50.999  10.4   1.0   0.4   1.5  10  0.1 183
 2021  327 0923 11.4  28.811   51.310   9.8   1.0   2.2   2.6  15  0.2 197
 2021  327 0949 17.7  28.804   51.001  10.3   1.6   0.7   1.7   9  0.1 177
 2021  327 1437 38.2  28.786   50.865   6.5   1.7   2.8   1.3   8  0.1 305
 2021  328 0014 40.4  28.933   50.822   9.2   0.9   1.8   1.1   8  0.0 208
 2021  328 2309 43.2  28.806   51.003   9.6   0.9   0.7   2.3  12  0.1 125
 2021  328 2316  4.0  28.802   50.999  10.6   0.6   0.5   0.9  32  0.1 130
 2021  330 1033 10.2  28.821   51.007  10.4   1.9   1.4   2.5   7  0.1 184
 2021  4 1 0046  2.2  28.661   51.207   9.8   1.1   1.4   1.7  14  0.2 122
 2021  4 2 0821 12.0  28.999   51.250  13.1   1.5   1.9   2.6   7  0.2 162
 2021  4 2 0835 16.3  28.929   50.919  11.3   0.7   0.8   1.1  16  0.1 139
 2021  4 2 0836 57.7  28.923   50.923   6.8   1.1   2.0   1.3   8  0.2 208
 2021  4 2 0836 57.1  28.930   50.916  11.0   0.8   0.8   0.8  18  0.1 141
 2021  4 2 0837 23.3  28.929   50.922  11.2   0.5   0.6   0.8  15  0.1 116
 2021  4 2 0837 48.7  28.947   50.934  15.7   3.0   3.0   2.7  12  0.3 145
 2021  4 2 0838 38.7  28.930   50.921  10.9   0.7   0.8   0.9  13  0.1 139
 2021  4 2 0839 54.3  28.925   50.922  10.9   0.9   0.8   1.1  11  0.1 131
 2021  4 2 0841 45.8  28.931   50.928  12.2   0.8   1.1   1.2  15  0.1 140
 2021  4 2 0843 10.9  28.927   50.912  10.4   1.1   1.1   1.6  13  0.2 111
 2021  4 2 0843 35.4  28.926   50.917  10.3   0.7   0.8   1.1  16  0.1 116
 2021  4 2 0843 58.9  28.927   50.922  10.7   0.5   0.6   0.8  17  0.1 127
 2021  4 2 0844 38.5  28.930   50.920  11.0   0.7   0.8   1.1  17  0.1 132
 2021  4 2 0849 24.0  28.931   50.923  11.6   0.8   0.9   1.2  13  0.1 142
 2021  4 2 0849 31.7  28.925   50.921  11.0   1.6   0.9   1.2  10  0.0 131
 2021  4 2 0849 52.4  28.928   50.925  10.7   1.0   1.0   1.5  16  0.1 135
 2021  4 2 0853 39.5  28.928   50.917  11.3   1.0   1.3   1.5  11  0.1 140
 2021  4 2 0854 29.2  28.926   50.917  10.7   0.5   0.5   0.9  23  0.1 125
 2021  4 2 0855 23.8  28.927   50.914  10.6   0.9   0.9   1.2  19  0.2  82
 2021  4 2 0856 27.7  28.923   50.918  10.9   0.6   0.7   0.8  21  0.1 114
 2021  4 2 0858  1.6  28.924   50.924  11.6   2.1   1.5   1.9   9  0.1 131
 2021  4 2 0900 30.3  28.926   50.917  11.1   0.5   0.5   0.8  26  0.1  60
 2021  4 2 0901 11.8  28.926   50.925  11.1   0.8   0.8   1.2  22  0.2 117
 2021  4 2 0901 11.7  28.934   50.917  11.4   1.0   1.0   1.2  19  0.1  97
 2021  4 2 0901 45.7  28.928   50.922  11.0   0.5   0.6   0.8  18  0.1 129
 2021  4 2 0902 14.7  28.928   50.920  11.2   0.5   0.6   0.8  17  0.1 136
 2021  4 2 0903 25.8  28.928   50.919  11.1   1.5   1.9   2.0   7  0.1 142
 2021  4 2 0903 59.7  28.928   50.919  11.3   0.5   0.5   0.8  19  0.1 130
 2021  4 2 0904 53.2  28.927   50.922  11.1   0.4   0.5   0.7  23  0.1 115
 2021  4 2 0914  5.4  28.934   50.916  11.4   1.1   1.0   1.2  15  0.1 148
 2021  4 2 0916  4.1  28.935   50.922  11.8   0.8   0.9   1.1  19  0.1  92
 2021  4 2 0937  7.6  28.929   50.923   9.5   1.4   1.3   1.9  15  0.2 142
 2021  4 2 0942 54.3  28.922   50.917  10.6   0.6   0.5   0.8  23  0.1  87
 2021  4 2 0943 25.4  28.931   50.918  11.1   0.7   0.8   1.0  15  0.1 142
 2021  4 2 0943 57.7  28.931   50.925  12.4   0.8   0.8   1.2  25  0.2 111
 2021  4 2 0944 31.0  28.928   50.920  10.9   0.7   0.6   0.9  12  0.0 136
 2021  4 2 0944 47.5  28.933   50.926  11.9   1.3   1.4   1.5  12  0.1 106
 2021  4 2 0947 14.2  28.925   50.922  11.3   0.4   0.5   0.7  24  0.1 106
 2021  4 2 0958 49.7  28.930   50.925  11.5   1.0   1.1   1.4  19  0.2 141
 2021  4 2 1017 58.8  28.927   50.922  11.1   0.4   0.5   0.7  23  0.1 115
 2021  4 2 1019 28.8  28.926   50.924  11.7   0.6   0.6   0.9  19  0.1 125
 2021  4 2 1019 55.0  28.930   50.925  11.9   0.8   1.1   1.4  19  0.2 116
 2021  4 2 1030 47.8  28.928   50.926  11.7   1.3   1.5   2.4  17  0.2 129
 2021  4 2 1159  6.4  28.922   50.920  10.9   0.5   0.6   0.8  27  0.1  59
 2021  4 2 1206 57.3  28.930   50.923  11.4   1.3   1.6   2.2  11  0.1 150
 2021  4 2 1209 48.5  28.924   50.924  11.2   0.6   0.7   1.0  19  0.1 128
 2021  4 2 1210 15.0  28.922   50.927  11.4   1.3   1.1   1.3  12  0.1 121
 2021  4 2 1211 44.5  28.928   50.924  11.0   0.8   1.0   1.2  15  0.1 136
 2021  4 2 1217 59.4  28.927   50.928  12.2   0.9   1.0   1.5  17  0.2 133
 2021  4 2 1223  6.4  28.917   50.923  11.4   1.0   0.9   1.2  14  0.1 134
 2021  4 2 1223 19.2  28.928   50.920  10.9   1.0   0.9   1.1  13  0.1 136
 2021  4 2 1228 55.4  28.928   50.921  11.0   0.6   0.6   0.7  18  0.1 129
 2021  4 2 1235  4.8  28.929   50.928  12.0   0.7   0.8   1.1  23  0.1  86
 2021  4 2 1235 21.2  28.925   50.923  11.2   0.6   0.6   0.9  22  0.1 124
 2021  4 2 1235 58.7  28.925   50.923  11.0   0.6   0.6   0.8  16  0.1 129
 2021  4 2 1236 20.2  28.918   50.937  12.5   1.8   1.7   2.2  12  0.2  87
 2021  4 2 1238 34.1  28.930   50.922  11.7   1.1   1.2   1.3  14  0.1 117
 2021  4 2 1239 46.9  28.928   50.921  11.4   0.8   1.0   1.1  13  0.1 135
 2021  4 2 1243 27.7  28.925   50.920  10.8   0.6   0.5   0.8  20  0.1 126
 2021  4 2 1246 15.8  28.932   50.919   9.9   1.2   1.1   1.4  12  0.1 145
 2021  4 2 1249 45.9  28.927   50.929  11.4   1.1   1.2   1.6  13  0.1 141
 2021  4 2 1250 41.0  28.931   50.921  10.8   1.3   1.2   1.8   8  0.1 159
 2021  4 2 1253  1.3  28.926   50.929  11.5   0.6   0.7   1.0  21  0.1 122
 2021  4 2 1253 33.4  28.921   50.925  11.6   1.6   1.4   1.6  12  0.1 141
 2021  4 2 1253 47.4  28.927   50.923  10.7   0.6   0.7   0.9  16  0.1 134
 2021  4 2 1255 21.4  28.924   50.923  10.8   0.5   0.5   0.8  20  0.1 123
 2021  4 2 1256  8.9  28.927   50.928  11.2   1.0   1.1   1.4  15  0.1 132
 2021  4 2 1258 31.7  28.923   50.923  11.2   0.4   0.4   0.7  25  0.1 104
 2021  4 2 1258 47.5  28.938   50.931  12.3   1.4   1.5   1.6  14  0.2 102
 2021  4 2 1259 49.3  28.924   50.925  10.5   1.0   0.9   1.2  16  0.1 122
 2021  4 2 1300 49.7  28.930   50.926  11.4   1.2   1.1   1.4  10  0.1 155
 2021  4 2 1301 17.8  28.923   50.925  11.5   1.3   1.2   1.4  14  0.1 122
 2021  4 2 1305 21.3  28.924   50.925  11.0   0.8   0.9   1.0  15  0.1 125
 2021  4 2 1306 50.9  28.928   50.923  11.6   0.5   0.6   0.8  17  0.1 118
 2021  4 2 1308 45.9  28.935   50.936  11.9   1.8   1.9   2.2  10  0.2 107
 2021  4 2 1309  7.5  28.924   50.923  11.2   0.7   0.8   1.1  14  0.1 125
 2021  4 2 1312 55.5  28.925   50.919  11.7   0.7   0.8   1.3  13  0.1 130
 2021  4 2 1320 42.0  28.927   50.920  12.6   1.5   1.6   1.9   7  0.1 148
 2021  4 2 1323 42.2  28.926   50.926  12.0   0.7   0.8   1.1  21  0.1 121
 2021  4 2 1342 21.8  28.926   50.923  10.9   0.6   0.6   0.9  16  0.1 131
 2021  4 2 1351 32.9  28.922   50.929  12.6   0.8   0.9   1.2  23  0.2 108
 2021  4 2 1357 43.0  28.923   50.917  11.3   0.9   1.0   1.5  13  0.1 116
 2021  4 2 1450 34.3  28.925   50.920  11.1   1.0   1.1   1.3   8  0.0 130
 2021  4 2 1450 47.3  28.924   50.925  11.2   0.8   0.7   1.0  12  0.1 129
 2021  4 2 2104  9.1  28.907   51.346   2.9   1.0   1.6   1.0   7  0.1 241
 2021  4 2 2127 33.4  28.932   50.919  13.4   2.0   2.0   2.1   8  0.2 171
 2021  4 6 0140 10.2  29.006   51.349   6.6   1.6   2.8   2.4   9  0.1 263
 2021  4 6 2252 26.8  29.095   51.337   9.3   1.1   1.4   1.2  21  0.2 260
 2021  4 7 0757 58.0  29.070   51.227  15.4   1.5   1.9   1.5  14  0.2 208
 2021  4 7 1210 32.1  29.074   51.232  16.2   2.0   1.9   1.8  12  0.2 273
 2021  4 7 1222  5.8  29.070   51.230  16.1   1.0   1.4   1.1  13  0.1 211
 2021  4 7 1514 23.5  29.065   51.230  16.6   1.2   1.5   1.4  11  0.1 209
 2021  4 7 2038 58.1  28.886   50.892   9.9   1.0   2.1   1.4  13  0.1 140
 2021  4 7 2219  3.5  29.069   51.232  16.3   1.1   1.4   1.4   9  0.1 214
 2021  4 8 1502 44.6  29.099   50.764  10.4   1.1   2.5   1.3  13  0.1 264
 2021  4 8 1504 26.8  29.105   50.761  10.7   1.6   2.8   1.5   9  0.1 306
 2021  4 8 1625 46.1  29.110   50.781  12.2   1.1   2.9   2.5  17  0.1 262
 2021  4 8 2055  2.1  28.800   51.001   9.4   1.2   0.6   2.0  14  0.1 182
 2021  412 2012  1.6  28.827   51.131  11.3   0.8   0.9   1.6  11  0.1  77
 2021  413 1630 59.9  28.990   50.787   8.8   1.3   2.6   2.2  13  0.2 246
 2021  418 0351 19.6  28.872   51.002  11.8   0.9   1.0   2.5  10  0.2 120
 2021  418 0933  1.3  29.080   51.230  16.7   1.7   2.5   1.8   6  0.1 238
 2021  418 1328  1.9  28.854   50.955  11.6   0.9   0.8   1.4  11  0.1 114
 2021  418 1540 50.9  29.060   51.338   5.7   1.6   2.7   2.2   8  0.2 256
 2021  420 2338 30.1  28.833   51.310   9.4   0.9   2.0   1.9  10  0.2 223
 2021  422 0448 14.6  28.751   51.050  10.3   1.4   1.4   2.7   6  0.2 135
 2021  422 1607 46.4  28.809   50.773   6.9   2.5   1.8   1.3  11  0.2 299
 2021  424 0525 58.0  29.011   51.328   9.0   1.0   2.0   2.1  12  0.1 247
 2021  424 0651 15.6  28.858   50.833   8.7   0.9   1.6   1.2  13  0.1 214
 2021  424 0651 23.3  28.861   50.832   8.9   0.8   1.3   1.0  17  0.1 222
 2021  424 1536 31.6  29.036   51.449   8.1   1.4   1.7   2.1  29  0.2 263
 2021  424 1811 50.8  29.022   51.434   8.8   2.1   2.6   2.9  19  0.3 274
 2021  425 0121 50.7  29.005   51.393   3.8   1.8   2.6   1.5   6  0.2 280
 2021  426 0340 30.5  28.927   50.772   8.4   1.5   2.9   2.9   9  0.2 282
 2021  427 2239 30.4  28.807   51.290   9.5   1.0   1.8   2.2   7  0.2 176
 2021  429 0629 16.4  28.866   51.084  12.7   0.9   1.0   2.0  14  0.1 102
 2021  430 1046 28.3  28.928   51.177  12.7   1.2   2.0   1.4   9  0.1 207
 2021  5 3 1039 23.7  28.794   51.321  10.2   1.0   2.3   2.6  10  0.2 237
 2021  5 3 1331 43.2  29.107   51.000  15.1   1.0   0.9   2.0  14  0.1 130
 2021  5 4 2043 27.6  28.836   50.851   6.2   0.7   1.0   0.9  14  0.1 234
 2021  5 5 2231  2.9  28.585   51.066  10.3   2.1   2.3   2.7   8  0.2 227
 2021  5 6 0123 32.8  28.890   51.381   7.7   1.4   2.6   1.4   8  0.3 255
 2021  5 6 1806 49.7  28.884   50.814   6.8   0.7   1.5   1.0  19  0.2 235
 2021  5 7 1244 29.3  29.021   51.342  10.2   1.3   1.6   1.5  22  0.2 255
 2021  5 9 0156 50.9  28.683   51.213   6.3   2.0   1.5   1.3   5  0.1 225
 2021  511 0009 32.5  28.917   50.833   6.6   0.9   1.2   1.5  10  0.1 106
 2021  511 0747 34.2  29.107   51.345   9.7   1.4   1.8   1.7  12  0.2 259
 2021  512 0356 44.9  28.823   51.008  11.9   1.7   0.9   2.5   4  0.0 146
 2021  512 0534 25.7  28.837   51.008  11.9   1.4   0.9   2.4   6  0.1 156
 2021  513 0310 17.9  28.828   51.010  11.8   0.8   0.9   2.3   5  0.1 132
 2021  513 1211 33.1  28.833   51.012  11.5   1.1   0.7   2.0   6  0.1 144
 2021  514 0107 46.1  28.929   50.743   6.9   1.3   1.5   0.6  12  0.1 309
 2021  514 0347  1.5  29.264   51.392   7.7   2.0   2.3   2.6  17  0.2 298
 2021  514 1336 22.3  28.827   51.006  12.1   1.5   0.8   2.3   8  0.1 154
 2021  515 1734 38.6  29.017   51.307  11.2   0.9   1.4   1.8  22  0.1 246
 2021  517 2018 42.2  28.931   51.403   8.9   1.7   2.3   2.3  20  0.3 267
 2021  519 0741 32.3  28.989   51.272  11.8   1.2   1.5   1.9  11  0.1 202
 2021  520 0130 39.5  28.742   51.320  13.4   1.1   1.9   2.2   5  0.1 233
 2021  524 2230 45.4  29.051   51.338   8.9   1.4   2.7   2.6   7  0.2 274
 2021  524 2244 55.4  29.065   51.326   9.1   2.6   1.9   1.6   9  0.2 292
 2021  524 2244 55.5  29.048   51.327  10.1   1.2   1.9   2.0  13  0.2 272
 2021  524 2315 41.7  29.060   51.341   5.7   1.6   2.1   1.7   5  0.0 310
 2021  525 1849 34.7  29.057   51.349   6.4   1.2   1.8   1.3   8  0.1 286
 2021  525 2109 20.0  29.051   51.350   9.7   1.1   1.7   1.2  11  0.1 276
 2021  525 2159 49.5  29.049   51.334   6.9   1.5   2.7   1.1   4  0.1 295
 2021  525 2206 30.1  29.053   51.345  10.4   0.9   1.1   0.8  16  0.1 249
 2021  525 2248 12.6  29.057   51.339   6.7   1.4   2.2   1.0   5  0.0 297
 2021  526 2130 46.6  29.053   51.354   6.3   1.5   1.7   1.2   7  0.1 300
 2021  526 2242 50.5  29.058   51.349  10.4   1.7   1.9   1.5  27  0.3 276
 2021  527 0039  0.7  29.055   51.329   6.6   1.5   2.3   1.1   4  0.1 294
 2021  527 0100 48.8  29.048   51.328   9.9   1.5   1.8   1.4  27  0.3 246
 2021  527 0101 26.7  29.053   51.333  10.0   1.6   1.6   1.3  28  0.2 247
 2021  527 0104 43.9  29.051   51.341   9.4   1.2   2.5   2.0   6  0.1 284
 2021  527 0108 48.3  29.051   51.338  10.3   1.4   2.5   1.5   9  0.2 274
 2021  527 0740 31.8  28.827   51.276  11.1   1.8   2.8   2.3  10  0.3 234
 2021  528 2032 59.6  28.977   51.053  10.9   1.5   1.6   1.6   5  0.1 188
 2021  529 2050 15.4  29.196   51.359   7.9   1.3   1.8   2.3   6  0.1 297
 2021  529 2107 59.4  29.051   51.461   8.2   1.9   1.7   2.4  13  0.2 291
 2021  529 2211 31.0  29.057   51.462   9.0   2.0   1.8   2.1  26  0.3 267
 2021  529 2220  2.1  29.040   51.452   8.7   1.6   1.4   1.6  21  0.2 264
 2021  529 2231 59.5  29.056   51.449   9.4   1.8   1.7   2.1  23  0.3 265
 2021  529 2238 43.8  29.075   51.463   9.3   2.0   1.7   2.4  34  0.3 281
 2021  530 0748 15.4  28.897   51.163  13.7   0.8   1.4   2.8  11  0.2  89
 2021  530 0755 36.9  28.892   51.164  11.6   1.2   1.4   1.9   4  0.1 172
 2021  530 2243 40.0  28.930   51.223  11.3   0.6   1.1   1.7  11  0.2 122
 2021  530 2322  3.5  28.930   51.223  11.9   0.7   1.1   2.2   6  0.1 122
 2021  531 1734 37.4  29.108   51.385   3.7   0.9   1.5   0.7   5  0.0 295
 2021  6 1 0406 37.0  29.133   50.802   9.3   1.9   3.0   3.0  14  0.2 280
 2021  6 2 1937 35.0  28.930   50.809   8.2   1.1   2.4   1.4   7  0.1 233
 2021  6 2 2257  4.0  28.874   50.850   7.7   1.0   1.8   1.3  13  0.1 153
 2021  6 3 0145 37.3  28.764   50.891   8.7   1.1   1.1   1.6  29  0.2 213
 2021  6 3 0145 37.3  28.763   50.891   8.8   1.0   1.0   1.5  29  0.2 213
 2021  6 3 0146 23.6  28.766   50.894   7.8   1.5   1.4   2.2  22  0.2 215
 2021  6 3 0149 10.4  28.785   50.900   8.1   1.4   1.5   1.5  11  0.1 203
 2021  6 3 0156 10.8  28.779   50.895   8.1   1.5   1.0   1.3  13  0.1 248
 2021  6 3 0214  4.1  28.778   50.900   8.1   1.0   1.1   1.6  13  0.1 208
 2021  6 3 0318  3.4  29.056   51.343   6.6   2.0   2.1   1.3   4  0.0 298
 2021  6 3 1928 11.8  28.810   50.997  12.3   0.5   0.4   1.1  19  0.1 124
 2021  6 6 0754 42.5  28.784   50.903   9.1   0.8   0.8   0.6  29  0.1 201
 2021  6 6 0754 42.4  28.778   50.896   9.6   0.6   0.7   0.9  28  0.1 207
 2021  6 6 1505 33.0  28.784   50.896   8.9   1.0   1.0   1.1  16  0.1 206
 2021  6 6 2212 47.2  29.083   51.323   5.2   1.8   2.9   2.9   9  0.3 254
 2021  6 9 2133 41.2  29.060   51.378   9.7   1.9   2.8   2.8  10  0.3 256
 2021  6 9 2135 46.5  29.055   51.344   4.6   1.0   2.1   1.1   7  0.1 285
 2021  6 9 2156  9.4  29.069   51.340   3.7   2.1   2.4   1.3   6  0.2 284
 2021  612 1419 38.9  28.533   51.153  10.7   1.7   1.6   2.3   4  0.0 243
 2021  612 2202 44.4  28.894   51.289  10.9   0.7   1.6   1.2   9  0.1 207
 2021  613 0957 42.0  29.062   51.358   9.7   1.8   1.7   1.9  28  0.3 253
 2021  613 0959  8.0  29.088   51.352   8.8   2.6   2.2   2.6  21  0.3 256
 2021  614 1806  5.2  29.217   51.356   8.1   1.6   1.8   2.2  18  0.2 288
 2021  614 2323 18.2  28.908   51.269  11.8   0.8   2.2   2.4  10  0.1 217
 2021  617 1525  7.0  29.060   51.353   4.4   1.7   3.0   1.6   9  0.2 287
 2021  618 0030 50.8  29.050   51.280  10.2   1.9   2.4   2.3   5  0.2 246
 2021  622 0121 40.4  28.812   51.126  11.8   0.7   0.8   1.5   8  0.1 103
 2021  622 0131 43.3  28.807   51.130  12.0   1.0   1.2   2.1  14  0.2 107
 2021  622 0134 27.4  28.795   51.109  14.5   1.4   2.2   2.7   7  0.2  69
 2021  622 0136  9.4  28.811   51.132  14.4   0.6   0.5   1.8  26  0.1  65
 2021  622 0136 34.4  28.809   51.128  16.6   0.7   0.7   1.9  19  0.1  77
 2021  622 0138 15.6  28.811   51.125  12.6   0.8   1.5   2.5   7  0.1  94
 2021  622 0140 56.3  28.806   51.130  15.8   1.0   0.9   3.0  23  0.2  66
 2021  622 0142 17.0  28.807   51.115  13.1   1.6   1.9   2.3   9  0.2 149
 2021  622 0144  4.8  28.809   51.136  13.8   0.7   0.8   1.7  20  0.1 110
 2021  622 0146 10.7  28.809   51.126  16.1   0.8   0.8   2.0  11  0.1 199
 2021  622 0147 48.0  28.816   51.122  12.9   1.5   1.8   2.8   4  0.0 158
 2021  622 0149 37.1  28.809   51.131  15.0   0.7   0.7   2.0  24  0.1  75
 2021  622 0151 33.3  28.807   51.135  16.1   0.7   0.7   2.0  27  0.2 109
 2021  622 0153 55.4  28.823   51.132  17.5   1.4   1.2   2.7  19  0.1 272
 2021  622 0153 55.6  28.811   51.131  13.0   0.7   0.7   1.5  23  0.2 108
 2021  622 0156 10.3  28.814   51.124  12.4   0.6   0.9   1.2  13  0.1 101
 2021  622 0156 29.9  28.806   51.130  14.1   0.7   0.8   2.2  27  0.2 107
 2021  622 0157 51.7  28.812   51.130  12.6   1.0   1.2   2.2  20  0.1  64
 2021  622 0159 40.3  28.806   51.137  16.0   0.8   0.9   2.5  12  0.1  77
 2021  622 0200 33.5  28.817   51.123  12.7   1.2   2.0   3.0   4  0.0 199
 2021  622 0200 49.6  28.812   51.125  11.6   0.9   1.4   1.9   5  0.1 116
 2021  622 0203 25.9  28.803   51.133  16.2   0.6   0.5   1.6  24  0.1  76
 2021  622 0204 56.8  28.806   51.142  15.3   0.9   0.8   2.2  23  0.2  69
 2021  622 0206 50.7  28.806   51.134  12.3   0.9   1.1   2.8  22  0.2 111
 2021  622 0208 50.6  28.803   51.133  15.5   0.9   0.8   2.6  26  0.2  76
 2021  622 0212 59.9  28.810   51.126  12.1   0.7   0.7   1.9  29  0.2  62
 2021  622 0214 57.4  28.804   51.131  14.3   0.6   0.5   1.8  29  0.1  67
 2021  622 0214 57.4  28.810   51.129  14.5   0.5   0.5   1.7  24  0.1  76
 2021  622 1125 50.9  28.825   51.105  14.4   1.4   2.1   2.1   5  0.1 124
 2021  622 1959 23.1  28.800   51.138   9.7   1.0   1.5   2.8   8  0.2  69
 2021  622 2059 58.8  28.805   51.130  12.2   1.4   1.7   3.0   7  0.2  72
 2021  622 2325 45.7  28.798   51.136  17.9   1.0   1.2   2.7  13  0.2  80
 2021  623 0517  6.2  28.800   51.134  11.9   0.8   1.5   2.3   6  0.1  98
 2021  624 1110 38.3  29.004   51.300  11.7   1.5   2.5   2.4  15  0.2 262
 2021  625 2116 55.3  29.140   51.392   9.1   1.6   1.8   2.2   7  0.1 298
 2021  630 0256 41.2  29.090   51.351   9.7   1.3   1.8   1.6  15  0.2 265
 2021  7 2 0056 26.3  28.664   51.043  10.7   2.2   1.9   1.8  12  0.3 200
 2021  7 2 1837 51.8  28.659   51.042  10.3   1.5   1.4   1.5  19  0.3 200
 2021  7 4 0229  1.6  28.866   51.292  13.0   0.7   1.2   2.3  18  0.2 209
 2021  7 6 0058 13.7  28.660   51.181   8.5   1.9   1.4   2.1  13  0.2 230
 2021  7 6 2337 43.5  28.707   51.201   6.2   1.3   1.3   1.7  14  0.3  93
 2021  7 7 2053 19.3  28.929   50.814   8.1   0.9   1.3   1.1  16  0.2 220
 2021  7 8 0602 43.5  28.904   50.838   6.6   0.5   0.8   0.8  13  0.1 102
 2021  7 8 2320 10.1  28.677   51.058   9.1   1.7   1.7   2.4   5  0.2 192
 2021  7 9 1217 53.5  28.662   51.049  10.2   2.6   2.1   2.4  12  0.3 198
 2021  710 1309  4.4  29.188   51.306   7.8   1.2   1.5   1.8  16  0.2 267
 2021  714 0825  5.4  29.031   51.362   5.6   2.4   2.6   2.1   6  0.2 299
 2021  714 0837  6.7  29.037   51.353   6.3   2.5   2.4   1.6   5  0.1 298
 2021  716 2112  0.2  28.868   50.835   6.1   0.6   1.0   0.7  14  0.1 209
 2021  716 2125 51.7  29.166   51.339   9.1   1.6   2.4   2.7   8  0.2 290
 2021  717 0748 13.7  28.999   51.300  10.1   1.8   2.4   2.1   9  0.2 266
 2021  717 2150 37.2  29.039   51.341   4.7   1.8   2.8   1.7   7  0.2 257
 2021  717 2355 50.1  29.052   51.357   9.4   1.9   2.0   2.2  18  0.3 251
 2021  722 0608 34.5  28.877   50.833   6.8   0.5   1.0   0.6  18  0.1 213
 2021  723 1036 49.1  29.004   51.347   5.5   2.2   1.9   1.4   5  0.1 327
 2021  723 2000 51.6  28.740   51.174  16.7   1.4   1.3   2.5  14  0.2 117
 2021  724 2100 43.3  29.071   51.172  13.2   2.3   1.9   2.5   7  0.2 179
 2021  724 2134 43.7  29.075   51.178  13.2   2.2   1.8   3.0   7  0.2 189
 2021  724 2152  0.3  29.074   51.180  11.4   0.9   1.2   2.0   7  0.1 175
 2021  724 2222  9.1  29.073   51.180  11.6   1.0   1.0   1.8   6  0.0 188
 2021  724 2259 51.3  29.076   51.188  13.8   1.9   2.2   3.0  14  0.3 181
 2021  727 1140 10.5  29.196   51.274   9.7   1.2   1.7   1.9   7  0.1 280
 2021  729 2155 12.7  28.977   50.869  10.3   1.1   1.2   1.4  17  0.2 114
 2021  729 2155 12.4  28.986   50.873  11.5   1.4   1.1   1.8  14  0.1 231
 2021  730 1825 17.8  28.731   50.840  11.4   1.5   1.9   2.4  11  0.2 248
 2021  730 2235 11.0  28.734   50.856  10.9   1.7   2.3   1.4  13  0.2 246
