 2021  2 2 0628 35.6 L  28.834  50.856  8.0  SLT  8 0.1                        1
 GAP=249        0.26       0.9     1.4  1.0  0.5717E+00  0.3922E+00  0.4140E-01E
 STAT SP IPHASW D HRMN SECON CODA AMPLIT PERI AZIMU VELO AIN AR TRES W  DIS CAZ7
 N3       P   0 ? 0628 37.48                             162   -0.0410 1.92  814
 N3       S   0   0628 39.10                             162    0.0510 1.92  814
 N4       P   0 ? 0628 37.58                             156    0.0210 2.63 3574
 N4       S   0   0628 39.21                             156    0.0810 2.63 3574
 N5       P   0 ? 0628 37.61                             152    0.0210 3.03  724
 N5       S   0   0628 39.14                             152   -0.0510 3.03  724
 N2       P   0 ? 0628 37.66                             147    0.0210 3.66  854
 N2       S   0   0628 39.27                             147   -0.0110 3.66  854
 N1       P   0 ? 0628 37.69                             140   -0.0410 4.45 1084
 N1       S   0   0628 39.42                             140   -0.0310 4.45 1084
 N6       P   0 ? 0628 37.81                             136    0.0010 5.07  174
 N6       S   0   0628 39.40                             136   -0.1810 5.07  174
 CAMP     P   0 ? 0628 37.77                             135   -0.0410 5.14  844
 CAMP     S   0   0628 39.68                             135    0.1010 5.14  844
 N9       P   0 ? 0628 38.13                             121    0.0410 7.16  204
 N9       S   0   0628 40.16                             121    0.0710 7.16  204
                                                                                
 2021  2 2 0149  7.5 L  28.834  50.865  7.6  SLT 10 0.1                        1
 GAP=222        0.24       0.7     1.0  0.8  0.4079E+00  0.2578E+00 -0.1041E+00E
 STAT SP IPHASW D HRMN SECON CODA AMPLIT PERI AZIMU VELO AIN AR TRES W  DIS CAZ7
 N3       P   0 ? 0149  9.25                             169   -0.0510 1.03  734
 N3       S   0   0149 10.78                             169    0.0310 1.03  734
 N5       P   0 ? 0149  9.41                             158    0.0510 2.19  644
 N5       S   0   0149 10.91                             158    0.0510 2.19  644
 N2       P   0 ? 0149  9.35                             152   -0.0410 2.76  844
 N2       S   0   0149 10.92                             152    0.0010 2.76  844
 N4       P   0 ? 0149  9.36                             152   -0.0510 2.83 3384
 N4       S   0   0149 10.87                             152   -0.0710 2.83 3384
 N1       P   0 ? 0149  9.40                             145   -0.0810 3.60 1124
 N1       S   0   0149 11.10                             145    0.0310 3.60 1124
 CAMP     P   0 ? 0149  9.63                             139    0.0910 4.24  834
 CAMP     S   0   0149 11.13                             139   -0.0610 4.24  834
 N6       P   0 ? 0149  9.60                             134   -0.0310 4.88   74
 N6       S   0   0149 11.40                             134    0.0610 4.88   74
 N9       P   0 ? 0149  9.97                             118    0.0610 6.91  134
 N9       S   0   0149 11.85                             118   -0.0010 6.91  134
 N11      P   0 ? 0149 10.19                             108    0.0310 8.46 3344
 N11      S   0   0149 12.39                             108    0.0910 8.46 3344
 N15      P   0 ? 0149 10.32                             105    0.0310 9.21 3554
 N15      S   0   0149 12.39                             105   -0.1410 9.21 3554
                                                                                
 2021  2 2 1442 27.9 L  28.831  50.859  7.7  SLT 10 0.1                        1
 GAP=234        0.27       0.8     1.2  1.0  0.6351E+00  0.5083E+00  0.2941E-01E
 STAT SP IPHASW D HRMN SECON CODA AMPLIT PERI AZIMU VELO AIN AR TRES W  DIS CAZ7
 N3       P   0 ? 1442 29.68                             163   -0.0610 1.68  684
 N3       S   0   1442 31.17                             163   -0.0610 1.68  684
 N5       P   0 ? 1442 29.84                             152    0.0210 2.85  634
 N5       S   0   1442 31.49                             152    0.1210 2.85  634
 N4       P   0 ? 1442 29.89                             151    0.0610 3.01 3504
 N4       S   0   1442 31.47                             151    0.0810 3.01 3504
 N2       P   0 ? 1442 29.95                             148    0.1010 3.37  794
 N2       S   0   1442 31.46                             148    0.0210 3.37  794
 N1       P   0 ? 1442 29.86                             142   -0.0710 4.03 1054
 N1       S   0   1442 31.45                             142   -0.1210 4.03 1054
 CAMP     P   0 ? 1442 29.99                             135   -0.0310 4.85  804
 CAMP     S   0   1442 31.79                             135    0.0510 4.85  804
 N6       P   0 ? 1442 30.08                             132   -0.0010 5.31  134
 N6       S   0   1442 31.80                             132   -0.0610 5.31  134
 N10      P   0 ? 1442 30.29                             121   -0.0110 6.88 3544
 N10      S   0   1442 32.06                             121   -0.1910 6.88 3544
 N9       P   0 ? 1442 30.43                             117    0.0510 7.39  174
 N9       S   0   1442 32.43                             117    0.0410 7.39  174
 N11      P   0 ? 1442 30.56                             111   -0.0010 8.55 3394
 N11      S   0   1442 32.78                             111    0.0510 8.55 3394
                                                                                
 2021  2 2 1536 41.5 L  28.831  50.867  8.6  SLT  9 0.1                        1
 GAP=228        0.24       0.8     1.4  0.9  0.6996E+00  0.3933E+00  0.3496E-01E
 STAT SP IPHASW D HRMN SECON CODA AMPLIT PERI AZIMU VELO AIN AR TRES W  DIS CAZ7
 N3       P   0 ? 1536 43.42                             171   -0.0310 1.00  504
 N3       S   0   1536 45.13                             171    0.0910 1.00  504
 N5       P   0 ? 1536 43.48                             161   -0.0210 2.18  534
 N5       S   0   1536 45.18                             161    0.0410 2.18  534
 N2       P   0 ? 1536 43.50                             158   -0.0210 2.61  764
 N2       S   0   1536 45.17                             158    0.0010 2.61  764
 N4       P   0 ? 1536 43.62                             153    0.0510 3.23 3374
 N4       S   0   1536 45.22                             153   -0.0410 3.23 3374
 N1       P   0 ? 1536 43.58                             153    0.0010 3.28 1084
 N1       S   0   1536 45.30                             153    0.0310 3.28 1084
 CAMP     P   0 ? 1536 43.70                             146    0.0610 4.08  784
 CAMP     S   0   1536 45.26                             146   -0.1310 4.08  784
 N6       P   0 ? 1536 43.79                             139    0.0210 5.19   44
 N6       S   0   1536 45.53                             139   -0.0910 5.19   44
 N10      P   0 ? 1536 43.93                             128   -0.0710 7.00 3484
 N10      S   0   1536 46.01                             128   -0.0210 7.00 3484
 N9       P   0 ? 1536 44.05                             126    0.0310 7.19  114
 N9       S   0   1536 46.20                             126    0.1210 7.19  114
                                                                                
 2021  2 2 1550 48.6 L  28.822  50.853  7.7  SLT  8 0.1                        1
 GAP=272        0.27       1.0     1.6  1.3  0.8995E+00  0.1125E+01  0.1837E+00E
 STAT SP IPHASW D HRMN SECON CODA AMPLIT PERI AZIMU VELO AIN AR TRES W  DIS CAZ7
 N3       P   0 ? 1550 50.52                             153    0.0510 2.75  534
 N5       P   0 ? 1550 50.58                             143   -0.0110 3.93  544
 N5       S   0   1550 52.22                             143   -0.0010 3.93  544
 N4       P   0 ? 1550 50.62                             142    0.0310 4.00   24
 N4       S   0   1550 52.21                             142   -0.0210 4.00   24
 N2       P   0 ? 1550 50.57                             140   -0.0510 4.28  674
 N2       S   0   1550 52.29                             140    0.0110 4.28  674
 N1       P   0 ? 1550 50.60                             138   -0.0510 4.53  904
 N1       S   0   1550 52.24                             138   -0.1010 4.53  904
 CAMP     P   0 ? 1550 50.80                             128    0.0010 5.73  714
 CAMP     S   0   1550 52.70                             128    0.0910 5.73  714
 N6       P   0 ? 1550 50.98                             123    0.0710 6.47  164
 N6       S   0   1550 52.92                             123    0.1010 6.47  164
 N15      P   0 ? 1550 51.63                             102    0.0610 10.5   24
 N15      S   0   1550 53.83                             102   -0.1710 10.5   24
                                                                                
 2021  2 2 1642 55.2 L  28.825  50.852  8.2  SLT 10 0.1                        1
 GAP=250        0.27       0.9     1.3  1.1  0.7508E+00  0.8034E+00  0.2005E+00E
 STAT SP IPHASW D HRMN SECON CODA AMPLIT PERI AZIMU VELO AIN AR TRES W  DIS CAZ7
 N3       P   0 ? 1642 57.21                             157    0.0510 2.59  604
 N3       S   0   1642 58.81                             157    0.0510 2.59  604
 N4       P   0 ? 1642 57.22                             148   -0.0210 3.63   34
 N4       S   0   1642 58.94                             148    0.0310 3.63   34
 N5       P   0 ? 1642 57.24                             147   -0.0210 3.76  594
 N5       S   0   1642 58.93                             147   -0.0110 3.76  594
 N2       P   0 ? 1642 57.39                             143    0.1010 4.20  724
 N2       S   0   1642 58.91                             143   -0.0910 4.20  724
 N1       P   0 ? 1642 57.29                             141   -0.0510 4.59  954
 N1       S   0   1642 59.09                             141   -0.0010 4.59  954
 CAMP     P   0 ? 1642 57.43                             133   -0.0310 5.67  744
 CAMP     S   0   1642 59.23                             133   -0.0810 5.67  744
 N6       P   0 ? 1642 57.59                             130    0.0610 6.13  184
 N6       S   0   1642 59.58                             130    0.1410 6.13  184
 N10      P   0 ? 1642 57.76                             121    0.0310 7.50 3604
 N10      S   0   1642 59.60                             121   -0.1910 7.50 3604
 N9       P   0 ? 1642 57.81                             118   -0.0210 8.22  204
 N9       S   0   1643  0.09                             118    0.1110 8.22  204
 N11      P   0 ? 1642 57.96                             114    0.0110 8.95 3444
 N11      S   0   1643  0.11                             114   -0.0810 8.95 3444
                                                                                
 2021  2 2 1654 51.7 L  28.831  50.865  8.0  SLT 12 0.1                        1
 GAP=234        0.23       0.7     1.0  0.6  0.4290E+00 -0.9321E-01 -0.1058E+00E
 STAT SP IPHASW D HRMN SECON CODA AMPLIT PERI AZIMU VELO AIN AR TRES W  DIS CAZ7
 N3       P   0 ? 1654 53.50                             169   -0.0710 1.20  574
 N3       S   0   1654 54.97                             169   -0.1110 1.20  574
 N5       P   0 ? 1654 53.65                             158    0.0210 2.38  564
 N5       S   0   1654 55.27                             158    0.0810 2.38  564
 N2       P   0 ? 1654 53.75                             154    0.1010 2.84  764
 N2       S   0   1654 55.14                             154   -0.1010 2.84  764
 N4       P   0 ? 1654 53.65                             151   -0.0410 3.17 3414
 N4       S   0   1654 55.39                             151    0.0910 3.17 3414
 N1       P   0 ? 1654 53.69                             148   -0.0310 3.49 1074
 N1       S   0   1654 55.37                             148    0.0210 3.49 1074
 CAMP     P   0 ? 1654 53.77                             141   -0.0310 4.31  784
 CAMP     S   0   1654 55.55                             141    0.0610 4.31  784
 N6       P   0 ? 1654 53.93                             134    0.0210 5.24   74
 N6       S   0   1654 55.76                             134    0.0610 5.24   74
 N10      P   0 ? 1654 54.18                             123    0.0310 6.98 3504
 N10      S   0   1654 56.10                             123   -0.0310 6.98 3504
 N9       P   0 ? 1654 54.18                             121   -0.0110 7.27  134
 N9       S   0   1654 56.13                             121   -0.0710 7.27  134
 P2       P   0 ? 1654 55.31                              99    0.0210 13.9  344
 P3       P   0 ? 1654 55.75                              96   -0.0710 17.0  404
 KHIA     P   0 ? 1654 58.08                              93    0.0410 29.8  814
                                                                                
 2021  2 2 1919 18.6 L  28.826  50.861  8.2  SLT 29 0.1                        1
 GAP=206        0.27       0.4     0.5  0.5  0.1404E+00 -0.3650E-01 -0.2715E-01E
 STAT SP IPHASW D HRMN SECON CODA AMPLIT PERI AZIMU VELO AIN AR TRES W  DIS CAZ7
 N3       P   0 ? 1919 20.51                             163    0.0310 1.86  484
 N3       S   0   1919 22.09                             163    0.0610 1.86  484
 N5       P   0 ? 1919 20.61                             153    0.0510 3.03  514
 N5       S   0   1919 22.23                             153    0.0510 3.03  514
 N2       P   0 ? 1919 20.60                             150    0.0210 3.38  694
 N2       S   0   1919 22.16                             150   -0.0610 3.38  694
 N4       P   0 ? 1919 20.56                             148   -0.0410 3.62 3504
 N4       S   0   1919 22.33                             148    0.0610 3.62 3504
 N1       P   0 ? 1919 20.66                             147    0.0410 3.76  974
 N1       S   0   1919 22.11                             147   -0.1810 3.76  974
 CAMP     P   0 ? 1919 20.74                             138    0.0110 4.84  734
 CAMP     S   0   1919 22.56                             138    0.0710 4.84  734
 N6       P   0 ? 1919 20.93                             131    0.0710 5.86  104
 N6       S   0   1919 22.69                             131   -0.0510 5.86  104
 N10      P   0 ? 1919 21.10                             121    0.0110 7.49 3534
 N10      S   0   1919 23.04                             121   -0.1010 7.49 3534
 N9       P   0 ? 1919 21.23                             119    0.0810 7.91  144
 N9       S   0   1919 23.34                             119    0.0910 7.91  144
 N11      P   0 ? 1919 21.40                             113    0.0510 9.16 3394
 N11      S   0   1919 23.57                             113   -0.0410 9.16 3394
 N13      P   0 ? 1919 21.42                             110   -0.0410 9.87 3364
 N13      S   0   1919 23.75                             110   -0.0710 9.87 3364
 N15      P   0 ? 1919 21.62                             109    0.1210 10.1 3574
 N15      S   0   1919 24.07                             109    0.1810 10.1 3574
 N14      P   0 ? 1919 21.60                             107    0.0210 10.6 3474
 N14      S   0   1919 23.92                             107   -0.1210 10.6 3474
 N16      P   0 ? 1919 21.76                             105    0.0510 11.3   54
 N16      S   0   1919 24.00                             105   -0.2610 11.3   54
 N18      P   0 ? 1919 21.83                             103   -0.0210 12.2 3474
 N18      S   0   1919 24.55                             103    0.0310 12.2 3474
 P1       P   0 ? 1919 21.98                             103    0.1010 12.4  234
 P1       S   0   1919 24.52                             103   -0.0610 12.4  234
 N19      S   0   1919 24.73                             101   -0.1410 13.3   24
 N17      P   0 ? 1919 22.06                             101    0.0210 13.3 3434
 N19      P   0 ? 1919 22.03                             101   -0.0110 13.3   24
 P2       P   0 ? 1919 22.36                              99    0.1010 14.6  344
 P2       S   0   1919 25.18                              99   -0.0910 14.6  344
 N20      P   0 ? 1919 22.34                              98   -0.1110 15.7 3514
 N20      S   0   1919 25.68                              98    0.0710 15.7 3514
 P3       P   0 ? 1919 22.87                              97    0.0810 17.7  394
 P3       S   0   1919 26.47                              97    0.2410 17.7  394
 JNAK     P   0 ? 1919 23.36                              95   -0.0310 21.2 1024
 JNAK     S   0   1919 27.18                              95   -0.1310 21.2 1024
 P4       P   0 ? 1919 23.88                              94   -0.0310 24.1  504
 DLRM     P   0 ? 1919 24.50                              93   -0.0210 27.6 1304
 KHIA     P   0 ? 1919 25.00                              93    0.0210 30.2  804
 KHIA     S   0   1919 30.18                              93   -0.0010 30.2  804
 TOLS     P   0 ? 1919 24.96                              93   -0.0110 30.2  564
 KOLO     P   0 ? 1919 26.46                              92   -0.0410 39.0 1084
 P9       P   0 ? 1919 26.50                              92   -0.0110 39.1  594
 ABTL     P   0 ? 1919 26.53                              92   -0.0410 39.4  394
                                                                                
 2021  3 3 0020 41.7 L  28.816  50.850  6.4  SLT  6 0.1                        1
 GAP=282        0.31       2.2     1.7  2.2  0.2598E+01  0.2482E+01  0.3584E+01E
 STAT SP IPHASW D HRMN SECON CODA AMPLIT PERI AZIMU VELO AIN AR TRES W  DIS CAZ7
 N3       P   0 ? 0020 43.51                             146    0.0310 3.32  474
 N3       S   0   0020 45.08                             146    0.1810 3.32  474
 N5       P   0 ? 0020 43.63                             136   -0.0010 4.49  494
 N5       S   0   0020 45.18                             136   -0.0010 4.49  494
 N4       P   0 ? 0020 43.60                             135   -0.0510 4.62   54
 N4       S   0   0020 45.14                             135   -0.0710 4.62   54
 N2       P   0 ? 0020 43.68                             134    0.0210 4.76  614
 N2       S   0   0020 45.16                             134   -0.0810 4.76  614
 N1       P   0 ? 0020 43.72                             134    0.0410 4.80  834
 N1       S   0   0020 45.10                             134   -0.1610 4.80  834
 CAMP     P   0 ? 0020 43.89                             124    0.0010 6.17  664
 CAMP     S   0   0020 45.73                             124    0.0910 6.17  664
                                                                                
 2021  3 3 0440 41.2 L  28.830  50.854  7.5  SLT  6 0.1                        1
 GAP=257        0.32       2.8     2.1  1.9  0.4096E+01  0.2002E+01  0.3053E+01E
 STAT SP IPHASW D HRMN SECON CODA AMPLIT PERI AZIMU VELO AIN AR TRES W  DIS CAZ7
 N3       P   0 ? 0440 43.07                             158    0.0410 2.14  704
 N3       S   0   0440 44.62                             158    0.1010 2.14  704
 N4       P   0 ? 0440 43.16                             150    0.0610 3.05 3594
 N4       S   0   0440 44.50                             150   -0.1510 3.05 3594
 N5       P   0 ? 0440 43.20                             147    0.0710 3.30  654
 N5       S   0   0440 44.68                             147   -0.0210 3.30  654
 N2       P   0 ? 0440 43.18                             142    0.0110 3.84  794
 N2       S   0   0440 44.93                             142    0.1510 3.84  794
 N1       P   0 ? 0440 43.19                             137   -0.0610 4.46 1024
 N1       S   0   0440 44.77                             137   -0.1510 4.46 1024
 CAMP     P   0 ? 0440 43.33                             130   -0.0310 5.32  804
 CAMP     S   0   0440 45.08                             130   -0.0310 5.32  804
                                                                                
 2021  3 3 2129 38.9 L  28.826  50.844  7.1  SLT  9 0.1                        1
 GAP=254        0.26       1.1     1.2  1.3  0.2575E+00  0.7647E+00 -0.4904E+00E
 STAT SP IPHASW D HRMN SECON CODA AMPLIT PERI AZIMU VELO AIN AR TRES W  DIS CAZ7
 N3       P   0 ? 2129 40.75                             145    0.0310 3.24  684
 N3       S   0   2129 42.08                             145   -0.1510 3.24  684
 N4       P   0 ? 2129 40.78                             141    0.0110 3.68  154
 N5       P   0 ? 2129 40.86                             134    0.0010 4.41  654
 N5       S   0   2129 42.61                             134    0.1310 4.41  654
 N2       P   0 ? 2129 40.95                             129    0.0310 4.92  764
 N2       S   0   2129 42.65                             129    0.0710 4.92  764
 N1       P   0 ? 2129 41.00                             125    0.0110 5.36  954
 N1       S   0   2129 42.69                             125   -0.0210 5.36  954
 N6       P   0 ? 2129 41.10                             116   -0.0410 6.33  244
 CAMP     P   0 ? 2129 41.15                             115    0.0110 6.39  774
 CAMP     S   0   2129 42.94                             115   -0.0410 6.39  774
 N9       P   0 ? 2129 41.39                              97   -0.1010 8.45  254
 N9       S   0   2129 43.61                              97   -0.0010 8.45  254
 N11      P   0 ? 2129 41.60                              95    0.0710 8.71 3494
                                                                                
 2021  3 3 2352  9.5 L  28.829  50.855  7.1  SLT 12 0.1                        1
 GAP=241        0.23       0.6     0.9  0.7  0.3043E+00  0.2276E+00 -0.8811E-01E
 STAT SP IPHASW D HRMN SECON CODA AMPLIT PERI AZIMU VELO AIN AR TRES W  DIS CAZ7
 N3       P   0 ? 2352 11.25                             157   -0.0110 2.11  654
 N3       S   0   2352 12.74                             157    0.0410 2.11  654
 N4       P   0 ? 2352 11.44                             145    0.0810 3.23 3574
 N4       S   0   2352 12.82                             145   -0.0510 3.23 3574
 N5       P   0 ? 2352 11.48                             145    0.1110 3.28  614
 N5       S   0   2352 12.83                             145   -0.0610 3.28  614
 N2       P   0 ? 2352 11.37                             140   -0.0410 3.77  764
 N2       S   0   2352 13.02                             140    0.0610 3.77  764
 N1       P   0 ? 2352 11.43                             135   -0.0510 4.32 1004
 N1       S   0   2352 13.10                             135    0.0110 4.32 1004
 CAMP     P   0 ? 2352 11.56                             126   -0.0410 5.25  784
 CAMP     S   0   2352 13.34                             126    0.0310 5.25  784
 N6       P   0 ? 2352 11.63                             123   -0.0410 5.65  164
 N6       S   0   2352 13.40                             123   -0.0310 5.65  164
 N10      P   0 ? 2352 11.90                             109    0.0110 7.12 3574
 N10      S   0   2352 13.72                             109   -0.1210 7.12 3574
 N9       P   0 ? 2352 12.01                             104    0.0110 7.74  194
 N9       S   0   2352 14.03                             104    0.0110 7.74  194
 N11      P   0 ? 2352 12.15                              97   -0.0110 8.67 3414
 N11      S   0   2352 14.41                              97    0.1010 8.67 3414
 N15      P   0 ? 2352 12.24                              94   -0.1110 9.77   04
 N15      S   0   2352 14.74                              94    0.0810 9.77   04
 P1       P   0 ? 2352 12.80                              92    0.0210 12.3  264
                                                                                
 2021  3 3 0133 46.1 L  28.824  50.851  6.1  SLT  8 0.1                        1
 GAP=271        0.25       0.7     1.0  0.9  0.3448E+00  0.3461E+00  0.4007E-01E
 STAT SP IPHASW D HRMN SECON CODA AMPLIT PERI AZIMU VELO AIN AR TRES W  DIS CAZ7
 N3       P   0 ? 0133 47.80                             150    0.0510 2.73  584
 N3       S   0   0133 49.16                             150    0.0810 2.73  584
 N4       P   0 ? 0133 47.94                             140    0.0610 3.77   44
 N4       S   0   0133 49.18                             140   -0.1210 3.77   44
 N5       P   0 ? 0133 47.89                             138   -0.0110 3.91  574
 N5       S   0   0133 49.33                             138   -0.0110 3.91  574
 N2       P   0 ? 0133 47.92                             135   -0.0310 4.32  714
 N2       S   0   0133 49.35                             135   -0.0810 4.32  714
 N1       P   0 ? 0133 48.01                             132    0.0110 4.67  934
 N1       S   0   0133 49.62                             132    0.0910 4.67  934
 CAMP     P   0 ? 0133 48.09                             123   -0.0910 5.78  734
 CAMP     S   0   0133 49.82                             123   -0.0310 5.78  734
 N6       P   0 ? 0133 48.25                             120   -0.0210 6.28  184
 N6       S   0   0133 50.08                             120    0.0610 6.28  184
 N9       P   0 ? 0133 48.67                             107    0.0110 8.38  204
 N9       S   0   0133 50.76                             107    0.0410 8.38  204
                                                                                
 2021  3 3 0134 58.3 L  28.833  50.865  7.6  SLT 16 0.1                        1
 GAP=224        0.21       0.6     0.9  0.6  0.2929E+00  0.1705E+00 -0.7722E-01E
 STAT SP IPHASW D HRMN SECON CODA AMPLIT PERI AZIMU VELO AIN AR TRES W  DIS CAZ7
 N3       P   0 ? 0135  0.12                             169   -0.0210 1.09  694
 N3       S   0   0135  1.51                             169   -0.0910 1.09  694
 N5       P   0 ? 0135  0.23                             158    0.0210 2.25  624
 N5       S   0   0135  1.71                             158   -0.0010 2.25  624
 N2       P   0 ? 0135  0.33                             152    0.0910 2.80  824
 N2       S   0   0135  1.79                             152    0.0210 2.80  824
 N4       P   0 ? 0135  0.23                             151   -0.0210 2.91 3394
 N4       S   0   0135  1.77                             151   -0.0310 2.91 3394
 N1       P   0 ? 0135  0.27                             145   -0.0510 3.59 1114
 N1       S   0   0135  1.94                             145    0.0210 3.59 1114
 CAMP     P   0 ? 0135  0.39                             139    0.0010 4.28  824
 CAMP     S   0   0135  2.12                             139    0.0810 4.28  824
 N6       P   0 ? 0135  0.49                             133    0.0110 4.98   74
 N6       S   0   0135  2.20                             133   -0.0110 4.98   74
 N10      P   0 ? 0135  0.67                             120   -0.0510 6.71 3494
 N9       P   0 ? 0135  0.78                             118    0.0210 7.01  134
 N9       S   0   0135  2.63                             118   -0.0910 7.01  134
 N11      P   0 ? 0135  1.05                             109    0.0510 8.54 3354
 N11      S   0   0135  3.26                             109    0.1010 8.54 3354
 N15      P   0 ? 0135  1.16                             105    0.0310 9.30 3554
 N15      S   0   0135  3.46                             105    0.0710 9.30 3554
 N18      P   0 ? 0135  1.46                              99   -0.0410 11.5 3444
 P1       P   0 ? 0135  1.46                              99   -0.0410 11.5  234
 N19      P   0 ? 0135  1.55                              97   -0.1310 12.5   14
 N17      P   0 ? 0135  1.74                              97    0.0410 12.6 3404
 N20      P   0 ? 0135  2.10                              95   -0.0010 14.9 3494
                                                                                
 2021  3 3 1310 33.4 L  28.831  50.850  7.7  SLT  8 0.1                        1
 GAP=266        0.27       0.9     1.4  1.1  0.5613E+00  0.4687E+00  0.5452E-01E
 STAT SP IPHASW D HRMN SECON CODA AMPLIT PERI AZIMU VELO AIN AR TRES W  DIS CAZ7
 N3       P   0 ? 1310 35.33                             155    0.0410 2.55  764
 N3       S   0   1310 36.99                             155    0.1710 2.55  764
 N4       P   0 ? 1310 35.36                             151    0.0410 2.98   84
 N4       S   0   1310 36.71                             151   -0.1710 2.98   84
 N5       P   0 ? 1310 35.38                             145   -0.0110 3.68  694
 N5       S   0   1310 36.95                             145   -0.0510 3.68  694
 N2       P   0 ? 1310 35.45                             139    0.0010 4.28  824
 N2       S   0   1310 37.08                             139   -0.0210 4.28  824
 N1       P   0 ? 1310 35.49                             134   -0.0410 4.93 1024
 N1       S   0   1310 37.26                             134    0.0010 4.93 1024
 N6       P   0 ? 1310 35.69                             129    0.0710 5.57  224
 N6       S   0   1310 37.48                             129    0.0610 5.57  224
 CAMP     P   0 ? 1310 35.56                             128   -0.0810 5.76  824
 CAMP     S   0   1310 37.44                             128   -0.0110 5.76  824
 N9       P   0 ? 1310 35.92                             115   -0.0110 7.69  234
 N9       S   0   1310 37.97                             115   -0.0010 7.69  234
                                                                                
 2021  3 3 1323 39.9 L  28.832  50.859  5.9  SLT 10 0.1                        1
 GAP=234        0.25       0.6     0.9  0.7  0.3066E+00  0.2325E+00 -0.7111E-01E
 STAT SP IPHASW D HRMN SECON CODA AMPLIT PERI AZIMU VELO AIN AR TRES W  DIS CAZ7
 N3       P   0 ? 1323 41.47                             160    0.0610 1.71  704
 N3       S   0   1323 42.61                             160   -0.0210 1.71  704
 N5       P   0 ? 1323 41.48                             147   -0.0410 2.87  644
 N5       S   0   1323 42.76                             147   -0.0710 2.87  644
 N4       P   0 ? 1323 41.58                             146    0.0610 2.96 3514
 N4       S   0   1323 42.89                             146    0.0510 2.96 3514
 N2       P   0 ? 1323 41.54                             141   -0.0310 3.41  804
 N2       S   0   1323 42.98                             141    0.0510 3.41  804
 N1       P   0 ? 1323 41.70                             135    0.0310 4.09 1054
 N1       S   0   1323 43.12                             135    0.0110 4.09 1054
 CAMP     P   0 ? 1323 41.73                             128   -0.0610 4.89  804
 CAMP     S   0   1323 43.28                             128   -0.0410 4.89  804
 N6       P   0 ? 1323 41.84                             125   -0.0210 5.28  134
 N6       S   0   1323 43.48                             125    0.0310 5.28  134
 N9       P   0 ? 1323 42.20                             109   -0.0310 7.36  174
 N9       S   0   1323 44.17                             109    0.0510 7.36  174
 N11      P   0 ? 1323 42.55                             103    0.1010 8.49 3394
 N11      S   0   1323 44.31                             103   -0.2110 8.49 3394
 N15      P   0 ? 1323 42.64                              99   -0.0010 9.46 3584
 N15      S   0   1323 44.95                              99    0.0810 9.46 3584
                                                                                
 2021  3 3 1327 15.6 L  28.826  50.862  7.2  SLT 10 0.1                        1
 GAP=240        0.25       0.7     1.1  0.8  0.4128E+00  0.3703E+00 -0.8813E-01E
 STAT SP IPHASW D HRMN SECON CODA AMPLIT PERI AZIMU VELO AIN AR TRES W  DIS CAZ7
 N3       P   0 ? 1327 17.31                             161   -0.0110 1.74  474
 N3       S   0   1327 18.72                             161   -0.0210 1.74  474
 N5       P   0 ? 1327 17.42                             149    0.0110 2.91  514
 N5       S   0   1327 18.85                             149   -0.0510 2.91  514
 N2       P   0 ? 1327 17.50                             145    0.0710 3.25  694
 N2       S   0   1327 18.92                             145   -0.0210 3.25  694
 N4       P   0 ? 1327 17.53                             142    0.0610 3.59 3484
 N4       S   0   1327 19.10                             142    0.0910 3.59 3484
 N1       P   0 ? 1327 17.50                             142    0.0210 3.65  984
 N1       S   0   1327 18.86                             142   -0.1710 3.65  984
 CAMP     P   0 ? 1327 17.74                             131    0.1410 4.71  734
 CAMP     S   0   1327 19.30                             131    0.0510 4.71  734
 N6       P   0 ? 1327 17.78                             122    0.0210 5.79   94
 N6       S   0   1327 19.54                             122    0.0010 5.79   94
 N10      P   0 ? 1327 17.99                             107   -0.0310 7.44 3534
 N10      S   0   1327 20.01                             107   -0.0010 7.44 3534
 N9       P   0 ? 1327 18.03                             104   -0.0510 7.83  144
 N9       S   0   1327 20.15                             104    0.0310 7.83  144
 N11      P   0 ? 1327 18.23                              96   -0.0810 9.15 3384
 N11      S   0   1327 20.48                              96   -0.0510 9.15 3384
                                                                                
 2021  3 3 1346  4.1 L  28.829  50.857  7.6  SLT  7 0.1                        1
 GAP=255        0.30       1.5     1.7  1.5  0.1518E+01  0.1006E+01  0.6647E+00E
 STAT SP IPHASW D HRMN SECON CODA AMPLIT PERI AZIMU VELO AIN AR TRES W  DIS CAZ7
 N3       P   0 ? 1346  5.95                             160   -0.0210 2.00  624
 N3       S   0   1346  7.53                             160    0.0710 2.00  624
 N5       P   0 ? 1346  6.08                             149    0.0210 3.18  604
 N5       S   0   1346  7.60                             149   -0.0310 3.18  604
 N4       P   0 ? 1346  6.09                             148    0.0210 3.28 3554
 N4       S   0   1346  7.60                             148   -0.0410 3.28 3554
 N2       P   0 ? 1346  6.09                             144   -0.0110 3.65  754
 N2       S   0   1346  7.46                             144   -0.2310 3.65  754
 N1       P   0 ? 1346  6.14                             140   -0.0210 4.17 1004
 N1       S   0   1346  7.98                             140    0.1710 4.17 1004
 CAMP     P   0 ? 1346  6.25                             132   -0.0210 5.12  774
 CAMP     S   0   1346  8.03                             132    0.0210 5.12  774
 N6       P   0 ? 1346  6.34                             128   -0.0110 5.65  144
 N6       S   0   1346  8.24                             128    0.0910 5.65  144
                                                                                
 2021  3 3 1426 26.5 L  28.834  50.863  6.6  SLT 10 0.1                        1
 GAP=232        0.25       0.6     1.1  0.8  0.4107E+00  0.2426E+00 -0.3748E-01E
 STAT SP IPHASW D HRMN SECON CODA AMPLIT PERI AZIMU VELO AIN AR TRES W  DIS CAZ7
 N3       P   0 ? 1426 28.09                             167   -0.0410 1.25  754
 N3       S   0   1426 29.35                             167   -0.1010 1.25  754
 N5       P   0 ? 1426 28.31                             155    0.1010 2.40  654
 N5       S   0   1426 29.53                             155   -0.0610 2.40  654
 N4       P   0 ? 1426 28.29                             152    0.0410 2.79 3424
 N4       S   0   1426 29.64                             152   -0.0110 2.79 3424
 N2       P   0 ? 1426 28.26                             150    0.0010 2.98  844
 N2       S   0   1426 29.72                             150    0.0510 2.98  844
 N1       P   0 ? 1426 28.29                             143   -0.0710 3.79 1114
 N1       S   0   1426 29.85                             143    0.0010 3.79 1114
 CAMP     P   0 ? 1426 28.42                             137   -0.0210 4.46  834
 CAMP     S   0   1426 30.09                             137    0.0910 4.46  834
 N6       P   0 ? 1426 28.59                             134    0.0710 4.94   94
 N6       S   0   1426 30.21                             134    0.0710 4.94   94
 N10      P   0 ? 1426 28.74                             123   -0.0410 6.62 3514
 N10      S   0   1426 30.71                             123    0.1010 6.62 3514
 N9       P   0 ? 1426 28.84                             120   -0.0010 6.99  154
 N9       S   0   1426 30.56                             120   -0.1710 6.99  154
 N15      P   0 ? 1426 29.22                             110   -0.0310 9.22 3564
 N15      S   0   1426 31.46                             110   -0.0110 9.22 3564
                                                                                
 2021  3 3 1549 35.7 L  28.829  50.856  6.2  SLT  9 0.1                        1
 GAP=256        0.25       0.7     1.3  0.8  0.4632E+00  0.3305E+00 -0.7297E-01E
 STAT SP IPHASW D HRMN SECON CODA AMPLIT PERI AZIMU VELO AIN AR TRES W  DIS CAZ7
 N3       P   0 ? 1549 37.34                             157    0.0310 2.07  654
 N3       S   0   1549 38.63                             157    0.0310 2.07  654
 N4       P   0 ? 1549 37.53                             145    0.1110 3.22 3574
 N4       S   0   1549 38.70                             145   -0.1010 3.22 3574
 N5       P   0 ? 1549 37.47                             145    0.0410 3.24  614
 N5       S   0   1549 38.89                             145    0.0810 3.24  614
 N2       P   0 ? 1549 37.43                             140   -0.0510 3.74  764
 N2       S   0   1549 38.85                             140   -0.0610 3.74  764
 N1       P   0 ? 1549 37.48                             136   -0.0810 4.28 1004
 CAMP     P   0 ? 1549 37.74                             128    0.0410 5.21  784
 N6       P   0 ? 1549 37.77                             125   -0.0010 5.63  154
 N9       P   0 ? 1549 38.10                             111   -0.0410 7.72  194
 N9       S   0   1549 40.12                             111    0.0210 7.72  194
 N15      P   0 ? 1549 38.53                             103   -0.0110 9.75   04
 N15      S   0   1549 40.82                             103    0.0010 9.75   04
                                                                                
 2021  3 3 1559  9.3 L  28.823  50.847  8.0  SLT  8 0.1                        1
 GAP=257        0.27       1.0     1.3  1.2  0.7897E+00  0.8138E+00  0.1743E+00E
 STAT SP IPHASW D HRMN SECON CODA AMPLIT PERI AZIMU VELO AIN AR TRES W  DIS CAZ7
 N3       P   0 ? 1559 11.24                             151    0.0110 3.17  614
 N3       S   0   1559 12.82                             151   -0.0210 3.17  614
 N4       P   0 ? 1559 11.38                             144    0.0710 3.95  104
 N4       S   0   1559 13.04                             144    0.0710 3.95  104
 N5       P   0 ? 1559 11.40                             141    0.0510 4.35  594
 N5       S   0   1559 13.09                             141    0.0410 4.35  594
 N2       P   0 ? 1559 11.38                             137   -0.0110 4.78  714
 N2       S   0   1559 13.10                             137   -0.0210 4.78  714
 N1       P   0 ? 1559 11.42                             135   -0.0210 5.11  914
 N1       S   0   1559 13.09                             135   -0.1210 5.11  914
 CAMP     P   0 ? 1559 11.52                             127   -0.0610 6.24  734
 CAMP     S   0   1559 13.53                             127    0.0610 6.24  734
 N9       P   0 ? 1559 11.99                             113    0.0410 8.66  234
 N9       S   0   1559 14.18                             113    0.0410 8.66  234
 N11      P   0 ? 1559 12.08                             111    0.0610 9.07 3484
 N11      S   0   1559 14.08                             111   -0.1810 9.07 3484
                                                                                
 2021  3 3 2214 24.1 L  28.833  50.869  8.6  SLT  8 0.1                        1
 GAP=218        0.28       1.4     1.8  1.1  0.1974E+01  0.8196E+00  0.2851E+00E
 STAT SP IPHASW D HRMN SECON CODA AMPLIT PERI AZIMU VELO AIN AR TRES W  DIS CAZ7
 N3       P   0 ? 2214 26.06                             174   -0.0210 0.69  564
 N3       S   0   2214 27.77                             174    0.1110 0.69  564
 N5       P   0 ? 2214 26.11                             164   -0.0110 1.87  564
 N5       S   0   2214 27.49                             164   -0.2510 1.87  564
 N2       P   0 ? 2214 26.18                             160    0.0410 2.36  804
 N2       S   0   2214 27.81                             160    0.0410 2.36  804
 N4       P   0 ? 2214 26.15                             154   -0.0510 3.09 3314
 N4       S   0   2214 27.89                             154    0.0210 3.09 3314
 N1       P   0 ? 2214 26.15                             153   -0.0610 3.18 1144
 N1       S   0   2214 27.95                             153    0.0610 3.18 1144
 CAMP     P   0 ? 2214 26.28                             148    0.0210 3.84  814
 CAMP     S   0   2214 28.01                             148    0.0310 3.84  814
 N6       P   0 ? 2214 26.38                             140    0.0010 4.94   24
 N6       S   0   2214 28.23                             140    0.0310 4.94   24
 N11      P   0 ? 2214 26.91                             118    0.0210 8.73 3324
 N11      S   0   2214 29.13                             118    0.0110 8.73 3324
                                                                                
 2021  3 3 2316 52.3 L  28.826  50.857  6.6  SLT  8 0.1                        1
 GAP=260        0.28       0.9     1.3  1.1  0.7592E+00  0.7180E+00  0.1584E+00E
 STAT SP IPHASW D HRMN SECON CODA AMPLIT PERI AZIMU VELO AIN AR TRES W  DIS CAZ7
 N5       P   0 ? 2316 54.13                             147    0.0110 3.37  554
 N5       S   0   2316 55.58                             147   -0.0010 3.37  554
 N4       P   0 ? 2316 54.17                             145    0.0210 3.59 3564
 N4       S   0   2316 55.67                             145    0.0510 3.59 3564
 N2       P   0 ? 2316 54.20                             143    0.0410 3.77  714
 N2       S   0   2316 55.43                             143   -0.2210 3.77  714
 N1       P   0 ? 2316 54.22                             140    0.0010 4.16  964
 N1       S   0   2316 55.85                             140    0.1010 4.16  964
 CAMP     P   0 ? 2316 54.39                             132    0.0310 5.23  744
 CAMP     S   0   2316 56.07                             132    0.0510 5.23  744
 N6       P   0 ? 2316 54.44                             127   -0.0510 5.96  144
 N10      P   0 ? 2316 54.73                             118   -0.0110 7.47 3574
 N10      S   0   2316 56.69                             118   -0.0110 7.47 3574
 N9       P   0 ? 2316 54.76                             115   -0.0810 8.04  174
 N9       S   0   2316 56.96                             115    0.0810 8.04  174
                                                                                
 2021  3 3 2346  1.6 L  28.834  50.864  5.9  SLT  9 0.1                        1
 GAP=257        0.26       0.7     1.0  0.8  0.3574E+00  0.1603E+00 -0.1627E+00E
 STAT SP IPHASW D HRMN SECON CODA AMPLIT PERI AZIMU VELO AIN AR TRES W  DIS CAZ7
 N3       P   0 ? 2346  3.06                             166    0.0210 1.13  724
 N3       S   0   2346  4.12                             166   -0.1110 1.13  724
 N5       P   0 ? 2346  3.10                             153   -0.0310 2.29  644
 N5       S   0   2346  4.43                             153    0.0410 2.29  644
 N4       P   0 ? 2346  3.16                             147   -0.0210 2.85 3404
 N4       S   0   2346  4.60                             147    0.1110 2.85 3404
 N2       P   0 ? 2346  3.13                             147   -0.0510 2.85  834
 N2       S   0   2346  4.53                             147    0.0610 2.85  834
 CAMP     P   0 ? 2346  3.33                             132   -0.0410 4.33  824
 CAMP     S   0   2346  4.83                             132   -0.0010 4.33  824
 N6       P   0 ? 2346  3.61                             127    0.1310 4.94   84
 N6       S   0   2346  5.00                             127   -0.0210 4.94   84
 N10      P   0 ? 2346  3.81                             113    0.0410 6.66 3504
 N10      S   0   2346  5.37                             113   -0.1910 6.66 3504
 N9       P   0 ? 2346  3.81                             111   -0.0210 6.98  144
 N9       S   0   2346  5.69                             111    0.0310 6.98  144
 N15      P   0 ? 2346  4.29                              99    0.0110 9.25 3554
 N15      S   0   2346  6.50                              99    0.0310 9.25 3554
                                                                                
 2021  3 3 0026  6.6 L  28.834  50.870  8.5  SLT 11 0.1                        1
 GAP=214        0.24       0.7     1.2  0.8  0.5774E+00  0.3045E+00 -0.2957E-01E
 STAT SP IPHASW D HRMN SECON CODA AMPLIT PERI AZIMU VELO AIN AR TRES W  DIS CAZ7
 N3       P   0 ? 0026  8.53                             175   -0.0110 0.58  614
 N3       S   0   0026  9.99                             175   -0.1210 0.58  614
 N5       P   0 ? 0026  8.55                             165   -0.0310 1.76  584
 N5       S   0   0026 10.23                             165    0.0410 1.76  584
 N2       P   0 ? 0026  8.59                             160   -0.0110 2.29  834
 N2       S   0   0026 10.20                             160   -0.0210 2.29  834
 N4       P   0 ? 0026  8.65                             154   -0.0110 3.03 3294
 N4       S   0   0026 10.31                             154   -0.0110 3.03 3294
 N1       P   0 ? 0026  8.72                             153    0.0510 3.17 1164
 N1       S   0   0026 10.40                             153    0.0610 3.17 1164
 CAMP     P   0 ? 0026  8.70                             148   -0.0210 3.77  824
 CAMP     S   0   0026 10.41                             148   -0.0210 3.77  824
 N6       P   0 ? 0026  8.85                             141    0.0110 4.83   14
 N6       S   0   0026 10.80                             141    0.1610 4.83   14
 N10      P   0 ? 0026  9.16                             128    0.0910 6.72 3454
 N10      S   0   0026 11.14                             128    0.0810 6.72 3454
 N9       P   0 ? 0026  9.10                             128    0.0210 6.80   94
 N9       S   0   0026 10.96                             128   -0.1110 6.80   94
 N11      P   0 ? 0026  9.28                             118   -0.0710 8.67 3314
 N11      S   0   0026 11.57                             118   -0.0010 8.67 3314
 N15      P   0 ? 0026  9.46                             116    0.0210 9.25 3524
 N15      S   0   0026 11.65                             116   -0.0910 9.25 3524
                                                                                
 2021  3 3 1049  2.0 L  28.824  50.857  8.3  SLT 10 0.1                        1
 GAP=248        0.27       0.9     1.4  1.1  0.7283E+00  0.7003E+00  0.6264E-01E
 STAT SP IPHASW D HRMN SECON CODA AMPLIT PERI AZIMU VELO AIN AR TRES W  DIS CAZ7
 N3       P   0 ? 1049  4.01                             160    0.0810 2.27  524
 N3       S   0   1049  5.48                             160   -0.0510 2.27  524
 N5       P   0 ? 1049  4.15                             150    0.1310 3.45  544
 N5       S   0   1049  5.73                             150    0.0410 3.45  544
 N4       P   0 ? 1049  4.06                             148    0.0210 3.72 3564
 N4       S   0   1049  5.80                             148    0.0710 3.72 3564
 N2       P   0 ? 1049  4.08                             147    0.0410 3.82  694
 N2       S   0   1049  5.69                             147   -0.0510 3.82  694
 N1       P   0 ? 1049  4.04                             145   -0.0510 4.15  944
 N1       S   0   1049  5.72                             145   -0.0910 4.15  944
 CAMP     P   0 ? 1049  4.17                             136   -0.0410 5.27  724
 CAMP     S   0   1049  6.02                             136   -0.0110 5.27  724
 N10      P   0 ? 1049  4.54                             122    0.0110 7.61 3574
 N10      S   0   1049  6.71                             122    0.1010 7.61 3574
 N9       P   0 ? 1049  4.56                             119   -0.0510 8.17  174
 N9       S   0   1049  6.80                             119    0.0410 8.17  174
 N11      P   0 ? 1049  4.76                             114   -0.0010 9.17 3424
 N11      S   0   1049  6.83                             114   -0.2110 9.17 3424
 N15      S   0   1049  7.37                             110    0.0110 10.2 3604
                                                                                
 2021  3 3 1125 14.7 L  28.835  50.853  6.9  SLT  8 0.1                        1
 GAP=254        0.28       0.8     1.3  1.0  0.5366E+00  0.4061E+00  0.8605E-01E
 STAT SP IPHASW D HRMN SECON CODA AMPLIT PERI AZIMU VELO AIN AR TRES W  DIS CAZ7
 N3       P   0 ? 1125 16.47                             159    0.0310 2.14  834
 N3       S   0   1125 17.87                             159    0.0310 2.14  834
 N4       P   0 ? 1125 16.42                             155   -0.0610 2.59   24
 N4       S   0   1125 18.01                             155    0.1110 2.59   24
 N5       P   0 ? 1125 16.51                             149   -0.0310 3.24  734
 N5       S   0   1125 17.78                             149   -0.2410 3.24  734
 N2       P   0 ? 1125 16.61                             144    0.0010 3.89  864
 N2       S   0   1125 18.15                             144    0.0110 3.89  864
 N1       P   0 ? 1125 16.72                             138    0.0010 4.68 1074
 N1       S   0   1125 18.32                             138   -0.0110 4.68 1074
 N6       P   0 ? 1125 16.77                             135   -0.0110 5.11  204
 N6       S   0   1125 18.48                             135    0.0310 5.11  204
 CAMP     P   0 ? 1125 16.87                             133    0.0610 5.37  854
 CAMP     S   0   1125 18.62                             133    0.1210 5.37  854
 N9       P   0 ? 1125 17.08                             122   -0.0310 7.22  224
 N9       S   0   1125 19.03                             122   -0.0210 7.22  224
                                                                                
 2021  3 3 2106 19.5 L  28.827  50.856  6.0  SLT  6 0.1                        1
 GAP=259        0.28       1.2     1.4  1.5  0.1200E+01  0.1044E+01  0.7528E+00E
 STAT SP IPHASW D HRMN SECON CODA AMPLIT PERI AZIMU VELO AIN AR TRES W  DIS CAZ7
 N5       P   0 ? 2106 21.28                             144    0.0810 3.31  584
 N5       S   0   2106 22.70                             144    0.1210 3.31  584
 N4       P   0 ? 2106 21.21                             142   -0.0010 3.44 3564
 N4       S   0   2106 22.56                             142   -0.0410 3.44 3564
 N2       P   0 ? 2106 21.25                             139    0.0010 3.75  734
 N2       S   0   2106 22.64                             139   -0.0210 3.75  734
 N1       P   0 ? 2106 21.40                             135    0.0810 4.21  984
 N1       S   0   2106 22.65                             135   -0.1410 4.21  984
 CAMP     P   0 ? 2106 21.47                             127    0.0010 5.22  754
 CAMP     S   0   2106 23.06                             127   -0.0010 5.22  754
 N6       P   0 ? 2106 21.48                             122   -0.1010 5.83  144
 N6       S   0   2106 23.27                             122    0.0110 5.83  144
                                                                                
 2021  3 3 0031 37.9 L  28.835  50.857 11.1  SLT  9 0.1                        1
 GAP=244        0.28       1.2     2.2  1.2  0.1359E+01  0.1109E+01  0.1795E+00E
 STAT SP IPHASW D HRMN SECON CODA AMPLIT PERI AZIMU VELO AIN AR TRES W  DIS CAZ7
 N3       P   0 ? 0031 40.34                             168   -0.0110 1.77  824
 N3       S   0   0031 42.34                             168    0.0310 1.77  824
 N4       P   0 ? 0031 40.35                             163   -0.0410 2.58 3534
 N4       S   0   0031 42.35                             163   -0.0210 2.58 3534
 N5       P   0 ? 0031 40.45                             161    0.0510 2.87  724
 N5       S   0   0031 42.40                             161   -0.0010 2.87  724
 N2       P   0 ? 0031 40.45                             157    0.0210 3.52  864
 N2       S   0   0031 42.22                             157   -0.2410 3.52  864
 N1       P   0 ? 0031 40.52                             152    0.0210 4.34 1094
 N1       S   0   0031 42.65                             152    0.0810 4.34 1094
 N6       P   0 ? 0031 40.67                             148    0.1210 4.97  164
 N6       S   0   0031 42.78                             148    0.1110 4.97  164
 CAMP     P   0 ? 0031 40.52                             148   -0.0310 5.00  854
 CAMP     S   0   0031 42.71                             148    0.0510 5.00  854
 N9       P   0 ? 0031 40.74                             136   -0.0110 7.06  194
 N9       S   0   0031 42.94                             136   -0.1010 7.06  194
 N15      P   0 ? 0031 40.99                             127   -0.0110 9.10 3594
                                                                                
 2021  3 3 0102 30.3 L  28.830  50.863  7.7  SLT 11 0.1                        1
 GAP=232        0.26       0.8     1.2  0.9  0.5601E+00  0.3458E+00 -0.9395E-01E
 STAT SP IPHASW D HRMN SECON CODA AMPLIT PERI AZIMU VELO AIN AR TRES W  DIS CAZ7
 N3       P   0 ? 0102 32.12                             166   -0.0310 1.40  574
 N3       S   0   0102 33.45                             166   -0.1710 1.40  574
 N5       P   0 ? 0102 32.18                             155   -0.0410 2.58  564
 N5       S   0   0102 33.85                             155    0.0910 2.58  564
 N2       P   0 ? 0102 32.23                             150   -0.0210 3.03  754
 N2       S   0   0102 33.95                             150    0.1510 3.03  754
 N4       P   0 ? 0102 32.27                             149    0.0010 3.21 3444
 N4       S   0   0102 33.87                             149    0.0310 3.21 3444
 N1       P   0 ? 0102 32.33                             145    0.0210 3.63 1044
 N1       S   0   0102 33.99                             145    0.0710 3.63 1044
 CAMP     P   0 ? 0102 32.37                             138   -0.0310 4.50  774
 CAMP     S   0   0102 34.00                             138   -0.0810 4.50  774
 N6       P   0 ? 0102 32.49                             131   -0.0310 5.36   84
 N6       S   0   0102 34.33                             131    0.0410 5.36   84
 N10      P   0 ? 0102 32.83                             119    0.0710 7.05 3514
 N10      S   0   0102 34.63                             119   -0.0910 7.05 3514
 N9       P   0 ? 0102 32.81                             117    0.0010 7.40  144
 N9       S   0   0102 34.76                             117   -0.0610 7.40  144
 N11      S   0   0102 35.28                             109    0.0510 8.80 3374
 N15      S   0   0102 35.52                             105    0.0410 9.65 3564
                                                                                
 2021  3 3 0219 57.4 L  28.835  50.866  6.8  SLT  9 0.1                        1
 GAP=221        0.27       0.8     1.2  0.9  0.5491E+00  0.2629E+00 -0.1643E-01E
 STAT SP IPHASW D HRMN SECON CODA AMPLIT PERI AZIMU VELO AIN AR TRES W  DIS CAZ7
 N3       P   0 ? 0219 58.98                             171   -0.0310 0.88  734
 N3       S   0   0220  0.39                             171    0.0410 0.88  734
 N5       P   0 ? 0219 59.07                             160   -0.0010 2.03  634
 N5       S   0   0220  0.55                             160    0.0910 2.03  634
 N2       P   0 ? 0219 59.24                             154    0.1310 2.61  844
 N2       S   0   0220  0.66                             154    0.1410 2.61  844
 N4       P   0 ? 0219 59.15                             152    0.0210 2.85 3354
 N4       S   0   0220  0.50                             152   -0.0710 2.85 3354
 N1       P   0 ? 0219 59.20                             147   -0.0010 3.48 1144
 N1       S   0   0220  0.49                             147   -0.2010 3.48 1144
 CAMP     P   0 ? 0219 59.26                             142   -0.0110 4.09  834
 CAMP     S   0   0220  0.78                             142   -0.0310 4.09  834
 N6       P   0 ? 0219 59.39                             137    0.0210 4.82   54
 N6       S   0   0220  0.93                             137   -0.0710 4.82   54
 N10      P   0 ? 0219 59.62                             125   -0.0310 6.61 3484
 N10      S   0   0220  1.53                             125    0.0310 6.61 3484
 N9       P   0 ? 0219 59.66                             123   -0.0210 6.83  124
 N9       S   0   0220  1.56                             123   -0.0010 6.83  124
                                                                                
 2021  3 3 1749 54.1 L  28.827  50.843  7.9  SLT  8 0.1                        1
 GAP=281        0.25       0.9     1.3  1.1  0.4758E+00  0.5956E+00  0.1423E+00E
 STAT SP IPHASW D HRMN SECON CODA AMPLIT PERI AZIMU VELO AIN AR TRES W  DIS CAZ7
 N3       P   0 ? 1749 56.12                             149    0.0410 3.30  714
 N3       S   0   1749 57.73                             149    0.0410 3.30  714
 N4       P   0 ? 1749 56.18                             147    0.0710 3.57  174
 N4       S   0   1749 57.62                             147   -0.1210 3.57  174
 N5       P   0 ? 1749 56.26                             140    0.0610 4.45  674
 N5       S   0   1749 57.98                             140    0.0710 4.45  674
 N2       P   0 ? 1749 56.22                             135   -0.0410 4.99  774
 N2       S   0   1749 57.92                             135   -0.0910 4.99  774
 N1       P   0 ? 1749 56.32                             132   -0.0110 5.49  964
 N1       S   0   1749 58.09                             132   -0.0410 5.49  964
 N6       P   0 ? 1749 56.41                             127   -0.0210 6.25  264
 N6       S   0   1749 58.41                             127    0.0810 6.25  264
 CAMP     P   0 ? 1749 56.43                             125   -0.0310 6.47  784
 CAMP     S   0   1749 58.41                             125    0.0410 6.47  784
 N9       P   0 ? 1749 56.71                             114   -0.0410 8.37  264
 N9       S   0   1749 58.87                             114   -0.0310 8.37  264
                                                                                
 2021  3 3 2355 32.8 L  28.833  50.880  9.5  SLT 12 0.1                        1
 GAP=192        0.23       0.7     1.1  0.6  0.4809E+00 -0.7363E-01 -0.1383E+00E
 STAT SP IPHASW D HRMN SECON CODA AMPLIT PERI AZIMU VELO AIN AR TRES W  DIS CAZ7
 N3       P   0 ? 2355 34.87                             175    0.0010 0.62 3154
 N3       S   0   2355 36.49                             175   -0.0910 0.62 3154
 N5       P   0 ? 2355 34.93                             171    0.0510 1.23  264
 N5       S   0   2355 36.65                             171    0.0410 1.23  264
 N2       P   0 ? 2355 34.91                             169    0.0310 1.39  714
 N2       S   0   2355 36.55                             169   -0.0510 1.39  714
 N1       P   0 ? 2355 34.90                             163   -0.0210 2.26 1234
 N1       S   0   2355 36.77                             163    0.0910 2.26 1234
 CAMP     P   0 ? 2355 35.08                             159    0.1310 2.86  774
 CAMP     S   0   2355 36.62                             159   -0.1110 2.86  774
 N4       P   0 ? 2355 34.93                             153   -0.0910 3.72 3184
 N4       S   0   2355 36.86                             153    0.0110 3.72 3184
 N6       P   0 ? 2355 35.13                             144   -0.0110 5.05 3514
 N6       S   0   2355 37.13                             144    0.0510 5.05 3514
 N9       P   0 ? 2355 35.34                             134   -0.0110 6.87   14
 N9       S   0   2355 37.50                             134    0.0510 6.87   14
 N10      P   0 ? 2355 35.44                             132    0.0510 7.17 3384
 N10      S   0   2355 37.42                             132   -0.1010 7.17 3384
 N11      P   0 ? 2355 35.64                             123   -0.0410 9.30 3274
 N11      S   0   2355 38.05                             123    0.0010 9.30 3274
 N15      P   0 ? 2355 35.74                             122    0.0210 9.59 3464
 N15      S   0   2355 38.18                             122    0.0510 9.59 3464
 P5       P   0 ? 2355 38.36                              98   -0.0810 25.9  514
                                                                                
 2021  3 3 2355 41.9 L  28.835  50.861  7.8  SLT  9 0.1                        1
 GAP=224        0.25       0.8     1.2  0.9  0.5601E+00  0.4265E+00 -0.2597E-01E
 STAT SP IPHASW D HRMN SECON CODA AMPLIT PERI AZIMU VELO AIN AR TRES W  DIS CAZ7
 N5       P   0 ? 2355 43.74                             156   -0.0310 2.46  704
 N5       S   0   2355 45.27                             156   -0.0310 2.46  704
 N4       P   0 ? 2355 43.79                             155    0.0210 2.62 3444
 N4       S   0   2355 45.29                             155   -0.0310 2.62 3444
 N2       P   0 ? 2355 43.89                             150    0.0810 3.09  864
 N2       S   0   2355 45.38                             150    0.0010 3.09  864
 N1       P   0 ? 2355 43.85                             143   -0.0510 3.96 1124
 N1       S   0   2355 45.55                             143    0.0110 3.96 1124
 CAMP     P   0 ? 2355 43.87                             138   -0.0910 4.57  854
 CAMP     S   0   2355 45.68                             138    0.0210 4.57  854
 N6       P   0 ? 2355 43.99                             136   -0.0110 4.82  114
 N6       S   0   2355 45.78                             136    0.0510 4.82  114
 N9       P   0 ? 2355 44.28                             121    0.0010 6.89  164
 N9       S   0   2355 46.32                             121    0.0910 6.89  164
 N11      P   0 ? 2355 44.56                             113    0.0710 8.22 3364
 N11      S   0   2355 46.61                             113    0.0010 8.22 3364
 N15      P   0 ? 2355 44.68                             108    0.0510 9.07 3574
 N15      S   0   2355 46.69                             108   -0.1710 9.07 3574
                                                                                
 2021  3 3 1904 42.4 L  28.831  50.857  7.9  SLT  7 0.1                        1
 GAP=250        0.30       1.5     1.8  1.4  0.1709E+01  0.1034E+01  0.7076E+00E
 STAT SP IPHASW D HRMN SECON CODA AMPLIT PERI AZIMU VELO AIN AR TRES W  DIS CAZ7
 N3       P   0 ? 1904 44.30                             162    0.0110 1.85  694
 N3       S   0   1904 45.80                             162   -0.0110 1.85  694
 N4       P   0 ? 1904 44.35                             152   -0.0210 3.00 3544
 N4       S   0   1904 46.04                             152    0.0810 3.00 3544
 N5       P   0 ? 1904 44.37                             152   -0.0010 3.01  644
 N5       S   0   1904 46.05                             152    0.0910 3.01  644
 N2       P   0 ? 1904 44.43                             147    0.0210 3.55  794
 N2       S   0   1904 45.79                             147   -0.2410 3.55  794
 N1       P   0 ? 1904 44.48                             142   -0.0010 4.19 1044
 N1       S   0   1904 46.16                             142   -0.0110 4.19 1044
 CAMP     P   0 ? 1904 44.61                             135    0.0310 5.03  804
 CAMP     S   0   1904 46.47                             135    0.1410 5.03  804
 N6       P   0 ? 1904 44.58                             133   -0.0510 5.37  144
 N6       S   0   1904 46.38                             133   -0.0410 5.37  144
                                                                                
 2021  3 3 0038  1.8 L  28.825  50.844  7.1  SLT  6 0.1                        1
 GAP=280        0.29       1.3     1.5  1.5  0.1009E+01  0.6411E+00  0.5599E+00E
 STAT SP IPHASW D HRMN SECON CODA AMPLIT PERI AZIMU VELO AIN AR TRES W  DIS CAZ7
 N3       P   0 ? 0038  3.72                             145    0.0410 3.25  674
 N3       S   0   0038  5.35                             145    0.1610 3.25  674
 N4       P   0 ? 0038  3.78                             140    0.0510 3.72  154
 N4       S   0   0038  5.16                             140   -0.1210 3.72  154
 N5       P   0 ? 0038  3.79                             134   -0.0310 4.41  644
 N5       S   0   0038  5.42                             134   -0.0210 4.41  644
 N1       P   0 ? 0038  3.92                             125   -0.0210 5.34  944
 N1       S   0   0038  5.54                             125   -0.1210 5.34  944
 N6       P   0 ? 0038  4.14                             116    0.0410 6.37  244
 N6       S   0   0038  5.94                             116   -0.0110 6.37  244
 CAMP     P   0 ? 0038  4.06                             115   -0.0310 6.38  764
 CAMP     S   0   0038  6.01                             115    0.0710 6.38  764
                                                                                
 2021  3 3 1817 19.7 L  28.838  50.864  8.4  SLT  8 0.1                        1
 GAP=220        0.28       0.9     1.6  1.0  0.8432E+00  0.2348E+00 -0.2362E+00E
 STAT SP IPHASW D HRMN SECON CODA AMPLIT PERI AZIMU VELO AIN AR TRES W  DIS CAZ7
 N3       P   0 ? 1817 21.59                             170   -0.0810 1.07  934
 N3       S   0   1817 23.26                             170    0.0310 1.07  934
 N5       P   0 ? 1817 21.75                             161    0.0310 2.13  734
 N5       S   0   1817 23.34                             161    0.0210 2.13  734
 N4       P   0 ? 1817 21.68                             158   -0.0510 2.47 3374
 N4       S   0   1817 23.31                             158   -0.0410 2.47 3374
 N2       P   0 ? 1817 21.76                             155    0.0110 2.82  914
 N2       S   0   1817 23.47                             155    0.0810 2.82  914
 N1       P   0 ? 1817 21.82                             148   -0.0210 3.82 1174
 N1       S   0   1817 23.70                             148    0.1510 3.82 1174
 CAMP     P   0 ? 1817 21.88                             144   -0.0010 4.29  884
 CAMP     S   0   1817 23.42                             144   -0.2110 4.29  884
 N6       P   0 ? 1817 21.95                             142    0.0310 4.54   94
 N6       S   0   1817 23.69                             142    0.0010 4.54   94
 N19      P   0 ? 1817 23.05                             106    0.0310 12.0   14
 N19      S   0   1817 25.71                             106    0.0310 12.0   14
                                                                                
 2021  3 3 1119 29.5 L  28.828  50.860  7.5  SLT 13 0.1                        1
 GAP=240        0.25       0.6     0.9  0.8  0.2549E+00  0.1870E+00 -0.1547E+00E
 STAT SP IPHASW D HRMN SECON CODA AMPLIT PERI AZIMU VELO AIN AR TRES W  DIS CAZ7
 N3       P   0 ? 1119 31.30                             162    0.0410 1.79  544
 N3       S   0   1119 32.68                             162   -0.0410 1.79  544
 N5       P   0 ? 1119 31.37                             150    0.0210 2.97  554
 N2       P   0 ? 1119 31.43                             146    0.0610 3.38  724
 N2       S   0   1119 32.95                             146    0.0210 3.38  724
 N4       P   0 ? 1119 31.38                             146   -0.0010 3.42 3504
 N4       S   0   1119 33.00                             146    0.0510 3.42 3504
 N1       P   0 ? 1119 31.42                             142   -0.0110 3.85  994
 N1       S   0   1119 32.95                             142   -0.0810 3.85  994
 CAMP     P   0 ? 1119 31.63                             133    0.0910 4.84  754
 CAMP     S   0   1119 33.11                             133   -0.1310 4.84  754
 N6       P   0 ? 1119 31.78                             126    0.1210 5.69  114
 N6       S   0   1119 33.57                             126    0.1110 5.69  114
 N10      P   0 ? 1119 31.80                             114   -0.1010 7.29 3544
 N10      S   0   1119 33.77                             114   -0.1210 7.29 3544
 N9       P   0 ? 1119 31.94                             111   -0.0310 7.75  154
 N9       S   0   1119 34.09                             111    0.0810 7.75  154
 N11      P   0 ? 1119 32.18                             104    0.0010 8.96 3394
 N11      S   0   1119 34.42                             104    0.0410 8.96 3394
 N15      P   0 ? 1119 32.35                             100    0.0110 9.92 3584
 N15      S   0   1119 34.53                             100   -0.1510 9.92 3584
 N18      P   0 ? 1119 32.65                              96   -0.0410 12.0 3474
 P1       P   0 ? 1119 32.73                              96   -0.0110 12.2  234
 P1       S   0   1119 35.47                              96    0.0710 12.2  234
                                                                                
 2021  3 3 1938 53.9 L  28.829  50.854  7.4  SLT  7 0.1                        1
 GAP=260        0.30       1.4     1.9  1.7  0.1286E+01  0.1703E+01  0.5474E+00E
 STAT SP IPHASW D HRMN SECON CODA AMPLIT PERI AZIMU VELO AIN AR TRES W  DIS CAZ7
 N3       P   0 ? 1938 55.77                             157    0.0310 2.22  664
 N3       S   0   1938 57.03                             157   -0.1810 2.22  664
 N4       P   0 ? 1938 55.90                             147    0.0810 3.23 3604
 N5       P   0 ? 1938 55.85                             145    0.0110 3.39  624
 N5       S   0   1938 57.50                             145    0.1110 3.39  624
 N2       P   0 ? 1938 55.86                             141   -0.0210 3.89  774
 N2       S   0   1938 57.65                             141    0.1810 3.89  774
 N1       P   0 ? 1938 55.95                             136   -0.0110 4.43 1004
 N1       S   0   1938 57.57                             136   -0.0310 4.43 1004
 CAMP     P   0 ? 1938 56.02                             128   -0.0510 5.37  784
 CAMP     S   0   1938 57.76                             128   -0.0510 5.37  784
 N6       P   0 ? 1938 56.12                             125   -0.0110 5.69  174
 N6       S   0   1938 57.86                             125   -0.0510 5.69  174
                                                                                
 2021  3 3 0321 13.0 L  28.829  50.858  7.8  SLT  6 0.1                        1
 GAP=262        0.31       1.4     1.7  1.8  0.9036E+00  0.9645E+00  0.4521E+00E
 STAT SP IPHASW D HRMN SECON CODA AMPLIT PERI AZIMU VELO AIN AR TRES W  DIS CAZ7
 N5       P   0 ? 0321 15.02                             151    0.0610 3.05  604
 N4       P   0 ? 0321 14.98                             150    0.0110 3.19 3534
 N4       S   0   0321 16.47                             150   -0.0910 3.19 3534
 CAMP     P   0 ? 0321 15.13                             134   -0.0410 5.02  784
 CAMP     S   0   0321 16.89                             134   -0.0210 5.02  784
 N6       P   0 ? 0321 15.26                             130    0.0210 5.54  134
 N6       S   0   0321 17.21                             130    0.1710 5.54  134
 N9       S   0   0321 17.48                             116   -0.1010 7.62  174
 N11      P   0 ? 0321 15.70                             110   -0.0110 8.69 3404
                                                                                
 2021  3 3 2007 49.0 L  28.829  50.858  7.8  SLT  9 0.1                        1
 GAP=252        0.28       0.9     1.8  1.4  0.6518E+00  0.1361E+01 -0.7724E-01E
 STAT SP IPHASW D HRMN SECON CODA AMPLIT PERI AZIMU VELO AIN AR TRES W  DIS CAZ7
 N3       P   0 ? 2007 50.85                             161   -0.0110 1.89  624
 N3       S   0   2007 52.51                             161    0.1410 1.89  624
 N5       P   0 ? 2007 50.99                             151    0.0410 3.07  604
 N5       S   0   2007 52.51                             151   -0.0210 3.07  604
 N4       P   0 ? 2007 50.92                             149   -0.0410 3.24 3534
 N2       P   0 ? 2007 50.97                             146   -0.0110 3.54  754
 N2       S   0   2007 52.35                             146   -0.2410 3.54  754
 N1       P   0 ? 2007 51.06                             142    0.0110 4.09 1014
 N1       S   0   2007 52.69                             142   -0.0110 4.09 1014
 CAMP     P   0 ? 2007 51.19                             134    0.0410 5.02  774
 CAMP     S   0   2007 53.00                             134    0.1110 5.02  774
 N6       P   0 ? 2007 51.26                             130    0.0310 5.58  134
 N6       S   0   2007 53.03                             130   -0.0110 5.58  134
 N9       S   0   2007 53.58                             116    0.0010 7.66  174
 N15      P   0 ? 2007 51.82                             105   -0.0610 9.76 3594
 N15      S   0   2007 54.23                             105    0.0310 9.76 3594
                                                                                
 2021  3 3 2130  9.9 L  28.827  50.856  7.8  SLT 18 0.1                        1
 GAP=212        0.24       0.5     0.7  0.5  0.1600E+00 -0.4518E-01 -0.2294E-01E
 STAT SP IPHASW D HRMN SECON CODA AMPLIT PERI AZIMU VELO AIN AR TRES W  DIS CAZ7
 N3       P   0 ? 2130 11.91                             159    0.0810 2.17  604
 N3       S   0   2130 13.36                             159   -0.0010 2.17  604
 N5       P   0 ? 2130 11.96                             149    0.0410 3.35  594
 N5       S   0   2130 13.59                             149    0.0610 3.35  594
 N4       P   0 ? 2130 11.91                             148   -0.0210 3.41 3574
 N4       S   0   2130 13.39                             148   -0.1510 3.41 3574
 N2       P   0 ? 2130 12.05                             145    0.0910 3.80  734
 N2       S   0   2130 13.66                             145    0.0710 3.80  734
 N1       P   0 ? 2130 12.03                             141    0.0110 4.27  984
 N1       S   0   2130 13.68                             141   -0.0210 4.27  984
 N6       P   0 ? 2130 12.21                             129   -0.0010 5.82  154
 N6       S   0   2130 14.00                             129   -0.0510 5.82  154
 N10      P   0 ? 2130 12.48                             119    0.0610 7.30 3574
 N10      S   0   2130 14.30                             119   -0.1310 7.30 3574
 N9       P   0 ? 2130 12.56                             115    0.0510 7.90  184
 N9       S   0   2130 14.65                             115    0.0510 7.90  184
 N11      P   0 ? 2130 12.65                             110   -0.0210 8.85 3424
 N11      S   0   2130 14.85                             110   -0.0310 8.85 3424
 N15      P   0 ? 2130 12.95                             106    0.1010 9.95   04
 N15      S   0   2130 15.25                             106    0.0510 9.95   04
 N18      P   0 ? 2130 13.14                             100   -0.0510 11.9 3494
 P1       P   0 ? 2130 13.20                              99   -0.0710 12.4  254
 P1       S   0   2130 15.86                              99   -0.1110 12.4  254
 N19      P   0 ? 2130 13.40                              98   -0.0110 13.2   44
 P3       P   0 ? 2130 14.29                              95    0.0810 17.9  414
 P4       P   0 ? 2130 15.38                              93    0.0410 24.4  514
 P4       S   0   2130 19.82                              93    0.1110 24.4  514
 P5       P   0 ? 2130 15.97                              92   -0.0210 28.1  534
 DLRM     P   0 ? 2130 16.05                              92    0.0610 28.1 1304
 DLRM     S   0   2130 20.71                              92   -0.1810 28.1 1304
 KHIA     S   0   2130 21.63                              92   -0.0810 30.7  804
                                                                                
 2021  3 3 2259 47.8 L  28.829  50.859  7.0  SLT 16 0.1                        1
 GAP=237        0.21       0.5     0.6  0.2  0.1348E+00 -0.2793E-01 -0.5426E-01E
 STAT SP IPHASW D HRMN SECON CODA AMPLIT PERI AZIMU VELO AIN AR TRES W  DIS CAZ7
 N3       P   0 ? 2259 49.46                             163   -0.0810 1.77  614
 N3       S   0   2259 51.01                             163    0.0710 1.77  614
 N5       P   0 ? 2259 49.63                             152   -0.0010 2.94  594
 N5       S   0   2259 51.13                             152    0.0210 2.94  594
 N4       P   0 ? 2259 49.63                             150   -0.0310 3.21 3514
 N4       S   0   2259 51.14                             150   -0.0110 3.21 3514
 N2       P   0 ? 2259 49.75                             148    0.0810 3.41  764
 N1       P   0 ? 2259 49.74                             144   -0.0010 3.98 1024
 N1       S   0   2259 51.22                             144   -0.0910 3.98 1024
 N6       P   0 ? 2259 49.95                             133   -0.0010 5.51  124
 N6       S   0   2259 51.70                             133    0.0110 5.51  124
 N10      P   0 ? 2259 50.26                             124    0.0610 7.08 3544
 N10      S   0   2259 52.16                             124    0.0310 7.08 3544
 N9       P   0 ? 2259 50.31                             121    0.0310 7.58  164
 N9       S   0   2259 52.18                             121   -0.1010 7.58  164
 N11      P   0 ? 2259 50.43                              59   -0.0510 8.74 3394
 N11      S   0   2259 52.68                              59    0.0310 8.74 3394
 N15      P   0 ? 2259 50.74                              59    0.0910 9.71 3584
 N15      S   0   2259 52.82                              59   -0.1410 9.71 3584
 N18      P   0 ? 2259 51.00                              59   -0.0110 11.8 3474
 P1       P   0 ? 2259 51.06                              59   -0.0110 12.1  244
 P1       S   0   2259 53.75                              59    0.0510 12.1  244
 N19      P   0 ? 2259 51.18                              59   -0.0410 12.9   34
 N19      S   0   2259 54.01                              59    0.0310 12.9   34
 P2       P   0 ? 2259 51.49                              59    0.0310 14.4  364
 P4       P   0 ? 2259 53.14                              59    0.0010 24.0  504
 P4       S   0   2259 57.49                              59    0.0410 24.0  504
 KHIA     S   0   2259 59.43                              59   -0.0310 30.3  814
                                                                                
 2021  3 3 0006 34.8 L  28.829  50.861  8.0  SLT 13 0.1                        1
 GAP=236        0.23       0.7     1.1  0.6  0.4048E+00  0.1711E+00 -0.6443E-01E
 STAT SP IPHASW D HRMN SECON CODA AMPLIT PERI AZIMU VELO AIN AR TRES W  DIS CAZ7
 N3       P   0 ? 0006 36.68                             165    0.0210 1.63  594
 N3       S   0   0006 38.32                             165    0.1310 1.63  594
 N5       P   0 ? 0006 36.66                             154   -0.0810 2.81  584
 N5       S   0   0006 38.23                             154   -0.1010 2.81  584
 N4       P   0 ? 0006 36.74                             150   -0.0310 3.23 3484
 N4       S   0   0006 38.44                             150    0.0610 3.23 3484
 N2       P   0 ? 0006 36.76                             150   -0.0110 3.27  754
 N2       S   0   0006 38.35                             150   -0.0310 3.27  754
 N1       P   0 ? 0006 36.83                             145    0.0010 3.84 1024
 N1       S   0   0006 38.47                             145   -0.0210 3.84 1024
 N6       P   0 ? 0006 37.04                             133    0.0210 5.47  114
 N6       S   0   0006 38.89                             133    0.0610 5.47  114
 N10      P   0 ? 0006 37.17                             122   -0.0710 7.09 3534
 N10      S   0   0006 39.20                             122   -0.0410 7.09 3534
 N9       P   0 ? 0006 37.42                             119    0.1210 7.53  154
 N9       S   0   0006 39.26                             119   -0.0910 7.53  154
 N11      P   0 ? 0006 37.49                             113   -0.0110 8.78 3384
 N11      S   0   0006 39.70                             113   -0.0110 8.78 3384
 N15      P   0 ? 0006 37.62                             109   -0.0310 9.71 3574
 N15      S   0   0006 40.01                             109    0.0310 9.71 3574
 N18      P   0 ? 0006 37.98                             102   -0.0210 11.8 3464
 P1       P   0 ? 0006 38.06                             102    0.0210 12.0  244
 P2       P   0 ? 0006 38.51                              98    0.0810 14.3  354
                                                                                
 2021  5 5 2043 27.6 L  28.840  50.854  6.1  SLT 14 0.1                        1
 GAP=226        0.23       0.4     0.6  0.5  0.1585E+00  0.5876E-01 -0.5476E-01E
 STAT SP IPHASW D HRMN SECON CODA AMPLIT PERI AZIMU VELO AIN AR TRES W  DIS CAZ7
 N4       P   0 ? 2043 29.24                             157    0.0810 2.03   14
 N4       S   0   2043 30.37                             157   -0.0610 2.03   14
 N3       P   0 ? 2043 29.15                             156   -0.0210 2.09  984
 N3       S   0   2043 30.32                             156   -0.1210 2.09  984
 N5       P   0 ? 2043 29.25                             146   -0.0110 3.07  834
 N5       S   0   2043 30.73                             146    0.1110 3.07  834
 N2       P   0 ? 2043 29.45                             139    0.1010 3.84  944
 N2       S   0   2043 30.72                             139   -0.0610 3.84  944
 N6       P   0 ? 2043 29.46                             133   -0.0010 4.56  224
 N6       S   0   2043 31.12                             133    0.1410 4.56  224
 N7       P   0 ? 2043 29.50                             132    0.0210 4.69 3574
 N7       S   0   2043 30.98                             132   -0.0410 4.69 3574
 N1       P   0 ? 2043 29.49                             130   -0.0110 4.83 1144
 N1       S   0   2043 31.06                             130    0.0110 4.83 1144
 CAMP     P   0 ? 2043 29.60                             127    0.0310 5.29  914
 CAMP     S   0   2043 31.17                             127   -0.0010 5.29  914
 N10      P   0 ? 2043 29.64                             122   -0.0410 5.91 3584
 N10      S   0   2043 31.45                             122    0.0810 5.91 3584
 N9       P   0 ? 2043 29.73                             117   -0.0810 6.68  234
 N9       S   0   2043 31.52                             117   -0.0910 6.68  234
 N11      P   0 ? 2043 30.01                             112    0.0510 7.48 3404
 N11      S   0   2043 31.82                             112   -0.0610 7.48 3404
 N15      P   0 ? 2043 30.19                             106    0.0210 8.57   14
 N15      S   0   2043 32.34                             106    0.0810 8.57   14
 N18      P   0 ? 2043 30.53                              99   -0.0310 10.5 3484
 N18      S   0   2043 32.95                              99   -0.0210 10.5 3484
 P1       P   0 ? 2043 30.67                              98   -0.0410 11.3  294
 P1       S   0   2043 33.20                              98   -0.0410 11.3  294
                                                                                
