 Date    Origin    Lat      Long      Depth    Mag No Gap Dmin  Rms  Erh  Erz  Erx      Cvxy      Cvxz      Cvyz     Oterr
210202 0628 35.62 28 50.06  50 51.34    8.0    0.0 16 249  1.9 0.06  1.6  1.0  1.4 0.572E+00 0.392E+00 0.414E-01 0.257E+00
210202 0149  7.51 28 50.06  50 51.89    7.6    0.0 20 222  1.0 0.06  1.3  0.8  1.0 0.408E+00 0.258E+00-0.104E+00 0.236E+00
210202 1442 27.89 28 49.87  50 51.55    7.7    0.0 20 234  1.7 0.07  1.5  1.0  1.2 0.635E+00 0.508E+00 0.294E-01 0.265E+00
210202 1536 41.49 28 49.88  50 52.03    8.6    0.0 18 228  1.0 0.06  1.6  0.9  1.4 0.700E+00 0.393E+00 0.350E-01 0.243E+00
210202 1550 48.56 28 49.32  50 51.16    7.7    0.0 15 272  2.8 0.07  1.9  1.3  1.6 0.899E+00 0.112E+01 0.184E+00 0.272E+00
210202 1642 55.18 28 49.52  50 51.13    8.2    0.0 20 250  2.6 0.08  1.6  1.1  1.3 0.751E+00 0.803E+00 0.201E+00 0.267E+00
210202 1654 51.70 28 49.86  50 51.88    8.0    0.0 21 234  1.2 0.06  1.3  0.6  1.0 0.429E+00-0.932E-01-0.106E+00 0.231E+00
210202 1919 18.55 28 49.55  50 51.64    8.2    0.0 51 206  1.9 0.09  0.7  0.5  0.5 0.140E+00-0.365E-01-0.271E-01 0.265E+00
210303 0020 41.72 28 48.99  50 51.01    6.4    0.0 12 282  3.3 0.08  2.8  2.2  1.7 0.260E+01 0.248E+01 0.358E+01 0.305E+00
210303 0440 41.19 28 49.83  50 51.26    7.5    0.0 12 257  2.1 0.09  3.5  1.9  2.1 0.410E+01 0.200E+01 0.305E+01 0.317E+00
210303 2129 38.86 28 49.56  50 50.65    7.1    0.0 15 254  3.2 0.07  1.6  1.3  1.2 0.257E+00 0.765E+00-0.490E+00 0.263E+00
210303 2352  9.49 28 49.73  50 51.33    7.1    0.0 23 241  2.1 0.06  1.1  0.7  0.9 0.304E+00 0.228E+00-0.881E-01 0.227E+00
210303 0133 46.12 28 49.44  50 51.07    6.1    0.0 16 271  2.7 0.06  1.3  0.9  1.0 0.345E+00 0.346E+00 0.401E-01 0.248E+00
210303 0134 58.34 28 50.01  50 51.88    7.6    0.0 26 224  1.1 0.05  1.1  0.6  0.9 0.293E+00 0.170E+00-0.772E-01 0.212E+00
210303 1310 33.40 28 49.88  50 50.98    7.7    0.0 16 266  2.6 0.07  1.7  1.1  1.4 0.561E+00 0.469E+00 0.545E-01 0.270E+00
210303 1323 39.89 28 49.90  50 51.51    5.9    0.0 20 234  1.7 0.07  1.1  0.7  0.9 0.307E+00 0.232E+00-0.711E-01 0.249E+00
210303 1327 15.56 28 49.58  50 51.71    7.2    0.0 20 240  1.7 0.06  1.3  0.8  1.1 0.413E+00 0.370E+00-0.881E-01 0.245E+00
210303 1346  4.13 28 49.71  50 51.41    7.6    0.0 14 255  2.0 0.09  2.3  1.5  1.7 0.152E+01 0.101E+01 0.665E+00 0.303E+00
210303 1426 26.51 28 50.04  50 51.76    6.6    0.0 20 232  1.2 0.07  1.2  0.8  1.1 0.411E+00 0.243E+00-0.375E-01 0.251E+00
210303 1549 35.72 28 49.74  50 51.35    6.2    0.0 15 256  2.1 0.06  1.5  0.8  1.3 0.463E+00 0.331E+00-0.730E-01 0.247E+00
210303 1559  9.25 28 49.38  50 50.80    8.0    0.0 16 257  3.2 0.07  1.7  1.2  1.3 0.790E+00 0.814E+00 0.174E+00 0.266E+00
210303 2214 24.13 28 50.01  50 52.15    8.6    0.0 16 218  0.7 0.07  2.3  1.1  1.8 0.197E+01 0.820E+00 0.285E+00 0.276E+00
210303 2316 52.32 28 49.54  50 51.40    6.6    0.0 15 260  3.4 0.07  1.6  1.1  1.3 0.759E+00 0.718E+00 0.158E+00 0.277E+00
210303 2346  1.57 28 50.03  50 51.84    5.9    0.0 18 257  1.1 0.07  1.2  0.8  1.0 0.357E+00 0.160E+00-0.163E+00 0.264E+00
210303 0026  6.61 28 50.07  50 52.19    8.5    0.0 22 214  0.6 0.06  1.4  0.8  1.2 0.577E+00 0.304E+00-0.296E-01 0.240E+00
210303 1049  1.96 28 49.47  50 51.39    8.3    0.0 19 248  2.3 0.07  1.6  1.1  1.4 0.728E+00 0.700E+00 0.626E-01 0.267E+00
210303 1125 14.72 28 50.08  50 51.19    6.9    0.0 16 254  2.6 0.08  1.5  1.0  1.3 0.537E+00 0.406E+00 0.861E-01 0.281E+00
210303 2106 19.51 28 49.62  50 51.38    6.0    0.0 12 259  3.4 0.07  1.9  1.5  1.4 0.120E+01 0.104E+01 0.753E+00 0.284E+00
210303 0031 37.94 28 50.09  50 51.42   11.1    0.0 17 244  1.8 0.08  2.5  1.2  2.2 0.136E+01 0.111E+01 0.179E+00 0.280E+00
210303 0102 30.33 28 49.81  50 51.78    7.7    0.0 20 232  1.4 0.07  1.4  0.9  1.2 0.560E+00 0.346E+00-0.940E-01 0.257E+00
210303 0219 57.36 28 50.08  50 51.98    6.8    0.0 18 221  0.9 0.08  1.4  0.9  1.2 0.549E+00 0.263E+00-0.164E-01 0.273E+00
210303 1749 54.10 28 49.63  50 50.59    7.9    0.0 16 281  3.3 0.06  1.6  1.1  1.3 0.476E+00 0.596E+00 0.142E+00 0.245E+00
210303 2355 32.75 28 49.98  50 52.77    9.5    0.0 23 192  0.6 0.06  1.3  0.6  1.1 0.481E+00-0.736E-01-0.138E+00 0.234E+00
210303 2355 41.87 28 50.12  50 51.68    7.8    0.0 18 224  2.5 0.06  1.4  0.9  1.2 0.560E+00 0.426E+00-0.260E-01 0.245E+00
210303 1904 42.41 28 49.86  50 51.44    7.9    0.0 14 250  1.8 0.08  2.4  1.4  1.8 0.171E+01 0.103E+01 0.708E+00 0.302E+00
210303 0038  1.82 28 49.53  50 50.67    7.1    0.0 12 280  3.2 0.08  2.0  1.5  1.5 0.101E+01 0.641E+00 0.560E+00 0.294E+00
210303 1817 19.74 28 50.25  50 51.84    8.4    0.0 16 220  1.1 0.07  1.9  1.0  1.6 0.843E+00 0.235E+00-0.236E+00 0.275E+00
210303 1119 29.45 28 49.65  50 51.61    7.5    0.0 24 240  1.8 0.07  1.1  0.8  0.9 0.255E+00 0.187E+00-0.155E+00 0.254E+00
210303 1938 53.92 28 49.73  50 51.26    7.4    0.0 13 260  2.2 0.08  2.3  1.7  1.9 0.129E+01 0.170E+01 0.547E+00 0.305E+00
210303 0321 13.02 28 49.76  50 51.47    7.8    0.0  9 262  3.2 0.07  2.2  1.8  1.7 0.904E+00 0.964E+00 0.452E+00 0.312E+00
210303 2007 49.00 28 49.74  50 51.47    7.8    0.0 16 252  1.9 0.08  2.0  1.4  1.8 0.652E+00 0.136E+01-0.772E-01 0.284E+00
210303 2130  9.94 28 49.64  50 51.34    7.8    0.0 31 212  2.2 0.07  0.8  0.5  0.7 0.160E+00-0.452E-01-0.229E-01 0.244E+00
210303 2259 47.81 28 49.76  50 51.55    7.0    0.0 28 237  1.8 0.05  0.7  0.2  0.6 0.135E+00-0.279E-01-0.543E-01 0.207E+00
210303 0006 34.78 28 49.77  50 51.64    8.0    0.0 23 236  2.8 0.06  1.2  0.6  1.1 0.405E+00 0.171E+00-0.644E-01 0.226E+00
210505 2043 27.59 28 50.38  50 51.23    6.1    0.0 28 226  2.1 0.06  0.8  0.5  0.6 0.159E+00 0.588E-01-0.548E-01 0.227E+00
