 2021 0202 0628  0.0 L                                                         1
 STAT SP IPHASW D HRMN SECON CODA AMPLIT PERI AZIMU VELO AIN AR TRES W  DIS CAZ7
 N9       P   0 ? 0628 38.13                                                   4
 N6       P   0 ? 0628 37.81                                                   4
 N2       P   0 ? 0628 37.66                                                   4
 CAMP     P   0 ? 0628 37.77                                                   4
 N1       P   0 ? 0628 37.69                                                   4
 N3       P   0 ? 0628 37.48                                                   4
 N4       P   0 ? 0628 37.58                                                   4
 N5       P   0 ? 0628 37.61                                                   4
 CAMP     S   0   0628 39.68                                                   4
 N1       S   0   0628 39.42                                                   4
 N5       S   0   0628 39.14                                                   4
 N6       S   0   0628 39.40                                                   4
 N9       S   0   0628 40.16                                                   4
 N3       S   0   0628 39.10                                                   4
 N2       S   0   0628 39.27                                                   4
 N4       S   0   0628 39.21                                                   4

 2021 0202 0149  0.0 L                                                         1
 STAT SP IPHASW D HRMN SECON CODA AMPLIT PERI AZIMU VELO AIN AR TRES W  DIS CAZ7
 N3       P   0 ? 0149  9.25                                                   4
 N6       P   0 ? 0149  9.60                                                   4
 N11      P   0 ? 0149 10.19                                                   4
 N1       P   0 ? 0149  9.40                                                   4
 N15      P   0 ? 0149 10.32                                                   4
 N4       P   0 ? 0149  9.36                                                   4
 N2       P   0 ? 0149  9.35                                                   4
 N9       P   0 ? 0149  9.97                                                   4
 CAMP     P   0 ? 0149  9.63                                                   4
 N5       P   0 ? 0149  9.41                                                   4
 N6       S   0   0149 11.40                                                   4
 N15      S   0   0149 12.39                                                   4
 N2       S   0   0149 10.92                                                   4
 N1       S   0   0149 11.10                                                   4
 N3       S   0   0149 10.78                                                   4
 N5       S   0   0149 10.91                                                   4
 N4       S   0   0149 10.87                                                   4
 CAMP     S   0   0149 11.13                                                   4
 N9       S   0   0149 11.85                                                   4
 N11      S   0   0149 12.39                                                   4

 2021 0202 1442  0.0 L                                                         1
 STAT SP IPHASW D HRMN SECON CODA AMPLIT PERI AZIMU VELO AIN AR TRES W  DIS CAZ7
 CAMP     P   0 ? 1442 29.99                                                   4
 N3       P   0 ? 1442 29.68                                                   4
 N9       P   0 ? 1442 30.43                                                   4
 N10      P   0 ? 1442 30.29                                                   4
 N11      P   0 ? 1442 30.56                                                   4
 N1       P   0 ? 1442 29.86                                                   4
 N6       P   0 ? 1442 30.08                                                   4
 N5       P   0 ? 1442 29.84                                                   4
 N2       P   0 ? 1442 29.95                                                   4
 N4       P   0 ? 1442 29.89                                                   4
 N9       S   0   1442 32.43                                                   4
 N10      S   0   1442 32.06                                                   4
 N2       S   0   1442 31.46                                                   4
 N5       S   0   1442 31.49                                                   4
 N4       S   0   1442 31.47                                                   4
 N11      S   0   1442 32.78                                                   4
 N1       S   0   1442 31.45                                                   4
 N3       S   0   1442 31.17                                                   4
 N6       S   0   1442 31.80                                                   4
 CAMP     S   0   1442 31.79                                                   4

 2021 0202 1536  0.0 L                                                         1
 STAT SP IPHASW D HRMN SECON CODA AMPLIT PERI AZIMU VELO AIN AR TRES W  DIS CAZ7
 N3       P   0 ? 1536 43.42                                                   4
 N2       P   0 ? 1536 43.50                                                   4
 N6       P   0 ? 1536 43.79                                                   4
 N10      P   0 ? 1536 43.93                                                   4
 CAMP     P   0 ? 1536 43.70                                                   4
 N5       P   0 ? 1536 43.48                                                   4
 N1       P   0 ? 1536 43.58                                                   4
 N9       P   0 ? 1536 44.05                                                   4
 N4       P   0 ? 1536 43.62                                                   4
 N9       S   0   1536 46.20                                                   4
 N1       S   0   1536 45.30                                                   4
 CAMP     S   0   1536 45.26                                                   4
 N5       S   0   1536 45.18                                                   4
 N3       S   0   1536 45.13                                                   4
 N10      S   0   1536 46.01                                                   4
 N4       S   0   1536 45.22                                                   4
 N6       S   0   1536 45.53                                                   4
 N2       S   0   1536 45.17                                                   4

 2021 0202 1550  0.0 L                                                         1
 STAT SP IPHASW D HRMN SECON CODA AMPLIT PERI AZIMU VELO AIN AR TRES W  DIS CAZ7
 N15      P   0 ? 1550 51.63                                                   4
 N2       P   0 ? 1550 50.57                                                   4
 N3       P   0 ? 1550 50.52                                                   4
 N4       P   0 ? 1550 50.62                                                   4
 CAMP     P   0 ? 1550 50.80                                                   4
 N1       P   0 ? 1550 50.60                                                   4
 N5       P   0 ? 1550 50.58                                                   4
 N6       P   0 ? 1550 50.98                                                   4
 CAMP     S   0   1550 52.70                                                   4
 N2       S   0   1550 52.29                                                   4
 N4       S   0   1550 52.21                                                   4
 N15      S   0   1550 53.83                                                   4
 N1       S   0   1550 52.24                                                   4
 N6       S   0   1550 52.92                                                   4
 N5       S   0   1550 52.22                                                   4

 2021 0202 1642  0.0 L                                                         1
 STAT SP IPHASW D HRMN SECON CODA AMPLIT PERI AZIMU VELO AIN AR TRES W  DIS CAZ7
 CAMP     P   0 ? 1642 57.43                                                   4
 N9       P   0 ? 1642 57.81                                                   4
 N6       P   0 ? 1642 57.59                                                   4
 N1       P   0 ? 1642 57.29                                                   4
 N11      P   0 ? 1642 57.96                                                   4
 N4       P   0 ? 1642 57.22                                                   4
 N5       P   0 ? 1642 57.24                                                   4
 N10      P   0 ? 1642 57.76                                                   4
 N2       P   0 ? 1642 57.39                                                   4
 N3       P   0 ? 1642 57.21                                                   4
 N5       S   0   1642 58.93                                                   4
 N10      S   0   1642 59.60                                                   4
 N4       S   0   1642 58.94                                                   4
 N6       S   0   1642 59.58                                                   4
 N3       S   0   1642 58.81                                                   4
 N1       S   0   1642 59.09                                                   4
 N2       S   0   1642 58.91                                                   4
 CAMP     S   0   1642 59.23                                                   4
 N11      S   0   1643  0.11                                                   4
 N9       S   0   1643  0.09                                                   4

 2021 0202 1654  0.0 L                                                         1
 STAT SP IPHASW D HRMN SECON CODA AMPLIT PERI AZIMU VELO AIN AR TRES W  DIS CAZ7
 P2       P   0 ? 1654 55.31                                                   4
 N3       P   0 ? 1654 53.50                                                   4
 N10      P   0 ? 1654 54.18                                                   4
 N4       P   0 ? 1654 53.65                                                   4
 N6       P   0 ? 1654 53.93                                                   4
 N9       P   0 ? 1654 54.18                                                   4
 CAMP     P   0 ? 1654 53.77                                                   4
 N5       P   0 ? 1654 53.65                                                   4
 N2       P   0 ? 1654 53.75                                                   4
 KHIA     P   0 ? 1654 58.08                                                   4
 N1       P   0 ? 1654 53.69                                                   4
 P3       P   0 ? 1654 55.75                                                   4
 N6       S   0   1654 55.76                                                   4
 N4       S   0   1654 55.39                                                   4
 N1       S   0   1654 55.37                                                   4
 CAMP     S   0   1654 55.55                                                   4
 N3       S   0   1654 54.97                                                   4
 N10      S   0   1654 56.10                                                   4
 N2       S   0   1654 55.14                                                   4
 N5       S   0   1654 55.27                                                   4
 N9       S   0   1654 56.13                                                   4

 2021 0202 1919  0.0 L                                                         1
 STAT SP IPHASW D HRMN SECON CODA AMPLIT PERI AZIMU VELO AIN AR TRES W  DIS CAZ7
 N18      P   0 ? 1919 21.83                                                   4
 JNAK     P   0 ? 1919 23.36                                                   4
 N17      P   0 ? 1919 22.06                                                   4
 N2       P   0 ? 1919 20.60                                                   4
 KHIA     P   0 ? 1919 25.00                                                   4
 CAMP     P   0 ? 1919 20.74                                                   4
 KOLO     P   0 ? 1919 26.46                                                   4
 N14      P   0 ? 1919 21.60                                                   4
 N15      P   0 ? 1919 21.62                                                   4
 P1       P   0 ? 1919 21.98                                                   4
 N3       P   0 ? 1919 20.51                                                   4
 N20      P   0 ? 1919 22.34                                                   4
 N5       P   0 ? 1919 20.61                                                   4
 N11      P   0 ? 1919 21.40                                                   4
 P3       P   0 ? 1919 22.87                                                   4
 N16      P   0 ? 1919 21.76                                                   4
 N19      P   0 ? 1919 22.03                                                   4
 P9       P   0 ? 1919 26.50                                                   4
 ABTL     P   0 ? 1919 26.53                                                   4
 N6       P   0 ? 1919 20.93                                                   4
 N4       P   0 ? 1919 20.56                                                   4
 N9       P   0 ? 1919 21.23                                                   4
 N1       P   0 ? 1919 20.66                                                   4
 P4       P   0 ? 1919 23.88                                                   4
 P2       P   0 ? 1919 22.36                                                   4
 DLRM     P   0 ? 1919 24.50                                                   4
 N10      P   0 ? 1919 21.10                                                   4
 N13      P   0 ? 1919 21.42                                                   4
 TOLS     P   0 ? 1919 24.96                                                   4
 N14      S   0   1919 23.92                                                   4
 N19      S   0   1919 24.73                                                   4
 CAMP     S   0   1919 22.56                                                   4
 P2       S   0   1919 25.18                                                   4
 N5       S   0   1919 22.23                                                   4
 JNAK     S   0   1919 27.18                                                   4
 N4       S   0   1919 22.33                                                   4
 KHIA     S   0   1919 30.18                                                   4
 N1       S   0   1919 22.11                                                   4
 N13      S   0   1919 23.75                                                   4
 N20      S   0   1919 25.68                                                   4
 N16      S   0   1919 24.00                                                   4
 N15      S   0   1919 24.07                                                   4
 P1       S   0   1919 24.52                                                   4
 N11      S   0   1919 23.57                                                   4
 N2       S   0   1919 22.16                                                   4
 N10      S   0   1919 23.04                                                   4
 N6       S   0   1919 22.69                                                   4
 N18      S   0   1919 24.55                                                   4
 P3       S   0   1919 26.47                                                   4
 N3       S   0   1919 22.09                                                   4
 N9       S   0   1919 23.34                                                   4

 2021 0303 0020  0.0 L                                                         1
 STAT SP IPHASW D HRMN SECON CODA AMPLIT PERI AZIMU VELO AIN AR TRES W  DIS CAZ7
 N1       P   0 ? 0020 43.72                                                   4
 N4       P   0 ? 0020 43.60                                                   4
 CAMP     P   0 ? 0020 43.89                                                   4
 N5       P   0 ? 0020 43.63                                                   4
 N2       P   0 ? 0020 43.68                                                   4
 N3       P   0 ? 0020 43.51                                                   4
 N2       S   0   0020 45.16                                                   4
 N5       S   0   0020 45.18                                                   4
 CAMP     S   0   0020 45.73                                                   4
 N3       S   0   0020 45.08                                                   4
 N4       S   0   0020 45.14                                                   4
 N1       S   0   0020 45.10                                                   4

 2021 0303 0440  0.0 L                                                         1
 STAT SP IPHASW D HRMN SECON CODA AMPLIT PERI AZIMU VELO AIN AR TRES W  DIS CAZ7
 N2       P   0 ? 0440 43.18                                                   4
 N1       P   0 ? 0440 43.19                                                   4
 N5       P   0 ? 0440 43.20                                                   4
 N4       P   0 ? 0440 43.16                                                   4
 N3       P   0 ? 0440 43.07                                                   4
 CAMP     P   0 ? 0440 43.33                                                   4
 N1       S   0   0440 44.77                                                   4
 CAMP     S   0   0440 45.08                                                   4
 N2       S   0   0440 44.93                                                   4
 N3       S   0   0440 44.62                                                   4
 N5       S   0   0440 44.68                                                   4
 N4       S   0   0440 44.50                                                   4

 2021 0303 2129  0.0 L                                                         1
 STAT SP IPHASW D HRMN SECON CODA AMPLIT PERI AZIMU VELO AIN AR TRES W  DIS CAZ7
 N3       P   0 ? 2129 40.75                                                   4
 N9       P   0 ? 2129 41.39                                                   4
 CAMP     P   0 ? 2129 41.15                                                   4
 N5       P   0 ? 2129 40.86                                                   4
 N1       P   0 ? 2129 41.00                                                   4
 N4       P   0 ? 2129 40.78                                                   4
 N6       P   0 ? 2129 41.10                                                   4
 N2       P   0 ? 2129 40.95                                                   4
 N11      P   0 ? 2129 41.60                                                   4
 N5       S   0   2129 42.61                                                   4
 N1       S   0   2129 42.69                                                   4
 N3       S   0   2129 42.08                                                   4
 CAMP     S   0   2129 42.94                                                   4
 N9       S   0   2129 43.61                                                   4
 N2       S   0   2129 42.65                                                   4

 2021 0303 2352  0.0 L                                                         1
 STAT SP IPHASW D HRMN SECON CODA AMPLIT PERI AZIMU VELO AIN AR TRES W  DIS CAZ7
 CAMP     P   0 ? 2352 11.56                                                   4
 N6       P   0 ? 2352 11.63                                                   4
 P1       P   0 ? 2352 12.80                                                   4
 N3       P   0 ? 2352 11.25                                                   4
 N11      P   0 ? 2352 12.15                                                   4
 N2       P   0 ? 2352 11.37                                                   4
 N1       P   0 ? 2352 11.43                                                   4
 N9       P   0 ? 2352 12.01                                                   4
 N5       P   0 ? 2352 11.48                                                   4
 N4       P   0 ? 2352 11.44                                                   4
 N10      P   0 ? 2352 11.90                                                   4
 N15      P   0 ? 2352 12.24                                                   4
 N3       S   0   2352 12.74                                                   4
 N11      S   0   2352 14.41                                                   4
 N2       S   0   2352 13.02                                                   4
 N1       S   0   2352 13.10                                                   4
 N5       S   0   2352 12.83                                                   4
 N6       S   0   2352 13.40                                                   4
 N4       S   0   2352 12.82                                                   4
 CAMP     S   0   2352 13.34                                                   4
 N10      S   0   2352 13.72                                                   4
 N15      S   0   2352 14.74                                                   4
 N9       S   0   2352 14.03                                                   4

 2021 0303 0133  0.0 L                                                         1
 STAT SP IPHASW D HRMN SECON CODA AMPLIT PERI AZIMU VELO AIN AR TRES W  DIS CAZ7
 N5       P   0 ? 0133 47.89                                                   4
 N6       P   0 ? 0133 48.25                                                   4
 N1       P   0 ? 0133 48.01                                                   4
 N2       P   0 ? 0133 47.92                                                   4
 N3       P   0 ? 0133 47.80                                                   4
 CAMP     P   0 ? 0133 48.09                                                   4
 N4       P   0 ? 0133 47.94                                                   4
 N9       P   0 ? 0133 48.67                                                   4
 N1       S   0   0133 49.62                                                   4
 N9       S   0   0133 50.76                                                   4
 N2       S   0   0133 49.35                                                   4
 N4       S   0   0133 49.18                                                   4
 N5       S   0   0133 49.33                                                   4
 CAMP     S   0   0133 49.82                                                   4
 N6       S   0   0133 50.08                                                   4
 N3       S   0   0133 49.16                                                   4

 2021 0303 0135  0.0 L                                                         1
 STAT SP IPHASW D HRMN SECON CODA AMPLIT PERI AZIMU VELO AIN AR TRES W  DIS CAZ7
 N3       P   0 ? 0135  0.12                                                   4
 N10      P   0 ? 0135  0.67                                                   4
 N20      P   0 ? 0135  2.10                                                   4
 N18      P   0 ? 0135  1.46                                                   4
 N1       P   0 ? 0135  0.27                                                   4
 N4       P   0 ? 0135  0.23                                                   4
 P1       P   0 ? 0135  1.46                                                   4
 N5       P   0 ? 0135  0.23                                                   4
 N2       P   0 ? 0135  0.33                                                   4
 N17      P   0 ? 0135  1.74                                                   4
 N6       P   0 ? 0135  0.49                                                   4
 N19      P   0 ? 0135  1.55                                                   4
 N9       P   0 ? 0135  0.78                                                   4
 N11      P   0 ? 0135  1.05                                                   4
 N15      P   0 ? 0135  1.16                                                   4
 CAMP     P   0 ? 0135  0.39                                                   4
 N6       S   0   0135  2.20                                                   4
 N5       S   0   0135  1.71                                                   4
 N4       S   0   0135  1.77                                                   4
 N1       S   0   0135  1.94                                                   4
 N9       S   0   0135  2.63                                                   4
 N11      S   0   0135  3.26                                                   4
 N2       S   0   0135  1.79                                                   4
 N3       S   0   0135  1.51                                                   4
 CAMP     S   0   0135  2.12                                                   4
 N15      S   0   0135  3.46                                                   4

 2021 0303 1310  0.0 L                                                         1
 STAT SP IPHASW D HRMN SECON CODA AMPLIT PERI AZIMU VELO AIN AR TRES W  DIS CAZ7
 N1       P   0 ? 1310 35.49                                                   4
 CAMP     P   0 ? 1310 35.56                                                   4
 N6       P   0 ? 1310 35.69                                                   4
 N5       P   0 ? 1310 35.38                                                   4
 N2       P   0 ? 1310 35.45                                                   4
 N9       P   0 ? 1310 35.92                                                   4
 N4       P   0 ? 1310 35.36                                                   4
 N3       P   0 ? 1310 35.33                                                   4
 N3       S   0   1310 36.99                                                   4
 N1       S   0   1310 37.26                                                   4
 N5       S   0   1310 36.95                                                   4
 N4       S   0   1310 36.71                                                   4
 N9       S   0   1310 37.97                                                   4
 CAMP     S   0   1310 37.44                                                   4
 N6       S   0   1310 37.48                                                   4
 N2       S   0   1310 37.08                                                   4

 2021 0303 1323  0.0 L                                                         1
 STAT SP IPHASW D HRMN SECON CODA AMPLIT PERI AZIMU VELO AIN AR TRES W  DIS CAZ7
 N9       P   0 ? 1323 42.20                                                   4
 N5       P   0 ? 1323 41.48                                                   4
 N3       P   0 ? 1323 41.47                                                   4
 N2       P   0 ? 1323 41.54                                                   4
 N4       P   0 ? 1323 41.58                                                   4
 N6       P   0 ? 1323 41.84                                                   4
 CAMP     P   0 ? 1323 41.73                                                   4
 N15      P   0 ? 1323 42.64                                                   4
 N11      P   0 ? 1323 42.55                                                   4
 N1       P   0 ? 1323 41.70                                                   4
 N6       S   0   1323 43.48                                                   4
 N11      S   0   1323 44.31                                                   4
 CAMP     S   0   1323 43.28                                                   4
 N15      S   0   1323 44.95                                                   4
 N1       S   0   1323 43.12                                                   4
 N2       S   0   1323 42.98                                                   4
 N3       S   0   1323 42.61                                                   4
 N4       S   0   1323 42.89                                                   4
 N5       S   0   1323 42.76                                                   4
 N9       S   0   1323 44.17                                                   4

 2021 0303 1327  0.0 L                                                         1
 STAT SP IPHASW D HRMN SECON CODA AMPLIT PERI AZIMU VELO AIN AR TRES W  DIS CAZ7
 N1       P   0 ? 1327 17.50                                                   4
 N9       P   0 ? 1327 18.03                                                   4
 N2       P   0 ? 1327 17.50                                                   4
 N11      P   0 ? 1327 18.23                                                   4
 N10      P   0 ? 1327 17.99                                                   4
 N3       P   0 ? 1327 17.31                                                   4
 N5       P   0 ? 1327 17.42                                                   4
 N6       P   0 ? 1327 17.78                                                   4
 CAMP     P   0 ? 1327 17.74                                                   4
 N4       P   0 ? 1327 17.53                                                   4
 CAMP     S   0   1327 19.30                                                   4
 N1       S   0   1327 18.86                                                   4
 N6       S   0   1327 19.54                                                   4
 N4       S   0   1327 19.10                                                   4
 N11      S   0   1327 20.48                                                   4
 N9       S   0   1327 20.15                                                   4
 N2       S   0   1327 18.92                                                   4
 N3       S   0   1327 18.72                                                   4
 N5       S   0   1327 18.85                                                   4
 N10      S   0   1327 20.01                                                   4

 2021 0303 1346  0.0 L                                                         1
 STAT SP IPHASW D HRMN SECON CODA AMPLIT PERI AZIMU VELO AIN AR TRES W  DIS CAZ7
 N3       P   0 ? 1346  5.95                                                   4
 CAMP     P   0 ? 1346  6.25                                                   4
 N4       P   0 ? 1346  6.09                                                   4
 N2       P   0 ? 1346  6.09                                                   4
 N5       P   0 ? 1346  6.08                                                   4
 N1       P   0 ? 1346  6.14                                                   4
 N6       P   0 ? 1346  6.34                                                   4
 N4       S   0   1346  7.60                                                   4
 N1       S   0   1346  7.98                                                   4
 N3       S   0   1346  7.53                                                   4
 N5       S   0   1346  7.60                                                   4
 N2       S   0   1346  7.46                                                   4
 CAMP     S   0   1346  8.03                                                   4
 N6       S   0   1346  8.24                                                   4

 2021 0303 1426  0.0 L                                                         1
 STAT SP IPHASW D HRMN SECON CODA AMPLIT PERI AZIMU VELO AIN AR TRES W  DIS CAZ7
 N9       P   0 ? 1426 28.84                                                   4
 N10      P   0 ? 1426 28.74                                                   4
 N4       P   0 ? 1426 28.29                                                   4
 N1       P   0 ? 1426 28.29                                                   4
 CAMP     P   0 ? 1426 28.42                                                   4
 N3       P   0 ? 1426 28.09                                                   4
 N15      P   0 ? 1426 29.22                                                   4
 N2       P   0 ? 1426 28.26                                                   4
 N5       P   0 ? 1426 28.31                                                   4
 N6       P   0 ? 1426 28.59                                                   4
 N15      S   0   1426 31.46                                                   4
 N9       S   0   1426 30.56                                                   4
 N6       S   0   1426 30.21                                                   4
 CAMP     S   0   1426 30.09                                                   4
 N10      S   0   1426 30.71                                                   4
 N2       S   0   1426 29.72                                                   4
 N5       S   0   1426 29.53                                                   4
 N4       S   0   1426 29.64                                                   4
 N3       S   0   1426 29.35                                                   4
 N1       S   0   1426 29.85                                                   4

 2021 0303 1549  0.0 L                                                         1
 STAT SP IPHASW D HRMN SECON CODA AMPLIT PERI AZIMU VELO AIN AR TRES W  DIS CAZ7
 N3       P   0 ? 1549 37.34                                                   4
 N1       P   0 ? 1549 37.48                                                   4
 N5       P   0 ? 1549 37.47                                                   4
 N6       P   0 ? 1549 37.77                                                   4
 N15      P   0 ? 1549 38.53                                                   4
 N2       P   0 ? 1549 37.43                                                   4
 N9       P   0 ? 1549 38.10                                                   4
 N4       P   0 ? 1549 37.53                                                   4
 CAMP     P   0 ? 1549 37.74                                                   4
 N9       S   0   1549 40.12                                                   4
 N3       S   0   1549 38.63                                                   4
 N4       S   0   1549 38.70                                                   4
 N2       S   0   1549 38.85                                                   4
 N5       S   0   1549 38.89                                                   4
 N15      S   0   1549 40.82                                                   4

 2021 0303 1559  0.0 L                                                         1
 STAT SP IPHASW D HRMN SECON CODA AMPLIT PERI AZIMU VELO AIN AR TRES W  DIS CAZ7
 N1       P   0 ? 1559 11.42                                                   4
 CAMP     P   0 ? 1559 11.52                                                   4
 N5       P   0 ? 1559 11.40                                                   4
 N2       P   0 ? 1559 11.38                                                   4
 N4       P   0 ? 1559 11.38                                                   4
 N3       P   0 ? 1559 11.24                                                   4
 N11      P   0 ? 1559 12.08                                                   4
 N9       P   0 ? 1559 11.99                                                   4
 CAMP     S   0   1559 13.53                                                   4
 N9       S   0   1559 14.18                                                   4
 N1       S   0   1559 13.09                                                   4
 N11      S   0   1559 14.08                                                   4
 N3       S   0   1559 12.82                                                   4
 N5       S   0   1559 13.09                                                   4
 N2       S   0   1559 13.10                                                   4
 N4       S   0   1559 13.04                                                   4

 2021 0303 2214  0.0 L                                                         1
 STAT SP IPHASW D HRMN SECON CODA AMPLIT PERI AZIMU VELO AIN AR TRES W  DIS CAZ7
 N4       P   0 ? 2214 26.15                                                   4
 N1       P   0 ? 2214 26.15                                                   4
 N11      P   0 ? 2214 26.91                                                   4
 N5       P   0 ? 2214 26.11                                                   4
 N3       P   0 ? 2214 26.06                                                   4
 N6       P   0 ? 2214 26.38                                                   4
 CAMP     P   0 ? 2214 26.28                                                   4
 N2       P   0 ? 2214 26.18                                                   4
 N3       S   0   2214 27.77                                                   4
 N4       S   0   2214 27.89                                                   4
 CAMP     S   0   2214 28.01                                                   4
 N5       S   0   2214 27.49                                                   4
 N6       S   0   2214 28.23                                                   4
 N1       S   0   2214 27.95                                                   4
 N11      S   0   2214 29.13                                                   4
 N2       S   0   2214 27.81                                                   4

 2021 0303 2316  0.0 L                                                         1
 STAT SP IPHASW D HRMN SECON CODA AMPLIT PERI AZIMU VELO AIN AR TRES W  DIS CAZ7
 N4       P   0 ? 2316 54.17                                                   4
 N9       P   0 ? 2316 54.76                                                   4
 CAMP     P   0 ? 2316 54.39                                                   4
 N1       P   0 ? 2316 54.22                                                   4
 N10      P   0 ? 2316 54.73                                                   4
 N6       P   0 ? 2316 54.44                                                   4
 N5       P   0 ? 2316 54.13                                                   4
 N2       P   0 ? 2316 54.20                                                   4
 N9       S   0   2316 56.96                                                   4
 CAMP     S   0   2316 56.07                                                   4
 N5       S   0   2316 55.58                                                   4
 N2       S   0   2316 55.43                                                   4
 N4       S   0   2316 55.67                                                   4
 N1       S   0   2316 55.85                                                   4
 N10      S   0   2316 56.69                                                   4

 2021 0303 2346  0.0 L                                                         1
 STAT SP IPHASW D HRMN SECON CODA AMPLIT PERI AZIMU VELO AIN AR TRES W  DIS CAZ7
 CAMP     P   0 ? 2346  3.33                                                   4
 N9       P   0 ? 2346  3.81                                                   4
 N3       P   0 ? 2346  3.06                                                   4
 N2       P   0 ? 2346  3.13                                                   4
 N15      P   0 ? 2346  4.29                                                   4
 N4       P   0 ? 2346  3.16                                                   4
 N5       P   0 ? 2346  3.10                                                   4
 N10      P   0 ? 2346  3.81                                                   4
 N6       P   0 ? 2346  3.61                                                   4
 N2       S   0   2346  4.53                                                   4
 N9       S   0   2346  5.69                                                   4
 N10      S   0   2346  5.37                                                   4
 N15      S   0   2346  6.50                                                   4
 N4       S   0   2346  4.60                                                   4
 N5       S   0   2346  4.43                                                   4
 CAMP     S   0   2346  4.83                                                   4
 N3       S   0   2346  4.12                                                   4
 N6       S   0   2346  5.00                                                   4

 2021 0303 0026  0.0 L                                                         1
 STAT SP IPHASW D HRMN SECON CODA AMPLIT PERI AZIMU VELO AIN AR TRES W  DIS CAZ7
 N2       P   0 ? 0026  8.59                                                   4
 CAMP     P   0 ? 0026  8.70                                                   4
 N4       P   0 ? 0026  8.65                                                   4
 N11      P   0 ? 0026  9.28                                                   4
 N15      P   0 ? 0026  9.46                                                   4
 N5       P   0 ? 0026  8.55                                                   4
 N9       P   0 ? 0026  9.10                                                   4
 N3       P   0 ? 0026  8.53                                                   4
 N10      P   0 ? 0026  9.16                                                   4
 N1       P   0 ? 0026  8.72                                                   4
 N6       P   0 ? 0026  8.85                                                   4
 N9       S   0   0026 10.96                                                   4
 N5       S   0   0026 10.23                                                   4
 N6       S   0   0026 10.80                                                   4
 N11      S   0   0026 11.57                                                   4
 N4       S   0   0026 10.31                                                   4
 N3       S   0   0026  9.99                                                   4
 N2       S   0   0026 10.20                                                   4
 CAMP     S   0   0026 10.41                                                   4
 N1       S   0   0026 10.40                                                   4
 N15      S   0   0026 11.65                                                   4
 N10      S   0   0026 11.14                                                   4

 2021 0303 1049  0.0 L                                                         1
 STAT SP IPHASW D HRMN SECON CODA AMPLIT PERI AZIMU VELO AIN AR TRES W  DIS CAZ7
 N11      P   0 ? 1049  4.76                                                   4
 N1       P   0 ? 1049  4.04                                                   4
 N3       P   0 ? 1049  4.01                                                   4
 CAMP     P   0 ? 1049  4.17                                                   4
 N10      P   0 ? 1049  4.54                                                   4
 N4       P   0 ? 1049  4.06                                                   4
 N9       P   0 ? 1049  4.56                                                   4
 N2       P   0 ? 1049  4.08                                                   4
 N5       P   0 ? 1049  4.15                                                   4
 N10      S   0   1049  6.71                                                   4
 N4       S   0   1049  5.80                                                   4
 N11      S   0   1049  6.83                                                   4
 N5       S   0   1049  5.73                                                   4
 N9       S   0   1049  6.80                                                   4
 N15      S   0   1049  7.37                                                   4
 CAMP     S   0   1049  6.02                                                   4
 N1       S   0   1049  5.72                                                   4
 N2       S   0   1049  5.69                                                   4
 N3       S   0   1049  5.48                                                   4

 2021 0303 1125  0.0 L                                                         1
 STAT SP IPHASW D HRMN SECON CODA AMPLIT PERI AZIMU VELO AIN AR TRES W  DIS CAZ7
 N2       P   0 ? 1125 16.61                                                   4
 N5       P   0 ? 1125 16.51                                                   4
 CAMP     P   0 ? 1125 16.87                                                   4
 N1       P   0 ? 1125 16.72                                                   4
 N6       P   0 ? 1125 16.77                                                   4
 N4       P   0 ? 1125 16.42                                                   4
 N9       P   0 ? 1125 17.08                                                   4
 N3       P   0 ? 1125 16.47                                                   4
 N4       S   0   1125 18.01                                                   4
 N6       S   0   1125 18.48                                                   4
 N1       S   0   1125 18.32                                                   4
 N5       S   0   1125 17.78                                                   4
 N2       S   0   1125 18.15                                                   4
 CAMP     S   0   1125 18.62                                                   4
 N3       S   0   1125 17.87                                                   4
 N9       S   0   1125 19.03                                                   4

 2021 0303 2106  0.0 L                                                         1
 STAT SP IPHASW D HRMN SECON CODA AMPLIT PERI AZIMU VELO AIN AR TRES W  DIS CAZ7
 N4       P   0 ? 2106 21.21                                                   4
 N2       P   0 ? 2106 21.25                                                   4
 N5       P   0 ? 2106 21.28                                                   4
 CAMP     P   0 ? 2106 21.47                                                   4
 N1       P   0 ? 2106 21.40                                                   4
 N6       P   0 ? 2106 21.48                                                   4
 N2       S   0   2106 22.64                                                   4
 CAMP     S   0   2106 23.06                                                   4
 N6       S   0   2106 23.27                                                   4
 N5       S   0   2106 22.70                                                   4
 N4       S   0   2106 22.56                                                   4
 N1       S   0   2106 22.65                                                   4

 2021 0303 0031  0.0 L                                                         1
 STAT SP IPHASW D HRMN SECON CODA AMPLIT PERI AZIMU VELO AIN AR TRES W  DIS CAZ7
 N15      P   0 ? 0031 40.99                                                   4
 N4       P   0 ? 0031 40.35                                                   4
 N5       P   0 ? 0031 40.45                                                   4
 N3       P   0 ? 0031 40.34                                                   4
 N2       P   0 ? 0031 40.45                                                   4
 CAMP     P   0 ? 0031 40.52                                                   4
 N9       P   0 ? 0031 40.74                                                   4
 N1       P   0 ? 0031 40.52                                                   4
 N6       P   0 ? 0031 40.67                                                   4
 N6       S   0   0031 42.78                                                   4
 N4       S   0   0031 42.35                                                   4
 N2       S   0   0031 42.22                                                   4
 N5       S   0   0031 42.40                                                   4
 N1       S   0   0031 42.65                                                   4
 CAMP     S   0   0031 42.71                                                   4
 N3       S   0   0031 42.34                                                   4
 N9       S   0   0031 42.94                                                   4

 2021 0303 0102  0.0 L                                                         1
 STAT SP IPHASW D HRMN SECON CODA AMPLIT PERI AZIMU VELO AIN AR TRES W  DIS CAZ7
 CAMP     P   0 ? 0102 32.37                                                   4
 N5       P   0 ? 0102 32.18                                                   4
 N1       P   0 ? 0102 32.33                                                   4
 N6       P   0 ? 0102 32.49                                                   4
 N4       P   0 ? 0102 32.27                                                   4
 N3       P   0 ? 0102 32.12                                                   4
 N2       P   0 ? 0102 32.23                                                   4
 N9       P   0 ? 0102 32.81                                                   4
 N10      P   0 ? 0102 32.83                                                   4
 N11      S   0   0102 35.28                                                   4
 N4       S   0   0102 33.87                                                   4
 N3       S   0   0102 33.45                                                   4
 N6       S   0   0102 34.33                                                   4
 N2       S   0   0102 33.95                                                   4
 N15      S   0   0102 35.52                                                   4
 N5       S   0   0102 33.85                                                   4
 N10      S   0   0102 34.63                                                   4
 N9       S   0   0102 34.76                                                   4
 CAMP     S   0   0102 34.00                                                   4
 N1       S   0   0102 33.99                                                   4

 2021 0303 0219  0.0 L                                                         1
 STAT SP IPHASW D HRMN SECON CODA AMPLIT PERI AZIMU VELO AIN AR TRES W  DIS CAZ7
 N1       P   0 ? 0219 59.20                                                   4
 CAMP     P   0 ? 0219 59.26                                                   4
 N4       P   0 ? 0219 59.15                                                   4
 N9       P   0 ? 0219 59.66                                                   4
 N10      P   0 ? 0219 59.62                                                   4
 N3       P   0 ? 0219 58.98                                                   4
 N5       P   0 ? 0219 59.07                                                   4
 N6       P   0 ? 0219 59.39                                                   4
 N2       P   0 ? 0219 59.24                                                   4
 N10      S   0   0220  1.53                                                   4
 N4       S   0   0220  0.50                                                   4
 N1       S   0   0220  0.49                                                   4
 N9       S   0   0220  1.56                                                   4
 N2       S   0   0220  0.66                                                   4
 N5       S   0   0220  0.55                                                   4
 N3       S   0   0220  0.39                                                   4
 CAMP     S   0   0220  0.78                                                   4
 N6       S   0   0220  0.93                                                   4

 2021 0303 1749  0.0 L                                                         1
 STAT SP IPHASW D HRMN SECON CODA AMPLIT PERI AZIMU VELO AIN AR TRES W  DIS CAZ7
 N3       P   0 ? 1749 56.12                                                   4
 N6       P   0 ? 1749 56.41                                                   4
 N5       P   0 ? 1749 56.26                                                   4
 N9       P   0 ? 1749 56.71                                                   4
 N1       P   0 ? 1749 56.32                                                   4
 N2       P   0 ? 1749 56.22                                                   4
 N4       P   0 ? 1749 56.18                                                   4
 CAMP     P   0 ? 1749 56.43                                                   4
 CAMP     S   0   1749 58.41                                                   4
 N5       S   0   1749 57.98                                                   4
 N2       S   0   1749 57.92                                                   4
 N4       S   0   1749 57.62                                                   4
 N3       S   0   1749 57.73                                                   4
 N6       S   0   1749 58.41                                                   4
 N9       S   0   1749 58.87                                                   4
 N1       S   0   1749 58.09                                                   4

 2021 0303 2355  0.0 L                                                         1
 STAT SP IPHASW D HRMN SECON CODA AMPLIT PERI AZIMU VELO AIN AR TRES W  DIS CAZ7
 N3       P   0 ? 2355 34.87                                                   4
 N1       P   0 ? 2355 34.90                                                   4
 N15      P   0 ? 2355 35.74                                                   4
 N6       P   0 ? 2355 35.13                                                   4
 N2       P   0 ? 2355 34.91                                                   4
 P5       P   0 ? 2355 38.36                                                   4
 N11      P   0 ? 2355 35.64                                                   4
 N5       P   0 ? 2355 34.93                                                   4
 CAMP     P   0 ? 2355 35.08                                                   4
 N10      P   0 ? 2355 35.44                                                   4
 N9       P   0 ? 2355 35.34                                                   4
 N4       P   0 ? 2355 34.93                                                   4
 N5       S   0   2355 36.65                                                   4
 N15      S   0   2355 38.18                                                   4
 N1       S   0   2355 36.77                                                   4
 N6       S   0   2355 37.13                                                   4
 N2       S   0   2355 36.55                                                   4
 N10      S   0   2355 37.42                                                   4
 N3       S   0   2355 36.49                                                   4
 N11      S   0   2355 38.05                                                   4
 CAMP     S   0   2355 36.62                                                   4
 N9       S   0   2355 37.50                                                   4
 N4       S   0   2355 36.86                                                   4

 2021 0303 2355  0.0 L                                                         1
 STAT SP IPHASW D HRMN SECON CODA AMPLIT PERI AZIMU VELO AIN AR TRES W  DIS CAZ7
 N9       P   0 ? 2355 44.28                                                   4
 CAMP     P   0 ? 2355 43.87                                                   4
 N11      P   0 ? 2355 44.56                                                   4
 N4       P   0 ? 2355 43.79                                                   4
 N1       P   0 ? 2355 43.85                                                   4
 N6       P   0 ? 2355 43.99                                                   4
 N5       P   0 ? 2355 43.74                                                   4
 N15      P   0 ? 2355 44.68                                                   4
 N2       P   0 ? 2355 43.89                                                   4
 N1       S   0   2355 45.55                                                   4
 N5       S   0   2355 45.27                                                   4
 N15      S   0   2355 46.69                                                   4
 N6       S   0   2355 45.78                                                   4
 CAMP     S   0   2355 45.68                                                   4
 N9       S   0   2355 46.32                                                   4
 N2       S   0   2355 45.38                                                   4
 N4       S   0   2355 45.29                                                   4
 N11      S   0   2355 46.61                                                   4

 2021 0303 1904  0.0 L                                                         1
 STAT SP IPHASW D HRMN SECON CODA AMPLIT PERI AZIMU VELO AIN AR TRES W  DIS CAZ7
 N3       P   0 ? 1904 44.30                                                   4
 N6       P   0 ? 1904 44.58                                                   4
 CAMP     P   0 ? 1904 44.61                                                   4
 N5       P   0 ? 1904 44.37                                                   4
 N2       P   0 ? 1904 44.43                                                   4
 N4       P   0 ? 1904 44.35                                                   4
 N1       P   0 ? 1904 44.48                                                   4
 N1       S   0   1904 46.16                                                   4
 CAMP     S   0   1904 46.47                                                   4
 N4       S   0   1904 46.04                                                   4
 N3       S   0   1904 45.80                                                   4
 N2       S   0   1904 45.79                                                   4
 N6       S   0   1904 46.38                                                   4
 N5       S   0   1904 46.05                                                   4

 2021 0303 0038  0.0 L                                                         1
 STAT SP IPHASW D HRMN SECON CODA AMPLIT PERI AZIMU VELO AIN AR TRES W  DIS CAZ7
 N1       P   0 ? 0038  3.92                                                   4
 N5       P   0 ? 0038  3.79                                                   4
 N6       P   0 ? 0038  4.14                                                   4
 N3       P   0 ? 0038  3.72                                                   4
 CAMP     P   0 ? 0038  4.06                                                   4
 N4       P   0 ? 0038  3.78                                                   4
 N1       S   0   0038  5.54                                                   4
 N6       S   0   0038  5.94                                                   4
 CAMP     S   0   0038  6.01                                                   4
 N3       S   0   0038  5.35                                                   4
 N5       S   0   0038  5.42                                                   4
 N4       S   0   0038  5.16                                                   4

 2021 0303 1817  0.0 L                                                         1
 STAT SP IPHASW D HRMN SECON CODA AMPLIT PERI AZIMU VELO AIN AR TRES W  DIS CAZ7
 N19      P   0 ? 1817 23.05                                                   4
 N3       P   0 ? 1817 21.59                                                   4
 N5       P   0 ? 1817 21.75                                                   4
 N4       P   0 ? 1817 21.68                                                   4
 N2       P   0 ? 1817 21.76                                                   4
 CAMP     P   0 ? 1817 21.88                                                   4
 N1       P   0 ? 1817 21.82                                                   4
 N6       P   0 ? 1817 21.95                                                   4
 N1       S   0   1817 23.70                                                   4
 N2       S   0   1817 23.47                                                   4
 N19      S   0   1817 25.71                                                   4
 CAMP     S   0   1817 23.42                                                   4
 N6       S   0   1817 23.69                                                   4
 N3       S   0   1817 23.26                                                   4
 N4       S   0   1817 23.31                                                   4
 N5       S   0   1817 23.34                                                   4

 2021 0303 1119  0.0 L                                                         1
 STAT SP IPHASW D HRMN SECON CODA AMPLIT PERI AZIMU VELO AIN AR TRES W  DIS CAZ7
 N4       P   0 ? 1119 31.38                                                   4
 N9       P   0 ? 1119 31.94                                                   4
 N2       P   0 ? 1119 31.43                                                   4
 N1       P   0 ? 1119 31.42                                                   4
 N15      P   0 ? 1119 32.35                                                   4
 N18      P   0 ? 1119 32.65                                                   4
 P1       P   0 ? 1119 32.73                                                   4
 N3       P   0 ? 1119 31.30                                                   4
 N6       P   0 ? 1119 31.78                                                   4
 CAMP     P   0 ? 1119 31.63                                                   4
 N5       P   0 ? 1119 31.37                                                   4
 N10      P   0 ? 1119 31.80                                                   4
 N11      P   0 ? 1119 32.18                                                   4
 N6       S   0   1119 33.57                                                   4
 N9       S   0   1119 34.09                                                   4
 N4       S   0   1119 33.00                                                   4
 N1       S   0   1119 32.95                                                   4
 N3       S   0   1119 32.68                                                   4
 N10      S   0   1119 33.77                                                   4
 P1       S   0   1119 35.47                                                   4
 CAMP     S   0   1119 33.11                                                   4
 N11      S   0   1119 34.42                                                   4
 N2       S   0   1119 32.95                                                   4
 N15      S   0   1119 34.53                                                   4

 2021 0303 1938  0.0 L                                                         1
 STAT SP IPHASW D HRMN SECON CODA AMPLIT PERI AZIMU VELO AIN AR TRES W  DIS CAZ7
 N5       P   0 ? 1938 55.85                                                   4
 N2       P   0 ? 1938 55.86                                                   4
 N4       P   0 ? 1938 55.90                                                   4
 N3       P   0 ? 1938 55.77                                                   4
 N6       P   0 ? 1938 56.12                                                   4
 CAMP     P   0 ? 1938 56.02                                                   4
 N1       P   0 ? 1938 55.95                                                   4
 CAMP     S   0   1938 57.76                                                   4
 N2       S   0   1938 57.65                                                   4
 N5       S   0   1938 57.50                                                   4
 N1       S   0   1938 57.57                                                   4
 N3       S   0   1938 57.03                                                   4
 N6       S   0   1938 57.86                                                   4

 2021 0303 0321  0.0 L                                                         1
 STAT SP IPHASW D HRMN SECON CODA AMPLIT PERI AZIMU VELO AIN AR TRES W  DIS CAZ7
 N11      P   0 ? 0321 15.70                                                   4
 CAMP     P   0 ? 0321 15.13                                                   4
 N5       P   0 ? 0321 15.02                                                   4
 N4       P   0 ? 0321 14.98                                                   4
 N6       P   0 ? 0321 15.26                                                   4
 N4       S   0   0321 16.47                                                   4
 N9       S   0   0321 17.48                                                   4
 CAMP     S   0   0321 16.89                                                   4
 N6       S   0   0321 17.21                                                   4

 2021 0303 2007  0.0 L                                                         1
 STAT SP IPHASW D HRMN SECON CODA AMPLIT PERI AZIMU VELO AIN AR TRES W  DIS CAZ7
 N4       P   0 ? 2007 50.92                                                   4
 N15      P   0 ? 2007 51.82                                                   4
 N6       P   0 ? 2007 51.26                                                   4
 N3       P   0 ? 2007 50.85                                                   4
 CAMP     P   0 ? 2007 51.19                                                   4
 N2       P   0 ? 2007 50.97                                                   4
 N1       P   0 ? 2007 51.06                                                   4
 N5       P   0 ? 2007 50.99                                                   4
 N3       S   0   2007 52.51                                                   4
 CAMP     S   0   2007 53.00                                                   4
 N1       S   0   2007 52.69                                                   4
 N2       S   0   2007 52.35                                                   4
 N5       S   0   2007 52.51                                                   4
 N15      S   0   2007 54.23                                                   4
 N6       S   0   2007 53.03                                                   4
 N9       S   0   2007 53.58                                                   4

 2021 0303 2130  0.0 L                                                         1
 STAT SP IPHASW D HRMN SECON CODA AMPLIT PERI AZIMU VELO AIN AR TRES W  DIS CAZ7
 N5       P   0 ? 2130 11.96                                                   4
 P5       P   0 ? 2130 15.97                                                   4
 N3       P   0 ? 2130 11.91                                                   4
 N18      P   0 ? 2130 13.14                                                   4
 P4       P   0 ? 2130 15.38                                                   4
 N1       P   0 ? 2130 12.03                                                   4
 N6       P   0 ? 2130 12.21                                                   4
 N9       P   0 ? 2130 12.56                                                   4
 N15      P   0 ? 2130 12.95                                                   4
 DLRM     P   0 ? 2130 16.05                                                   4
 N19      P   0 ? 2130 13.40                                                   4
 P1       P   0 ? 2130 13.20                                                   4
 N11      P   0 ? 2130 12.65                                                   4
 N10      P   0 ? 2130 12.48                                                   4
 P3       P   0 ? 2130 14.29                                                   4
 N2       P   0 ? 2130 12.05                                                   4
 N4       P   0 ? 2130 11.91                                                   4
 N3       S   0   2130 13.36                                                   4
 KHIA     S   0   2130 21.63                                                   4
 N11      S   0   2130 14.85                                                   4
 DLRM     S   0   2130 20.71                                                   4
 P4       S   0   2130 19.82                                                   4
 N5       S   0   2130 13.59                                                   4
 P1       S   0   2130 15.86                                                   4
 N15      S   0   2130 15.25                                                   4
 N9       S   0   2130 14.65                                                   4
 N2       S   0   2130 13.66                                                   4
 N6       S   0   2130 14.00                                                   4
 N1       S   0   2130 13.68                                                   4
 N10      S   0   2130 14.30                                                   4
 N4       S   0   2130 13.39                                                   4

 2021 0303 2259  0.0 L                                                         1
 STAT SP IPHASW D HRMN SECON CODA AMPLIT PERI AZIMU VELO AIN AR TRES W  DIS CAZ7
 N19      P   0 ? 2259 51.18                                                   4
 N4       P   0 ? 2259 49.63                                                   4
 P2       P   0 ? 2259 51.49                                                   4
 N6       P   0 ? 2259 49.95                                                   4
 N1       P   0 ? 2259 49.74                                                   4
 N5       P   0 ? 2259 49.63                                                   4
 N11      P   0 ? 2259 50.43                                                   4
 N18      P   0 ? 2259 51.00                                                   4
 N15      P   0 ? 2259 50.74                                                   4
 N10      P   0 ? 2259 50.26                                                   4
 P1       P   0 ? 2259 51.06                                                   4
 N3       P   0 ? 2259 49.46                                                   4
 N9       P   0 ? 2259 50.31                                                   4
 N2       P   0 ? 2259 49.75                                                   4
 P4       P   0 ? 2259 53.14                                                   4
 N19      S   0   2259 54.01                                                   4
 N4       S   0   2259 51.14                                                   4
 N6       S   0   2259 51.70                                                   4
 N1       S   0   2259 51.22                                                   4
 N11      S   0   2259 52.68                                                   4
 N9       S   0   2259 52.18                                                   4
 P4       S   0   2259 57.49                                                   4
 N10      S   0   2259 52.16                                                   4
 N15      S   0   2259 52.82                                                   4
 KHIA     S   0   2259 59.43                                                   4
 P1       S   0   2259 53.75                                                   4
 N3       S   0   2259 51.01                                                   4
 N5       S   0   2259 51.13                                                   4

 2021 0303 0006  0.0 L                                                         1
 STAT SP IPHASW D HRMN SECON CODA AMPLIT PERI AZIMU VELO AIN AR TRES W  DIS CAZ7
 N1       P   0 ? 0006 36.83                                                   4
 N10      P   0 ? 0006 37.17                                                   4
 N11      P   0 ? 0006 37.49                                                   4
 N4       P   0 ? 0006 36.74                                                   4
 N3       P   0 ? 0006 36.68                                                   4
 N2       P   0 ? 0006 36.76                                                   4
 N15      P   0 ? 0006 37.62                                                   4
 N18      P   0 ? 0006 37.98                                                   4
 N9       P   0 ? 0006 37.42                                                   4
 P2       P   0 ? 0006 38.51                                                   4
 P1       P   0 ? 0006 38.06                                                   4
 N5       P   0 ? 0006 36.66                                                   4
 N6       P   0 ? 0006 37.04                                                   4
 N3       S   0   0006 38.32                                                   4
 N4       S   0   0006 38.44                                                   4
 N6       S   0   0006 38.89                                                   4
 N2       S   0   0006 38.35                                                   4
 N1       S   0   0006 38.47                                                   4
 N9       S   0   0006 39.26                                                   4
 N15      S   0   0006 40.01                                                   4
 N5       S   0   0006 38.23                                                   4
 N11      S   0   0006 39.70                                                   4
 N10      S   0   0006 39.20                                                   4

 2021 0505 2043  0.0 L                                                         1
 STAT SP IPHASW D HRMN SECON CODA AMPLIT PERI AZIMU VELO AIN AR TRES W  DIS CAZ7
 P1       P   0 ? 2043 30.67                                                   4
 N10      P   0 ? 2043 29.64                                                   4
 CAMP     P   0 ? 2043 29.60                                                   4
 N3       P   0 ? 2043 29.15                                                   4
 N7       P   0 ? 2043 29.50                                                   4
 N6       P   0 ? 2043 29.46                                                   4
 N5       P   0 ? 2043 29.25                                                   4
 N15      P   0 ? 2043 30.19                                                   4
 N2       P   0 ? 2043 29.45                                                   4
 N11      P   0 ? 2043 30.01                                                   4
 N18      P   0 ? 2043 30.53                                                   4
 N9       P   0 ? 2043 29.73                                                   4
 N1       P   0 ? 2043 29.49                                                   4
 N4       P   0 ? 2043 29.24                                                   4
 N15      S   0   2043 32.34                                                   4
 N10      S   0   2043 31.45                                                   4
 N7       S   0   2043 30.98                                                   4
 N11      S   0   2043 31.82                                                   4
 N4       S   0   2043 30.37                                                   4
 N1       S   0   2043 31.06                                                   4
 N9       S   0   2043 31.52                                                   4
 N5       S   0   2043 30.73                                                   4
 CAMP     S   0   2043 31.17                                                   4
 N3       S   0   2043 30.32                                                   4
 N6       S   0   2043 31.12                                                   4
 N18      S   0   2043 32.95                                                   4
 P1       S   0   2043 33.20                                                   4
 N2       S   0   2043 30.72                                                   4

