2022-01-24 20:25:53,831 +++ Configuration file was loaded successfully.
2022-01-24 20:25:53,831 +++ Configuration on Region > LonMin: 40.0
2022-01-24 20:25:53,831 +++ Configuration on Region > LonMax: 55.0
2022-01-24 20:25:53,831 +++ Configuration on Region > LatMin: 25.0
2022-01-24 20:25:53,831 +++ Configuration on Region > LatMax: 35.0
2022-01-24 20:25:53,831 +++ Configuration on LocationShift > ShiftInLongitude: 0.0
2022-01-24 20:25:53,832 +++ Configuration on LocationShift > ShiftInLatitude: 0.0
2022-01-24 20:25:53,832 +++ Configuration on ErrorOnArrivals > P: 0.05
2022-01-24 20:25:53,832 +++ Configuration on ErrorOnArrivals > S: 0.1
2022-01-24 20:25:53,832 +++ Configuration on UsageOfPhase > Seed: 1
2022-01-24 20:25:53,832 +++ Configuration on UsageOfPhase > PercentageUseOfP: 100
2022-01-24 20:25:53,832 +++ Configuration on UsageOfPhase > PercentageUseOfS: 100
2022-01-24 20:25:53,832 +++ Configuration on ErrorOnVelocityModel > Flag: True
2022-01-24 20:25:53,832 +++ Configuration on ErrorOnVelocityModel > Seed: 1
2022-01-24 20:25:53,832 +++ Configuration on ErrorOnVelocityModel > VelocityerrorPercentage: 5
2022-01-24 20:25:53,832 +++ Configuration on ErrorOnVelocityModel > ThiknesserrorPercentage: 10
2022-01-24 20:25:53,832 +++ Configuration on ErrorOnVelocityModel > MaxDepthToPlot: 20
2022-01-24 20:25:53,832 +++ Configuration on VGGRID > xNum: 201
2022-01-24 20:25:53,832 +++ Configuration on VGGRID > yNum: 201
2022-01-24 20:25:53,832 +++ Configuration on VGGRID > zNum: 90
2022-01-24 20:25:53,832 +++ Configuration on FirstMotionCalculation > Type: NONE
2022-01-24 20:25:53,832 +++ Configuration on FirstMotionCalculation > Strike: 0
2022-01-24 20:25:53,832 +++ Configuration on FirstMotionCalculation > Dip: 90
2022-01-24 20:25:53,832 +++ Configuration on FirstMotionCalculation > Rake: 0
2022-01-24 20:25:53,832 +++ Configuration on Inputs > EqFile: select.out
2022-01-24 20:25:53,832 +++ Configuration on Inputs > StationFile: STATION0.HYP
2022-01-24 20:25:53,843 +++ Removing prexisting files in 'model', 'obs', 'time' and 'tmp' directories ...
2022-01-24 20:25:53,843 +++ Parsing velocity model ...
2022-01-24 20:25:53,843 +++ Writing velocity model in NLLOC format ...
2022-01-24 20:25:54,356 +++ Parsing station information ...
2022-01-24 20:25:54,357 +++ Parsing earthquake input file ...
2022-01-24 20:25:54,359 +++ Writting NLLOC control file ...
2022-01-24 20:25:54,397 +++ P and S velocity grids have been created successfull ...
2022-01-24 20:25:54,724 +++ P and S travel time grids have been created successfull ...
2022-01-24 20:25:54,724 +++ Generating synthetic earthquakes ...
2022-01-24 20:25:56,473 +++ Merging synthetic files ...
2022-01-24 20:25:56,529 +++ Converting NLLOC to NORDIC format ...
2022-01-24 20:25:56,534 +++ Makeing some statistical figures ...
