 Date    Origin    Lat      Long      Depth    Mag No Gap Dmin  Rms  Erh  Erz  Erx      Cvxy      Cvxz      Cvyz     Oterr
210202 0357 10.60 28 57.98  50 55.77   10.8    0.0 35 113  3.8 0.01  0.4  0.3  0.3-0.173E-01-0.231E-02-0.335E-01 0.132E+00
210202 0623  1.49 29  2.63  51 21.94    6.4    0.0 14 289 11.3 0.00  1.0  0.7  0.9 0.428E-01 0.537E-01 0.852E-01 0.202E+00
210202 0030 58.28 28 54.32  51 20.74    3.8    0.0 16 233 17.5 0.01  0.7  0.3  0.6 0.718E-01-0.368E-01 0.266E-01 0.191E+00
210202 0131  5.10 28 57.84  50 55.70   11.6    0.0 36 134  3.6 0.01  0.5  0.4  0.3-0.300E-01 0.213E-01-0.375E-01 0.130E+00
210202 0810 55.00 28 49.66  51 19.21   10.0    0.0 13 262 22.6 0.01  1.2  1.0  1.1-0.152E+00-0.633E-01-0.122E+00 0.209E+00
210202 0106  0.89 29  3.13  51 18.57    9.2    0.0 10 258  6.2 0.01  1.6  1.3  1.1 0.541E+00-0.452E+00-0.274E+00 0.235E+00
210202 0351  7.17 28 37.70  51  7.74    5.8    0.0 10 185  6.5 0.01  0.8  0.8  0.6 0.864E-01-0.237E+00 0.748E-01 0.235E+00
210202 1713 43.81 28 45.11  51 18.88   14.6    0.0  7 194  8.2 0.00  1.7  1.8  1.4-0.369E-01-0.504E+00 0.244E+00 0.272E+00
210202 0202 32.51 28 57.95  51  7.64   11.6    0.0 34  86  1.8 0.01  0.3  0.3  0.2-0.175E-01 0.228E-01 0.109E-01 0.134E+00
210202 0229 58.21 28 57.52  51  7.40   11.0    0.0 17  98  2.3 0.01  0.6  0.4  0.4-0.325E-01 0.675E-01-0.503E-03 0.188E+00
210202 0301 32.51 28 58.02  51  7.85   13.2    0.0 37  78  1.9 0.01  0.4  0.5  0.2-0.192E-01 0.619E-01 0.638E-02 0.129E+00
210202 0348  0.82 28 58.29  51  8.07   15.4    0.0 34  67  1.9 0.01  0.4  0.5  0.2-0.845E-02 0.519E-01 0.421E-01 0.136E+00
210202 0411 34.31 28 57.82  51  7.71   11.9    0.0 21 101  2.0 0.01  0.5  0.5  0.3-0.384E-01 0.347E-01 0.148E-01 0.169E+00
210202 0520 33.00 28 57.94  51  7.33   11.4    0.0 14 114  1.6 0.01  0.7  0.8  0.6-0.155E-02-0.198E+00-0.636E-01 0.203E+00
210202 1610 59.41 28 59.10  51  0.67   12.7    0.0 48  83  4.2 0.01  0.3  0.3  0.2-0.169E-01 0.168E-01-0.135E-01 0.116E+00
210202 1611 36.30 28 59.80  51  0.23   14.4    0.0 14 213  8.9 0.01  1.4  1.2  0.4-0.140E+00 0.812E-03-0.418E+00 0.202E+00
210202 1614 49.30 28 59.76  51  0.36   14.1    0.0 50 144  5.3 0.01  0.3  0.3  0.2-0.227E-01 0.109E-01-0.148E-01 0.113E+00
210202 1615  7.98 28 59.09  51  0.71   13.4    0.0 10 159  4.1 0.01  1.7  1.6  1.0-0.111E+01 0.981E+00-0.127E+01 0.235E+00
210202 1619 40.90 28 59.21  51  0.67   12.0    0.0 15 147  4.3 0.01  0.9  0.9  0.5-0.226E+00 0.127E+00-0.216E+00 0.197E+00
210202 1618 55.37 28 42.26  51 10.44    6.6    0.0 10  96  6.7 0.01  0.8  0.8  0.5-0.128E+00 0.187E+00-0.335E+00 0.235E+00
210202 0017 52.71 29  0.18  51 15.36   10.7    0.0 40 176  2.9 0.00  0.4  0.2  0.3 0.852E-02 0.287E-01 0.128E-01 0.123E+00
210202 0107 51.01 29  0.24  51 15.53   10.6    0.0 21 183  2.9 0.01  0.6  0.4  0.5 0.294E-01 0.410E-02 0.898E-01 0.168E+00
210202 1025 25.29 28 58.79  51 20.90    5.7    0.0 13 291 10.9 0.00  1.1  0.9  1.0 0.175E+00 0.128E+00 0.317E+00 0.209E+00
210202 2045 31.40 28 41.81  51 12.19   10.7    0.0 12  99  4.3 0.00  0.9  0.7  0.6-0.234E-01 0.761E-01-0.121E+00 0.216E+00
210202 2219 20.62 29 16.14  51 20.04    7.4    0.0 16 296 27.8 0.01  1.1  1.2  0.9 0.837E-01-0.473E+00 0.979E-01 0.191E+00
210202 2345 28.90 28 58.25  51  0.97   14.3    0.0 39  96  3.2 0.01  0.4  0.4  0.2-0.615E-01 0.104E-01-0.276E-01 0.126E+00
210202 2348 45.10 28 58.82  51  0.99   13.1    0.0 28 141  3.5 0.01  0.7  0.5  0.3-0.166E+00 0.658E-01-0.118E+00 0.148E+00
210202 0213  0.10 28 38.50  51  6.60   10.9    0.0 14 184  4.1 0.01  0.8  0.5  0.6 0.123E+00-0.703E-01 0.407E-02 0.202E+00
210202 1400  5.60 29 14.69  51 22.47    8.2    0.0 15 291 26.8 0.01  1.1  1.0  0.8 0.342E-01-0.204E+00 0.225E+00 0.196E+00
210202 1834 28.80 29 14.62  51 22.74    8.0    0.0 16 305 26.9 0.00  1.1  1.0  0.9 0.181E-01-0.202E+00 0.190E+00 0.190E+00
210202 2251 43.61 29 14.62  51 22.44    8.8    0.0 14 307 26.6 0.01  1.2  1.0  1.0 0.581E-01-0.133E+00 0.198E+00 0.203E+00
210202 0233 45.00 29 15.02  51 22.80    9.1    0.0 17 308 27.6 0.00  1.1  0.8  0.8-0.113E-01-0.771E-01 0.124E+00 0.185E+00
210202 0724 56.90 29 15.11  51 22.10    8.3    0.0 12 307 27.2 0.00  1.4  1.3  1.1 0.121E+00-0.443E+00 0.323E+00 0.216E+00
210202 0100  5.99 28 59.04  51 20.24    5.8    0.0  7 256  9.8 0.00  1.9  1.6  1.7 0.934E+00-0.422E+00-0.684E+00 0.272E+00
210202 1122 56.62 29 13.64  51 23.24    8.7    0.0 63 285 25.7 0.01  0.4  0.3  0.3-0.980E-02 0.211E-01 0.157E-01 0.998E-01
210202 1124  8.20 29 14.52  51 22.00    7.4    0.0 16 306 26.2 0.01  1.1  1.5  0.9 0.353E-01-0.236E+00 0.141E+00 0.191E+00
210202 0015 44.99 28 56.65  50 47.73    8.2    0.0 26 268  2.5 0.01  0.7  0.5  0.6 0.387E-01 0.473E-01 0.369E-01 0.152E+00
210202 2112  5.50 28 55.32  51  6.43   10.9    0.0 62  84  6.4 0.01  0.2  0.2  0.1 0.480E-02 0.119E-01 0.103E-01 0.101E+00
210202 2112 24.00 28 55.20  51  6.37   11.0    0.0 60  82  6.6 0.00  0.2  0.2  0.2 0.255E-02 0.149E-01 0.802E-02 0.101E+00
210202 2132 22.11 28 55.14  51  6.35   10.2    0.0 18  82  6.7 0.01  0.5  0.7  0.3-0.126E-01 0.460E-01 0.504E-01 0.181E+00
210202 2218 38.90 28 55.02  51  6.54   10.8    0.0 59  83  6.9 0.01  0.2  0.2  0.2 0.108E-02 0.167E-01 0.868E-02 0.104E+00
210202 2232 36.90 28 55.03  51  6.53   10.5    0.0 23  83  6.9 0.01  0.4  0.5  0.3-0.138E-01 0.514E-01 0.339E-01 0.161E+00
210202 0107 12.51 28 55.31  51  5.16   11.7    0.0 10 139  6.2 0.01  1.5  1.6  1.4-0.586E+00-0.159E+01 0.691E+00 0.235E+00
210202 0654 53.18 28 52.16  50 50.51    7.2    0.0 25 201  1.7 0.01  0.7  0.5  0.6 0.150E+00 0.794E-01 0.199E-01 0.155E+00
210202 2101 36.30 29 15.10  51 22.41    8.7    0.0 16 308 27.4 0.01  1.1  0.9  0.9 0.191E-01-0.120E+00 0.193E+00 0.191E+00
210202 0658  1.91 29  2.32  51 27.58    1.6    0.0 19 275 20.4 0.02  0.8  0.4  0.6 0.721E-01-0.471E-01 0.980E-01 0.180E+00
210202 1947  1.31 29  3.24  51 13.01   13.3    0.0 19 191  4.3 0.01  0.7  0.6  0.6 0.272E-01 0.141E+00 0.838E-01 0.177E+00
210202 2121 39.61 29 12.61  51 23.84    8.3    0.0 33 302 24.6 0.01  0.6  0.5  0.5-0.361E-01 0.269E-01-0.637E-02 0.136E+00
210202 0035 45.36 28 37.51  51 11.11    6.1    0.0 12 158 11.5 0.01  0.8  0.8  0.5-0.229E-01 0.172E-01-0.172E+00 0.218E+00
210202 0628 35.69 28 49.75  50 51.45    7.9    0.0 16 253  1.9 0.00  1.2  0.8  1.0 0.310E+00 0.239E+00 0.157E-01 0.190E+00
210202 1902 56.00 29  3.95  51 21.76    8.9    0.0 31 279 11.6 0.00  0.6  0.5  0.5 0.148E-01-0.921E-02 0.774E-01 0.139E+00
210202 0550 40.87 29  3.53  51 20.87    5.7    0.0 15 286 10.0 0.01  1.3  1.0  1.2 0.217E+00 0.779E+00 0.142E+00 0.196E+00
210202 0149  7.49 28 49.62  50 51.68    7.7    0.0 20 240  1.7 0.01  1.0  0.6  0.8 0.226E+00 0.202E+00-0.303E-01 0.172E+00
210202 1442 27.88 28 49.59  50 51.37    7.9    0.0 20 245  2.2 0.01  1.0  0.7  0.8 0.285E+00 0.278E+00 0.438E-01 0.172E+00
210202 1536 41.48 28 49.71  50 51.40    8.6    0.0 18 255  2.0 0.00  1.2  0.7  1.0 0.382E+00 0.329E+00 0.787E-01 0.180E+00
210202 1550 48.67 28 49.11  50 51.30    7.4    0.0 15 274  2.8 0.01  1.3  0.9  1.1 0.404E+00 0.554E+00 0.470E-01 0.197E+00
210202 1642 55.17 28 49.21  50 51.07    8.4    0.0 20 258  3.0 0.01  1.1  0.8  0.9 0.340E+00 0.414E+00 0.120E+00 0.173E+00
210202 1654 51.69 28 49.51  50 51.60    8.1    0.0 21 256  2.0 0.01  0.9  0.4  0.8 0.237E+00 0.527E-02-0.222E-01 0.168E+00
210202 1714 27.70 29 15.81  51 20.91    7.1    0.0 23 306 27.7 0.01  0.8  0.8  0.6 0.286E-01 0.902E-01-0.501E-01 0.162E+00
210202 1919 18.59 28 49.37  50 51.37    8.3    0.0 51 210  2.4 0.01  0.3  0.2  0.2 0.252E-01-0.339E-02-0.199E-02 0.111E+00
210202 2330 25.91 29  4.85  51 24.09    8.4    0.0 62 273 15.7 0.01  0.3  0.3  0.2 0.305E-02 0.124E-01 0.240E-01 0.101E+00
210303 0020 41.78 28 49.70  50 51.36    7.5    0.0 12 257  2.1 0.01  2.3  1.3  1.4 0.183E+01 0.965E+00 0.144E+01 0.217E+00
210303 0201  8.09 28 45.04  51  8.27    9.6    0.0 42  77  7.5 0.01  0.3  0.3  0.2 0.273E-02 0.138E-01-0.383E-01 0.122E+00
210303 0440 41.30 28 49.51  50 51.40    7.5    0.0 12 261  2.2 0.00  2.3  1.4  1.4 0.172E+01 0.102E+01 0.150E+01 0.216E+00
210303 2129 38.89 28 49.62  50 50.80    7.8    0.0 15 251  3.0 0.00  1.4  1.1  1.1 0.247E+00 0.767E+00-0.982E-01 0.196E+00
210303 2314 13.30 28 59.72  51  2.78   11.0    0.0 16 139  3.1 0.01  0.9  0.5  0.6 0.100E-01 0.237E+00 0.121E+00 0.190E+00
210303 2352  9.50 28 49.52  50 51.34    7.5    0.0 23 247  2.3 0.00  0.8  0.5  0.7 0.172E+00 0.150E+00-0.213E-01 0.161E+00
210303 0133 46.19 28 49.42  50 51.53    6.5    0.0 16 260  2.2 0.01  1.0  0.7  0.9 0.234E+00 0.212E+00 0.257E-01 0.190E+00
210303 0134 58.29 28 49.69  50 51.85    8.2    0.0 26 235  1.4 0.00  0.8  0.4  0.7 0.176E+00 0.122E+00-0.210E-01 0.152E+00
210303 1207 36.40 28 55.34  51  6.87   11.4    0.0 26 135  6.3 0.01  0.6  0.7  0.5 0.538E-01 0.214E+00 0.132E+00 0.152E+00
210303 1208  7.78 28 54.93  50 44.87    7.1    0.0 22 295  7.0 0.01  0.8  1.5  0.7 0.113E+00 0.424E+00 0.373E+00 0.164E+00
210303 1310 33.48 28 49.75  50 51.27    7.8    0.0 16 259  2.2 0.00  1.2  0.8  1.0 0.298E+00 0.247E+00 0.222E-01 0.190E+00
210303 1323 39.89 28 49.79  50 51.69    6.4    0.0 20 234  1.5 0.01  0.8  0.5  0.7 0.169E+00 0.136E+00-0.180E-01 0.172E+00
210303 1327 15.58 28 49.50  50 51.45    7.4    0.0 20 246  2.2 0.01  0.9  0.6  0.8 0.229E+00 0.235E+00-0.406E-02 0.172E+00
210303 1346  4.18 28 49.60  50 51.17    7.5    0.0 14 265  2.4 0.00  1.5  1.0  1.1 0.615E+00 0.468E+00 0.325E+00 0.202E+00
210303 1426 26.47 28 49.75  50 51.67    6.9    0.0 20 246  1.6 0.01  0.9  0.5  0.8 0.215E+00 0.169E+00 0.462E-02 0.173E+00
210303 1549 35.79 28 49.79  50 51.87    6.6    0.0 15 237  1.3 0.00  1.2  0.6  1.1 0.330E+00 0.133E+00-0.638E-01 0.196E+00
210303 1559  9.39 28 49.39  50 51.20    8.0    0.0 16 252  2.6 0.00  1.2  0.8  1.0 0.404E+00 0.373E+00 0.533E-01 0.190E+00
210303 1810 20.32 29  4.53  51 22.56    4.2    0.0 24 268 13.2 0.04  0.8  0.3  0.6-0.746E-02 0.163E-01-0.142E-01 0.193E+00
210303 2127 22.00 28 38.89  51 11.88    9.4    0.0 16 158  8.7 0.01  0.9  1.0  0.8 0.152E+00 0.663E+00 0.153E+00 0.192E+00
210303 2214 24.18 28 49.69  50 51.69    8.3    0.0 16 237  1.6 0.01  1.5  0.8  1.2 0.849E+00 0.546E+00 0.239E+00 0.191E+00
210303 2316 52.38 28 49.65  50 51.58    7.0    0.0 15 251  3.0 0.00  1.2  0.8  1.0 0.418E+00 0.348E+00 0.795E-01 0.196E+00
210303 2346  1.57 28 49.77  50 51.80    5.9    0.0 18 268  1.4 0.01  0.9  0.5  0.7 0.169E+00 0.109E+00-0.630E-01 0.181E+00
210303 2348 12.93 28 54.93  51 20.35    4.4    0.0 15 238  7.1 0.04  0.9  0.3  0.8 0.863E-01-0.368E-02 0.105E-01 0.221E+00
210303 0026  6.59 28 49.64  50 51.58    8.5    0.0 22 240  1.8 0.00  1.0  0.6  0.8 0.270E+00 0.238E+00 0.299E-01 0.164E+00
210303 1049  1.98 28 49.49  50 51.72    8.9    0.0 19 243  1.8 0.01  1.2  0.7  1.0 0.382E+00 0.312E+00 0.439E-01 0.177E+00
210303 1125 14.79 28 50.14  50 51.01    6.7    0.0 16 261  2.4 0.00  1.0  0.7  0.9 0.234E+00 0.183E+00 0.430E-01 0.190E+00
210303 2106 19.60 28 50.11  50 51.57    6.5    0.0 12 237  2.6 0.00  1.5  1.0  1.2 0.821E+00 0.485E+00 0.373E+00 0.216E+00
210303 0031 37.99 28 50.00  50 51.37   11.2    0.0 17 249  1.9 0.00  1.7  0.8  1.5 0.604E+00 0.522E+00 0.944E-01 0.185E+00
210303 0102 30.28 28 49.64  50 51.68    8.2    0.0 20 239  1.7 0.00  1.0  0.7  0.9 0.294E+00 0.216E+00 0.164E-02 0.172E+00
210303 0219 57.38 28 50.00  50 51.68    6.9    0.0 18 236  1.4 0.01  1.0  0.6  0.8 0.246E+00 0.152E+00 0.154E-01 0.180E+00
210303 0748 48.20 28 57.68  50 44.74    9.6    0.0 48 269  7.7 0.01  0.4  0.2  0.3 0.372E-02 0.113E-01-0.159E-01 0.114E+00
210303 1631 57.40 28 37.89  50 55.43   10.6    0.0 18 303 21.3 0.01  0.9  0.6  0.6 0.134E+00 0.287E-01 0.438E-01 0.181E+00
210303 1749 54.19 28 49.72  50 51.24    8.5    0.0 16 261  2.2 0.00  1.3  0.8  1.1 0.364E+00 0.350E+00 0.803E-01 0.190E+00
210303 2355 32.80 28 50.01  50 52.73    9.7    0.0 23 193  0.5 0.00  0.9  0.4  0.7 0.232E+00-0.369E-01-0.630E-01 0.161E+00
210303 2355 41.89 28 49.87  50 51.86    8.0    0.0 18 229  2.4 0.01  1.1  0.7  0.9 0.334E+00 0.275E+00-0.107E-02 0.180E+00
210303 1933  7.85 28 56.52  51 20.57    4.2    0.0 27 229  9.8 0.02  0.8  0.2  0.7 0.793E-01-0.205E-01-0.458E-02 0.162E+00
210303 1940 21.62 28 56.46  51 19.97    4.0    0.0 29 224  9.3 0.03  0.5  0.2  0.4 0.228E-01-0.503E-02-0.188E-02 0.160E+00
210303 1949 10.10 28 56.13  51 23.19   10.4    0.0 30 265 22.6 0.01  0.8  0.8  0.5-0.295E-01 0.124E+00-0.175E+00 0.143E+00
210303 2313 12.76 28 56.58  51 20.04    4.2    0.0 13 244  9.5 0.04  1.3  0.4  1.2 0.893E-01 0.159E+00 0.101E-01 0.233E+00
210303 2325 25.34 28 52.49  51 20.30    3.5    0.0 14 214 16.8 0.03  0.7  0.4  0.6 0.252E-01-0.238E-01 0.521E-01 0.214E+00
210303 0145 34.48 28 56.58  51 20.10    3.3    0.0  7 245  9.6 0.00  1.3  1.1  1.3 0.913E-01-0.486E+00-0.179E+00 0.272E+00
210303 1637 50.51 29 14.74  51 23.00    6.4    0.0 35 292 27.2 0.01  1.1  1.3  0.9 0.409E+00 0.100E+01 0.748E+00 0.133E+00
210303 0641 11.40 28 57.58  51 21.69    7.8    0.0 12 260 16.0 0.00  1.4  1.2  0.9 0.354E+00 0.266E+00 0.335E+00 0.216E+00
210303 0806  4.20 28 56.69  51 20.31    3.5    0.0  9 248  9.9 0.01  1.1  0.5  1.0 0.326E-01-0.182E-01-0.677E-01 0.245E+00
210303 1051  1.09 28 56.86  51 20.60    4.9    0.0 24 246 10.4 0.02  0.7  0.3  0.6 0.103E+00 0.114E+00 0.491E-01 0.169E+00
210303 1301 12.31 28 56.59  51 20.79    4.3    0.0 17 247 10.1 0.03  0.9  0.3  0.7 0.152E+00 0.622E-01 0.669E-01 0.196E+00
210303 2050 59.61 28 57.37  51 23.16    7.8    0.0 25 261 13.5 0.01  0.6  0.7  0.5 0.367E-01 0.773E-01 0.349E-01 0.156E+00
210303 0217 26.39 28 56.87  51 20.95    4.9    0.0 36 249 10.7 0.02  0.5  0.2  0.5 0.519E-01 0.701E-01 0.293E-01 0.138E+00
210303 1904 42.49 28 49.96  50 51.54    8.0    0.0 14 243  1.6 0.00  1.6  0.9  1.2 0.796E+00 0.435E+00 0.293E+00 0.202E+00
210303 2121 17.73 28 56.70  51 20.62    4.3    0.0 16 246 10.2 0.02  1.1  0.4  1.0 0.171E+00 0.909E-01 0.634E-01 0.200E+00
210303 2214 44.20 28 56.70  51 21.15    4.5    0.0 44 250 10.6 0.02  0.4  0.2  0.4 0.232E-01 0.420E-01 0.178E-01 0.124E+00
210303 0028  8.41 29  3.70  51 20.08   10.3    0.0 25 268  8.9 0.01  0.7  0.4  0.5 0.787E-01-0.148E-01-0.312E-01 0.155E+00
210303 0038  1.88 28 49.61  50 51.11    7.9    0.0 12 267  2.5 0.01  1.7  1.1  1.3 0.861E+00 0.611E+00 0.447E+00 0.216E+00
210303 0119  7.84 28 56.67  51 20.61    4.3    0.0 14 246 10.1 0.02  1.3  0.4  1.2 0.303E+00 0.733E-01 0.342E-01 0.207E+00
210303 0210 32.20 28 56.67  51 20.96    4.3    0.0 57 248 10.4 0.01  0.3  0.1  0.3 0.183E-01 0.214E-01 0.125E-01 0.111E+00
210303 1817 19.78 28 49.98  50 51.39    8.1    0.0 16 249  1.9 0.00  1.3  0.7  1.1 0.381E+00 0.205E+00-0.698E-01 0.190E+00
210303 1119 29.49 28 49.51  50 51.43    7.5    0.0 24 246  2.2 0.01  0.7  0.5  0.6 0.995E-01 0.900E-01-0.525E-01 0.158E+00
210303 1938 53.99 28 49.90  50 51.54    7.8    0.0 13 245  1.7 0.01  1.8  1.1  1.5 0.818E+00 0.889E+00 0.310E+00 0.209E+00
210303 0321 13.08 28 49.74  50 51.51    7.9    0.0  9 262  3.0 0.01  1.8  1.5  1.4 0.591E+00 0.655E+00 0.322E+00 0.245E+00
210303 2254 38.91 28 41.34  51 10.76    9.4    0.0 32 225 10.3 0.01  0.5  0.4  0.3-0.439E-01 0.224E-01-0.693E-01 0.140E+00
210303 2007 49.07 28 49.71  50 51.20    7.6    0.0 16 262  2.3 0.01  1.3  0.9  1.1 0.247E+00 0.598E+00-0.610E-01 0.191E+00
210303 1527 40.20 28 55.54  50 51.91   10.6    0.0 34  73  1.3 0.01  0.4  0.3  0.3-0.638E-02-0.475E-01 0.584E-02 0.135E+00
210303 2130  9.99 28 49.57  50 51.03    7.9    0.0 31 216  2.7 0.01  0.5  0.3  0.4 0.531E-01-0.834E-02-0.271E-02 0.140E+00
210303 2259 47.80 28 49.52  50 51.40    7.5    0.0 28 246  2.2 0.00  0.5  0.4  0.4 0.654E-01-0.205E-01-0.486E-01 0.146E+00
210303 2309 47.69 28 55.26  50 49.35    8.1    0.0 21 207  1.3 0.01  0.8  0.5  0.7 0.646E-01-0.113E-01 0.235E-01 0.168E+00
210303 2329 13.80 28 54.83  50 58.02   10.8    0.0 45  56  3.2 0.01  0.2  0.2  0.1-0.684E-02-0.172E-01 0.164E-02 0.118E+00
210303 2353 10.11 28 35.41  51  5.04    9.2    0.0 20 289  8.3 0.01  0.8  0.6  0.4 0.433E-01-0.276E-01-0.486E-01 0.173E+00
210303 0006 34.80 28 49.65  50 51.33    8.2    0.0 23 244  2.2 0.01  0.9  0.5  0.8 0.213E+00 0.128E+00-0.118E-01 0.161E+00
210303 0041 39.80 28 55.48  50 52.27   10.4    0.0 35  87  1.7 0.01  0.4  0.3  0.3 0.131E-02-0.548E-01 0.330E-02 0.133E+00
210303 1438 10.50 29  7.93  50 48.23   10.1    0.0 41 258 18.7 0.00  0.5  0.3  0.4-0.318E-01-0.625E-01-0.404E-02 0.122E+00
210303 1339 13.51 28 57.36  51 22.11    8.7    0.0 35 289 16.7 0.01  0.5  0.4  0.4-0.139E-02 0.321E-01 0.399E-01 0.133E+00
210303 1903 55.81 29  3.25  51 19.96    9.1    0.0 29 253 13.5 0.01  0.5  0.4  0.4 0.458E-01 0.308E-01 0.365E-01 0.145E+00
210303 0245 15.91 29  6.28  51 20.08    8.7    0.0 24 261 16.7 0.01  0.6  0.6  0.5 0.651E-01-0.138E-01 0.143E-01 0.158E+00
210303 0828 14.93 28 57.00  51 21.23    4.1    0.0 11 265 11.1 0.02  1.8  0.6  1.6 0.220E+00 0.562E+00-0.540E-01 0.229E+00
210303 1458  4.93 28 56.42  51 20.50    4.2    0.0 13 259  9.6 0.04  1.4  0.5  1.3 0.210E-01 0.276E+00-0.140E+00 0.234E+00
210303 2203 34.40 29  8.02  50 47.75   10.6    0.0 50 261 10.5 0.01  0.4  0.2  0.3-0.273E-01-0.152E-01 0.831E-02 0.114E+00
210303 2322  6.60 28 57.25  51  2.81   10.9    0.0 38 102  1.4 0.01  0.3  0.2  0.2-0.183E-01 0.744E-03 0.136E-01 0.127E+00
210303 1106 31.89 29  2.01  51 19.85    5.9    0.0 15 281  7.8 0.00  1.2  0.7  0.8 0.283E+00-0.202E+00-0.101E+00 0.196E+00
210303 1811 35.50 29  8.80  51 17.83    9.7    0.0 27 261 13.8 0.01  0.6  0.4  0.5 0.652E-01-0.649E-02-0.223E-02 0.152E+00
210303 0101 17.81 28 53.34  51 17.61   10.6    0.0 26 192  2.8 0.01  0.6  0.3  0.5 0.264E-01 0.103E+00 0.273E-01 0.153E+00
210303 0222 18.89 28 48.19  51  0.06    9.5    0.0 16 178  7.3 0.01  1.1  1.2  0.3 0.774E-01-0.793E-01-0.790E+00 0.191E+00
210303 0737 35.40 28 48.15  51  0.06   10.2    0.0 25 178  7.2 0.01  0.7  0.6  0.3 0.671E-01-0.749E-01-0.294E+00 0.155E+00
210303 0738 40.29 28 47.78  50 59.93   10.8    0.0 29 188  7.3 0.01  0.4  0.4  0.2-0.302E-02-0.171E-01-0.198E-01 0.145E+00
210303 0849 54.40 28 47.98  50 59.94   10.4    0.0 19 183  7.4 0.01  0.7  0.9  0.3 0.194E-01-0.283E-01-0.236E+00 0.176E+00
210303 0923 11.40 28 48.65  51 18.62    9.8    0.0 20 197 12.4 0.01  0.7  0.7  0.6-0.435E-01-0.990E-01 0.572E-02 0.172E+00
210303 0949 17.70 28 48.19  51  0.05   10.3    0.0 17 178  7.3 0.01  1.1  1.0  0.5 0.281E+00-0.101E+00-0.440E+00 0.185E+00
210303 1437 38.19 28 47.23  50 51.92    6.6    0.0 15 303  5.1 0.01  1.5  0.6  1.3-0.608E-01 0.650E+00-0.642E-01 0.196E+00
210303 0014 40.39 28 55.98  50 49.38    9.3    0.0 14 206  3.3 0.01  1.5  0.8  1.3 0.345E+00-0.567E-01 0.115E-01 0.202E+00
210303 2309 43.21 28 48.35  51  0.17    9.5    0.0 17 125  7.2 0.01  0.5  1.0  0.3 0.429E-01-0.109E-01-0.689E-01 0.185E+00
210303 2316  4.00 28 48.11  50 59.93   10.6    0.0 53 130  7.4 0.01  0.2  0.2  0.1 0.734E-02-0.113E-01-0.102E-01 0.111E+00
210303 1033 10.19 28 49.29  51  0.44   10.4    0.0 11 185  7.5 0.01  1.4  1.5  0.8 0.759E+00 0.200E+00 0.246E+00 0.225E+00
210404 0046  2.21 28 39.66  51 12.42    9.8    0.0 19 122  7.0 0.01  0.5  0.5  0.4 0.116E-01 0.657E-01-0.956E-02 0.176E+00
210404 0821 12.00 28 59.96  51 15.04   13.1    0.0 12 163  3.3 0.01  1.0  1.1  0.8 0.126E+00 0.282E+00 0.191E+00 0.218E+00
210404 0835 16.30 28 55.72  50 55.12   11.4    0.0 29 138  0.9 0.01  0.4  0.4  0.3-0.291E-01-0.395E-01 0.237E-01 0.145E+00
210404 0836 57.68 28 55.34  50 55.30    6.9    0.0 15 207  8.8 0.01  0.8  0.5  0.7 0.762E-01-0.128E+00-0.886E-02 0.197E+00
210404 0836 57.08 28 55.81  50 54.92   11.1    0.0 27 141  0.5 0.01  0.5  0.4  0.4-0.572E-01-0.297E-01 0.224E-01 0.150E+00
210404 0837 23.29 28 55.72  50 55.29   11.3    0.0 28 115  1.1 0.01  0.4  0.4  0.3-0.174E-01-0.114E-01 0.788E-02 0.147E+00
210404 0837 48.71 28 56.75  50 56.04   15.8    0.0 18 144  1.6 0.01  1.0  0.6  0.7-0.148E+00-0.109E+00 0.600E-01 0.181E+00
210404 0838 38.70 28 55.78  50 55.24   10.9    0.0 23 140  1.0 0.01  0.6  0.5  0.4-0.305E-01-0.186E-02 0.552E-01 0.161E+00
210404 0839 54.29 28 55.49  50 55.29   11.0    0.0 22 130  1.2 0.01  0.6  0.6  0.4-0.380E-01 0.377E-02 0.342E-01 0.164E+00
210404 0841 45.79 28 55.84  50 55.64   12.3    0.0 27 140  1.8 0.01  0.6  0.5  0.4-0.588E-02-0.666E-01 0.110E-01 0.149E+00
210404 0843 10.89 28 55.61  50 54.71   10.5    0.0 25 108  0.3 0.01  0.4  0.5  0.3-0.331E-01-0.484E-01 0.329E-01 0.155E+00
210404 0843 35.38 28 55.57  50 55.01   10.4    0.0 31 115  0.7 0.01  0.4  0.3  0.3-0.158E-01-0.297E-01-0.978E-02 0.140E+00
210404 0843 58.89 28 55.61  50 55.30   10.8    0.0 33 128  1.2 0.00  0.4  0.4  0.3 0.369E-02 0.188E-02 0.133E-01 0.135E+00
210404 0844 38.48 28 55.81  50 55.20   11.1    0.0 32 133  1.0 0.01  0.4  0.4  0.3-0.100E-03 0.619E-02 0.243E-01 0.139E+00
210404 0849 23.99 28 55.84  50 55.36   11.7    0.0 24 141  1.3 0.00  0.5  0.5  0.4-0.380E-01-0.235E-01 0.455E-01 0.157E+00
210404 0849 31.68 28 55.48  50 55.24   11.1    0.0 15 129  1.2 0.01  1.2  0.8  0.6-0.149E+00-0.110E+00 0.307E+00 0.196E+00
210404 0849 52.39 28 55.68  50 55.47   10.8    0.0 23 136  1.4 0.00  0.6  0.6  0.4-0.313E-01-0.114E+00 0.243E-01 0.161E+00
210404 0853 39.50 28 55.65  50 55.01   11.4    0.0 15 139  0.7 0.00  1.1  1.0  0.9-0.113E+00-0.403E+00 0.209E+00 0.196E+00
210404 0854 29.18 28 55.56  50 55.00   10.8    0.0 42 127  0.7 0.01  0.3  0.3  0.2-0.711E-02-0.234E-01 0.476E-02 0.122E+00
210404 0855 23.79 28 55.60  50 54.83   10.7    0.0 34  82  0.4 0.01  0.3  0.3  0.2-0.163E-01-0.382E-01 0.445E-02 0.134E+00
210404 0856 27.69 28 55.37  50 55.05   11.0    0.0 37 110  1.0 0.01  0.3  0.3  0.2-0.435E-02-0.364E-01-0.652E-03 0.129E+00
210404 0858  1.59 28 55.43  50 55.41   11.7    0.0 15 130  1.4 0.00  1.2  0.9  0.7-0.830E-01 0.110E-01 0.360E+00 0.196E+00
210404 0900 30.30 28 55.55  50 54.99   11.2    0.0 47  60  0.7 0.01  0.2  0.3  0.2-0.478E-02-0.220E-01-0.439E-03 0.115E+00
210404 0901 11.79 28 55.54  50 55.47   11.2    0.0 39 117  1.5 0.01  0.3  0.3  0.2-0.787E-02-0.163E-01-0.740E-02 0.125E+00
210404 0901 11.69 28 56.02  50 55.00   11.5    0.0 29  98  0.8 0.01  0.5  0.4  0.3-0.209E-01-0.107E-01 0.825E-02 0.144E+00
210404 0901 45.68 28 55.70  50 55.33   11.1    0.0 34 130  1.2 0.01  0.4  0.4  0.3-0.200E-02-0.665E-02 0.185E-01 0.135E+00
210404 0902 14.69 28 55.67  50 55.18   11.3    0.0 32 136  0.9 0.00  0.4  0.4  0.3-0.102E-01-0.104E-01 0.216E-01 0.137E+00
210404 0903 25.79 28 55.66  50 55.15   11.2    0.0 14 140  0.9 0.01  1.1  0.9  0.9-0.600E-01-0.640E-01 0.171E+00 0.202E+00
210404 0903 59.70 28 55.67  50 55.10   11.4    0.0 38 130  0.8 0.01  0.3  0.3  0.2 0.851E-03-0.229E-01 0.118E-01 0.127E+00
210404 0904 53.19 28 55.60  50 55.29   11.2    0.0 39 115  1.2 0.01  0.3  0.3  0.2-0.937E-02-0.188E-01-0.238E-02 0.125E+00
210404 0914  5.40 28 56.03  50 54.94   11.5    0.0 24 149  0.8 0.01  0.6  0.5  0.4-0.512E-01-0.370E-01 0.491E-01 0.158E+00
210404 0916  4.10 28 56.09  50 55.27   11.9    0.0 31  91  1.3 0.01  0.4  0.4  0.3-0.165E-01-0.334E-01-0.397E-03 0.140E+00
210404 0937  7.59 28 55.73  50 55.36    9.6    0.0 22 142  1.2 0.01  0.6  0.6  0.4-0.223E-01-0.394E-01 0.277E-01 0.164E+00
210404 0942 54.29 28 55.31  50 55.01   10.7    0.0 44  84  1.0 0.01  0.3  0.2  0.2-0.894E-02-0.208E-01-0.771E-03 0.119E+00
210404 0943 25.39 28 55.84  50 55.06   11.2    0.0 28 142  0.8 0.01  0.5  0.4  0.3-0.228E-01-0.283E-01 0.294E-01 0.147E+00
210404 0943 57.70 28 55.84  50 55.46   12.5    0.0 46 110  1.4 0.01  0.3  0.3  0.2-0.491E-02-0.279E-01-0.255E-03 0.116E+00
210404 0944 30.99 28 55.67  50 55.17   11.0    0.0 21 136  0.9 0.01  0.6  0.6  0.4-0.346E-01 0.399E-02 0.327E-01 0.168E+00
210404 0944 47.50 28 55.95  50 55.53   12.0    0.0 19 107  1.6 0.00  0.8  0.6  0.6-0.925E-01-0.474E-01-0.596E-01 0.176E+00
210404 0947 14.20 28 55.49  50 55.28   11.4    0.0 44 106  1.2 0.01  0.3  0.3  0.2-0.396E-02-0.219E-01 0.389E-02 0.119E+00
210404 0958 49.70 28 55.79  50 55.47   11.6    0.0 33 139  1.4 0.01  0.4  0.4  0.3-0.228E-01-0.337E-01 0.214E-01 0.136E+00
210404 1017 58.79 28 55.61  50 55.28   11.2    0.0 42 115  1.1 0.01  0.3  0.3  0.2-0.282E-02-0.287E-01-0.275E-02 0.121E+00
210404 1019 28.80 28 55.55  50 55.40   11.8    0.0 36 126  1.3 0.01  0.3  0.4  0.2-0.547E-02-0.335E-01 0.770E-02 0.131E+00
210404 1019 54.99 28 55.78  50 55.46   12.0    0.0 35 115  1.4 0.01  0.4  0.4  0.3 0.428E-02-0.453E-01-0.107E-01 0.132E+00
210404 1030 47.80 28 55.67  50 55.53   11.7    0.0 25 129  1.5 0.01  0.6  0.7  0.5 0.167E-01-0.173E+00 0.696E-03 0.155E+00
210404 1159  6.39 28 55.31  50 55.17   10.9    0.0 47  59  1.2 0.01  0.3  0.2  0.2-0.253E-02-0.258E-01-0.328E-02 0.115E+00
210404 1206 57.30 28 55.77  50 55.33   11.4    0.0 16 146  1.2 0.00  0.9  1.0  0.7 0.584E-01 0.157E+00 0.144E+00 0.190E+00
210404 1209 48.49 28 55.43  50 55.41   11.3    0.0 35 128  1.4 0.01  0.4  0.4  0.3 0.227E-02 0.376E-02 0.208E-01 0.132E+00
210404 1210 14.99 28 55.31  50 55.58   11.5    0.0 19 120  1.8 0.00  0.8  0.6  0.5-0.942E-01-0.109E+00 0.107E+00 0.176E+00
210404 1211 44.48 28 55.69  50 55.45   11.1    0.0 29 136  1.4 0.01  0.5  0.5  0.4 0.141E-01-0.889E-02 0.313E-01 0.146E+00
210404 1217 59.40 28 55.60  50 55.64   12.3    0.0 30 132  1.7 0.01  0.4  0.4  0.3-0.140E-01-0.468E-01 0.134E-01 0.142E+00
210404 1223  6.39 28 55.02  50 55.35   11.5    0.0 22 134  1.8 0.01  0.7  0.6  0.5-0.280E-02-0.187E-01 0.872E-01 0.164E+00
210404 1223 19.19 28 55.67  50 55.17   11.0    0.0 20 136  0.9 0.01  0.7  0.6  0.5-0.491E-01-0.596E-01 0.489E-01 0.172E+00
210404 1228 55.39 28 55.70  50 55.21   11.1    0.0 30 130  1.0 0.01  0.4  0.4  0.3-0.216E-01-0.387E-01 0.242E-01 0.143E+00
210404 1235  4.80 28 55.72  50 55.64   12.1    0.0 40  86  1.7 0.01  0.3  0.3  0.2-0.566E-02-0.219E-01 0.110E-02 0.124E+00
210404 1235 21.20 28 55.49  50 55.34   11.3    0.0 42 124  1.3 0.00  0.3  0.3  0.2-0.448E-02-0.258E-01 0.663E-02 0.121E+00
210404 1235 58.68 28 55.52  50 55.37   11.1    0.0 28 131  1.3 0.01  0.5  0.5  0.3-0.234E-01-0.881E-02 0.196E-01 0.148E+00
210404 1236 20.20 28 55.07  50 56.18   12.6    0.0 18  88  2.1 0.01  0.8  0.7  0.6-0.957E-01-0.215E+00 0.101E+00 0.181E+00
210404 1238 34.10 28 55.77  50 55.31   11.8    0.0 24 116  1.2 0.01  0.6  0.5  0.4-0.583E-01-0.455E-01 0.110E-01 0.158E+00
210404 1239 46.89 28 55.65  50 55.24   11.5    0.0 21 135  1.1 0.01  0.7  0.6  0.6-0.201E-01 0.153E-01 0.358E-01 0.168E+00
210404 1243 27.69 28 55.50  50 55.18   10.9    0.0 36 125  2.7 0.00  0.3  0.3  0.2-0.112E-01-0.341E-01 0.114E-01 0.130E+00
210404 1246 15.79 28 55.91  50 55.12   10.0    0.0 20 144  0.9 0.01  0.7  0.6  0.5-0.801E-01 0.336E-01 0.439E-01 0.172E+00
210404 1249 45.90 28 55.61  50 55.72   11.5    0.0 23 142  1.8 0.00  0.6  0.6  0.4-0.263E-02 0.407E-01 0.640E-01 0.161E+00
210404 1250 40.99 28 55.85  50 55.23   10.9    0.0 12 158  1.0 0.00  1.1  1.1  0.7-0.287E-01 0.388E-02 0.216E+00 0.216E+00
210404 1253  1.30 28 55.54  50 55.71   11.6    0.0 39 121  1.8 0.00  0.3  0.3  0.2-0.614E-02-0.159E-01 0.743E-02 0.125E+00
210404 1253 33.39 28 55.26  50 55.45   11.7    0.0 17 137  1.6 0.01  1.1  0.9  0.7 0.140E+00-0.379E-01 0.109E+00 0.185E+00
210404 1253 47.39 28 55.60  50 55.35   10.8    0.0 27 133  1.2 0.01  0.5  0.5  0.4-0.216E-01-0.345E-01 0.341E-02 0.149E+00
210404 1255 21.39 28 55.43  50 55.35   10.9    0.0 38 122  1.3 0.00  0.3  0.3  0.2-0.396E-02-0.182E-01 0.394E-02 0.127E+00
210404 1256  8.89 28 55.61  50 55.65   11.3    0.0 25 132  1.7 0.00  0.6  0.5  0.4 0.255E-01 0.954E-02 0.559E-01 0.155E+00
210404 1258 31.70 28 55.37  50 55.34   11.2    0.0 47 104  1.4 0.01  0.2  0.3  0.2-0.401E-02-0.255E-01 0.523E-02 0.115E+00
210404 1258 47.50 28 56.25  50 55.82   12.4    0.0 22 101  1.5 0.00  0.7  0.5  0.5-0.719E-01-0.735E-01-0.379E-01 0.164E+00
210404 1259 49.29 28 55.43  50 55.48   10.6    0.0 26 121  1.5 0.00  0.5  0.5  0.3-0.381E-02-0.269E-01 0.997E-02 0.152E+00
210404 1300 49.69 28 55.79  50 55.54   11.5    0.0 18 154  1.5 0.01  0.8  0.7  0.6-0.550E-01-0.114E-01 0.714E-01 0.180E+00
210404 1301 17.79 28 55.37  50 55.47   11.6    0.0 22 120  1.6 0.01  0.6  0.5  0.4-0.164E-01-0.836E-01 0.358E-01 0.164E+00
210404 1305 21.29 28 55.45  50 55.46   11.1    0.0 26 126  1.5 0.01  0.5  0.5  0.3-0.261E-01-0.284E-01 0.322E-01 0.153E+00
210404 1306 50.89 28 55.66  50 55.35   11.7    0.0 32 118  1.2 0.01  0.4  0.4  0.3-0.131E-01-0.248E-01 0.526E-02 0.138E+00
210404 1308 45.90 28 56.07  50 56.13   12.0    0.0 16 107  0.9 0.01  0.8  0.7  0.6-0.716E-01-0.657E-01-0.374E-01 0.190E+00
210404 1309  7.49 28 55.43  50 55.35   11.3    0.0 26 125  1.4 0.01  0.5  0.5  0.4-0.308E-01-0.289E-01 0.386E-01 0.152E+00
210404 1312 55.49 28 55.48  50 55.12   11.8    0.0 25 124  1.0 0.01  0.5  0.6  0.3-0.364E-01-0.489E-01 0.344E-01 0.155E+00
210404 1320 41.99 28 55.60  50 55.19   12.7    0.0 13 144  1.0 0.01  1.2  1.0  0.9-0.906E-02-0.864E-01-0.344E-02 0.209E+00
210404 1323 42.20 28 55.53  50 55.53   12.1    0.0 38 121  1.6 0.01  0.3  0.3  0.3-0.800E-02-0.147E-01-0.633E-02 0.127E+00
210404 1342 21.78 28 55.59  50 55.35   11.0    0.0 28 133  1.3 0.01  0.4  0.5  0.3-0.134E-01-0.803E-02 0.168E-01 0.148E+00
210404 1351 32.89 28 55.30  50 55.70   12.7    0.0 43 109  2.0 0.01  0.3  0.3  0.2-0.207E-02-0.264E-01 0.497E-02 0.120E+00
210404 1357 42.99 28 55.36  50 55.00   11.4    0.0 22 116  1.0 0.01  0.6  0.7  0.4-0.464E-01-0.126E+00 0.167E-01 0.165E+00
210404 1450 34.29 28 55.47  50 55.20   11.2    0.0 14 127  1.1 0.00  1.0  0.9  0.7-0.170E+00 0.693E-01 0.737E-01 0.202E+00
210404 1450 47.29 28 55.43  50 55.47   11.3    0.0 22 129  1.5 0.01  0.6  0.6  0.4-0.158E-01 0.393E-01 0.491E-01 0.164E+00
210404 2104  9.23 28 54.70  51 22.11    6.7    0.0 12 251 17.3 0.16  5.1  8.1  4.8-0.244E+01 0.356E+02-0.510E+01 0.472E+00
210404 2127 33.39 28 55.91  50 55.17   13.5    0.0 16 171  1.0 0.01  1.1  0.8  0.8-0.309E-01-0.156E-01 0.148E-01 0.191E+00
210404 0140 10.19 29  0.35  51 20.88    6.6    0.0 12 263  9.8 0.01  1.6  1.3  1.4 0.687E+00 0.110E+01 0.492E+00 0.217E+00
210404 2252 26.81 29  5.70  51 20.20    9.3    0.0 38 260 11.1 0.01  0.4  0.3  0.3 0.223E-01 0.897E-02 0.500E-02 0.127E+00
210404 0757 58.02 29  4.23  51 13.61   15.4    0.0 19 209  5.2 0.01  0.9  0.6  0.7 0.151E+00 0.104E+00 0.633E-01 0.176E+00
210404 1210 32.12 29  4.47  51 13.91   16.2    0.0 19 274  5.4 0.01  0.9  0.6  0.6 0.630E-01 0.103E+00-0.205E-01 0.178E+00
210404 1222  5.82 29  4.20  51 13.75   16.1    0.0 19 211  5.0 0.01  0.9  0.6  0.7 0.197E+00 0.101E+00 0.543E-01 0.177E+00
210404 1514 23.52 29  3.90  51 13.77   16.6    0.0 17 207  4.5 0.01  0.9  0.7  0.7 0.924E-01 0.115E+00-0.214E-01 0.186E+00
210404 2038 58.10 28 53.16  50 53.49    9.9    0.0 22 140  1.4 0.01  0.8  0.5  0.8 0.137E+00-0.208E+00-0.893E-01 0.165E+00
210404 2219  3.51 29  4.16  51 13.89   16.3    0.0 16 213  4.9 0.01  0.9  0.7  0.7 0.146E+00 0.207E-01 0.242E-01 0.191E+00
210404 1502 44.60 29  5.96  50 45.86   10.4    0.0 21 264 11.2 0.01  1.0  0.5  0.9-0.122E+00 0.117E+00-0.389E-01 0.168E+00
210404 1504 26.80 29  6.29  50 45.64   10.7    0.0 15 306 11.7 0.01  1.4  0.7  1.2-0.847E-01 0.267E+00 0.870E-01 0.197E+00
210404 1625 46.11 29  6.64  50 46.84   12.1    0.0 25 262 10.2 0.01  1.2  1.0  1.1-0.196E+00 0.682E+00-0.118E+00 0.155E+00
210404 2055  2.10 28 47.97  51  0.06    9.4    0.0 24 183  7.2 0.01  0.6  0.8  0.2 0.206E-01-0.171E-01-0.181E+00 0.158E+00
210404 2012  1.62 28 49.63  51  7.85   11.3    0.0 18  77  6.1 0.01  0.5  0.6  0.3-0.112E-01 0.511E-01-0.829E-02 0.180E+00
210404 1630 59.25 28 59.14  50 47.97   15.0    0.0 21 235  4.2 0.39  6.8  3.7  6.1-0.395E+01 0.329E+01-0.108E+01 0.107E+01
210404 0351 19.61 28 52.33  51  0.13   11.7    0.0 19 120  8.9 0.01  0.5  0.9  0.4 0.494E-02-0.498E-01 0.101E+00 0.176E+00
210404 0933  1.31 29  4.82  51 13.79   16.7    0.0 11 238  6.1 0.01  1.6  1.0  1.4 0.712E+00 0.501E-01 0.235E+00 0.225E+00
210404 1328  1.91 28 51.25  50 57.28   11.6    0.0 21 114  4.9 0.01  0.6  0.7  0.4 0.736E-01-0.178E+00-0.146E+00 0.168E+00
210404 1540 50.90 29  3.57  51 20.19    5.7    0.0 14 255  9.0 0.01  0.9  0.8  0.8 0.987E-01-0.232E+00 0.570E-02 0.203E+00
210404 2338 30.10 28 49.98  51 18.61    9.5    0.0 18 223  3.7 0.01  0.7  0.6  0.6-0.485E-01 0.743E-01-0.571E-02 0.181E+00
210404 0448 14.60 28 45.04  51  2.99   10.3    0.0 11 135  4.6 0.01  0.7  1.0  0.5 0.491E-01-0.610E-02-0.613E-01 0.225E+00
210404 1607 46.40 28 48.62  50 46.48    6.8    0.0 17 298  9.4 0.01  1.1  0.5  0.6 0.199E+00-0.556E-01-0.619E-01 0.185E+00
210404 0525 58.00 29  0.67  51 19.68    9.0    0.0 17 247  7.8 0.01  1.0  0.9  0.9 0.254E+00-0.201E+00-0.374E-01 0.186E+00
210404 0651 15.60 28 51.49  50 50.01    8.7    0.0 25 214  4.3 0.01  0.8  0.5  0.7 0.234E+00 0.164E+00 0.789E-01 0.155E+00
210404 0651 23.28 28 51.66  50 49.93    9.0    0.0 33 222  3.0 0.01  0.6  0.4  0.5 0.126E+00 0.737E-01 0.348E-01 0.137E+00
210404 1536 31.61 29  2.14  51 26.87    7.9    0.0 47 263 19.2 0.01  0.4  0.4  0.3 0.217E-01 0.785E-01 0.196E-01 0.115E+00
210404 1811 50.81 29  1.31  51 26.01    8.8    0.0 27 274 22.1 0.00  0.7  0.6  0.5 0.613E-01 0.137E+00 0.896E-01 0.149E+00
210404 0121 50.71 29  0.14  51 23.44    3.9    0.0 11 279 13.9 0.05  1.2  0.5  1.0 0.292E+00-0.234E+00-0.869E-01 0.256E+00
210404 0340 30.50 28 55.64  50 46.32    8.4    0.0 16 282  5.0 0.00  1.3  1.1  1.1 0.296E+00 0.614E+00 0.312E+00 0.190E+00
210404 2239 30.40 28 48.41  51 17.44    9.5    0.0 12 176  6.3 0.00  0.8  0.9  0.7-0.233E-01 0.183E+00 0.707E-01 0.216E+00
210404 0629 16.41 28 51.97  51  5.09   12.7    0.0 25 103  8.0 0.01  0.5  0.7  0.4-0.461E-01 0.178E+00-0.645E-01 0.155E+00
210404 1046 28.31 28 55.68  51 10.64   12.7    0.0 13 207  6.2 0.01  1.4  0.8  1.2 0.350E+00 0.126E+00 0.573E-01 0.210E+00
210505 1039 23.69 28 47.63  51 19.27   10.3    0.0 17 237 11.6 0.01  0.9  0.6  0.8-0.103E+00-0.151E-01-0.202E-01 0.186E+00
210505 1331 43.22 29  6.44  51  0.01   15.0    0.0 25 130  9.3 0.01  0.5  0.7  0.3-0.231E-01 0.130E-01 0.153E+00 0.156E+00
210505 2043 27.58 28 50.21  50 51.12    6.3    0.0 28 232  2.2 0.01  0.5  0.4  0.4 0.700E-01 0.373E-01-0.179E-01 0.147E+00
210505 2231  2.90 28 35.10  51  3.96   10.3    0.0 13 226  8.9 0.00  1.0  0.9  0.8 0.269E+00 0.238E+00-0.629E-01 0.209E+00
210505 0123 32.79 28 53.39  51 22.81    8.4    0.0 14 255 19.9 0.00  1.0  8.7  1.0 0.332E-02-0.392E+01 0.715E+00 0.202E+00
210505 1806 49.68 28 53.06  50 48.92    6.9    0.0 35 233  2.4 0.01  0.5  0.2  0.4 0.538E-01 0.178E-02 0.129E-01 0.134E+00
210505 1244 29.31 29  1.24  51 20.50   10.2    0.0 40 255  8.9 0.01  0.4  0.3  0.3 0.166E-02 0.315E-01 0.140E-01 0.124E+00
210505 0156 50.87 28 40.97  51 12.71    6.3    0.0 10 225  4.7 0.01  1.5  0.8  0.9-0.896E+00 0.484E+00-0.703E+00 0.237E+00
210505 0009 32.49 28 55.01  50 50.01    6.6    0.0 19 103  1.6 0.01  0.6  0.6  0.5 0.802E-02-0.432E-01 0.140E-01 0.176E+00
210505 0747 34.20 29  6.44  51 20.67    9.7    0.0 23 259 12.6 0.01  0.7  0.5  0.5 0.361E-01-0.701E-01 0.406E-01 0.162E+00
210505 0356 44.91 28 49.37  51  0.48   11.9    0.0  7 146  7.5 0.00  1.4  1.9  0.7 0.118E+00 0.255E+00-0.591E+00 0.272E+00
210505 0534 25.72 28 50.24  51  0.47   11.8    0.0 11 157  8.5 0.01  0.9  1.2  0.5 0.996E-01-0.112E+00 0.514E-01 0.225E+00
210505 0310 17.91 28 49.68  51  0.60   11.7    0.0 10 132  7.7 0.01  0.8  1.5  0.6 0.630E-01 0.124E+00-0.390E-01 0.235E+00
210505 1211 33.12 28 49.99  51  0.71   11.4    0.0 12 145  7.9 0.01  0.8  1.2  0.4 0.108E+00-0.425E-01-0.980E-02 0.217E+00
210505 0107 46.10 28 55.76  50 44.67    6.9    0.0 23 309  7.6 0.01  0.8  0.2  0.6 0.394E-01 0.203E-02-0.434E-03 0.161E+00
210505 0347  1.52 29 15.78  51 23.45    7.6    0.0 29 297 29.3 0.01  0.7  0.6  0.5-0.209E-01 0.251E-01 0.305E-01 0.145E+00
210505 1336 22.32 28 49.61  51  0.36   12.0    0.0 13 154  7.9 0.01  0.9  1.2  0.4 0.114E+00-0.123E-01-0.400E+00 0.210E+00
210505 1734 38.60 29  1.04  51 18.46   11.1    0.0 29 246  5.7 0.00  0.6  0.7  0.5 0.707E-01-0.320E-02 0.452E-01 0.144E+00
210505 2018 42.21 28 55.85  51 24.15    9.0    0.0 37 267 18.3 0.01  0.5  0.4  0.4 0.211E-01 0.268E-01 0.288E-01 0.130E+00
210505 0741 32.30 28 59.36  51 16.34   11.8    0.0 19 203  4.9 0.00  0.8  0.8  0.6 0.471E-01 0.260E-01 0.281E+00 0.176E+00
210505 0130 39.51 28 44.55  51 19.28   13.3    0.0 10 234  8.3 0.01  1.4  1.4  1.2 0.424E+00-0.271E+00-0.105E+00 0.235E+00
210505 2230 45.39 29  3.08  51 20.29    9.0    0.0 14 274  8.8 0.01  1.2  1.0  1.0 0.110E+00-0.449E+00 0.845E-01 0.203E+00
210505 2244 55.40 29  3.91  51 19.55    9.1    0.0 17 292  8.3 0.01  1.1  0.5  0.6 0.120E+00-0.395E-01 0.757E-01 0.186E+00
210505 2244 55.49 29  2.90  51 19.68   10.3    0.0 24 272 21.4 0.01  0.7  0.6  0.6 0.561E-01 0.125E+00 0.504E-01 0.159E+00
210505 2315 41.69 29  3.58  51 20.36    5.6    0.0  9 310  9.3 0.01  2.0  1.4  1.6-0.692E+00 0.107E+01-0.109E+01 0.245E+00
210505 1849 34.70 29  3.41  51 20.86    6.4    0.0 15 286  9.9 0.01  1.0  0.6  0.8 0.112E-01 0.744E-01-0.227E-01 0.197E+00
210505 2109 20.00 29  3.07  51 20.99    9.7    0.0 20 276  9.9 0.01  0.8  0.5  0.6 0.493E-01-0.356E-01 0.147E-01 0.172E+00
210505 2159 49.49 29  2.92  51 20.00    6.9    0.0  7 295  8.3 0.00  2.1  0.8  1.8 0.120E+00-0.533E-01 0.266E-01 0.272E+00
210505 2206 30.11 29  3.16  51 20.67   10.4    0.0 27 249  9.5 0.01  0.6  0.3  0.4 0.307E-01 0.572E-02 0.137E-01 0.151E+00
210505 2248 12.59 29  3.39  51 20.29    6.7    0.0  8 297  9.0 0.01  1.9  0.8  1.6-0.240E-02 0.663E-01 0.119E-01 0.258E+00
210505 2130 46.60 29  3.15  51 21.16    6.3    0.0 14 299 10.2 0.01  1.2  0.7  0.9-0.329E-02 0.877E-01 0.691E-01 0.202E+00
210505 2242 50.51 29  3.50  51 20.91   10.4    0.0 48 276 10.0 0.01  0.4  0.2  0.3 0.358E-02 0.143E-01 0.158E-01 0.115E+00
210505 0039  0.71 29  3.26  51 19.65    6.7    0.0  8 294  8.0 0.01  1.8  0.7  1.5 0.260E+00-0.736E-01-0.145E-01 0.260E+00
210505 0100 48.80 29  2.89  51 19.67    9.9    0.0 50 246  7.8 0.01  0.3  0.2  0.3 0.564E-02 0.111E-01 0.536E-02 0.111E+00
210505 0101 26.71 29  3.18  51 19.97   10.0    0.0 50 247  8.4 0.01  0.4  0.2  0.3 0.170E-02 0.527E-02 0.555E-02 0.111E+00
210505 0104 43.89 29  3.10  51 20.45    9.5    0.0 12 284  9.1 0.01  1.4  1.0  1.2 0.170E+00-0.387E+00 0.823E-01 0.218E+00
210505 0108 48.30 29  3.05  51 20.28   10.3    0.0 17 274  8.8 0.01  0.9  0.5  0.8 0.859E-01-0.735E-01 0.520E-02 0.185E+00
210505 0740 31.81 28 49.61  51 16.56   11.2    0.0 17 234 11.9 0.01  0.8  1.4  0.6-0.960E-01-0.129E+00 0.742E-01 0.186E+00
210505 2032 59.59 28 58.60  51  3.17   11.0    0.0 10 185  1.1 0.00  1.5  1.1  1.0-0.117E+00-0.203E+00-0.524E+00 0.234E+00
210505 2050 15.40 29 11.76  51 21.51    7.9    0.0 12 297 21.3 0.01  1.3  1.4  1.1 0.199E+00-0.447E+00 0.345E+00 0.216E+00
210505 2107 59.40 29  3.00  51 27.63    8.0    0.0 24 291 20.5 0.01  0.7  0.7  0.5 0.470E-01 0.203E-02 0.104E+00 0.159E+00
210505 2211 31.01 29  3.46  51 27.69    9.1    0.0 47 267 20.7 0.01  0.4  0.3  0.3 0.930E-02 0.172E-01 0.348E-01 0.116E+00
210505 2220  2.10 29  2.40  51 27.09    8.7    0.0 34 264 19.6 0.01  0.5  0.4  0.4 0.245E-01 0.142E-01 0.658E-01 0.134E+00
210505 2231 59.51 29  3.33  51 26.90    9.4    0.0 44 265 19.4 0.01  0.4  0.4  0.3 0.153E-01 0.172E-01 0.361E-01 0.120E+00
210505 2238 43.81 29  4.50  51 27.76    9.4    0.0 62 281 21.2 0.01  0.4  0.4  0.2 0.156E-01 0.407E-01 0.510E-01 0.101E+00
210505 0748 15.42 28 53.83  51  9.78   13.6    0.0 21  89  2.7 0.01  0.5  0.8  0.4 0.339E-02-0.221E-01 0.683E-01 0.169E+00
210505 0755 36.91 28 53.50  51  9.86   11.6    0.0  8 171  2.1 0.00  1.3  1.3  1.0-0.449E+00 0.114E+00-0.319E+00 0.257E+00
210505 2243 40.01 28 55.80  51 13.40   11.2    0.0 22 122  8.4 0.01  0.4  0.6  0.4 0.201E-01 0.692E-01 0.453E-01 0.164E+00
210505 2322  3.51 28 55.82  51 13.40   11.8    0.0 11 123  8.5 0.00  0.8  1.4  0.7-0.118E-01 0.161E+00 0.126E+00 0.225E+00
210505 1734 37.40 29  6.43  51 23.08    4.0    0.0 10 295 15.6 0.02  1.3  0.5  1.1-0.395E-01-0.367E-01-0.138E+00 0.239E+00
210606 0406 36.99 29  8.00  50 48.12    9.3    0.0 24 280 10.0 0.01  0.8  0.7  0.7-0.116E+00-0.732E-01-0.747E-01 0.158E+00
210606 1937 34.99 28 55.80  50 48.59    8.3    0.0 14 232  1.6 0.00  1.6  0.9  1.5-0.678E-01 0.431E+00-0.737E-01 0.202E+00
210606 2257  3.97 28 52.43  50 50.97    7.8    0.0 22 155  0.9 0.01  0.8  0.5  0.7 0.136E+00-0.734E-01-0.420E-01 0.165E+00
210606 0145 37.30 28 45.84  50 53.48    8.7    0.0 53 213  6.5 0.01  0.3  0.3  0.2 0.156E-01-0.134E-01 0.145E-01 0.109E+00
210606 0145 37.30 28 45.79  50 53.48    8.8    0.0 53 213  6.6 0.01  0.3  0.3  0.2 0.155E-01-0.136E-01 0.147E-01 0.108E+00
210606 0146 23.59 28 45.97  50 53.65    7.9    0.0 37 215  6.2 0.01  0.5  0.5  0.3 0.806E-01 0.345E-01 0.821E-01 0.129E+00
210606 0149 10.39 28 47.07  50 53.98    8.1    0.0 19 204  4.1 0.01  1.0  0.7  0.7 0.363E+00 0.294E-02 0.187E+00 0.176E+00
210606 0156 10.79 28 46.74  50 53.70    8.1    0.0 23 248  4.8 0.00  0.8  0.6  0.5 0.226E+00 0.385E-01 0.215E+00 0.161E+00
210606 0214  4.09 28 46.68  50 54.01    8.1    0.0 26 207  4.9 0.01  0.5  0.6  0.4 0.933E-01-0.515E-01 0.645E-01 0.152E+00
210606 0318  3.40 29  3.30  51 20.51    6.7    0.0  7 297  9.3 0.01  2.1  1.0  1.5 0.357E+00-0.168E+00-0.453E+00 0.272E+00
210606 1928 11.80 28 48.58  50 59.79   12.4    0.0 27 124  7.9 0.01  0.4  0.7  0.3 0.232E-01-0.294E-01-0.591E-01 0.151E+00
210606 0754 42.50 28 47.04  50 54.21    9.1    0.0 33 201  4.2 0.01  0.6  0.3  0.4 0.115E+00-0.400E-01 0.923E-02 0.136E+00
210606 0754 42.40 28 46.68  50 53.78    9.6    0.0 52 207  6.9 0.01  0.3  0.3  0.2 0.208E-01-0.261E-01-0.157E-02 0.112E+00
210606 1505 32.99 28 47.04  50 53.75    8.9    0.0 26 206  4.2 0.01  0.6  0.5  0.4 0.121E+00-0.150E-01 0.803E-01 0.152E+00
210606 2212 47.20 29  4.92  51 19.20    5.2    0.0 16 253  8.9 0.02  1.0  0.5  0.9 0.127E+00 0.241E+00 0.423E-01 0.201E+00
210606 2133 41.22 29  3.58  51 22.65    9.8    0.0 18 256 17.8 0.01  0.8  0.7  0.7 0.932E-01-0.255E-02 0.345E-01 0.181E+00
210606 2135 46.52 29  3.25  51 20.39    4.7    0.0 13 284  9.1 0.02  1.0  0.4  0.9 0.372E-01-0.560E-01-0.272E-01 0.216E+00
210606 2156  9.40 29  4.16  51 20.39    4.0    0.0 10 284  9.7 0.01  1.4  0.6  1.0-0.937E-01 0.610E-02-0.322E+00 0.235E+00
210606 1419 38.92 28 32.02  51  9.22   10.7    0.0  7 242 13.3 0.01  1.8  1.7  1.2 0.994E+00 0.231E+00-0.134E+00 0.272E+00
210606 2202 44.41 28 53.63  51 17.33   10.9    0.0 18 207 12.2 0.00  0.7  0.5  0.7 0.355E-01 0.135E+00 0.570E-01 0.180E+00
210606 0957 42.01 29  3.70  51 21.46    9.8    0.0 51 253 11.0 0.01  0.4  0.3  0.3 0.116E-01 0.205E-01 0.242E-01 0.111E+00
210606 0959  8.01 29  5.26  51 21.10    8.8    0.0 31 256 11.8 0.01  0.6  0.5  0.4 0.335E-01 0.255E-01 0.424E-01 0.140E+00
210606 1806  5.21 29 12.98  51 21.32    8.0    0.0 30 287 23.1 0.01  0.6  0.6  0.5-0.223E-02-0.509E-02-0.299E-01 0.143E+00
210606 2323 18.22 28 54.49  51 16.11   11.7    0.0 13 217 10.7 0.00  1.3  1.4  1.3 0.520E-01-0.561E+00-0.390E-01 0.209E+00
210606 1525  7.02 29  3.56  51 20.96    4.5    0.0 14 286 10.1 0.02  1.0  0.4  0.8 0.394E-01-0.567E-01-0.677E-01 0.208E+00
210606 0030 50.81 29  3.00  51 16.81   10.2    0.0 10 246  3.7 0.01  1.4  1.0  1.1 0.536E+00-0.871E-01-0.301E-01 0.235E+00
210606 0121 40.42 28 48.72  51  7.57   11.8    0.0 16 103  5.9 0.01  0.5  0.8  0.4 0.202E-01 0.126E+00-0.717E-02 0.190E+00
210606 0131 43.30 28 48.40  51  7.87   12.0    0.0 24 108  6.1 0.01  0.4  0.6  0.3-0.115E-01 0.765E-01-0.268E-01 0.159E+00
210606 0134 27.40 28 47.68  51  6.56   14.6    0.0 11  69  3.6 0.00  1.1  1.2  1.0 0.290E+00-0.360E+00-0.287E+00 0.225E+00
210606 0136  9.41 28 48.64  51  7.96   14.4    0.0 45  65  6.4 0.01  0.2  0.5  0.2-0.109E-02 0.333E-01-0.108E-01 0.117E+00
210606 0136 34.41 28 48.52  51  7.72   16.6    0.0 31  76 14.9 0.01  0.3  0.7  0.2-0.194E-02 0.565E-01-0.265E-01 0.140E+00
210606 0138 15.60 28 48.65  51  7.53   12.7    0.0 12  94  5.8 0.01  0.9  1.3  0.8 0.971E-01-0.411E+00-0.193E+00 0.217E+00
210606 0140 56.31 28 48.33  51  7.84   15.8    0.0 40  66  6.0 0.01  0.3  0.6  0.2-0.274E-02 0.263E-01-0.239E-01 0.124E+00
210606 0142 17.01 28 48.39  51  6.88   13.1    0.0 12 149  4.6 0.01  1.1  1.0  0.8 0.315E+00 0.597E-01-0.157E+00 0.216E+00
210606 0144  4.80 28 48.52  51  8.22   13.8    0.0 32 111  6.7 0.01  0.4  0.6  0.3-0.555E-02 0.588E-01 0.908E-02 0.138E+00
210606 0146 10.70 28 48.51  51  7.64   16.0    0.0 21 200 16.6 0.01  0.7  1.3  0.5-0.553E-01-0.990E-01 0.325E+00 0.168E+00
210606 0147 48.00 28 48.98  51  7.33   13.0    0.0  7 159  5.8 0.00  1.6  2.0  1.3-0.189E+00-0.121E+01 0.551E+00 0.272E+00
210606 0149 37.11 28 48.52  51  7.89   15.0    0.0 38  75 14.7 0.01  0.3  0.6  0.2-0.224E-02 0.366E-01-0.817E-02 0.128E+00
210606 0151 33.31 28 48.39  51  8.14   16.0    0.0 47 109  6.5 0.01  0.2  0.5  0.2-0.421E-02 0.175E-01-0.109E-01 0.116E+00
210606 0153 55.41 28 49.29  51  8.03   17.2    0.0 34 273 18.0 0.01  0.7  1.1  0.5-0.163E+00-0.321E+00 0.370E+00 0.134E+00
210606 0153 55.60 28 48.64  51  7.91   13.0    0.0 42 109  6.3 0.01  0.3  0.4  0.2-0.120E-02 0.259E-01-0.165E-01 0.121E+00
210606 0156 10.32 28 48.85  51  7.45   12.4    0.0 17 101  5.8 0.00  0.6  0.7  0.5-0.690E-02 0.891E-01-0.562E-01 0.185E+00
210606 0156 29.91 28 48.34  51  7.85   14.1    0.0 45 107  6.0 0.01  0.3  0.5  0.2-0.355E-03 0.236E-01-0.215E-01 0.117E+00
210606 0157 51.72 28 48.74  51  7.79   12.5    0.0 22  64  6.2 0.01  0.6  0.8  0.5-0.390E-01 0.198E+00-0.477E-01 0.165E+00
210606 0159 40.31 28 48.33  51  8.25   16.0    0.0 19  77  8.0 0.01  0.5  1.1  0.4-0.134E-01 0.160E+00-0.994E-01 0.176E+00
210606 0200 33.49 28 49.08  51  7.36   12.8    0.0  7 200  7.4 0.01  1.7  2.1  1.4-0.461E+00-0.117E+00 0.943E+00 0.273E+00
210606 0200 49.61 28 48.73  51  7.53   11.6    0.0  9 116  5.8 0.00  1.1  1.2  0.9-0.118E+00-0.308E+00 0.230E+00 0.245E+00
210606 0203 25.91 28 48.15  51  8.03   16.2    0.0 42  75  8.4 0.01  0.3  0.5  0.2-0.125E-02 0.128E-01-0.249E-01 0.122E+00
210606 0204 56.81 28 48.34  51  8.57   15.3    0.0 38  69  7.1 0.01  0.3  0.6  0.2 0.428E-02 0.472E-01-0.231E-01 0.127E+00
210606 0206 50.71 28 48.35  51  8.07   12.3    0.0 40 111  6.4 0.01  0.3  0.6  0.2 0.137E-02 0.678E-01-0.962E-02 0.124E+00
210606 0208 50.61 28 48.15  51  8.02   15.5    0.0 41  75  8.4 0.01  0.3  0.6  0.2-0.511E-02 0.402E-01-0.290E-01 0.123E+00
210606 0212 59.91 28 48.59  51  7.58   12.1    0.0 54  63  5.8 0.01  0.2  0.3  0.1 0.329E-03 0.989E-02-0.471E-02 0.108E+00
210606 0214 57.41 28 48.21  51  7.90   14.3    0.0 53  67  6.0 0.01  0.2  0.5  0.1-0.236E-02 0.189E-01-0.154E-01 0.109E+00
210606 0214 57.42 28 48.58  51  7.77   14.4    0.0 42  76  7.9 0.01  0.2  0.6  0.2-0.792E-03 0.140E-01-0.241E-02 0.122E+00
210606 1125 50.91 28 49.49  51  6.34   14.5    0.0  8 123  5.3 0.00  1.5  1.3  1.2-0.284E+00 0.269E+00 0.127E+00 0.257E+00
210606 1959 23.11 28 48.01  51  8.27    9.7    0.0 13  69  6.5 0.01  0.6  0.9  0.5-0.327E-02-0.195E-01-0.106E-01 0.209E+00
210606 2059 58.81 28 48.30  51  7.81   12.2    0.0 10  72  5.9 0.00  1.0  1.3  0.8 0.902E-01-0.291E+00-0.335E+00 0.234E+00
210606 2325 45.71 28 47.86  51  8.19   17.8    0.0 21  80  8.8 0.01  0.5  0.9  0.4 0.223E-02 0.999E-01-0.671E-01 0.168E+00
210606 0517  6.21 28 48.00  51  8.09   11.9    0.0 11  98  6.2 0.01  0.9  1.1  0.7-0.208E-01-0.228E+00-0.810E-02 0.225E+00
210606 1110 38.30 29  0.24  51 18.04   11.7    0.0 25 262  5.6 0.01  0.7  0.6  0.6 0.876E-02 0.126E-01 0.685E-01 0.155E+00
210606 2116 55.31 29  8.39  51 23.49    9.1    0.0 13 298 18.4 0.01  1.3  1.2  1.0 0.135E+00-0.137E+00 0.569E+00 0.210E+00
210606 0256 41.21 29  5.41  51 21.03    9.8    0.0 25 265 11.8 0.01  0.7  0.5  0.5 0.406E-01-0.337E-01-0.979E-02 0.157E+00
210707 0056 26.30 28 39.85  51  2.56   10.7    0.0 23 200  3.4 0.01  0.5  0.3  0.4 0.867E-01 0.322E-01-0.111E-02 0.162E+00
210707 1837 51.80 28 39.53  51  2.52   10.3    0.0 37 200  3.5 0.01  0.3  0.3  0.2 0.219E-01 0.187E-01-0.962E-02 0.130E+00
210707 0229  1.61 28 51.95  51 17.54   12.9    0.0 36 209 12.4 0.01  0.4  0.6  0.3 0.239E-03 0.392E-01 0.720E-02 0.131E+00
210707 0058 13.71 28 39.66  51 10.79    8.4    0.0 23 229  8.6 0.01  0.7  0.6  0.4-0.533E-01 0.163E+00-0.925E-01 0.161E+00
210707 2337 43.47 28 42.41  51 12.03    6.2    0.0 25  93  4.1 0.01  0.3  0.3  0.2-0.475E-02 0.284E-01-0.277E-01 0.157E+00
210707 2053 19.29 28 55.73  50 48.86    8.2    0.0 32 216  1.5 0.01  0.5  0.3  0.4 0.145E-03-0.341E-01 0.754E-02 0.138E+00
210707 0602 43.49 28 54.25  50 50.30    6.6    0.0 26 100  1.1 0.01  0.5  0.4  0.4 0.264E-01-0.990E-02 0.182E-02 0.152E+00
210707 2320 10.09 28 40.60  51  3.45    9.2    0.0 10 193  2.3 0.00  0.9  0.9  0.7 0.212E+00-0.995E-01-0.210E+00 0.234E+00
210707 1217 53.50 28 39.71  51  2.94   10.2    0.0 21 197  2.8 0.01  0.7  0.5  0.4 0.843E-01 0.131E+00-0.744E-01 0.168E+00
210707 1309  4.41 29 11.25  51 18.32    7.7    0.0 31 267 18.3 0.01  0.5  0.5  0.4 0.358E-01-0.100E-01 0.118E-01 0.140E+00
210707 0825  5.39 29  1.82  51 21.54    5.4    0.0 12 299 10.5 0.01  1.7  1.4  1.4 0.466E+00 0.154E+01 0.481E+00 0.217E+00
210707 0837  6.68 29  2.21  51 21.14    6.3    0.0  8 298  9.9 0.01  2.0  1.0  1.4 0.580E+00-0.230E+00-0.211E+00 0.258E+00
210707 2112  0.18 28 52.10  50 50.13    6.2    0.0 25 207  2.1 0.01  0.6  0.4  0.5 0.856E-01 0.253E-01 0.102E-01 0.156E+00
210707 2125 51.70 29  9.96  51 20.31    9.2    0.0 16 290 17.4 0.01  1.0  0.8  0.8 0.116E+00-0.151E+00 0.926E-01 0.191E+00
210707 0748 13.70 28 59.94  51 18.01   10.1    0.0 17 266  5.8 0.01  0.9  0.6  0.7 0.464E-01 0.209E-01 0.162E+00 0.185E+00
210707 2150 37.21 29  2.26  51 20.23    4.8    0.0 12 256  8.5 0.02  1.0  0.4  0.9 0.114E+00-0.164E+00 0.311E-01 0.225E+00
210707 2355 50.10 29  3.11  51 21.42    9.4    0.0 30 251 10.6 0.01  0.5  0.4  0.4 0.324E-01 0.990E-02 0.470E-01 0.142E+00
210707 0608 34.48 28 52.64  50 50.02    6.9    0.0 33 209  1.8 0.01  0.5  0.2  0.4 0.554E-01 0.924E-02 0.104E-01 0.138E+00
210707 1036 49.10 29  0.24  51 20.66    5.4    0.0 10 327  9.5 0.01  1.7  0.5  1.1 0.216E+00 0.194E-01 0.290E+00 0.235E+00
210707 2000 51.61 28 44.36  51 10.48   16.7    0.0 22 118  6.9 0.01  0.6  0.8  0.4-0.408E-01 0.165E+00-0.189E+00 0.166E+00
210707 2100 43.31 29  4.25  51 10.32   13.2    0.0 11 179  6.3 0.01  1.2  1.0  0.8 0.213E+00 0.201E+00 0.299E+00 0.226E+00
210707 2134 43.71 29  4.49  51 10.67   13.2    0.0 14 189  6.6 0.01  0.9  0.9  0.6 0.639E-01-0.229E-03 0.183E+00 0.204E+00
210707 2152  0.31 29  4.43  51 10.82   11.3    0.0 14 175  6.9 0.01  0.8  1.0  0.6 0.603E-01 0.272E+00-0.255E-01 0.202E+00
210707 2222  9.10 29  4.38  51 10.84   11.6    0.0 12 189  6.9 0.01  1.0  1.2  0.7 0.638E-01 0.332E+00 0.242E+00 0.217E+00
210707 2259 51.31 29  4.57  51 11.33   13.8    0.0 27 182  7.5 0.01  0.5  0.5  0.4-0.111E-02 0.128E+00 0.104E-01 0.151E+00
210707 1140 10.50 29 11.77  51 16.45    9.8    0.0 12 280 18.6 0.00  1.3  1.2  1.0 0.322E+00-0.479E+00 0.109E-01 0.216E+00
210707 2155 12.69 28 58.61  50 52.13   10.3    0.0 30 113  3.4 0.01  0.4  0.4  0.3-0.908E-02-0.525E-01-0.838E-02 0.143E+00
210707 2155 12.40 28 59.14  50 52.38   11.5    0.0 25 231  7.1 0.01  0.8  0.8  0.5-0.754E-01-0.132E+00-0.225E+00 0.155E+00
210707 1825 17.80 28 43.83  50 50.37   11.3    0.0 22 248 11.7 0.00  0.7  1.1  0.6 0.162E+00 0.783E-01 0.232E+00 0.164E+00
210707 2235 11.00 28 44.03  50 51.39   10.9    0.0 25 246 10.6 0.01  0.7  0.4  0.6 0.144E+00-0.298E-01 0.922E-01 0.155E+00
