2022-07-04 19:49:15,501 +++ Configuration file was loaded successfully.
2022-07-04 19:49:15,501 +++ ============================ Define study region :
2022-07-04 19:49:15,502 +++ Configuration on Region > LonMin: 50.0
2022-07-04 19:49:15,502 +++ Configuration on Region > LonMax: 54.0
2022-07-04 19:49:15,502 +++ Configuration on Region > LatMin: 35.0
2022-07-04 19:49:15,502 +++ Configuration on Region > LatMax: 38.0
2022-07-04 19:49:15,502 +++ Configuration on TravelTimeGenerator > Flag: True
2022-07-04 19:49:15,502 +++ Configuration on TravelTimeGenerator > NumXGrid: 500
2022-07-04 19:49:15,502 +++ Configuration on TravelTimeGenerator > NumZGrid: 70
2022-07-04 19:49:15,502 +++ Configuration on TravelTimeGenerator > XGridIntervals: 1.0
2022-07-04 19:49:15,502 +++ Configuration on TravelTimeGenerator > YGridIntervals: 1.0
2022-07-04 19:49:15,502 +++ Configuration on TravelTimeGenerator > ZGridIntervals: 1.0
2022-07-04 19:49:15,502 +++ Configuration on TravelTimeGenerator > DecimationFactor: 0
2022-07-04 19:49:15,502 +++ ============================ Full Synthetic Scenario (FSS) :
2022-07-04 19:49:15,503 +++ Configuration on FSS > Flag: True
2022-07-04 19:49:15,503 +++ Configuration on FSS > /Comment#002_01: +++ Define station information
2022-07-04 19:49:15,503 +++ Configuration on FSS > Station: {'SeedRandomID': 6, 'StationFile': '', 'StationBoundCenter': [52.0, 36.0], 'StationBoundCov': [[0.1, 0.0], [0.0, 0.1]], 'NumberOfStations': 10}
2022-07-04 19:49:15,503 +++ Configuration on FSS > /Comment#002_02: +++ Define velocity model
2022-07-04 19:49:15,503 +++ Configuration on FSS > Model: {'Fault': {'Type': 'DOUBLE', 'Strike': 0, 'Dip': 90, 'Rake': 0}, 'Vp': [4.5, 5.0, 5.4, 6.0, 6.8, 8.1], 'Z': [0.0, 4.0, 10.0, 18.0, 26.0, 56.0], 'Interfaces': ['', '', '', '', 'B', 'N'], 'VpVs': 1.75, 'XNear': 75.0, 'XFar': 500.0, 'TrialDepth': 10.0}
2022-07-04 19:49:15,503 +++ Configuration on FSS > /Comment#002_03: +++ Define catalog of events
2022-07-04 19:49:15,503 +++ Configuration on FSS > Catalog: {'SeedRandomID': 1, 'CatalogFile': '', 'CatalogBoundCenter': [52.0, 36.0], 'CatalogBoundCov': [[0.05, 0.0], [0.0, 0.05]], 'CatalogBoundDepMin': 5.0, 'CatalogBoundDepMax': 20.0, 'NumberOfEvents': 250}
2022-07-04 19:49:15,503 +++ ============================ Real-Case Synthetic Scenario (RSS) :
2022-07-04 19:49:15,504 +++ Configuration on RSS > Flag: False
2022-07-04 19:49:15,504 +++ Configuration on RSS > /Comment#003_01: +++ Define input files for station & model and catalog
2022-07-04 19:49:15,504 +++ Configuration on RSS > Inputs: {'EqFile': 'select.out', 'StationFile': 'STATION0.HYP'}
2022-07-04 19:49:15,504 +++ ============================ ForwardPass Settings (FPS) :
2022-07-04 19:49:15,504 +++ Configuration on FPS > /Comment#004_01: +++ How much difference between the initial and forward velocity models (in percent)?
2022-07-04 19:49:15,504 +++ Configuration on FPS > ErrorOnVelocityModel: {'Flag': True, 'Seed': 1, 'VelocityerrorPercentage': 5, 'ThiknesserrorPercentage': 10, 'MaxDepthToPlot': 20}
2022-07-04 19:49:15,504 +++ Configuration on FPS > /Comment#004_03: +++ How much error (stdDev in seconds) add to travel times?
2022-07-04 19:49:15,504 +++ Configuration on FPS > ErrorOnArrivals: {'P': 1.0, 'S': 1.0}
2022-07-04 19:49:15,504 +++ Configuration on FPS > /Comment#004_04: +++ How much of phases should be used (in percent)?
2022-07-04 19:49:15,505 +++ Configuration on FPS > UsageOfPhase: {'Seed': 1, 'PercentageUseOfP': 100, 'PercentageUseOfS': 100}
2022-07-04 19:49:15,505 +++ Configuration on FPS > /Comment#004_05: +++ Make horizontal shift in epicenters if needed (in degree)?
2022-07-04 19:49:15,505 +++ Configuration on FPS > LocationShift: {'ShiftInLongitude': 0.5, 'ShiftInLatitude': 0.5}
2022-07-04 19:49:15,505 +++ ============================ Relocation Settings (RLS) :
2022-07-04 19:49:15,505 +++ ============================ Figure Settings (FGS) :
2022-07-04 19:49:15,505 +++ Configuration on FGS > VelocityMin: 3.0
2022-07-04 19:49:15,505 +++ Configuration on FGS > VelocityMax: 7.0
2022-07-04 19:49:15,505 +++ Configuration on FGS > HistERHMax: 20.0
2022-07-04 19:49:15,505 +++ Configuration on FGS > HistERHInc: 1.0
2022-07-04 19:49:15,505 +++ Configuration on FGS > HistERZMax: 20.0
2022-07-04 19:49:15,505 +++ Configuration on FGS > HistERZInc: 1.0
2022-07-04 19:49:15,505 +++ Configuration on FGS > HistInsetERHMin: -5.0
2022-07-04 19:49:15,505 +++ Configuration on FGS > HistInsetERHMax: 5.0
2022-07-04 19:49:15,505 +++ Configuration on FGS > HistInsetERHInc: 0.5
2022-07-04 19:49:15,505 +++ Configuration on FGS > HistInsetERZMin: -8.0
2022-07-04 19:49:15,506 +++ Configuration on FGS > HistInsetERZMax: 8.0
2022-07-04 19:49:15,506 +++ Configuration on FGS > HistInsetERZInc: 0.5
2022-07-04 19:49:15,506 +++ Configuration on FGS > ColorbarGapMax: 360
2022-07-04 19:49:15,506 +++ Configuration on FGS > ColorbarNearestMax: 10
2022-07-04 19:49:15,506 +++ ============================ Report Settings (RPS) :
2022-07-04 19:49:15,506 +++ Configuration on RPS > Classes: {'A': {'ERH': 2.0, 'ERZ': 5.0, 'GAP': 150, 'RMS': 0.1, 'MDS': 5.0, 'NuP': 6, 'NuS': 2}, 'B': {'ERH': 5.0, 'ERZ': 10.0, 'GAP': 200, 'RMS': 0.2, 'MDS': 10.0, 'NuP': 5, 'NuS': 1}, 'C': {'ERH': 7.0, 'ERZ': 15.0, 'GAP': 250, 'RMS': 0.5, 'MDS': 20.0, 'NuP': 5, 'NuS': 1}}
2022-07-04 19:49:15,510 +++ Removing preexisting files in 'model', 'obs', 'time' and 'tmp' directories ...
