 Date    Origin    Lat      Long      Depth    Mag No Gap Dmin  Rms  Erh  Erz  Erx      Cvxy      Cvxz      Cvyz     Oterr
200101 0001 39.35 35 52.46  52 23.18    3.3    5.0 20 219 36.7 1.00  8.7  9.6  4.7 0.263E+01-0.438E+01-0.125E+02 0.253E+01
200101 0003 19.12 35 45.85  51 53.24   12.8    2.0 10 309 61.5 0.86 17.7  9.2 14.5 0.629E+01-0.213E+02 0.172E+02 0.202E+01
200101 0004 59.30 35 28.78  52 11.20   14.6    5.0 20 254 63.8 0.95 12.0  8.5  8.1 0.193E+02-0.253E+02-0.655E+01 0.221E+01
200101 0006 38.55 35 47.96  52 26.81    8.3    2.0 10 258 45.8 0.80 12.1 11.7  7.0-0.180E+00-0.153E+02-0.233E+02 0.191E+01
200101 0008 20.10 35 57.83  52  2.18   15.1    2.0 10 301 68.2 0.55 12.7 15.3  8.1 0.438E+02-0.561E+02-0.980E+02 0.136E+01
200101 0010  0.82 35 33.96  52 21.40    8.9    4.0 16 269 60.2 0.64 13.9 12.6  7.8 0.641E+02-0.699E+02-0.109E+03 0.153E+01
200101 0011 38.94 35 53.27  51 54.57   12.6    5.0 20 227 20.4 1.01 10.7  6.9  6.3 0.463E+01 0.310E+01 0.127E+02 0.257E+01
200101 0013 19.47 35 42.75  52 16.22   16.6    3.0 12 260 42.2 0.36  5.7  3.3  2.8-0.575E+00-0.375E+01 0.236E+01 0.889E+00
200101 0014 59.26 35 49.91  51 58.96    0.3    2.0 10 230 51.0 0.57  6.7  8.7  4.0 0.213E+01-0.972E+01-0.317E+01 0.142E+01
200101 0016 39.39 36  7.63  52  1.41    0.0    3.0 14 197 21.4 0.83  7.6  7.6  3.9-0.771E+00-0.329E+01 0.161E+02 0.211E+01
200101 0018 19.70 36 15.77  51 42.56   19.4    4.0 16 250 38.3 1.13 16.1 12.5 14.7 0.365E+02-0.510E+02-0.667E+01 0.277E+01
200101 0019 59.24 36  5.71  52 13.18   12.4    3.0 14 165 18.0 0.57  5.0  4.4  3.9-0.107E+01-0.999E+01-0.535E+00 0.141E+01
200101 0021 39.47 35 51.82  52 11.34   12.3    3.0 14 223 74.5 1.06 12.3 10.4  7.5 0.139E+02 0.312E+02 0.238E+02 0.263E+01
200101 0023 21.88 35 50.09  52  0.44    7.5    3.0 12 229 82.4 0.87 11.0 15.4  6.5 0.128E+02-0.534E+02-0.302E+02 0.208E+01
200101 0024 57.87 36  0.95  51 59.47   10.0    2.0  8 258 32.7 0.91 32.3 30.7 12.9-0.331E+03 0.285E+03-0.756E+03 0.232E+01
200101 0026 40.12 35 56.20  51 47.67   16.5    2.0 10 299 50.9 0.94 17.5  8.9 13.5 0.515E+02 0.176E+02 0.140E+02 0.234E+01
200101 0028 22.52 35 53.03  51 53.14   12.1    3.0 12 312 22.0 0.60 12.1  4.8  9.9-0.534E+01 0.534E+00 0.588E+01 0.149E+01
200101 0029 59.92 36  1.28  51 50.15   20.1    4.0 16 215 41.9 0.68  8.0  7.5  4.4 0.779E+01-0.151E+02-0.914E+01 0.162E+01
200101 0031 40.83 36  3.93  51 47.53   22.1    2.0 10 282 22.1 0.68 13.9  6.1 10.9 0.280E+02 0.649E+01-0.252E+02 0.168E+01
200101 0033 20.33 36 10.54  52 23.93    5.8    4.0 18 157 36.0 0.90  5.7  6.2  3.6-0.121E+01 0.199E+01-0.182E+01 0.234E+01
200101 0035  0.21 35 50.36  51 56.72    0.9    4.0 18 244 23.8 0.46  4.6  3.6  2.8-0.459E+00-0.443E+00 0.122E+01 0.118E+01
200101 0036 40.52 36 23.35  51 50.64   15.5    2.0 10 274 35.2 0.95 16.9  7.5 15.2 0.425E+02-0.269E+01 0.434E+01 0.236E+01
200101 0038 18.49 35 45.43  51 55.82   23.5    2.0 10 293 32.9 0.83 17.6  7.8 13.9 0.638E+02-0.352E+02 0.429E+01 0.193E+01
200101 0040  0.20 36 27.03  52  3.07   11.9    5.0 20 101 28.4 0.80  4.9  6.7  4.0 0.320E+00-0.851E+01 0.284E+00 0.212E+01
200101 0041 39.44 36  6.62  52  1.95   10.0    4.0 18 107  7.7 0.91  6.8  7.9  4.5-0.779E-02-0.422E+01-0.220E+02 0.236E+01
200101 0043 20.83 35 56.74  52  2.32   14.1    3.0 14 217 37.4 0.96 10.5  8.8  5.8 0.200E+01-0.723E+00 0.199E+02 0.233E+01
200101 0044 59.51 35 54.22  51 45.96    3.7    4.0 18 291 28.6 0.95 13.0 10.0 10.2 0.145E+02-0.299E+02-0.166E+02 0.236E+01
200101 0046 40.43 36  8.06  51 58.32   10.0    4.0 18 133 11.8 0.98  7.7  7.8  5.6 0.861E+01-0.192E+02-0.194E+02 0.252E+01
200101 0048 18.48 36  9.95  52 17.80   12.8    2.0  8 294 13.3 0.61 14.7  4.6 12.9-0.442E+02 0.273E+01 0.668E+01 0.156E+01
200101 0049 59.87 36 10.23  52  6.77    8.0    4.0 16 117 16.0 0.89  6.1  5.3  4.5-0.491E+01-0.290E+01-0.575E+01 0.229E+01
200101 0051 40.21 36 17.85  51 50.23    6.9    4.0 16 121 33.6 0.98  7.5  9.9  4.7 0.113E+01 0.380E+00-0.326E+02 0.257E+01
200101 0053 19.92 35 56.23  52  6.60    9.1    2.0  8 275 13.3 0.60 11.9  5.5  7.4 0.333E+02-0.255E+02-0.187E+02 0.149E+01
200101 0054 59.22 35 56.98  52  7.33    9.7    2.0  8 215 66.8 0.90 11.3 15.7  6.2-0.722E+01-0.210E+02 0.334E+02 0.207E+01
200101 0056 39.97 36 20.39  52 14.41   11.8    4.0 16 105  9.9 1.00  7.2  6.3  6.1-0.502E+01-0.919E+01-0.189E+01 0.258E+01
200101 0058 18.76 35 41.33  52 29.91    2.4    4.0 16 235 57.2 0.73  7.8  7.6  4.3-0.237E+01 0.209E+01-0.102E+02 0.181E+01
200101 0100  0.08 35 53.25  51 38.68   11.5    4.0 16 239 39.1 0.70  9.1  5.7  4.6 0.125E+02-0.542E+01-0.603E+01 0.175E+01
200101 0101 39.23 36 12.32  52  1.02   16.1    3.0 12 186 17.4 0.80  9.4  5.8  7.5 0.287E+01-0.109E+02-0.193E+02 0.206E+01
200101 0103 18.70 35 33.46  52  5.17    4.8    4.0 18 251 53.8 0.88 10.3  7.2  7.2 0.941E+01-0.972E+01 0.469E+01 0.211E+01
200101 0104 59.85 36 10.96  51 56.74   15.2    4.0 18 191 24.3 1.22 10.6  8.5  6.2 0.803E+01 0.100E+02 0.251E+02 0.306E+01
200101 0106 39.85 36 11.48  52  4.59    2.3    2.0 10 270 58.2 0.52 14.7 13.2 11.4 0.972E+02-0.122E+03-0.928E+02 0.130E+01
200101 0108 19.74 35 58.35  51 54.93   19.2    3.0 14 227 40.6 0.89 11.9 11.5  6.4 0.925E+01-0.335E+02-0.166E+02 0.226E+01
200101 0109 59.98 36  7.71  52  0.09   17.5    3.0 14 122 10.2 0.76  7.6  4.5  4.7-0.809E+01 0.576E+01-0.164E+02 0.187E+01
200101 0111 39.65 36  1.79  52  2.08    3.6    4.0 18 208 29.2 0.83  7.0  9.3  4.2 0.195E+01-0.627E+01-0.701E+01 0.210E+01
200101 0113 18.46 35 56.62  51 50.79   19.4    2.0  8 246 20.1 0.76 16.4  8.2  5.7 0.681E+01 0.348E+01-0.644E+02 0.184E+01
200101 0114 59.60 36 15.38  52  0.15   13.1    3.0 14 100 17.8 0.94  6.9  8.8  5.1-0.249E+01 0.410E+01-0.192E+02 0.251E+01
200101 0116 40.47 36  1.59  52 17.70   17.9    3.0 12 192 23.5 0.86 17.0  7.5  5.5-0.334E+02-0.162E+02-0.410E+02 0.213E+01
200101 0118 20.60 35 50.21  51 59.00   19.7    2.0  8 308 83.0 0.72 79.9125.9 63.8 0.296E+04-0.786E+04-0.590E+04 0.166E+01
200101 0120  0.24 36  1.76  52  4.20   11.5    3.0 12 208  3.4 0.99 10.4  5.4  6.1 0.790E+00-0.134E+02-0.658E+01 0.235E+01
200101 0121 40.07 36  4.46  51 54.46   13.0    4.0 16 183 12.1 0.81  7.9  5.7  4.5 0.871E+01-0.806E+01-0.174E+02 0.205E+01
200101 0123 20.43 36 10.55  51 49.12   27.2    2.0  8 194 55.8 0.41  9.3208.1  6.0-0.284E+02-0.112E+04 0.109E+04 0.959E+00
200101 0125  0.59 36 16.79  51 54.52   15.3    3.0 14 114 28.9 0.84  6.5  6.9  4.6-0.211E+01 0.481E+01-0.140E+02 0.209E+01
200101 0126 39.63 36  7.96  52  5.95   14.1    2.0 10 215 16.5 0.68  8.1  5.8  4.8-0.158E+01 0.716E+01 0.117E+02 0.178E+01
200101 0128 19.77 36  2.99  51 45.44   13.4    3.0 12 206 25.1 0.92 15.0  9.6  6.8 0.561E+02-0.370E+02-0.865E+02 0.238E+01
200101 0130  0.53 35 47.75  52 10.47   17.3    4.0 16 229 29.9 1.05 13.1  8.3  8.4 0.120E+02-0.285E+02 0.600E+01 0.269E+01
200101 0131 40.21 36  2.53  51 55.32   11.8    2.0 10 274 10.2 0.80 13.8  6.0 10.5 0.168E+02 0.106E+02-0.292E+02 0.189E+01
200101 0133 21.23 36  3.90  51 40.98   25.1    2.0  8 229 49.0 0.74379.5578.7350.0 0.510E+05-0.203E+06-0.843E+05 0.167E+01
200101 0134 59.33 35 48.52  52 14.20    0.8    5.0 20 227 31.5 0.97  9.0 10.1  5.3 0.995E+01-0.128E+02-0.173E+02 0.242E+01
200101 0136 41.11 35 44.28  52  2.64   14.8    2.0  8 306 91.3 0.53106.6110.7101.7 0.317E+04-0.112E+05-0.344E+04 0.118E+01
200101 0138 19.58 35 37.23  52  2.19   13.3    4.0 16 291 46.6 0.85 15.6  8.8 12.8 0.546E+02-0.578E+02-0.115E+02 0.205E+01
200101 0140  0.15 36  8.23  52 14.34   13.4    2.0 10 160 13.7 0.87  7.6  7.7  5.3-0.567E+01 0.382E+01 0.184E+01 0.228E+01
200101 0141 41.33 35 51.20  52  2.01   10.3    3.0 12 227 47.2 1.24 15.0 14.8  8.9-0.282E+01 0.330E+01 0.812E+02 0.297E+01
200101 0143 19.76 36 26.43  52 17.02   12.4    3.0 14  99 11.1 0.74  5.3  4.5  3.8-0.137E+01-0.974E+00 0.130E+01 0.192E+01
200101 0144 59.87 36 14.80  51 34.38   22.5    4.0 16 160 32.6 0.76  8.1  8.1  5.1 0.101E+02-0.215E+02-0.260E+02 0.196E+01
200101 0146 39.89 36  6.28  52 21.76   17.6    3.0 14 171 30.3 0.88  7.6  6.0  4.6-0.464E+01-0.574E+01-0.520E+01 0.221E+01
200101 0148 18.71 36  8.68  51 41.70    8.0    3.0 14 206 46.1 0.69  7.1  9.9  4.0 0.246E+01-0.164E+02-0.185E+01 0.173E+01
200101 0150  0.49 35 51.58  52  2.03   10.0    3.0 14 283 20.1 0.91 15.2  9.2 12.1 0.190E+02-0.437E+02 0.341E+02 0.226E+01
200101 0151 40.56 36 10.38  51 48.80    5.2    2.0  8 297 62.2 0.72 16.8 18.1 14.5 0.550E+02-0.173E+03-0.307E+02 0.173E+01
200101 0153 20.39 35 55.34  52 15.00    2.4    2.0  8 256 23.4 0.66 17.2 18.8 10.7 0.104E+03-0.182E+03-0.205E+03 0.169E+01
200101 0154 59.94 35 44.87  52  6.96   10.0    4.0 18 235 33.3 0.67  7.7  7.8  5.2 0.632E+01-0.822E+01-0.638E+01 0.168E+01
200101 0156 40.62 36  0.05  52  9.07   18.1    4.0 18 209 11.4 1.09 10.4  5.4  6.6 0.110E+01-0.121E+02-0.438E+01 0.279E+01
200101 0158 21.21 36  1.43  52  1.35    8.8    2.0  8 305  2.2 0.56 16.1  4.4 13.3 0.738E+02-0.339E+02-0.310E+02 0.136E+01
200101 0200  0.97 36 10.06  52 12.63   10.2    3.0 12 195 62.5 0.72  7.2  9.0  4.2 0.551E+01 0.148E+02 0.124E+01 0.186E+01
200101 0201 38.84 36  0.78  52  7.63    7.4    2.0  8 208  8.8 0.53  6.7  4.3  3.8-0.755E+01-0.800E+01 0.101E+02 0.131E+01
200101 0203 19.21 36  6.28  52  1.41   18.2    3.0 12 188  7.2 1.10 17.2 10.1 14.3-0.273E+02 0.708E+01-0.657E+02 0.277E+01
200101 0205  0.33 36  9.58  52  3.09   17.3    5.0 20  98 13.3 1.22  9.3  6.5  6.2-0.805E+00-0.363E+01-0.224E+02 0.313E+01
200101 0206 41.82 35 29.47  51 54.28   37.5    3.0 14 305 62.1 0.83 20.4 13.7 15.9-0.467E+02-0.116E+03 0.108E+03 0.187E+01
200101 0208 20.12 36 28.43  52 15.18   13.3    3.0 12 162 10.6 0.76  7.2  7.3  4.8-0.861E+01 0.151E+02 0.136E+01 0.202E+01
200101 0209 59.85 35 58.93  52  4.55    7.1    5.0 20 213  7.5 0.81  7.2  4.6  4.2 0.154E+01-0.663E+01 0.430E+01 0.208E+01
200101 0211 39.61 35 56.93  51 57.96   14.0    5.0 20 219 12.0 0.99 10.1  5.2  5.9 0.423E+01 0.403E+00 0.469E+01 0.251E+01
200101 0213 20.50 35 47.60  52  2.75   16.5    2.0 10 232 27.5 0.56  8.5  4.4  4.7 0.646E+01-0.106E+01 0.130E+02 0.138E+01
200101 0215  0.75 35 48.98  51 50.83   22.5    3.0 12 257 30.1 0.61 10.1  5.4  5.1-0.288E+01 0.909E+01 0.763E+01 0.148E+01
200101 0216 40.39 35 58.50  52  2.99    9.4    4.0 16 269  7.4 0.67 10.7  5.2  8.9 0.256E+02-0.345E+02-0.919E+01 0.167E+01
200101 0218 20.73 36  0.34  52  8.69   10.0    2.0 10 234 10.6 0.75 13.6  8.5  8.0 0.457E+02-0.540E+02-0.675E+02 0.180E+01
200101 0219 59.60 36  3.54  52 15.44    2.4    3.0 14 181 20.1 0.61  5.3  6.2  3.0 0.810E+00-0.810E+01-0.137E+02 0.157E+01
200101 0221 40.40 35 35.94  52 30.76   12.2    4.0 18 243 65.3 0.75  9.8  8.1  5.5 0.124E+02-0.183E+02-0.199E+02 0.183E+01
200101 0223 20.32 36 12.53  51 54.25   22.1    2.0 10 277 27.2 0.72 15.5  6.4 12.5 0.825E+02 0.824E+01 0.296E+01 0.184E+01
200101 0225  0.56 35 58.54  52 33.34   13.3    5.0 20 201 55.3 0.89  7.8  6.1  4.0-0.406E+01-0.280E+01 0.797E+01 0.231E+01
200101 0226 39.92 35 57.97  52  1.79   10.3    2.0 10 238 68.2 0.83 11.0 10.6  6.3-0.142E+02-0.257E+02 0.142E+02 0.209E+01
200101 0228 20.45 35 59.33  52 17.60    3.6    3.0 14 209 61.0 0.57  5.7  6.6  3.2 0.723E+00 0.670E+00-0.223E+01 0.146E+01
200101 0229 59.94 35 55.00  52 11.68   13.3    2.0  8 247 19.9 0.98 17.1  8.3  9.3-0.618E+02-0.339E+02 0.672E+02 0.232E+01
200101 0231 40.49 36  6.70  51 44.33   19.5    2.0 10 186 27.8 0.63  7.0  7.9  4.1 0.854E+01-0.844E+01-0.149E+02 0.152E+01
200101 0233 19.89 36 18.12  52  6.08    5.4    2.0  8 150 10.2 0.82 14.7 14.0 12.6-0.623E+02 0.155E+03-0.724E+02 0.211E+01
200101 0235  1.58 35 52.96  52  1.59   17.6    3.0 14 282 44.3 0.91 17.3 18.9 13.3 0.840E+02-0.139E+03-0.108E+03 0.221E+01
200101 0236 39.79 36  2.63  52  7.14   17.8    5.0 20 184  7.6 0.75  6.6  3.7  4.1 0.621E+00-0.515E+01-0.531E+01 0.194E+01
200101 0238 19.70 35 59.11  52  4.14   17.0    4.0 16 213 32.3 1.10 11.4  8.8  6.8 0.649E+01 0.226E+00 0.150E+02 0.282E+01
200101 0240  0.18 36  5.31  52 14.90   16.6    5.0 20 170 19.1 0.75  5.9  3.9  3.9-0.172E+01-0.632E+01-0.186E-01 0.196E+01
200101 0241 40.54 36 15.44  52 26.23   20.0    3.0 12 178 30.2 0.61  7.5  7.0  4.4 0.150E+02 0.163E+02 0.195E+02 0.159E+01
200101 0243 20.12 35 38.97  52  7.82   14.1    2.0 10 281 44.3 0.74 44.3 33.7 43.0 0.228E+03-0.142E+04-0.142E+03 0.165E+01
200101 0245  1.17 36  8.65  52 12.12   16.4    3.0 12 262 12.4 0.90 14.5  6.5 10.8 0.564E+02-0.273E+02 0.880E+01 0.233E+01
200101 0246 40.32 36 15.84  52 11.50   14.6    3.0 14 136  1.2 0.78  6.7  4.1  4.3 0.178E+01-0.378E+01 0.414E+01 0.203E+01
