 Date    Origin    Lat      Long      Depth    Mag No Gap Dmin  Rms  Erh  Erz  Erx      Cvxy      Cvxz      Cvyz     Oterr
200101 0001 40.41 35 52.24  52 22.13    8.7    4.0 12 220 35.5 0.37  3.8  4.3  2.1 0.210E+00 0.232E+01 0.622E+00 0.610E+00
200101 0003 20.95 35 47.24  51 53.41   23.4    3.0  8 294 59.1 0.42  9.9  5.7  8.2-0.598E+01 0.796E+01 0.193E+02 0.513E+00
200101 0004 59.17 35 29.06  52 11.40   10.0    2.0  6 293 85.7 0.50 19.1 11.0 12.0 0.295E+02-0.636E+02 0.542E+01 0.528E+00
200101 0006 39.74 35 50.27  52 24.39    6.4    3.0 10 254 50.0 0.27  3.5  2.2  2.6-0.161E+01-0.283E+01 0.132E+01 0.436E+00
200101 0008 20.36 35 57.53  52  5.19   11.0    3.0 10 290 66.9 0.38  5.2  3.7  4.1 0.367E+01 0.447E+01 0.342E+01 0.515E+00
200101 0009 59.99 35 33.68  52 19.32    9.1    4.0 12 247 59.2 0.35  5.8  5.0  2.7 0.455E+01 0.567E+00-0.101E+02 0.570E+00
200101 0011 39.34 35 53.45  51 55.52   14.2    4.0 12 298 19.4 0.23  4.1  1.4  3.1 0.285E+01-0.187E+00 0.732E+00 0.432E+00
200101 0013 19.29 35 43.47  52 14.09   15.8    3.0 10 286 39.4 0.40  7.3  5.4  5.8 0.114E+02-0.275E+02-0.561E+01 0.489E+00
200101 0015  0.32 35 46.98  51 55.47   11.5    3.0 10 237 58.1 0.28  6.3  5.4  3.8 0.987E+01-0.122E+02-0.128E+02 0.468E+00
200101 0016 40.38 36  8.64  52  0.33    8.1    4.0  8 314 21.5 0.28  4.9  3.3  4.1 0.119E+01 0.172E+01 0.114E+01 0.499E+00
200101 0018 19.59 36 14.99  51 43.62   20.2    4.0 13 249 36.1 0.42  7.8  5.4  7.3 0.434E+01-0.289E+02-0.503E+01 0.572E+00
200101 0019 59.89 36  5.46  52 13.36   15.1    4.0 11 167 17.8 0.23  3.3  2.7  2.1-0.202E+01 0.619E+00-0.440E+01 0.412E+00
200101 0021 38.25 35 45.69  52 12.43   12.6    4.0  9 232 93.3 0.38 11.0 10.1  3.6 0.299E+01 0.561E+01-0.933E+01 0.530E+00
200101 0023 19.82 35 45.85  51 58.28    6.1    3.0 10 237 58.4 0.29  5.1  6.6  3.6 0.533E+01-0.194E+02-0.584E+01 0.415E+00
200101 0025  0.20 36  9.57  51 55.98   10.0    2.0  8 194 26.3 0.14  3.4  6.3  1.3-0.152E+01 0.278E+01-0.106E+02 0.356E+00
200101 0026 39.35 35 53.80  51 49.16   13.7    3.0 10 300 25.2 0.46  8.3  3.3  6.8 0.996E+01 0.941E+01 0.794E+00 0.619E+00
200101 0028 19.70 35 47.76  51 48.93   10.0    3.0 10 309 61.8 0.32  7.4  4.6  6.0-0.188E+01-0.109E+02-0.233E+01 0.490E+00
200101 0029 59.90 36  0.26  51 50.41   19.6    4.0 10 217 42.8 0.56 11.2  9.5  6.4-0.667E+01-0.372E+02 0.340E+02 0.675E+00
200101 0031 39.92 36  4.25  51 45.05   17.2    3.0  9 284 25.8 0.45  8.7  6.3  7.6 0.112E+02-0.194E+02-0.153E+02 0.563E+00
200101 0033 20.33 36 10.59  52 22.92    5.4    5.0 12 188 18.6 0.29  3.3  2.3  2.0 0.256E+01 0.733E+00 0.258E+01 0.585E+00
200101 0034 59.59 35 47.26  51 57.79    4.3    5.0 15 235 28.8 0.35  3.0  3.0  1.8 0.413E+00-0.432E+00 0.179E+01 0.568E+00
200101 0036 40.24 36 22.94  51 50.95   11.9    3.0 11 260 34.5 0.32  4.4  3.3  3.7 0.567E+01-0.137E+01-0.637E+00 0.579E+00
200101 0038 20.30 35 52.11  52  2.29   19.2    3.0  9 282 19.1 0.26  7.2  2.6  5.6 0.185E+02-0.909E+01-0.474E+01 0.492E+00
200101 0040  0.14 36 27.60  52  2.46   12.0    3.0 11 109 28.5 0.34  3.1  3.7  2.7-0.607E+00-0.677E+01 0.120E+01 0.558E+00
200101 0041 40.02 36  8.22  52  2.16    8.5    5.0 14 103 10.7 0.42  3.8  3.2  2.8-0.631E+00-0.182E+00-0.535E+01 0.654E+00
200101 0043 19.53 35 54.50  52  4.19    9.9    4.0 11 221 15.0 0.39  4.3  2.6  2.0 0.676E+00-0.217E+00 0.670E+01 0.608E+00
200101 0045  0.32 35 57.23  51 44.19    4.9    5.0 10 227 28.6 0.32  5.3  2.7  2.1-0.332E+01-0.102E+01 0.582E+01 0.470E+00
200101 0046 39.24 36  7.75  51 56.57    3.6    5.0 11 277 27.1 0.39  5.2  9.4  3.9 0.563E+01-0.699E+01-0.177E+02 0.607E+00
200101 0048 19.53 36 14.31  52 12.36    0.0    2.0  6 273 54.4 0.17 10.5 15.2  5.7 0.483E+02-0.762E+02-0.123E+03 0.421E+00
200101 0050  0.20 36 12.18  52  3.73   13.1    4.0 12  98 13.8 0.44  3.3  3.5  2.0 0.296E+00 0.130E+01 0.488E+01 0.681E+00
200101 0051 39.72 36 16.19  51 49.37    8.1    4.0  9 277 34.0 0.21  4.0  2.0  3.6 0.192E+00-0.813E-01-0.209E+01 0.436E+00
200101 0053 20.77 35 58.16  52  9.68    7.5    2.0  5 225 13.9 0.01  5.5  3.3  4.5 0.120E+02-0.120E+02-0.772E+01 0.310E+00
200101 0055  0.38 35 59.09  52  7.56   10.0    2.0  7 212 81.3 0.30  4.5  8.3  3.3-0.135E+01-0.117E+02 0.135E+01 0.511E+00
200101 0056 39.82 36 20.80  52 14.49   10.8    4.0 10 104 10.7 0.35  2.7  2.6  1.5-0.114E+01 0.279E+00-0.172E+01 0.520E+00
200101 0058 19.96 35 40.81  52 29.67   10.0    4.0 13 236 57.6 0.41  5.4  7.1  3.2-0.579E+01 0.488E+01-0.193E+02 0.597E+00
200101 0059 59.90 35 53.29  51 40.72    4.3    4.0 11 237 36.3 0.32  3.9  4.2  2.0 0.256E+01-0.198E+01-0.854E+01 0.522E+00
200101 0101 40.08 36 10.00  52  3.00   19.1    3.0  7 176 14.0 0.34  7.9  3.9  7.0-0.973E+01-0.129E+02-0.360E+01 0.475E+00
200101 0103 19.58 35 33.01  52  3.42   11.4    5.0 14 252 54.5 0.47  7.1  5.5  4.5 0.924E+01-0.642E+01 0.101E+01 0.613E+00
200101 0105  0.18 36 11.50  51 56.81   14.3    5.0 11 125 18.5 0.38  3.3  2.7  2.8-0.552E+00 0.921E+00-0.168E+01 0.616E+00
200101 0106 40.25 36  8.97  52  2.08   10.1    3.0  9 276 50.4 0.35  7.9  6.1  6.8 0.199E+02-0.223E+02-0.125E+02 0.528E+00
200101 0108 19.94 35 57.01  51 57.17   18.7    4.0 12 230 40.6 0.34  7.8  7.0  2.9 0.108E+01-0.138E+02 0.133E+02 0.592E+00
200101 0110  0.00 36  6.10  52  2.53   16.4    4.0 12 128  6.8 0.33  3.1  1.8  1.8-0.292E+01 0.157E+01-0.275E+01 0.479E+00
200101 0111 40.10 36  1.69  52  3.19    6.3    5.0 16 218  2.1 0.43  3.7  2.7  2.3-0.512E+00-0.105E+01-0.300E+01 0.686E+00
200101 0113 19.70 36  5.35  51 50.75    9.8    2.0  4 184 17.9 0.13225.6134.5 25.5 0.566E+04-0.339E+04-0.301E+05 0.389E+00
200101 0114 59.70 36 14.33  52  1.89   11.7    4.0 11  95 22.0 0.34  3.3  5.5  1.6 0.463E+00-0.124E+01-0.558E+01 0.574E+00
200101 0116 39.89 36  2.61  52 14.33   21.5    3.0  9 186 18.4 0.21  7.9  4.7  4.3-0.248E+02-0.174E+02 0.203E+02 0.439E+00
200101 0118 20.74 35 53.14  51 59.49   13.4    2.0  8 307 77.8 0.26  7.2  6.9  5.6 0.206E+01-0.286E+02-0.281E+01 0.414E+00
200101 0119 59.69 35 59.87  52  4.85   13.9    3.0 10 211  6.3 0.16  3.1  1.4  1.7 0.170E+01-0.145E+01-0.189E+01 0.373E+00
200101 0121 40.00 35 59.48  51 56.09   18.6    4.0 14 215 10.6 0.30  4.9  2.0  3.9 0.354E+01-0.210E+01-0.749E+00 0.547E+00
200101 0123 19.49 36  4.36  51 49.43   18.5    2.0  7 209 59.9 0.15  8.5 13.1  6.0 0.635E+01-0.717E+02-0.375E+01 0.296E+00
200101 0124 59.83 36 16.57  51 53.84    7.6    4.0  9 117 28.9 0.44  3.9  3.9  3.4 0.949E+00 0.173E+01-0.463E+01 0.580E+00
200101 0126 39.61 36  7.73  52  5.00   12.0    3.0  8 215 17.6 0.26  6.0  3.3  2.6-0.701E+01-0.325E+01 0.117E+02 0.471E+00
200101 0128 19.95 36  1.64  51 44.84   21.4    3.0 13 215 26.0 0.20  3.2  2.6  1.5 0.264E+01-0.285E+01-0.489E+01 0.387E+00
200101 0130  0.34 35 47.77  52 10.55   19.8    4.0 14 229 82.1 0.30  3.0  3.7  2.0-0.387E-01-0.204E+01 0.254E+01 0.463E+00
200101 0131 40.12 36  1.32  51 55.38   12.8    3.0  9 282 10.3 0.25  7.5  2.4  4.7 0.162E+02-0.557E+01-0.908E+01 0.448E+00
200101 0133 20.16 36  6.83  51 38.39   19.8    2.0  7 214 43.0 0.37 15.8  7.2  7.6-0.347E+02-0.436E+02 0.490E+02 0.427E+00
200101 0134 59.97 35 48.36  52 11.68    4.2    4.0 14 258 29.8 0.41  5.2  3.9  3.7 0.251E+01-0.882E+01-0.202E+01 0.647E+00
200101 0136 40.27 35 42.15  52  4.03   12.1    2.0  8 240 94.5 0.23  3.6  5.0  2.2 0.130E+01-0.282E+01 0.591E+00 0.383E+00
200101 0138 20.50 35 38.41  51 59.17   20.0    4.0 13 247 44.7 0.44  5.8  6.7  3.6-0.319E+01-0.932E+01 0.120E+02 0.573E+00
200101 0140  0.21 36  6.03  52 14.06   11.8    3.0  8 173 17.5 0.28  3.5  3.6  2.9 0.601E+00-0.170E+01-0.353E+01 0.466E+00
200101 0141 40.48 35 49.90  51 59.69   10.0    3.0 11 230 50.6 0.34  3.8  5.5  2.2-0.123E-01 0.240E+00-0.167E+01 0.615E+00
200101 0143 20.17 36 26.36  52 17.17   12.4    4.0 12 100 11.0 0.37  2.0  1.6  1.4-0.166E+00 0.489E+00 0.443E+00 0.524E+00
200101 0145  1.06 36 16.79  51 38.72   14.2    4.0 12 257 50.0 0.42  8.5  2.7  8.3 0.948E+01-0.159E+01-0.664E+00 0.534E+00
200101 0146 40.27 36  4.78  52 21.32   19.6    4.0 10 177 51.9 0.26  3.8  3.6  2.0-0.136E+01-0.153E+01 0.391E+01 0.510E+00
200101 0148 20.21 36 11.13  51 44.04   12.3    4.0 14 163 31.5 0.35  3.0  2.3  1.7 0.167E+01-0.920E+00-0.154E+01 0.545E+00
200101 0150  0.30 35 51.20  52  2.20    9.9    4.0  9 307 20.8 0.41 15.9  9.3 15.0 0.328E+02-0.126E+03-0.222E+02 0.566E+00
200101 0151 40.75 36  7.80  51 47.13   11.4    2.0  5 259 24.6 0.23 12.8  8.0  9.5 0.714E+02-0.615E+02-0.512E+02 0.360E+00
200101 0153 19.84 35 50.91  52 10.71   16.8    2.0  8 288 25.0 0.30  5.6  2.0  3.7-0.880E+01-0.644E+00 0.636E-01 0.572E+00
200101 0155  0.28 35 45.08  52  7.61   13.4    5.0 16 234 56.4 0.34  3.9  2.7  2.6-0.129E+00-0.131E+01 0.250E+01 0.575E+00
200101 0156 40.23 36  0.74  52 10.44   12.6    5.0 15 202 12.9 0.38  4.1  2.3  2.2-0.107E+01-0.816E+00-0.139E+01 0.552E+00
200101 0158 19.43 35 57.44  51 58.62    9.9    2.0  8 245 10.6 0.43  7.4  4.0  2.8 0.136E+00-0.217E+01-0.240E+01 0.609E+00
200101 0159 59.67 36  9.71  52 11.47    2.4    3.0 13 196 10.5 0.34  2.5  2.8  1.2 0.399E+00 0.527E+00 0.217E+01 0.567E+00
200101 0201 40.08 36  3.80  52  5.36    5.1    2.0  7 188  5.5 0.10  4.3  2.2  3.5-0.636E+01-0.554E+01 0.120E+01 0.312E+00
200101 0203 20.14 36  9.10  52  1.57   15.3    3.0 11 184 12.3 0.37  4.1  2.4  3.5 0.956E-01-0.124E+01-0.338E+01 0.525E+00
200101 0204 59.53 36  8.48  52  2.53   18.7    4.0 10 271 19.1 0.43  7.7  5.7  6.0 0.234E+02 0.180E+02 0.112E+02 0.649E+00
200101 0206 39.93 35 29.45  51 55.79   10.0    4.0 12 259 61.8 0.43 13.5 15.7  4.3 0.186E+02-0.109E+02-0.177E+03 0.547E+00
200101 0208 19.77 36 28.35  52 13.12    9.5    3.0  9  93 13.5 0.37  4.1  4.6  2.3 0.265E+01 0.238E+00 0.115E+02 0.644E+00
200101 0209 59.29 35 56.51  52  4.85    8.5    3.0  7 273 11.7 0.24  7.4  2.5  3.2 0.144E+02-0.310E+01-0.485E+01 0.516E+00
200101 0211 39.60 35 59.11  51 57.53   10.0    3.0  8 281 89.1 0.51 10.0  8.4  7.7 0.277E+02-0.180E+02-0.959E+01 0.594E+00
200101 0213 19.37 35 42.17  52  0.17   21.1    3.0  7 241 37.6 0.44  9.9  6.0  4.3-0.617E+01 0.133E+02-0.685E+01 0.479E+00
200101 0215  1.15 35 49.59  51 53.51   16.0    3.0  8 255 27.1 0.41  6.5  3.0  2.5-0.501E+01 0.272E+01 0.439E+01 0.456E+00
200101 0216 40.23 35 56.85  52  3.16   12.8    4.0 15 271 10.5 0.43  5.1  2.3  4.1 0.288E+01-0.267E+01 0.105E+01 0.643E+00
200101 0218 19.78 35 57.61  52  8.32   15.3    3.0 11 234 12.9 0.39  9.7  5.5  7.5 0.380E+02-0.381E+02-0.286E+02 0.528E+00
200101 0220  0.05 36  2.41  52 13.39   10.0    4.0  9 200 16.9 0.27  5.8  6.3  4.2 0.112E+02-0.233E+02-0.214E+02 0.506E+00
200101 0221 39.56 35 33.54  52 29.93   10.8    5.0 14 246 82.9 0.47  6.3  5.4  2.9 0.243E+01-0.609E+01 0.832E+01 0.622E+00
200101 0223 19.26 36 10.11  51 51.14   30.3    3.0  7 295 32.8 0.32  8.7 19.6  6.9 0.124E+02 0.119E+02-0.440E+02 0.579E+00
200101 0224 59.95 35 56.36  52 33.85   18.1    2.0  5 208 49.0 0.03  4.8  9.2  2.2-0.796E+01 0.106E+02-0.282E+02 0.314E+00
200101 0226 40.14 35 57.27  52  2.24   10.6    3.0  7 244 69.1 0.36  6.3  7.7  4.3 0.990E+01-0.232E+02-0.211E+02 0.476E+00
200101 0228 20.38 35 57.29  52 17.82    9.0    4.0 12 212 63.1 0.32  3.5  3.7  1.8 0.233E+00-0.753E+00 0.376E+01 0.556E+00
200101 0230  0.47 35 56.62  52  8.40   16.4    2.0 10 230 14.3 0.41  7.2  2.8  1.9-0.532E+01-0.120E+01 0.682E+01 0.506E+00
200101 0231 42.04 35 57.10  52 12.74    0.0    3.0  5 253 18.8 1.12 44.7 50.2 40.9-0.116E+03-0.198E+04-0.727E+01 0.817E+00
200101 0233 20.64 36 18.37  52  7.17    8.4    2.0  7 142  9.1 0.38  3.9  5.7  1.5-0.105E-02 0.436E-01 0.719E+01 0.481E+00
200101 0235  0.47 35 51.39  52  6.70    2.6    4.0  8 265 21.6 0.41  9.7 14.9  7.6 0.326E+02-0.993E+02-0.607E+02 0.519E+00
200101 0236 39.67 36  1.46  52  6.60   16.5    4.0  8 203  7.0 0.25  5.2  2.4  4.2 0.815E+00-0.421E+01 0.305E+01 0.387E+00
200101 0238 20.09 35 59.21  52  4.09   19.5    4.0 10 212 32.2 0.31  5.7  5.0  3.8 0.699E+01-0.211E+01 0.110E+02 0.614E+00
200101 0239 59.99 36  4.16  52 16.19   16.6    4.0 14 177 21.4 0.43  4.4  3.6  3.4-0.893E+00-0.960E+01 0.480E-01 0.610E+00
200101 0241 40.19 36 14.83  52 24.49   16.1    3.0  8 180 30.8 0.38  5.5  4.3  4.0 0.514E+01 0.108E+02 0.958E+01 0.640E+00
200101 0243 19.88 35 37.55  52  8.64   13.2    3.0  9 281 47.1 0.34 21.9 20.6 20.9 0.416E+02-0.407E+03-0.596E+02 0.524E+00
200101 0245  0.09 36  6.46  52  7.83   13.3    3.0  9 198 17.7 0.27  3.5  2.8  2.0-0.267E+00-0.109E+01 0.494E+01 0.524E+00
200101 0246 40.00 36 15.04  52 10.46   13.0    4.0 10 181  2.4 0.28  3.0  3.0  2.0-0.353E+00 0.311E+01 0.110E+01 0.487E+00
200101 0248 20.04 36 11.39  51 54.92    6.5    3.0 10 133 26.7 0.38  5.2 10.1  3.9-0.823E+01 0.362E+02-0.222E+02 0.672E+00
200101 0250  0.21 36 26.69  51 52.92   20.3    4.0 14 119 34.4 0.38  3.2  4.1  2.4-0.982E+00-0.583E+01 0.266E+01 0.554E+00
200101 0251 39.56 35 33.89  51 40.24   15.3    3.0  7 263 90.3 0.22 10.3  9.6  4.9 0.147E+02-0.385E+02-0.274E+02 0.391E+00
200101 0253 19.40 35 47.48  51 36.99    5.4    5.0 13 250 46.8 0.39  4.5  3.6  2.4 0.303E+01 0.372E+01 0.320E+01 0.550E+00
200101 0254 59.63 36 26.81  51 44.29   11.9    2.0  7 192 50.2 0.36  6.7  5.2  2.6 0.281E+01-0.344E+01-0.176E+02 0.640E+00
200101 0256 40.91 35 43.70  51 57.81   14.2    4.0 10 240 35.3 0.27  5.0  2.6  4.0 0.486E+01-0.188E+00 0.464E+01 0.401E+00
200101 0258 19.57 35 50.76  52 14.77    9.3    5.0 13 224 45.7 0.32  3.9  2.9  2.1 0.958E+00-0.674E+00 0.378E+01 0.562E+00
200101 0300  0.25 36 12.18  51 43.54    8.4    3.0  8 159 47.0 0.33  5.0  4.3  4.1 0.803E+01-0.599E+01-0.870E+01 0.416E+00
200101 0301 39.86 35 54.63  52  8.80    9.6    3.0 11 293 70.3 0.36  5.9  6.8  4.4 0.810E+01-0.624E+01-0.124E+02 0.588E+00
200101 0303 19.64 36  1.28  52 18.88   13.3    3.0  8 193 25.3 0.33  3.8  2.9  2.9-0.250E+01-0.398E+01 0.245E+00 0.475E+00
200101 0305  0.12 36  6.91  52 20.99   17.0    4.0 13 195 20.6 0.44  5.1  3.4  2.7-0.483E+01-0.581E+01 0.956E+01 0.583E+00
200101 0306 39.60 35 59.30  52 20.69    9.9    3.0  5 202 28.5 0.35 10.9 22.8  7.4-0.335E+02-0.131E+03 0.944E+02 0.572E+00
200101 0308 19.99 36 33.31  51 44.06    5.4    4.0 13 181 34.8 0.37  3.1  2.4  2.6-0.460E+00-0.127E+01 0.166E+00 0.577E+00
200101 0310  0.39 35 58.70  51 53.99    7.6    2.0  8 227 14.0 0.44 14.8  5.5  3.6 0.307E+02 0.122E+02 0.626E+02 0.528E+00
200101 0311 39.58 35 56.68  51 49.26    9.0    3.0  7 288 22.1 0.47  8.1  3.8  6.0 0.907E+01 0.141E+01-0.139E+02 0.540E+00
200101 0313 19.83 36  3.03  52  5.76    9.2    3.0  7 205 57.2 0.14  5.9  5.0  5.0 0.120E+02-0.149E+02-0.541E+01 0.339E+00
200101 0314 59.76 36 23.24  52  8.76   16.5    5.0 14  86 15.3 0.26  2.2  1.6  1.5-0.150E+00-0.512E+00 0.105E+01 0.505E+00
200101 0316 39.17 35 41.59  51 59.26   15.9    3.0  8 267 38.8 0.36  7.2  4.2  4.6-0.156E+02 0.118E+01 0.199E+01 0.556E+00
200101 0318 20.03 35 51.55  51 44.05   16.3    5.0 14 237 33.8 0.41  5.2  2.5  3.1 0.253E+01 0.115E+01-0.298E+01 0.635E+00
200101 0319 59.92 36 10.37  51 37.25   19.9    3.0 11 178 40.1 0.31  2.8  4.1  1.7 0.843E-01-0.285E+01-0.398E+00 0.525E+00
200101 0321 39.24 35 54.66  51 51.58    7.6    4.0 13 226 21.4 0.35  4.8  2.2  3.7 0.372E+01-0.641E-01-0.166E+01 0.502E+00
200101 0323 19.90 35 42.27  51 59.53   13.3    2.0  6 266 96.4 0.35 42.7 59.2  8.9 0.280E+03-0.382E+03-0.244E+04 0.566E+00
200101 0325  0.00 36  8.11  51 48.98   14.4    4.0 11 200 56.8 0.41  6.0  2.7  2.1-0.472E+01-0.244E+01 0.689E+01 0.570E+00
200101 0326 39.55 35 53.29  52  9.55    2.1    2.0  8 238 76.9 0.36 10.7 12.5  3.6 0.691E+01-0.146E+02-0.106E+03 0.462E+00
200101 0328 20.10 35 42.16  52 25.16    6.5    3.0 12 264 51.1 0.38  4.9  3.0  2.6-0.350E+01-0.343E+00-0.740E-01 0.567E+00
200101 0329 58.76 35 54.07  51 55.72    2.8    3.0  7 251 18.2 0.19  4.2  2.6  2.3-0.148E+01 0.337E+01 0.330E+01 0.399E+00
200101 0331 39.73 36 26.10  51 19.33   24.0    4.0 11 196 18.9 0.32 11.0  9.5 10.7 0.531E+01-0.992E+02-0.711E+01 0.504E+00
200101 0333 21.14 35 48.51  52  4.74   13.4    2.0  8 247 26.1 0.29  7.7  5.6  2.1-0.197E+00-0.346E+00 0.370E+02 0.435E+00
200101 0334 59.65 36  6.51  52 27.34   10.0    3.0  6 247 50.4 0.31  5.9  7.7  2.5 0.753E+01 0.725E+00-0.740E+01 0.425E+00
200101 0336 40.04 35 51.97  52  5.13   15.0    4.0 11 224 19.9 0.31  4.5  2.8  2.5-0.986E+00-0.332E+01 0.599E+01 0.547E+00
200101 0338 20.15 35 40.18  52  1.31   10.0    4.0 12 244 41.2 0.39  5.9  2.8  4.1 0.827E+01-0.505E+01-0.622E+01 0.500E+00
200101 0340  0.46 35 56.27  52 10.58    9.6    3.0  8 216 66.7 0.12  2.7  3.7  1.6 0.119E+01 0.259E+00 0.142E+01 0.322E+00
200101 0341 40.47 36 14.96  52  2.63   11.4    4.0  9  92 14.1 0.30  3.1  6.0  1.8-0.359E+00-0.209E+01-0.529E+01 0.468E+00
200101 0343 19.68 36  2.69  52  3.59   10.0    4.0 11 206 26.7 0.40  5.2  3.4  2.5 0.391E+01-0.200E+01-0.142E+01 0.593E+00
200101 0345  0.25 35 50.12  52  4.15    9.3    4.0  9 228 48.2 0.36  4.8  7.7  2.8-0.606E-01 0.109E+02-0.255E+01 0.641E+00
200101 0346 39.95 36 20.95  52 10.76    9.5    5.0 13 177 10.5 0.31  2.5  1.8  2.1 0.931E+00-0.722E+00-0.710E+00 0.576E+00
200101 0348 19.96 36 11.63  52 10.35   15.0    4.0 12 126  7.4 0.36  2.7  2.1  2.2 0.404E+00-0.154E+01-0.422E+00 0.602E+00
200101 0349 59.77 35 47.77  51 47.89   12.0    2.0  7 240 75.9 0.39 92.5 81.8 72.6 0.415E+04-0.594E+04-0.467E+04 0.513E+00
200101 0351 38.97 36 17.40  51 41.03    0.0    3.0  9 139 42.0 0.34  2.5  9.5  1.6-0.302E-01-0.340E+01-0.770E+01 0.619E+00
200101 0353 19.16 36 16.23  51 55.15   16.3    2.0  5 209 25.3 0.29  9.7  8.9  7.6-0.966E+01 0.508E+02-0.395E+02 0.461E+00
200101 0355  0.33 35 54.88  51 50.95    3.9    2.0  6 320 49.4 0.44 22.5 11.5 20.0 0.532E+02-0.191E+03-0.211E+02 0.609E+00
200101 0356 39.96 36 12.37  52  0.99   11.3    4.0 13 103 18.4 0.45  5.2  3.5  4.8 0.120E+00-0.660E+01-0.242E+01 0.590E+00
200101 0358 20.05 36  4.32  52  1.44    8.6    4.0 10 125  3.6 0.33  3.8  3.0  2.1-0.992E-01-0.158E+01-0.604E+01 0.482E+00
200101 0400  0.28 36  3.28  52  3.25    1.8    3.0  5 286 26.0 0.20  6.3  4.0  5.7-0.146E+01-0.862E+01 0.376E+01 0.360E+00
200101 0401 39.72 36  0.17  51 43.98    7.1    4.0 13 291 27.6 0.30  5.4  2.5  4.4 0.847E+01-0.198E+01-0.326E+01 0.504E+00
200101 0403 19.54 35 58.87  51 56.57   17.2    4.0 12 216 10.6 0.41  4.9  2.3  3.7 0.360E+01-0.126E+01-0.168E+01 0.627E+00
200101 0405  0.24 35 51.39  52  6.11   12.7    3.0  8 225 21.3 0.42  6.4  4.3  3.9-0.670E+01-0.571E+01 0.114E+02 0.630E+00
200101 0406 39.68 35 54.94  51 58.55    8.6    4.0 15 222 14.9 0.40  4.4  3.3  2.8-0.265E+01-0.312E+01 0.297E+01 0.626E+00
200101 0408 19.56 36  9.91  52  5.22   14.9    4.0 10 192 14.4 0.36  4.4  2.7  3.3 0.241E+01-0.284E+01 0.259E+01 0.609E+00
200101 0409 59.09 36  5.70  51 44.36   20.9    2.0  8 281 27.3 0.35  9.0  4.7  7.7 0.128E+02-0.876E+01-0.126E+02 0.553E+00
200101 0411 40.10 35 40.76  52 26.58    5.3    3.0 10 266 93.7 0.44  7.1  4.4  3.6-0.359E+01 0.197E+01-0.364E+01 0.552E+00
200101 0413 20.02 35 48.47  51 49.79    4.0    5.0 13 238 31.8 0.52  8.9  5.4  4.3 0.202E+02-0.109E+02-0.246E+02 0.644E+00
200101 0414 59.98 36 21.93  51 56.09    7.6    4.0 11 163 41.6 0.32  2.3  3.2  1.3-0.740E+00 0.561E+00-0.870E+00 0.542E+00
200101 0416 39.91 35 50.61  51 59.24   16.5    4.0 10 229 22.3 0.42  7.5  3.5  2.8-0.566E+00-0.273E+01 0.107E+02 0.588E+00
200101 0418 20.60 35 55.43  52  7.35    8.0    3.0  6 292 69.5 0.25 10.7  7.2  4.2 0.344E+01-0.296E+01-0.514E+02 0.435E+00
200101 0420  0.28 36  4.78  52 14.63   15.9    4.0 15 173 20.0 0.35  2.9  1.9  1.8-0.172E+01-0.544E+00 0.465E+00 0.576E+00
200101 0421 40.38 35 52.29  52 19.12   14.0    4.0 12 220 44.0 0.35  4.2  2.3  2.7 0.822E+00-0.230E+01 0.229E+00 0.526E+00
200101 0423 19.85 36 10.55  52 40.59   13.3    4.0 16 167 21.1 0.45  3.5  3.0  2.0-0.233E+01-0.137E+01-0.131E+01 0.680E+00
200101 0424 59.98 35 59.27  52  8.83    8.0    5.0 15 211 11.7 0.47  3.6  3.8  2.4-0.832E+00 0.290E+01 0.171E+01 0.618E+00
200101 0426 39.82 35 48.23  51 50.36   17.0    4.0 12 238 31.7 0.52  7.9  3.6  3.5-0.803E+01-0.912E+00 0.123E+02 0.625E+00
200101 0428 19.31 35 45.15  51 53.79   35.2    2.0  5 294114.4 0.18 15.6  6.6 14.4 0.604E+02-0.708E+02-0.792E+01 0.434E+00
200101 0429 59.71 35 48.96  52  3.12   10.1    4.0 12 246 82.9 0.30  3.4  4.3  2.2 0.225E+00 0.293E+01 0.604E+01 0.488E+00
200101 0431 40.20 36 13.17  52  8.92    9.1    2.0  6 145  6.2 0.21  3.3  1.6  2.6-0.101E+01 0.405E+00-0.771E+00 0.500E+00
200101 0433 19.86 36 15.70  51 50.79   14.2    4.0 12 128 31.8 0.39  3.4  3.4  1.6 0.486E-01-0.788E+00-0.285E+01 0.583E+00
200101 0435  0.05 36 15.62  51 59.97    5.5    2.0  6 189 24.6 0.25  7.6  4.6  7.3-0.454E+01-0.179E+02-0.262E+01 0.491E+00
200101 0436 40.13 36 16.08  52  5.55   17.7    2.0  6 166 36.7 0.38  6.4  4.2  5.6-0.387E+01-0.122E+02 0.794E+01 0.473E+00
200101 0438 20.06 35 58.00  51 47.39    8.5    3.0  5 231 63.0 0.10  4.4  4.8  2.3-0.265E+01-0.618E+01 0.882E+01 0.356E+00
200101 0440  0.43 35 50.32  52 21.15   18.1    3.0  8 223 65.9 0.10  3.7  4.8  1.6-0.145E+01 0.274E+01-0.837E+01 0.312E+00
200101 0441 39.89 35 33.60  51 32.75    5.1    5.0 11 269 69.3 0.44  4.7  6.4  3.0 0.526E+01-0.568E+01 0.359E+01 0.504E+00
200101 0443 19.79 35 32.04  51 27.58    6.9    3.0 14 275 86.6 0.31  6.6  6.3  5.0 0.167E+02-0.276E+02-0.193E+02 0.445E+00
200101 0444 59.87 36 17.20  51 54.34   17.2    3.0 12 173 26.7 0.42  3.6  3.2  2.5 0.976E+00 0.154E+01-0.356E+01 0.623E+00
200101 0446 39.90 36  3.59  51 53.71   17.7    4.0 12 193 12.8 0.32  3.8  2.7  1.9-0.489E+00 0.141E+01-0.324E+01 0.483E+00
200101 0448 20.60 36  0.86  51 59.31   11.6    3.0 10 220 32.9 0.24  4.7  4.6  2.0-0.283E+01-0.407E+01 0.151E+02 0.449E+00
200101 0449 59.65 35 57.59  51 55.91   17.4    3.0 10 283 12.9 0.17  3.5  0.9  2.8 0.915E+00-0.638E+00-0.110E+00 0.369E+00
200101 0451 40.24 35 44.52  52  5.93   13.4    2.0  8 255 33.7 0.47 10.2  5.4  4.9 0.678E+01-0.390E+00 0.256E+02 0.652E+00
200101 0453 20.14 36 11.87  52 13.71   18.1    4.0  9 139 24.6 0.44  6.0 10.0  3.0-0.379E+01 0.107E+01-0.415E+02 0.603E+00
200101 0454 59.40 36 10.20  51 56.87   15.5    2.0  8 279 53.5 0.41  5.7  3.0  4.2 0.978E+01 0.348E+01 0.283E+01 0.501E+00
200101 0456 41.17 35 56.17  51 51.35   15.5    3.0  7 314 19.9 0.21  7.6  2.8  5.3-0.119E+02-0.214E+01 0.859E+01 0.342E+00
200101 0458 19.20 35 55.33  52  3.67    8.7    2.0  7 243 13.4 0.32  6.3  2.4  4.3-0.120E+02-0.688E+00 0.325E+01 0.522E+00
200101 0500  1.36 35 53.80  51 54.32   11.5    3.0 10 238 48.0 0.40  6.8  7.3  3.2-0.237E+01-0.113E+02 0.217E+02 0.529E+00
200101 0501 40.30 36 12.23  51 53.74   17.6    3.0  7 230 22.0 0.14  7.8  3.7  7.1 0.205E+02-0.233E+02-0.118E+02 0.359E+00
200101 0503 19.22 36  3.78  51 33.95    0.3    4.0  8 215 40.4 0.24  4.3  4.4  2.1 0.369E+01-0.409E+01-0.661E+01 0.350E+00
200101 0504 59.72 36  9.03  51 56.70   15.8    4.0 12 195 25.8 0.37  3.6  4.3  1.7-0.903E-01 0.229E+01 0.169E+01 0.637E+00
200101 0506 40.31 35 26.61  52  8.86   12.0    2.0  9 257 90.3 0.19  5.9  6.1  3.4 0.107E+02-0.117E+02-0.202E+02 0.437E+00
200101 0508 20.31 36  4.59  52  8.63   13.5    3.0  7 201 70.3 0.51 10.2 15.6  6.6 0.332E+02 0.771E+02 0.106E+03 0.623E+00
200101 0510  0.77 35 56.18  52  1.29    9.3    2.0  5 242 11.7 0.12  8.2  4.0  1.8 0.858E+01 0.425E+01 0.290E+02 0.382E+00
200101 0511 40.34 35 55.03  52 11.61   18.7    3.0 10 253 37.6 0.40  6.8  4.9  3.8 0.836E+01-0.112E+02-0.693E+01 0.631E+00
200101 0513 19.85 36  7.68  52 25.13   18.0    3.0 11 168 44.9 0.39  4.2  3.8  1.8-0.145E+01-0.196E+00-0.909E+01 0.640E+00
200101 0514 59.84 35 49.08  52 28.57   14.7    5.0 16 224 46.9 0.36  3.5  2.2  1.6-0.134E+01-0.740E+00 0.183E+01 0.583E+00
200101 0516 39.87 36  9.09  51 36.54   12.0    4.0 13 205 38.7 0.43  6.3  7.0  3.9-0.535E+00-0.243E+02 0.642E+01 0.557E+00
200101 0518 21.53 36  0.22  52 11.76   18.1    2.0  4 235106.2 0.02 54.0 98.5 25.6 0.118E+04 0.250E+04 0.461E+04 0.335E+00
200101 0520  0.09 35 54.60  51 38.63   11.9    4.0 12 237 57.2 0.38  4.9  3.0  2.3-0.944E-01-0.245E+01-0.182E+00 0.556E+00
200101 0521 39.21 35 56.83  52  9.49    3.0    3.0 12 215 15.2 0.37  3.6  4.3  2.4 0.397E+00-0.454E+01 0.118E+00 0.552E+00
200101 0523 20.33 35 58.98  51 57.75   17.9    4.0  9 225  9.2 0.25  7.4  2.7  5.5 0.130E+02-0.582E+01-0.661E+01 0.398E+00
200101 0524 59.84 35 52.99  51 47.50   10.0    4.0 15 232 28.1 0.45  7.3  3.9  6.3 0.800E+01-0.663E+01-0.227E+01 0.652E+00
200101 0526 39.98 36 24.31  51 40.12   11.6    4.0 10 135 50.5 0.20  2.7  3.7  2.0 0.133E+00-0.144E+00-0.152E+01 0.470E+00
200101 0528 19.61 36  5.47  51 53.19    6.3    5.0 10 178 14.5 0.43  5.5  4.5  2.2 0.358E+01-0.170E+00-0.238E+01 0.612E+00
200101 0530  0.15 36 11.27  51 44.67   17.1    4.0 10 194 41.7 0.31  4.1  3.9  2.5 0.162E+01-0.272E+01 0.116E+01 0.507E+00
200101 0531 40.23 36 11.43  51 35.27   11.2    2.0  7 284 43.6 0.24  4.9  3.2  4.1 0.491E+01 0.242E+01-0.704E+00 0.454E+00
200101 0533 19.92 36 28.13  51 59.74   14.4    3.0  8 108 47.6 0.29  3.1  4.7  2.1 0.246E+01 0.681E+01 0.769E+01 0.474E+00
200101 0534 58.86 36  1.50  51 44.09    0.0    2.0  5 225 55.3 0.30 16.7 33.1  5.1 0.742E+02-0.122E+03-0.429E+03 0.460E+00
200101 0536 19.83 36 17.37  50 46.47    0.0    2.0  4 325190.6 0.12115.3 65.3 84.6-0.523E+04 0.285E+04-0.476E+04 0.356E+00
200101 0538 20.02 36  1.67  51 53.56   19.4    4.0 10 283 12.9 0.32  5.4  2.4  4.3 0.272E+01 0.212E+01 0.691E+00 0.518E+00
200101 0540  0.21 35 49.46  51 31.54    5.4    2.0  8 334 51.9 0.27  9.1  2.4  4.2-0.190E+02 0.658E+00 0.431E+01 0.447E+00
200101 0541 40.19 36 15.34  52  5.86    8.5    4.0 11 101 24.5 0.46  3.2  3.6  2.6 0.226E+00-0.204E+01-0.290E+01 0.591E+00
200101 0543 20.44 36 27.83  51 57.52   10.0    4.0 11 195 29.6 0.49  6.9  3.7  6.1 0.469E+01-0.556E+01-0.436E+01 0.675E+00
200101 0544 59.67 35 59.29  52 16.87   29.4    2.0  5 296 30.6 0.06 11.2 21.6 10.7 0.172E+02-0.217E+03-0.349E+02 0.321E+00
200101 0546 40.29 35 36.71  51 26.58   18.0    4.0 14 306 71.6 0.34  7.1  4.3  5.7-0.885E+01 0.735E+01-0.435E+01 0.527E+00
200101 0548 20.12 36 15.64  51 50.40    9.1    3.0 12 182 32.4 0.48  4.4  4.6  2.7-0.206E+00-0.538E+01 0.817E+00 0.528E+00
200101 0549 59.35 35 30.93  52  4.07    6.0    4.0 12 254 83.1 0.46  4.7  4.9  3.6-0.573E+00-0.149E+01-0.170E+00 0.485E+00
200101 0551 40.04 36 21.42  51 57.70   15.2    4.0 11 101 24.2 0.38  3.5  3.1  2.9 0.125E+01-0.199E+01-0.301E+01 0.623E+00
200101 0553 19.99 35 53.51  51 58.09    8.1    4.0  7 284100.1 0.39 15.2 10.7  7.9 0.721E+02-0.683E+02-0.102E+03 0.493E+00
200101 0554 59.56 35 59.62  52 27.66   15.7    4.0 14 198 38.7 0.37  3.5  2.2  1.8 0.154E+01-0.657E+00-0.107E+01 0.545E+00
200101 0556 40.14 36  4.79  51 52.66   16.3    3.0  8 288 65.2 0.28 11.7  9.1  9.5 0.546E+02-0.728E+02-0.391E+02 0.423E+00
200101 0558 20.05 35 55.32  51 59.71   16.6    4.0 10 282 13.7 0.29  6.9  4.4  5.3 0.110E+02-0.584E+01-0.630E+00 0.516E+00
200101 0559 59.39 36 12.95  52 14.95   13.2    2.0  5 253 57.8 0.26  9.1  9.1  5.8 0.388E+02 0.340E+02 0.427E+02 0.496E+00
200101 0601 39.54 35 57.84  52 10.96   11.4    3.0  9 228 15.8 0.52  6.2  5.3  2.8-0.484E+01 0.379E+01 0.655E+01 0.683E+00
200101 0603 20.53 36  0.89  52 16.61   21.6    3.0  8 266 61.1 0.32  6.1  3.5  4.0 0.116E+02 0.413E+01 0.923E+00 0.492E+00
200101 0605  0.31 36 15.18  52  6.24    8.9    3.0 11 181  8.7 0.31  2.2  1.9  1.1 0.390E+00 0.445E+00-0.545E+00 0.473E+00
200101 0606 40.08 36 23.57  52 11.10   14.6    5.0 14  94 20.9 0.38  3.2  3.4  1.5 0.142E+00-0.592E+00 0.491E+01 0.625E+00
200101 0608 19.66 35 35.50  52  5.36    8.3    5.0 15 248 50.1 0.31  4.1  3.1  2.8 0.184E+01-0.937E+00-0.119E+01 0.455E+00
200101 0609 59.87 36 18.34  51 45.25    8.3    3.0  9 129 38.8 0.13  1.9  3.9  1.2-0.679E+00 0.243E+01-0.503E+01 0.336E+00
200101 0611 40.44 36  5.48  51 56.88   23.0    2.0  6 296 91.3 0.08  4.4  3.4  3.5 0.401E+01 0.730E+01 0.493E+01 0.326E+00
200101 0613 19.34 36 12.12  51 47.27    4.7    3.0  7 295 28.6 0.33 11.0  4.8  7.3-0.142E+02-0.310E+00-0.136E+02 0.426E+00
200101 0615  0.35 36 19.34  51 58.92   10.0    2.0  7 192 31.6 0.25 10.5 12.4 10.4 0.724E+00-0.109E+03-0.165E+01 0.466E+00
200101 0616 39.91 36 15.12  51 52.97   13.5    5.0 15 124 27.1 0.39  2.3  2.6  1.8-0.175E+00-0.236E+00-0.759E+00 0.543E+00
200101 0618 19.51 35 48.86  52 10.02   19.3    4.0 11 228 49.1 0.46  6.2  6.1  4.6 0.209E+01 0.970E+01 0.505E+01 0.639E+00
200101 0620  0.10 35 47.87  52 14.74   12.1    4.0 14 252 33.0 0.30  3.5  2.7  2.1 0.631E+00-0.254E+00-0.309E+01 0.513E+00
200101 0621 39.64 36  8.03  51 49.53    6.4    5.0  8 169 36.4 0.44  7.2  4.7  2.5 0.310E+01 0.253E+01-0.668E+01 0.471E+00
200101 0623 20.30 35 52.57  51 50.69   11.6    4.0 13 231 25.1 0.34  3.4  2.8  1.9-0.400E+00-0.289E+01 0.113E+01 0.487E+00
200101 0624 59.71 35 45.96  51 54.38   20.2    5.0 13 290 32.6 0.35  5.1  3.2  3.8 0.395E+01-0.231E+01 0.291E+00 0.465E+00
200101 0626 40.05 36  9.74  52 14.34   13.2    2.0  7 191 64.1 0.29  3.7  3.4  1.6-0.261E+00-0.425E-01 0.364E+01 0.417E+00
200101 0628 20.15 35 58.03  51 59.79   17.4    3.0  9 216  8.9 0.22  4.5  1.4  3.6-0.369E+00-0.568E+00 0.584E+00 0.445E+00
200101 0630  0.16 36 23.92  52  6.65   17.8    5.0 11  91 17.7 0.28  2.7  1.6  2.4 0.838E+00-0.746E-01-0.231E+00 0.547E+00
200101 0631 39.37 35 52.16  52 11.05    6.1    3.0 13 278 43.0 0.34  4.2  3.3  2.9 0.432E+01-0.407E+01-0.268E+01 0.499E+00
200101 0633 20.36 35 59.16  52  9.88   13.5    3.0 10 211 30.2 0.34  5.3  2.5  3.9 0.736E+01 0.104E+01 0.115E+01 0.502E+00
200101 0634 59.62 36 25.39  51 57.21    1.6    5.0 11 173 28.9 0.39  3.8  8.2  2.6-0.315E+01-0.220E+01-0.837E+01 0.625E+00
200101 0636 39.52 35 54.33  51 54.46    2.0    4.0 13 225 18.9 0.28  3.0  3.5  1.2 0.477E+00 0.114E+00-0.426E+01 0.469E+00
200101 0638 20.03 35 41.14  51 33.11    7.4    3.0 10 303 58.8 0.30  6.2  3.6  4.4-0.546E+01-0.305E+01-0.297E+01 0.482E+00
200101 0639 59.70 35 49.59  52  6.04   16.7    2.0  6 245 80.4 0.30  4.4  3.9  2.6 0.174E+01 0.558E+01 0.837E+01 0.424E+00
200101 0641 40.14 35 44.56  52  6.98   18.4    4.0 11 255 33.9 0.35  5.6  4.9  2.2 0.946E+00-0.759E+00 0.674E+00 0.562E+00
200101 0643 19.92 36  8.71  51 48.94   17.2    5.0 12 166 22.9 0.31  4.3  2.6  1.7 0.260E+01-0.487E+00-0.768E+01 0.502E+00
200101 0645  0.27 36  8.90  52 19.74   10.7    3.0  9 158 16.7 0.23  3.6  2.8  2.8 0.436E+01-0.534E+01-0.245E+01 0.440E+00
200101 0646 39.98 36 23.21  52 15.80   13.2    4.0 12 102 17.1 0.37  4.0  3.0  2.0 0.268E+00 0.645E-01 0.720E+01 0.604E+00
200101 0648 20.22 35 48.33  52 14.48   16.7    5.0 13 227 32.1 0.23  3.5  2.4  2.5 0.173E+01-0.433E+01-0.742E+00 0.467E+00
200101 0649 59.79 36  9.45  51 57.86    5.3    3.0  6 129 14.4 0.28  5.6  9.3  4.6-0.122E+02 0.386E+02-0.252E+02 0.467E+00
200101 0651 38.05 36  0.53  51 48.34   16.4    2.0  6 287 21.0 0.15  8.9  3.1  7.4 0.152E+02 0.913E+01-0.738E+01 0.326E+00
200101 0653 19.64 35 47.09  51 37.04   11.4    4.0 12 250 66.7 0.31  6.9  4.6  4.6 0.168E+02-0.175E+02-0.128E+02 0.518E+00
200101 0654 59.44 35 29.45  52  8.18    4.8    4.0  9 254 61.7 0.40  6.4  4.2  3.5-0.467E+01-0.688E+01-0.614E+00 0.556E+00
200101 0656 40.59 36  0.34  51 45.60   10.0    3.0 10 292 48.4 0.37  7.3  4.7  6.8 0.780E+01 0.603E+01-0.156E+01 0.475E+00
