 Date    Origin    Lat      Long      Depth    Mag No Gap Dmin  Rms  Erh  Erz  Erx      Cvxy      Cvxz      Cvyz     Oterr
210202 0357 10.56 28 57.71  50 55.62   10.6    0.0 35 110  3.4 0.07  0.7  0.6  0.5-0.461E-01-0.727E-02-0.810E-01 0.225E+00
210202 0131  5.09 28 57.82  50 55.54   11.0    0.0 36 132  3.7 0.07  0.8  0.7  0.5-0.767E-01 0.382E-01-0.117E+00 0.228E+00
210303 2329 13.67 28 54.62  50 58.12   10.6    0.0 45  57  3.6 0.09  0.5  0.5  0.3-0.342E-01-0.891E-01 0.110E-01 0.265E+00
210404 0835 16.26 28 55.58  50 55.13   11.0    0.0 29 133  0.9 0.07  0.7  0.6  0.5-0.684E-01-0.107E+00 0.265E-01 0.242E+00
210404 0836 57.59 28 55.35  50 54.78    8.9    0.0 15 200  8.0 0.07  2.2  3.5  2.1 0.121E+01-0.656E+01-0.193E+01 0.267E+00
210404 0836 57.05 28 55.81  50 54.99   10.7    0.0 27 141  0.6 0.06  0.8  0.6  0.5-0.118E+00-0.488E-01 0.359E-01 0.225E+00
210404 0837 23.25 28 55.60  50 55.30   11.0    0.0 28 120  2.5 0.07  0.7  0.6  0.5-0.391E-01-0.486E-01-0.139E-01 0.237E+00
210404 0837 48.63 28 56.81  50 56.03   15.9    0.0 18 145  1.7 0.06  1.3  0.8  0.9-0.254E+00-0.184E+00 0.956E-01 0.233E+00
210404 0838 38.66 28 55.76  50 55.24   10.6    0.0 23 139  1.0 0.06  0.8  0.8  0.6-0.610E-01-0.827E-03 0.121E+00 0.234E+00
210404 0839 54.30 28 55.41  50 55.26   10.4    0.0 22 126  2.7 0.08  0.9  0.9  0.6-0.883E-01 0.193E-01 0.957E-01 0.263E+00
210404 0841 45.75 28 55.70  50 55.64   12.1    0.0 27 131  1.7 0.07  0.9  0.8  0.7-0.138E-01-0.170E+00 0.311E-01 0.243E+00
210404 0843 10.81 28 55.62  50 54.68   10.3    0.0 25 107  0.3 0.08  0.8  0.8  0.5-0.958E-01-0.141E+00 0.977E-01 0.265E+00
210404 0843 35.38 28 55.53  50 55.04    9.7    0.0 31 117  2.9 0.06  0.5  0.6  0.4-0.424E-01-0.506E-01 0.898E-02 0.216E+00
210404 0843 58.88 28 55.47  50 55.19   10.3    0.0 33 124  1.1 0.08  0.7  0.7  0.5 0.115E-01 0.101E-01 0.468E-01 0.249E+00
210404 0844 38.50 28 55.66  50 55.07   10.5    0.0 32 129  0.8 0.07  0.6  0.7  0.5-0.204E-02 0.357E-02 0.391E-01 0.230E+00
210404 0849 23.98 28 55.88  50 55.31   11.1    0.0 24 143  1.2 0.06  0.8  0.8  0.6-0.766E-01-0.441E-01 0.113E+00 0.232E+00
210404 0849 31.65 28 55.84  50 55.10   10.9    0.0 15 142  0.8 0.06  1.6  1.0  0.8-0.286E+00-0.189E+00 0.447E+00 0.261E+00
210404 0849 52.35 28 55.86  50 55.48   10.3    0.0 23 142  1.4 0.06  0.8  0.8  0.6-0.603E-01-0.194E+00 0.542E-01 0.222E+00
210404 0853 39.44 28 55.69  50 54.92   11.2    0.0 15 139  0.5 0.08  1.6  1.4  1.3-0.239E+00-0.829E+00 0.443E+00 0.284E+00
210404 0854 29.16 28 55.56  50 55.07   10.1    0.0 42 127  0.8 0.09  0.5  0.7  0.4-0.334E-01-0.107E+00 0.298E-01 0.270E+00
210404 0855 23.72 28 55.55  50 54.99   10.3    0.0 34  81  0.7 0.08  0.6  0.8  0.4-0.515E-01-0.136E+00-0.136E-02 0.262E+00
210404 0856 27.63 28 55.33  50 55.12   10.5    0.0 37 109  1.1 0.08  0.6  0.7  0.4-0.226E-01-0.106E+00 0.224E-01 0.259E+00
210404 0858  1.55 28 55.51  50 55.34   11.4    0.0 15 135  2.5 0.08  1.7  1.3  1.0-0.162E+00 0.489E-01 0.740E+00 0.284E+00
210404 0900 30.20 28 55.53  50 54.88   11.0    0.0 47  59  0.6 0.09  0.6  0.5  0.4-0.249E-01-0.128E+00-0.753E-02 0.284E+00
210404 0901 11.75 28 55.42  50 55.38   10.8    0.0 39 117  1.4 0.07  0.6  0.5  0.4-0.209E-01-0.584E-01-0.275E-01 0.227E+00
210404 0901 11.64 28 55.94  50 55.00   11.3    0.0 29 101  0.7 0.06  0.7  0.6  0.5-0.504E-01-0.262E-01 0.218E-01 0.228E+00
210404 0901 45.67 28 55.63  50 55.28   10.5    0.0 34 128  2.5 0.07  0.6  0.7  0.5-0.552E-02-0.250E-01 0.378E-01 0.238E+00
210404 0902 14.68 28 55.51  50 55.08   10.8    0.0 32 127  0.9 0.07  0.6  0.7  0.5-0.263E-01-0.370E-01 0.422E-01 0.235E+00
210404 0903 25.69 28 55.80  50 54.93   11.3    0.0 14 149  0.6 0.08  1.6  1.3  1.3-0.137E+00-0.153E+00 0.365E+00 0.298E+00
210404 0903 59.64 28 55.65  50 55.10   10.9    0.0 38 129  2.7 0.08  0.6  0.6  0.5 0.436E-02-0.117E+00 0.200E-01 0.260E+00
210404 0904 53.14 28 55.64  50 55.23   10.7    0.0 39 114  1.0 0.08  0.6  0.6  0.5-0.308E-01-0.707E-01-0.199E-01 0.247E+00
210404 0914  5.37 28 56.07  50 55.08   10.9    0.0 24 150  2.6 0.06  0.8  0.6  0.5-0.869E-01-0.531E-01 0.753E-01 0.218E+00
210404 0916  4.04 28 56.06  50 55.29   11.6    0.0 31  90  2.3 0.07  0.7  0.6  0.5-0.476E-01-0.936E-01 0.368E-02 0.237E+00
210404 0937  7.55 28 55.71  50 55.40    9.1    0.0 22 142  1.3 0.07  0.9  0.9  0.6-0.482E-01-0.687E-01 0.747E-01 0.248E+00
210404 0942 54.21 28 55.35  50 55.15   10.3    0.0 44  96  1.2 0.09  0.6  0.7  0.4-0.529E-01-0.113E+00 0.107E-01 0.282E+00
210404 0943 25.38 28 55.84  50 55.17   10.5    0.0 28 142  2.5 0.06  0.6  0.6  0.5-0.436E-01-0.472E-01 0.486E-01 0.218E+00
210404 0943 57.66 28 55.76  50 55.49   12.1    0.0 46 109  2.1 0.09  0.6  0.7  0.4-0.260E-01-0.141E+00 0.371E-02 0.269E+00
210404 0944 30.96 28 55.57  50 55.00   10.7    0.0 21 131  0.7 0.07  0.9  0.9  0.6-0.696E-01-0.299E-03 0.701E-01 0.246E+00
210404 0944 47.39 28 55.82  50 55.37   12.3    0.0 19 112  1.3 0.06  1.1  0.8  0.8-0.166E+00-0.994E-01-0.117E+00 0.237E+00
210404 0947 14.15 28 55.49  50 55.28   10.9    0.0 44 106  2.6 0.09  0.6  0.5  0.5-0.150E-01-0.109E+00 0.288E-02 0.265E+00
210404 0958 49.67 28 55.60  50 55.47   11.2    0.0 33 133  1.4 0.07  0.7  0.6  0.5-0.614E-01-0.948E-01 0.632E-01 0.231E+00
210404 1017 58.75 28 55.48  50 55.20   10.8    0.0 42 115  1.1 0.08  0.6  0.6  0.5-0.249E-02-0.126E+00-0.357E-01 0.261E+00
210404 1019 28.73 28 55.43  50 55.42   11.5    0.0 36 121  1.5 0.07  0.6  0.7  0.4-0.182E-01-0.112E+00 0.267E-01 0.243E+00
210404 1019 54.97 28 55.81  50 55.49   11.3    0.0 35 114  1.5 0.07  0.6  0.6  0.5 0.856E-02-0.112E+00-0.210E-01 0.225E+00
210404 1030 47.81 28 55.66  50 55.57   10.9    0.0 25 128  2.0 0.07  0.9  0.9  0.7 0.273E-01-0.331E+00 0.169E-01 0.242E+00
210404 1159  6.36 28 55.33  50 55.16   10.3    0.0 47  59  1.2 0.08  0.5  0.5  0.4-0.151E-01-0.823E-01-0.859E-02 0.240E+00
210404 1206 57.28 28 55.38  50 55.25   11.3    0.0 16 127  1.2 0.06  1.1  1.3  0.9 0.815E-01 0.255E+00 0.195E+00 0.240E+00
210404 1209 48.49 28 55.35  50 55.45   10.6    0.0 35 130  1.6 0.07  0.6  0.6  0.5 0.358E-02 0.181E-02 0.453E-01 0.227E+00
210404 1210 14.95 28 55.10  50 55.66   11.2    0.0 19 122  2.1 0.06  1.0  0.8  0.7-0.151E+00-0.184E+00 0.187E+00 0.235E+00
210404 1211 44.49 28 55.57  50 55.24   10.6    0.0 29 132  1.1 0.07  0.7  0.7  0.6 0.329E-01-0.448E-01 0.445E-01 0.233E+00
210404 1217 59.38 28 55.49  50 55.65   11.8    0.0 30 126  1.8 0.07  0.7  0.7  0.5-0.343E-01-0.113E+00 0.381E-01 0.229E+00
210404 1223  6.33 28 55.09  50 55.00   11.6    0.0 22 126  1.4 0.06  1.0  0.8  0.6-0.838E-02-0.505E-01 0.163E+00 0.231E+00
210404 1223 19.12 28 55.59  50 55.00   11.0    0.0 20 133  0.7 0.06  0.9  0.8  0.6-0.854E-01-0.112E+00 0.871E-01 0.231E+00
210404 1228 55.38 28 55.55  50 55.20   10.5    0.0 30 126  1.0 0.06  0.6  0.6  0.4-0.373E-01-0.700E-01 0.389E-01 0.208E+00
210404 1235  4.76 28 55.62  50 55.54   11.7    0.0 40  86  2.1 0.07  0.6  0.6  0.4-0.183E-01-0.728E-01 0.503E-02 0.231E+00
210404 1235 21.12 28 55.50  50 55.28   11.0    0.0 42 125  2.6 0.09  0.7  0.6  0.5-0.190E-01-0.155E+00 0.110E-01 0.279E+00
210404 1235 58.68 28 55.49  50 55.21   10.6    0.0 28 129  2.7 0.06  0.7  0.7  0.5-0.493E-01-0.253E-01 0.282E-01 0.227E+00
210404 1236 20.14 28 55.11  50 56.24   12.4    0.0 18  89  2.0 0.05  1.0  0.9  0.7-0.150E+00-0.325E+00 0.160E+00 0.226E+00
210404 1238 34.08 28 55.78  50 55.31   11.3    0.0 24 117  1.2 0.06  0.8  0.7  0.6-0.118E+00-0.903E-01 0.320E-01 0.233E+00
210404 1239 46.89 28 55.55  50 55.19   11.0    0.0 21 132  2.7 0.06  0.9  0.8  0.8-0.374E-01 0.125E-01 0.400E-01 0.233E+00
210404 1243 27.65 28 55.29  50 55.35   10.4    0.0 36 115  2.7 0.07  0.5  0.6  0.3-0.175E-01-0.823E-01 0.112E-01 0.227E+00
210404 1246 15.74 28 55.86  50 55.33    9.7    0.0 20 142  1.2 0.05  0.8  0.7  0.6-0.122E+00 0.575E-01 0.803E-01 0.216E+00
210404 1249 45.87 28 55.56  50 55.63   11.1    0.0 23 139  1.7 0.07  0.8  0.9  0.6-0.299E-02 0.957E-01 0.151E+00 0.241E+00
210404 1250 40.91 28 55.46  50 55.25   10.9    0.0 12 127  1.2 0.08  1.5  1.6  1.0-0.486E-01-0.850E-03 0.392E+00 0.302E+00
210404 1253  1.26 28 55.38  50 55.59   11.2    0.0 39 119  2.2 0.07  0.6  0.6  0.4-0.191E-01-0.539E-01 0.246E-01 0.234E+00
210404 1253 33.32 28 55.30  50 55.34   11.8    0.0 17 133  1.5 0.05  1.4  1.1  0.9 0.218E+00-0.676E-01 0.169E+00 0.232E+00
210404 1253 47.40 28 55.41  50 55.35   10.2    0.0 27 123  2.5 0.06  0.7  0.7  0.5-0.398E-01-0.617E-01 0.145E-01 0.212E+00
210404 1255 21.37 28 55.38  50 55.25   10.4    0.0 38 119  2.7 0.08  0.6  0.7  0.4-0.137E-01-0.634E-01 0.185E-01 0.248E+00
210404 1256  8.89 28 55.53  50 55.43   10.9    0.0 25 131  2.3 0.07  0.9  0.8  0.6 0.529E-01-0.109E-01 0.981E-01 0.244E+00
210404 1258 31.61 28 55.34  50 55.36   11.0    0.0 47 103  1.4 0.10  0.6  0.5  0.5-0.285E-01-0.151E+00 0.254E-01 0.291E+00
210404 1258 47.45 28 56.26  50 55.80   12.2    0.0 22 102  1.5 0.07  1.0  0.8  0.7-0.155E+00-0.156E+00-0.784E-01 0.244E+00
210404 1259 49.25 28 55.32  50 55.39   10.3    0.0 26 121  2.6 0.07  0.8  0.8  0.6-0.842E-02-0.675E-01 0.291E-01 0.250E+00
210404 1300 49.67 28 55.76  50 55.23   11.3    0.0 18 155  2.5 0.07  1.2  1.0  0.8-0.107E+00-0.284E-01 0.147E+00 0.259E+00
210404 1301 17.78 28 55.26  50 55.70   11.0    0.0 22 110  2.2 0.05  0.8  0.6  0.6-0.339E-01-0.139E+00 0.615E-01 0.213E+00
210404 1305 21.28 28 55.42  50 55.43   10.5    0.0 26 125  1.5 0.06  0.7  0.7  0.5-0.481E-01-0.508E-01 0.480E-01 0.223E+00
210404 1306 50.87 28 55.48  50 55.24   11.3    0.0 32 118  1.1 0.06  0.6  0.6  0.4-0.289E-01-0.601E-01 0.160E-01 0.220E+00
210404 1308 45.84 28 56.18  50 55.89   11.9    0.0 16  96  2.2 0.07  1.2  1.0  0.9-0.136E+00-0.123E+00-0.807E-01 0.268E+00
210404 1309  7.45 28 55.45  50 55.23   11.0    0.0 26 126  1.2 0.07  0.8  0.7  0.6-0.700E-01-0.713E-01 0.709E-01 0.238E+00
210404 1312 55.46 28 55.40  50 55.30   11.3    0.0 25 121  1.3 0.07  0.7  0.9  0.5-0.825E-01-0.107E+00 0.897E-01 0.239E+00
210404 1320 41.95 28 55.33  50 54.92   12.8    0.0 13 121  0.9 0.07  1.7  1.4  1.2 0.602E-02-0.201E+00-0.278E-01 0.285E+00
210404 1323 42.20 28 55.59  50 55.43   11.4    0.0 38 119  1.4 0.06  0.6  0.6  0.4-0.214E-01-0.337E-01-0.127E-01 0.218E+00
210404 1342 21.80 28 55.39  50 55.31   10.4    0.0 28 120  1.3 0.06  0.6  0.7  0.4-0.256E-01-0.119E-01 0.399E-01 0.218E+00
210404 1351 32.93 28 55.07  50 55.69   11.9    0.0 43  96  2.5 0.08  0.6  0.7  0.5-0.803E-02-0.999E-01 0.231E-01 0.251E+00
210404 1357 42.90 28 55.36  50 54.86   11.4    0.0 22 114  0.8 0.07  0.9  1.0  0.7-0.106E+00-0.303E+00 0.349E-01 0.252E+00
210404 1450 34.28 28 55.53  50 55.02   10.8    0.0 14 126  0.8 0.07  1.4  1.1  1.0-0.316E+00 0.126E+00 0.699E-01 0.284E+00
210404 1450 47.19 28 55.42  50 55.43   11.3    0.0 22 128  1.5 0.08  1.0  1.0  0.7-0.410E-01 0.968E-01 0.125E+00 0.264E+00
210404 2127 33.33 28 56.07  50 54.90   13.6    0.0 16 180  0.8 0.07  1.6  1.1  1.1-0.613E-01-0.366E-01 0.104E-01 0.270E+00
