 Date    Origin    Lat      Long      Depth    Mag No Gap Dmin  Rms  Erh  Erz  Erx      Cvxy      Cvxz      Cvyz     Oterr
210404 0701  6.01 29 48.36  50 43.10   30.7    0.0 13 338 83.1 0.04101.3 33.9 33.9-0.317E+04-0.947E+03 0.247E+04 0.222E+00
210404 0710 28.41 29 50.87  50 43.05   47.9    0.0 42 336 87.6 0.08  3.0  5.9  1.8-0.656E+00 0.297E+01-0.133E+02 0.198E+00
210404 0730  9.32 29 45.61  50 43.19   47.3    0.0 31 336 92.3 0.06  2.9  5.5  1.6 0.840E+00-0.954E+00-0.128E+02 0.193E+00
210404 0802  4.61 29 41.17  50 49.87   45.3    0.0 26 330 70.5 0.06  2.5  3.8  1.6-0.393E+00 0.911E+00-0.656E+01 0.206E+00
210404 0811 20.19 29 44.28  50 41.61   43.5    0.0 23 337 90.2 0.06  4.7  9.2  2.4 0.442E+01-0.870E+01-0.358E+02 0.207E+00
210404 0850 40.62 29 49.71  50 42.66   40.8    0.0 40 335 77.8 0.06  2.1  5.1  1.4-0.325E+00 0.207E+01-0.736E+01 0.181E+00
210404 0911 10.83 29 46.21  50 40.96   46.6    0.0 37 334 73.2 0.06  2.3  3.9  1.7-0.634E+00 0.303E+01-0.503E+01 0.182E+00
210404 0912 53.02 29 48.82  50 42.24   40.4    0.0 34 335 76.6 0.06  2.4  4.9  1.8-0.975E+00 0.426E+01-0.714E+01 0.179E+00
210404 0938 55.24 29 42.03  50 35.79   72.0    0.0 23 345 90.8 0.07  8.3  7.1  5.4 0.261E+02-0.252E+02-0.429E+02 0.214E+00
210404 0938 55.23 29 50.29  50 43.10   49.0    0.0 35 338 86.6 0.06  4.2  7.9  2.5 0.458E+01-0.910E+01-0.257E+02 0.185E+00
210404 0942  8.08 29 42.67  50 42.80   56.6    0.0 25 336 86.0 0.06  4.1  5.8  2.3 0.392E+01-0.574E+01-0.192E+02 0.207E+00
210404 0957 30.14 29 42.17  50 41.11   72.1    0.0 19 332 78.8 0.05  4.0  4.5  3.0-0.811E+00 0.729E+01-0.898E+01 0.207E+00
210404 1117 13.31 29 45.11  50 42.26   51.6    0.0 37 336 70.4 0.07  2.4  3.8  1.5 0.249E+00 0.386E+00-0.640E+01 0.191E+00
210404 1226  3.64 29 44.43  50 42.36   48.9    0.0 46 336 76.2 0.07  2.5  4.2  1.5 0.765E+00-0.838E+00-0.810E+01 0.197E+00
210404 1811 22.10 29 45.35  50 45.01   39.6    0.0 37 333 68.9 0.06  2.2  4.9  1.5-0.306E+00 0.151E+01-0.737E+01 0.184E+00
210404 1923 53.27 29 47.00  50 42.36   49.4    0.0 24 334 95.0 0.06  4.1  7.7  2.4 0.184E+00 0.119E+01-0.243E+02 0.205E+00
210404 2130 12.61 30  0.99  50 34.58   64.9    0.0 24 342102.2 0.06  7.0  8.7  5.6 0.549E+00 0.623E+01-0.356E+02 0.193E+00
210404 2221 32.79 29 41.14  50 38.23   25.3    0.0 23 336 67.4 0.06  2.6 10.0  2.0-0.503E+00 0.795E+01-0.136E+02 0.209E+00
210404 2223  5.48 29 41.63  50 57.62    7.1    0.0 37 330 67.4 0.08  3.5999.9  2.6-0.285E+01 0.102E+04-0.294E+04 0.222E+00
210404 2226 20.36 29 48.88  50 47.74   29.7    0.0 41 334 83.0 0.07  2.7 10.0  1.6-0.781E+00 0.418E+01-0.211E+02 0.187E+00
210404 2230 14.31 29 42.96  50 40.33   56.2    0.0 33 336 68.4 0.06  2.7  3.8  1.9 0.693E+00-0.588E-01-0.613E+01 0.189E+00
210404 2236 35.91 29 46.37  50 46.58   37.4    0.0 38 336 89.6 0.07  3.6  8.5  2.2 0.426E+01-0.123E+02-0.235E+02 0.204E+00
210404 2241 47.54 29 42.21  50 36.54   40.9    0.0 43 336 74.9 0.08  3.0  5.8  1.9 0.155E+01-0.114E+01-0.117E+02 0.215E+00
210404 2243 52.74 29 43.06  50 40.63   58.4    0.0 47 333 68.3 0.08  2.3  2.8  1.5 0.492E+00-0.891E-01-0.433E+01 0.203E+00
210404 2259 52.73 29 48.31  50 46.83   26.7    0.0 42 336 82.1 0.07  2.7 10.9  1.7 0.492E+00 0.789E-01-0.213E+02 0.199E+00
210404 2311 14.13 29 45.80  50 43.99   41.0    0.0 35 342 88.9 0.06  3.5  7.1  2.3 0.203E+01-0.313E+01-0.174E+02 0.182E+00
210404 2349 51.71 29 45.41  50 53.74   17.3    0.0 24 336 75.8 0.06  4.3 36.0  3.3-0.399E+01 0.423E+02-0.913E+02 0.201E+00
210404 2352 39.01 29 39.53  50 41.19   41.4    0.0 32 335 62.3 0.06  3.4  3.7  3.1-0.852E+00 0.447E+01-0.493E+01 0.193E+00
210404 2356 55.80 29 41.35  50 42.87   56.0    0.0 43 334 70.5 0.06  2.4  3.2  1.5 0.433E+00 0.217E+00-0.553E+01 0.184E+00
210505 1914 22.80 29 47.26  50 34.06   11.0    0.0 49 336 80.6 0.12 40.7 97.2 19.0-0.681E+03-0.184E+04 0.349E+04 0.273E+00
210505 2128 10.57 29 40.15  50 50.14   48.1    0.0 62 329 56.9 0.08  1.7  2.1  1.3-0.465E+00 0.101E+01-0.206E+01 0.211E+00
210505 2007 23.44 29 50.07  50 32.41   10.8    0.0 28 306 68.0 0.19 10.9 25.3  2.6-0.190E+02-0.475E+02 0.265E+03 0.407E+00
210505 2128 55.42 29 43.21  50 46.44   11.0    0.0 38 288 64.4 0.13  6.5 15.9  1.9-0.382E+01-0.113E+02 0.978E+02 0.328E+00
210505 2133 23.17 29 40.22  50 40.23    9.3    0.0 68 284 57.7 0.15  5.7 13.7  2.1-0.735E+01-0.205E+02 0.718E+02 0.346E+00
210505 1755 20.69 29 38.34  50 47.75   55.5    0.0 53 332 63.6 0.08  2.1  2.7  1.3-0.444E+00 0.102E+01-0.411E+01 0.219E+00
210505 1830  2.72 29 47.44  50 34.96   11.0    0.0 21 302 64.9 0.13  3.0999.9  1.8 0.242E+01-0.141E+04-0.229E+04 0.316E+00
210505 1841 32.36 29 48.21  50 32.16   10.9    0.0 22 304 64.6 0.18 14.8 32.6  2.9-0.325E+02-0.751E+02 0.471E+03 0.398E+00
210505 1853 25.42 29 43.49  50 38.79    7.7    0.0 36 294 61.3 0.12  4.7 10.9  1.1-0.490E+00-0.187E+01 0.487E+02 0.294E+00
210505 2111  7.78 29 56.27  50 28.27   11.2    0.0 29 314 77.3 0.08  8.1 19.0  2.2-0.136E+02-0.346E+02 0.146E+03 0.223E+00
210505 2111 12.84 29 47.39  50 37.03   26.7    0.0 42 335 78.2 0.07  2.1  7.3  1.6 0.472E+00 0.196E+00-0.908E+01 0.195E+00
210505 1515 25.51 29 48.82  50 35.73   11.1    0.0 32 305 67.8 0.13  7.1 16.7  1.5-0.236E+01-0.663E+01 0.115E+03 0.288E+00
210505 1515 27.65 29 45.41  50 41.27   10.9    0.0 17 339103.6 0.09 59.7143.9 22.8-0.124E+04-0.325E+04 0.793E+04 0.256E+00
210505 0121 24.71 29 45.65  50 37.41   10.9    0.0 52 300 63.7 0.13  5.7 13.4  1.3-0.599E+00-0.232E+01 0.740E+02 0.302E+00
210505 1942 29.58 29 43.79  50 33.19   11.0    0.0 18 298 57.6 0.06  7.8 19.0  1.2-0.159E+00 0.355E-01 0.144E+03 0.217E+00
210505 1244 52.44 29 42.62  50 33.05   10.8    0.0 61 293 55.5 0.10  3.4  8.0  1.0-0.172E+01-0.466E+01 0.259E+02 0.233E+00
210505 0649 42.41 29 32.94  50 24.27   50.0    0.0 20 296 33.8 0.08  7.9  5.4  5.6 0.294E+02-0.290E+02-0.289E+02 0.239E+00
210505 2040 28.04 29 42.75  50 38.69    7.1    0.0  8 295 60.1 0.09  3.4743.3  1.8 0.205E+01-0.664E+03-0.139E+04 0.329E+00
210505 2146 43.60 29 45.45  50 34.32   15.0    0.0 14 300 61.2 0.08  2.9 27.9  1.6 0.223E+01-0.281E+02-0.549E+02 0.274E+00
210505 2146 46.54 29 33.43  50 29.46   35.0    0.0 59 281 37.7 0.12  2.2  3.8  1.3 0.114E+01-0.110E+01-0.530E+01 0.293E+00
210505 2318 41.50 29 41.23  50 34.71    8.6    0.0 49 293 54.4 0.15  4.8 11.0  1.3-0.242E+01-0.668E+01 0.499E+02 0.339E+00
210505 0019 52.02 29 37.58  50 34.84   23.8    0.0 32 335 65.7 0.06  2.3  6.6  1.8 0.547E+00 0.125E+01-0.767E+01 0.194E+00
210505 0035 26.08 29 40.96  50 38.99   44.3    0.0 16 337 90.9 0.07  7.8 12.6  5.1 0.239E+02-0.451E+02-0.704E+02 0.241E+00
210505 0041 17.03 29 44.03  50 36.53    9.2    0.0 24 297 60.4 0.09  7.3 17.7  2.1-0.568E+01-0.170E+02 0.122E+03 0.247E+00
210505 0921 10.98 29 43.18  50 37.71   11.3    0.0  6 352124.8 0.04994.8999.9455.9-0.403E+06-0.109E+07 0.212E+07 0.295E+00
210505 0921 12.22 29 33.26  50 31.49   43.1    0.0 61 278 39.1 0.10  1.7  2.4  1.1 0.251E+00 0.480E+00-0.242E+01 0.265E+00
210505 1255 10.00 29 41.44  50 31.81   19.5    0.0 23 295 52.7 0.09  3.0 13.1  2.2 0.356E+01-0.247E+02-0.235E+02 0.257E+00
210505 0101 33.42 29 49.71  50 41.24   11.0    0.0 22 301 73.2 0.12 10.2 24.9  2.6-0.107E+02-0.312E+02 0.242E+03 0.309E+00
210505 0123 37.07 29 45.81  50 31.99   11.3    0.0 42 301 60.3 0.12  2.4313.9  1.6 0.166E+01-0.293E+03-0.474E+03 0.290E+00
210505 0914 12.40 29 41.34  50 31.88   10.9    0.0 14 295 52.6 0.10  3.9999.9  2.6 0.558E+01-0.203E+04-0.210E+04 0.278E+00
210505 0914 12.11 29 43.13  50 32.86    4.9    0.0 12 297 56.3 0.14 12.8 10.1  1.9-0.367E+01-0.291E+01 0.126E+03 0.364E+00
210505 0931 20.30 29 42.21  50 37.51   10.7    0.0 38 292 58.2 0.15  5.7 13.0  1.3-0.102E+01-0.320E+01 0.699E+02 0.350E+00
210505 0444 38.40 29 42.39  50 49.22   50.8    0.0 15 334 61.3 0.07  4.5  5.6  3.7 0.361E+01 0.348E+01-0.937E+01 0.237E+00
210505 0334  7.40 29 40.30  50 34.55   10.5    0.0 53 291 52.8 0.15  4.6 10.6  1.4-0.247E+01-0.692E+01 0.458E+02 0.356E+00
210505 1611 42.63 29 44.46  50 36.30   24.9    0.0 20 294 60.9 0.12  3.5 11.1  2.2 0.437E+01-0.196E+02-0.251E+02 0.293E+00
210505 1611 43.11 29 44.78  50 35.75   10.9    0.0 47 297 61.0 0.10  4.5 10.4  1.1-0.145E+01-0.414E+01 0.440E+02 0.261E+00
210505 1626 17.72 29 43.78  50 38.25   13.4    0.0 10 291 61.4 0.05  3.2 56.0  1.4 0.246E+01-0.523E+02-0.137E+03 0.259E+00
210505 1626 19.79 29 41.68  50 42.76   10.6    0.0 60 335 81.6 0.10 23.0 55.4  8.2-0.174E+03-0.450E+03 0.119E+04 0.241E+00
210505 1629  5.62 29 43.69  50 34.11    5.0    0.0 30 298 58.1 0.08  5.4  4.1  1.0-0.153E+01-0.137E+01 0.215E+02 0.227E+00
210505 1654 38.00 29 42.36  50 30.39    9.4    0.0 27 298 53.4 0.14 11.3 27.1  3.5-0.245E+02-0.686E+02 0.288E+03 0.328E+00
210505 1746 53.94 29 41.69  50 32.80   12.0    0.0 17 295 53.8 0.08  2.3 71.7  1.3 0.136E+01-0.649E+02-0.991E+02 0.256E+00
210505 2300 54.29 29 51.07  50 27.90   11.0    0.0 58 310 67.8 0.11  6.4 15.1  2.1-0.992E+01-0.260E+02 0.905E+02 0.260E+00
210505 0048 54.12 29 43.77  50 39.43   10.4    0.0 48 294 62.3 0.14  5.1 11.8  1.3-0.159E+00-0.120E+01 0.577E+02 0.328E+00
210505 0538 38.15 29 39.96  50 42.89   11.8    0.0 13 287 60.0 0.16  4.4155.3  2.8 0.506E+01-0.422E+02-0.263E+03 0.421E+00
210505 1305 59.08 29 41.20  50 39.70   11.2    0.0 29 292 58.6 0.10  5.0 11.3  1.2 0.237E+01 0.498E+01 0.533E+02 0.269E+00
210505 1305 58.53 29 38.96  50 38.88   50.1    0.0 31 336 85.1 0.06  2.6  3.8  1.6 0.306E+00 0.683E+00-0.670E+01 0.194E+00
210505 1640  8.46 29 57.15  50 31.46    8.4    0.0  7 313 80.0 0.03 42.6 95.4  7.1-0.288E+03-0.654E+03 0.400E+04 0.277E+00
210505 1640 11.76 29 56.48  50 45.50   32.8    0.0  8 341117.7 0.01 13.4 47.1  8.6 0.289E+02 0.891E+01-0.442E+03 0.258E+00
210505 0540 16.62 29 35.93  50 46.79   68.6    0.0  9 344 88.8 0.07 11.7 11.3  9.9-0.232E+02 0.806E+02-0.607E+02 0.284E+00
210505 0634 37.62 29 50.51  50 40.76    8.6    0.0 32 302 74.1 0.14  7.6 17.6  1.5-0.369E+00-0.198E+01 0.129E+03 0.329E+00
210505 2241 23.68 29 34.87  50 33.38   41.4    0.0 12 285 43.2 0.06  5.0  6.0  3.3 0.108E+02-0.181E+02-0.200E+02 0.262E+00
210505 0540  4.86 29 46.58  50 35.76   11.1    0.0 68 297 64.0 0.16  5.2 12.2  1.5-0.384E+01-0.104E+02 0.600E+02 0.340E+00
210505 0645 10.36 29 40.46  50 28.84   11.2    0.0 14 299 49.3 0.12  6.0999.9  4.1 0.156E+02-0.397E+04-0.414E+04 0.304E+00
210505 1851 24.18 29 40.53  50 36.33   11.1    0.0 32 290 54.6 0.11  4.2  9.4  1.1-0.103E+01-0.303E+01 0.366E+02 0.285E+00
210505 2338 39.80 29 40.22  50 52.12    9.2    0.0  6 352 56.0 0.11999.9999.9468.6-0.494E+06-0.131E+07 0.295E+07 0.377E+00
210505 0332 42.31 29 46.15  50 36.24   10.9    0.0  9 300 63.6 0.13 12.8 27.9  1.9-0.906E+01-0.207E+02 0.344E+03 0.378E+00
210505 0332 44.29 29 36.80  50 40.19   65.3    0.0 27 340 79.3 0.05  2.9  2.7  1.9 0.142E+01-0.450E+00-0.517E+01 0.191E+00
210505 1152 17.84 29 60.00  50 38.61   11.2    0.0 61 310 88.6 0.12  7.0  8.9  1.5-0.356E+01-0.502E+01 0.602E+02 0.239E+00
210505 2309 17.87 29 41.39  50 38.19    9.3    0.0 65 288 57.5 0.14  4.0  9.2  1.1-0.107E+01-0.327E+01 0.343E+02 0.323E+00
210505 0609 29.17 29 34.43  50 36.29   29.1    0.0 10 277 45.3 0.05  3.2  5.0  1.2 0.238E+01-0.444E+01-0.111E+02 0.259E+00
210505 1348 36.88 29 53.87  50 35.25   10.8    0.0 37 306 76.1 0.11  6.6 15.6  1.5-0.448E+01-0.116E+02 0.988E+02 0.246E+00
210505 1839 48.21 29 34.95  50 30.57   11.3    0.0 21 283 41.1 0.13  6.0 11.7  1.6-0.646E+01-0.137E+02 0.645E+02 0.348E+00
210505 0938 51.97 29 49.21  50 35.32   10.9    0.0 64 300 68.2 0.11  4.3 10.2  1.3-0.298E+01-0.790E+01 0.416E+02 0.251E+00
210505 1019 37.55 29 45.23  50 31.49   24.9    0.0 23 301 59.0 0.12  3.6 10.9  2.2 0.473E+01-0.196E+02-0.266E+02 0.287E+00
210505 1036 26.10 29 49.63  50 32.73   11.3    0.0 18 306 67.4 0.12  8.7 20.2  2.0-0.990E+01-0.248E+02 0.168E+03 0.313E+00
210505 1036 26.06 29 43.75  50 51.51   77.0    0.0  8 346 99.5 0.02 15.6 17.3 11.8-0.822E+02 0.163E+03-0.171E+03 0.261E+00
210505 2219 34.96 29 57.06  50 40.36   10.9    0.0 16 342103.6 0.10 88.8215.1 31.9-0.261E+04-0.679E+04 0.178E+05 0.265E+00
210505 1652 13.98 29 42.64  50 40.15   28.8    0.0 20 336 90.3 0.08  3.4 11.2  2.1 0.637E+00 0.135E+01-0.268E+02 0.235E+00
210505 1652 14.40 29 41.62  50 38.08   11.2    0.0 51 288 57.8 0.11  1.6255.2  1.0 0.492E+00-0.887E+02-0.238E+03 0.274E+00
210505 1330 43.69 29 42.88  50 40.13   28.3    0.0 10 341 99.8 0.05  7.6 31.9  4.4-0.449E+01 0.505E+02-0.187E+03 0.253E+00
210505 1330 44.31 29 40.21  50 34.53   10.4    0.0 30 291 52.6 0.09  3.9  8.9  1.0-0.105E+01-0.304E+01 0.325E+02 0.257E+00
210505 0004 47.19 29 46.70  50 39.44   10.4    0.0 55 335 75.1 0.11 26.4 63.5 10.8-0.257E+03-0.676E+03 0.153E+04 0.256E+00
210505 1935 10.29 29 54.33  50 43.97   31.8    0.0 10 348121.9 0.06 10.4 31.7  8.8-0.324E+01 0.133E+03-0.149E+03 0.255E+00
210505 1935 12.51 29 41.55  50 37.01    0.0    0.0 53 333 69.2 0.09 24.0 19.1 11.3-0.237E+03-0.213E+03 0.403E+03 0.228E+00
210505 1938 56.89 29 46.60  50 42.83    1.1    0.0 57 334 72.5 0.10 23.6 19.0  8.2-0.178E+03-0.153E+03 0.419E+03 0.241E+00
210505 1938 55.98 29 53.11  50 45.19   10.7    0.0 14 340114.3 0.09 73.2177.7 21.6-0.148E+04-0.376E+04 0.124E+05 0.264E+00
210505 2035 52.49 29 48.35  50 32.07   45.7    0.0 11 339 88.1 0.07  5.3 10.1  4.3-0.222E+00 0.230E+02-0.216E+02 0.257E+00
210505 2035 55.18 29 44.80  50 40.80   36.7    0.0 62 333 71.0 0.08  1.9  4.2  1.4-0.636E+00 0.292E+01-0.527E+01 0.208E+00
210505 2212 12.58 29 49.21  50 39.60   51.9    0.0 63 335 79.1 0.08  2.1  3.6  1.4-0.388E+00 0.178E+01-0.500E+01 0.196E+00
210505 0031 42.18 29 40.83  50 37.26   10.8    0.0 62 335 67.9 0.13 29.4 70.1 13.8-0.355E+03-0.958E+03 0.182E+04 0.311E+00
210505 0035 52.73 29 38.12  50 41.42   17.1    0.0 39 334 59.9 0.07  1.6  9.1  1.3-0.213E+00 0.522E+01-0.670E+01 0.199E+00
210505 0055  5.27 29 43.70  50 35.28   10.7    0.0 69 334 74.1 0.15 31.4 74.6 15.2-0.415E+03-0.113E+04 0.205E+04 0.338E+00
210505 0058 34.57 29 38.74  50 40.41   22.3    0.0 23 335 61.8 0.06  2.5  8.9  2.0 0.105E+01-0.377E+01-0.119E+02 0.205E+00
210505 0119 32.23 29 39.97  50 39.97   10.8    0.0 45 332 64.1 0.12 29.3 37.4 12.9-0.337E+03-0.480E+03 0.984E+03 0.294E+00
210505 0121 14.41 29 41.04  50 40.10   33.0    0.0 29 336 86.0 0.06  2.5  6.7  1.6-0.124E+00 0.257E+01-0.115E+02 0.196E+00
210505 0121 13.76 29 42.43  50 35.81   11.6    0.0 38 333 71.7 0.09 31.1 73.5 15.2-0.409E+03-0.111E+04 0.199E+04 0.253E+00
210505 0140 52.58 29 35.09  50 38.05   33.6    0.0 22 335 61.7 0.08  3.2  4.8  2.3 0.244E+01-0.303E+01-0.875E+01 0.248E+00
210505 0148 17.36 29 44.39  50 50.44    8.4    0.0 70 332 64.2 0.11 19.7 47.8  4.5-0.826E+02-0.206E+03 0.917E+03 0.267E+00
210505 0157 29.29 29 42.17  50 48.38    0.1    0.0 14 340 61.4 0.13199.7161.9 46.8-0.907E+04-0.756E+04 0.314E+05 0.349E+00
210505 0157 29.40 29 44.30  50 48.63   40.0    0.0 20 335 76.7 0.07  3.2  5.8  2.2-0.416E+00 0.224E+01-0.116E+02 0.232E+00
210505 0200 28.95 29 41.50  50 37.15   11.0    0.0  8 337 89.7 0.09 67.7161.2 31.6-0.186E+04-0.504E+04 0.964E+04 0.317E+00
210505 0200 30.03 29 38.27  50 37.23   10.4    0.0 32 335 64.2 0.15 49.5116.8 24.9-0.106E+04-0.290E+04 0.500E+04 0.373E+00
210505 0211  8.67 29 43.10  50 38.06   10.9    0.0 67 333 70.6 0.13 29.5 70.6 13.0-0.341E+03-0.909E+03 0.187E+04 0.294E+00
210505 0212 56.21 29 41.79  50 35.60    8.1    0.0 15 334 86.6 0.17 73.2173.5 36.9-0.231E+04-0.634E+04 0.110E+05 0.391E+00
210505 0212 55.30 29 44.59  50 35.97   10.8    0.0 59 334 74.8 0.11 28.5 67.9 13.4-0.335E+03-0.903E+03 0.171E+04 0.271E+00
210505 0217 20.06 29 44.72  50 37.62   10.0    0.0 70 334 73.5 0.13 27.9 66.6 12.3-0.306E+03-0.816E+03 0.167E+04 0.301E+00
210505 0229 10.42 29 37.80  50 39.66    0.0    0.0 44 334 61.1 0.08 22.1 17.5 10.1-0.197E+03-0.176E+03 0.345E+03 0.216E+00
210505 0238 41.28 29 36.15  50 42.98   35.4    0.0 16 344 67.9 0.08  5.5  6.1  5.1 0.318E+01 0.205E+02-0.426E+01 0.261E+00
210505 0257 50.23 29 38.60  50 41.86   10.9    0.0 44 334 60.3 0.17 35.6 85.1 14.2-0.457E+03-0.120E+04 0.277E+04 0.401E+00
210505 0328 25.12 29 37.96  50 43.72   39.6    0.0 32 334 57.7 0.07  1.8  2.4  1.4-0.153E-01 0.775E+00-0.216E+01 0.218E+00
210505 0345  4.97 29 44.30  50 43.56   25.7    0.0 10 346105.0 0.06  8.3 30.6  7.0-0.181E+01 0.113E+03-0.108E+03 0.258E+00
210505 0359 24.89 29 41.48  50 38.06   10.8    0.0 60 332 68.1 0.09 19.3 24.6  8.9-0.151E+03-0.217E+03 0.422E+03 0.219E+00
210505 0405 36.47 29 40.80  50 39.03   10.9    0.0 65 332 66.2 0.13 25.2 60.0 11.3-0.251E+03-0.671E+03 0.135E+04 0.301E+00
210505 0526  3.07 29 42.33  50 42.56    9.4    0.0 62 332 72.3 0.09 18.2 43.6  6.9-0.115E+03-0.298E+03 0.733E+03 0.222E+00
210505 0617 14.82 29 40.46  50 41.76   47.8    0.0 31 334 82.4 0.06  2.4  3.9  1.4 0.322E+00 0.179E+00-0.700E+01 0.190E+00
210505 0617 16.89 29 40.91  50 47.41   10.7    0.0 28 330 59.8 0.09 28.3 68.0  8.8-0.233E+03-0.590E+03 0.183E+04 0.258E+00
210505 0625 35.49 29 43.12  50 40.58   24.4    0.0 10 346 68.5 0.05  7.4 10.8  6.8 0.112E+02 0.456E+02-0.187E+01 0.256E+00
210505 0718  5.23 29 41.43  50 38.82   10.9    0.0 15 345 67.4 0.17213.9508.9112.5-0.204E+05-0.572E+05 0.926E+05 0.410E+00
210505 0759 58.44 29 45.68  50 39.73   64.5    0.0 26 337 73.3 0.07  2.8  2.9  2.1-0.201E-01 0.159E+01-0.449E+01 0.221E+00
210505 0910 14.57 29 42.28  50 41.28   24.1    0.0 24 336 72.7 0.07  3.6 14.7  2.3-0.325E+01 0.216E+02-0.371E+02 0.224E+00
210505 0910 15.62 29 40.05  50 42.40   31.3    0.0 39 331 62.1 0.08  1.9  3.8  1.5-0.244E+00 0.223E+01-0.345E+01 0.210E+00
210505 1109  5.91 29 45.90  50 52.25   23.8    0.0 36 336 66.1 0.07  1.8  5.5  1.4-0.225E+00 0.181E+01-0.505E+01 0.199E+00
210505 1209 53.97 29 42.15  50 36.61   10.9    0.0 70 333 70.5 0.11 21.5 51.1 10.2-0.192E+03-0.519E+03 0.967E+03 0.254E+00
210505 1215 10.41 29 39.78  50 41.45   10.9    0.0 40 335 62.5 0.14 35.7 85.4 14.4-0.465E+03-0.122E+04 0.279E+04 0.336E+00
210505 1600 26.92 29 41.76  50 38.71   11.4    0.0 50 336 68.0 0.08  1.8194.4  1.3-0.364E+00 0.128E+03-0.185E+03 0.214E+00
210505 1600 27.40 29 36.74  50 34.72   38.1    0.0 19 331 81.6 0.05  2.7  4.9  1.9 0.359E+00 0.175E+01-0.783E+01 0.208E+00
210505 1831  1.19 29 44.13  50 39.08   10.9    0.0 30 337 71.3 0.07  2.1633.9  1.6-0.787E-01 0.397E+03-0.592E+03 0.213E+00
210505 2302 53.67 29 43.75  50 40.23   11.0    0.0 71 333 69.8 0.14 27.2 65.2 11.1-0.272E+03-0.717E+03 0.162E+04 0.325E+00
210505 2308 35.92 29 42.49  50 40.13   11.1    0.0 47 336 67.9 0.14 38.2 91.5 15.8-0.543E+03-0.143E+04 0.318E+04 0.328E+00
210505 2315 22.57 29 42.41  50 40.57   11.0    0.0 65 332 73.3 0.13 29.3 70.3 11.7-0.311E+03-0.818E+03 0.189E+04 0.303E+00
210505 2357  0.83 29 37.93  50 42.21   42.3    0.0 46 333 58.9 0.09  2.1  2.9  1.6-0.672E+00 0.222E+01-0.339E+01 0.236E+00
210505 2325 29.00 29 34.72  50 41.44   61.3    0.0 13 333 75.1 0.07  4.7  6.0  2.9-0.147E+01 0.763E+01-0.184E+02 0.258E+00
210505 2325 28.41 29 40.69  50 36.38   11.0    0.0 27 291 54.9 0.14  5.9 14.1  1.4-0.109E+00-0.142E+01 0.791E+02 0.355E+00
210505 1938 38.49 29 49.67  50 35.46   11.3    0.0 45 301 69.0 0.14  2.2312.9  1.4 0.115E+01-0.192E+03-0.434E+03 0.299E+00
210505 2200 40.03 29 33.40  50 23.80   71.6    0.0 18 298 34.5 0.10  8.6  5.4  4.9 0.309E+02-0.197E+02-0.348E+02 0.283E+00
210505 2334 26.26 29 44.07  50 30.33    7.1    0.0 18 336 91.0 0.12 75.4 95.8 43.9-0.267E+04-0.419E+04 0.587E+04 0.297E+00
210606 0022 13.69 29 44.99  50 43.33   58.8    0.0 44 336 87.6 0.07  2.9  3.9  1.8 0.112E+01-0.116E+01-0.830E+01 0.198E+00
210606 2338 40.60 29 53.90  50 31.72   11.2    0.0 11 311 74.4 0.11  5.0999.9  3.0 0.791E+01-0.302E+04-0.468E+04 0.313E+00
210606 2338 42.49 29 45.13  50 39.16   62.9    0.0 37 337 92.4 0.06  3.0  3.6  1.9 0.858E+00 0.156E+00-0.739E+01 0.189E+00
210606 2200 43.00 29 41.42  50 48.19   32.2    0.0 21 334 60.2 0.06  2.8  4.9  2.1-0.527E+00 0.499E+01-0.686E+01 0.225E+00
210606 0212  9.32 29 47.29  50 28.96   10.3    0.0 48 305 61.4 0.14  9.6 23.1  4.1-0.306E+02-0.854E+02 0.199E+03 0.300E+00
210606 0308  1.29 29 40.08  50 29.68   10.9    0.0 25 298 49.1 0.13 10.1 22.8  3.1-0.200E+02-0.548E+02 0.215E+03 0.297E+00
210606 1830  6.81 29 40.22  50 29.54   11.0    0.0 20 295 49.3 0.11  7.8 18.8  3.1-0.168E+02-0.484E+02 0.132E+03 0.288E+00
210606 2111 46.27 29 47.49  50 41.31   59.3    0.0 33 335 75.0 0.05  2.8  4.0  2.0-0.407E+00 0.344E+01-0.682E+01 0.170E+00
210606 0946  3.82 29 41.70  50 30.46   11.0    0.0 32 297 52.4 0.11  3.1751.8  2.1 0.332E+01-0.868E+03-0.140E+04 0.281E+00
210606 1415 29.70 29 40.37  50 31.62    7.5    0.0 18 293 50.8 0.10  8.0 19.6  2.6-0.120E+02-0.345E+02 0.145E+03 0.273E+00
210606 0118 33.59 29 49.53  50 34.53   10.9    0.0 13 301 68.2 0.06 17.0 36.2  2.4-0.328E+02-0.683E+02 0.604E+03 0.247E+00
210606 0227 28.28 29 42.44  50 31.07   11.2    0.0 35 295 54.0 0.11  6.1  7.8  2.7-0.119E+02-0.183E+02 0.417E+02 0.265E+00
210606 1301  3.60 29 50.39  50 32.28   28.1    0.0 19 311 68.4 0.13  6.1 16.6  3.8 0.157E+02-0.574E+02-0.732E+02 0.296E+00
210606 1303 58.88 29 49.94  50 34.48   11.3    0.0 44 305 68.9 0.14  3.2579.1  2.2 0.393E+01-0.952E+03-0.125E+04 0.299E+00
210606 2202  8.66 29 59.54  50 36.87   11.1    0.0  6 314 86.8 0.11 28.8 35.8  2.9-0.337E+02-0.424E+02 0.102E+04 0.357E+00
210606 2202 14.62 29 47.28  50 43.16   39.5    0.0 18 337 94.4 0.07  5.8 12.3  3.9 0.117E+02-0.297E+02-0.509E+02 0.227E+00
210606 2304 35.01 29 49.68  50 39.74   10.9    0.0 31 339 86.6 0.09 65.7157.7 24.0-0.144E+04-0.373E+04 0.964E+04 0.227E+00
210606 0027 18.37 29 41.49  50 27.53   19.1    0.0 11 299 50.5 0.12  6.1 27.7  4.5 0.148E+02-0.993E+02-0.899E+02 0.333E+00
210606 0250 41.09 29 46.23  50 37.28   18.8    0.0 15 299 64.5 0.09  6.2 42.3  4.2 0.160E+02-0.141E+03-0.176E+03 0.273E+00
210606 0250 41.39 29 41.85  50 45.01   55.8    0.0 21 335 63.0 0.05  3.5  4.7  3.0 0.217E+01 0.283E+01-0.466E+01 0.197E+00
210606 0950 33.57 29 45.54  50 36.81    6.8    0.0 30 299 63.1 0.09  5.5  6.6  1.1-0.838E+00-0.114E+01 0.347E+02 0.242E+00
210606 1438 24.51 29 44.37  50 34.75   11.2    0.0 15 298 59.6 0.13  4.6981.0  2.6 0.723E+01-0.212E+04-0.321E+04 0.330E+00
210606 0454 33.46 29 43.21  50 36.79   15.0    0.0  9 340 71.9 0.09  6.4 36.3  5.6 0.573E+01 0.332E+02-0.687E+02 0.299E+00
210606 1544 45.25 29 39.37  50 31.12   10.4    0.0 28 290 48.8 0.11  7.1 16.9  2.5-0.106E+02-0.305E+02 0.108E+03 0.269E+00
210707 1034  5.26 29 45.33  50 40.72   11.5    0.0 28 296 65.9 0.16  3.0236.9  2.1 0.139E+01 0.123E+02-0.348E+03 0.364E+00
210707 0713  7.51 29 42.25  50 37.60   11.4    0.0 70 289 58.4 0.13  1.6134.9  1.1 0.586E+00-0.550E+02-0.128E+03 0.297E+00
210707 0001 24.66 29 48.77  50 32.07   11.3    0.0 67 302 65.5 0.15  2.2349.9  1.4 0.113E+01-0.192E+03-0.486E+03 0.324E+00
210707 1111 56.17 29 52.59  50 54.56   10.1    0.0 72 300 77.5 0.14  5.5 13.0  1.5 0.332E+01 0.796E+01 0.683E+02 0.312E+00
210707 1114 58.05 29 54.29  50 54.85    6.2    0.0 65 302 80.5 0.13  5.5  7.0  1.5 0.431E+01 0.570E+01 0.371E+02 0.275E+00
210707 1137 49.28 29 56.01  50 54.13   10.6    0.0 67 304 83.8 0.15  6.4 15.2  1.6 0.417E+01 0.995E+01 0.935E+02 0.315E+00
210707 1141 35.57 29 50.48  50 57.00    6.1    0.0 66 298 73.1 0.13  4.7  5.9  1.4 0.336E+01 0.433E+01 0.263E+02 0.288E+00
210707 0252 57.10 29 40.52  50 35.88   10.9    0.0 54 291 54.2 0.16  4.3 10.0  1.3-0.217E+01-0.614E+01 0.399E+02 0.359E+00
210707 0310 38.85 29 39.45  50 40.06   10.8    0.0 27 286 56.4 0.16  5.8 12.4  1.3 0.491E+00 0.144E+00 0.666E+02 0.395E+00
210707 1541 41.00 29 35.27  50 42.11    7.9    0.0 19 277 52.8 0.12  7.3 13.6  1.5 0.784E+01 0.142E+02 0.932E+02 0.325E+00
210707 1613 28.41 29 43.59  50 55.79   32.6    0.0 39 333 84.3 0.06  3.1  8.4  2.2 0.300E+01-0.129E+02-0.176E+02 0.187E+00
210707 0556 12.00 29 41.33  50 36.01   34.8    0.0 13 334 73.7 0.05  5.9  9.9  4.5-0.504E+01 0.838E+01-0.315E+02 0.232E+00
210707 0508 10.90 29 41.78  50 34.74    9.1    0.0 36 294 55.4 0.10  6.1 14.6  2.0-0.661E+01-0.191E+02 0.824E+02 0.244E+00
210707 2155 52.02 29 50.32  50 37.69   11.0    0.0 13 304 71.6 0.11  4.2999.9  2.3 0.458E+01-0.173E+04-0.339E+04 0.310E+00
210707 2347 28.94 29 46.06  50 38.93   11.1    0.0 30 338 90.7 0.07 55.0133.8 20.7-0.104E+04-0.274E+04 0.682E+04 0.208E+00
210707 2347 28.39 29 42.51  50 34.83    2.3    0.0 22 342 85.9 0.05 93.2999.9 40.9-0.340E+04-0.861E+03 0.176E+04 0.195E+00
210707 2110 22.07 29 51.60  50 36.79   10.9    0.0 30 305 73.2 0.09  2.6999.9  1.5 0.189E+01-0.897E+03-0.197E+04 0.238E+00
210707 2114  4.42 29 38.96  50 34.52   34.7    0.0 44 337 70.6 0.08  3.5  6.7  2.5 0.253E+01-0.291E+01-0.154E+02 0.223E+00
